brightkite-sort_apr_d64_e0.500000_l1.000000_2020_01_24_11_58_38
Initialize BPR
Epoch 0 [5.1s + 2.1s]: HR = 0.2273, NDCG = 0.1045 ACC = 0.5005 ACC_adv = 0.9388 [32.2s], |P|=9.36, |Q|=6.27
Epoch 20 [5.5s + 0.8s]: HR = 0.5632, NDCG = 0.2406 ACC = 0.9717 ACC_adv = 0.9853 [32.5s], |P|=177.43, |Q|=161.99
Epoch 40 [5.5s + 0.8s]: HR = 0.6480, NDCG = 0.2945 ACC = 0.9838 ACC_adv = 0.9910 [33.0s], |P|=214.18, |Q|=191.35
Epoch 60 [4.8s + 0.8s]: HR = 0.6749, NDCG = 0.3211 ACC = 0.9898 ACC_adv = 0.9943 [33.1s], |P|=233.75, |Q|=206.52
Epoch 80 [4.8s + 0.8s]: HR = 0.6896, NDCG = 0.3396 ACC = 0.9926 ACC_adv = 0.9959 [32.7s], |P|=247.07, |Q|=216.64
Epoch 100 [5.7s + 0.8s]: HR = 0.6943, NDCG = 0.3545 ACC = 0.9941 ACC_adv = 0.9968 [33.0s], |P|=257.12, |Q|=224.27
Epoch 120 [5.7s + 0.8s]: HR = 0.7006, NDCG = 0.3662 ACC = 0.9949 ACC_adv = 0.9970 [32.9s], |P|=265.18, |Q|=230.36
Epoch 140 [5.7s + 0.8s]: HR = 0.7029, NDCG = 0.3759 ACC = 0.9954 ACC_adv = 0.9972 [33.2s], |P|=271.96, |Q|=235.42
Epoch 160 [5.7s + 0.8s]: HR = 0.7055, NDCG = 0.3833 ACC = 0.9966 ACC_adv = 0.9980 [33.2s], |P|=277.78, |Q|=239.80
Epoch 180 [5.6s + 0.8s]: HR = 0.7080, NDCG = 0.3920 ACC = 0.9965 ACC_adv = 0.9981 [32.9s], |P|=282.85, |Q|=243.59
Epoch 200 [5.8s + 0.8s]: HR = 0.7075, NDCG = 0.3988 ACC = 0.9968 ACC_adv = 0.9981 [33.1s], |P|=287.40, |Q|=246.95
Epoch 220 [5.8s + 0.8s]: HR = 0.7088, NDCG = 0.4053 ACC = 0.9973 ACC_adv = 0.9983 [33.2s], |P|=291.47, |Q|=250.01
Epoch 240 [5.7s + 0.8s]: HR = 0.7092, NDCG = 0.4103 ACC = 0.9972 ACC_adv = 0.9982 [32.9s], |P|=295.18, |Q|=252.77
Epoch 260 [5.8s + 0.8s]: HR = 0.7093, NDCG = 0.4158 ACC = 0.9973 ACC_adv = 0.9985 [33.1s], |P|=298.58, |Q|=255.29
Epoch 280 [5.9s + 0.8s]: HR = 0.7096, NDCG = 0.4203 ACC = 0.9977 ACC_adv = 0.9987 [33.3s], |P|=301.71, |Q|=257.60
Epoch 300 [5.8s + 0.8s]: HR = 0.7104, NDCG = 0.4255 ACC = 0.9978 ACC_adv = 0.9987 [32.9s], |P|=304.61, |Q|=259.78
Epoch 320 [6.0s + 0.8s]: HR = 0.7114, NDCG = 0.4296 ACC = 0.9981 ACC_adv = 0.9990 [33.2s], |P|=307.34, |Q|=261.81
Epoch 340 [5.2s + 0.8s]: HR = 0.7116, NDCG = 0.4333 ACC = 0.9983 ACC_adv = 0.9989 [33.2s], |P|=309.87, |Q|=263.69
Epoch 360 [5.4s + 0.8s]: HR = 0.7107, NDCG = 0.4366 ACC = 0.9982 ACC_adv = 0.9989 [32.8s], |P|=312.27, |Q|=265.45
Epoch 380 [6.1s + 0.8s]: HR = 0.7117, NDCG = 0.4406 ACC = 0.9984 ACC_adv = 0.9990 [33.2s], |P|=314.51, |Q|=267.13
Epoch 400 [6.0s + 0.8s]: HR = 0.7116, NDCG = 0.4438 ACC = 0.9984 ACC_adv = 0.9991 [32.9s], |P|=316.64, |Q|=268.71
Epoch 420 [6.2s + 0.8s]: HR = 0.7114, NDCG = 0.4466 ACC = 0.9986 ACC_adv = 0.9991 [33.2s], |P|=318.67, |Q|=270.22
Epoch 440 [6.0s + 0.8s]: HR = 0.7121, NDCG = 0.4499 ACC = 0.9986 ACC_adv = 0.9992 [33.2s], |P|=320.59, |Q|=271.66
Epoch 460 [6.1s + 0.8s]: HR = 0.7123, NDCG = 0.4530 ACC = 0.9986 ACC_adv = 0.9991 [32.9s], |P|=322.43, |Q|=273.03
Epoch 480 [6.3s + 0.8s]: HR = 0.7116, NDCG = 0.4549 ACC = 0.9986 ACC_adv = 0.9992 [33.4s], |P|=324.18, |Q|=274.33
Epoch 500 [6.3s + 0.8s]: HR = 0.7119, NDCG = 0.4588 ACC = 0.9988 ACC_adv = 0.9992 [33.2s], |P|=325.86, |Q|=275.60
Epoch 520 [5.7s + 0.8s]: HR = 0.7108, NDCG = 0.4606 ACC = 0.9987 ACC_adv = 0.9992 [33.0s], |P|=327.47, |Q|=276.79
Epoch 540 [6.3s + 0.8s]: HR = 0.7098, NDCG = 0.4628 ACC = 0.9989 ACC_adv = 0.9993 [33.2s], |P|=329.01, |Q|=277.93
Epoch 560 [6.4s + 0.8s]: HR = 0.7102, NDCG = 0.4650 ACC = 0.9987 ACC_adv = 0.9993 [33.3s], |P|=330.50, |Q|=279.03
Epoch 580 [6.5s + 0.8s]: HR = 0.7107, NDCG = 0.4667 ACC = 0.9991 ACC_adv = 0.9994 [32.9s], |P|=331.93, |Q|=280.11
Epoch 600 [6.5s + 0.8s]: HR = 0.7105, NDCG = 0.4689 ACC = 0.9992 ACC_adv = 0.9996 [33.3s], |P|=333.31, |Q|=281.14
Epoch 620 [6.5s + 0.8s]: HR = 0.7109, NDCG = 0.4706 ACC = 0.9992 ACC_adv = 0.9995 [33.3s], |P|=334.64, |Q|=282.16
Epoch 640 [5.9s + 0.9s]: HR = 0.7103, NDCG = 0.4726 ACC = 0.9992 ACC_adv = 0.9995 [33.0s], |P|=335.93, |Q|=283.10
Epoch 660 [6.6s + 0.9s]: HR = 0.7100, NDCG = 0.4746 ACC = 0.9991 ACC_adv = 0.9994 [33.4s], |P|=337.19, |Q|=284.05
Epoch 680 [6.4s + 0.8s]: HR = 0.7100, NDCG = 0.4768 ACC = 0.9993 ACC_adv = 0.9996 [32.9s], |P|=338.41, |Q|=284.94
Epoch 700 [6.6s + 0.9s]: HR = 0.7093, NDCG = 0.4780 ACC = 0.9994 ACC_adv = 0.9996 [33.2s], |P|=339.58, |Q|=285.82
Epoch 720 [6.7s + 0.9s]: HR = 0.7096, NDCG = 0.4795 ACC = 0.9993 ACC_adv = 0.9996 [33.4s], |P|=340.72, |Q|=286.68
Epoch 740 [6.8s + 0.9s]: HR = 0.7101, NDCG = 0.4813 ACC = 0.9993 ACC_adv = 0.9996 [33.0s], |P|=341.84, |Q|=287.52
Epoch 760 [6.8s + 0.9s]: HR = 0.7099, NDCG = 0.4835 ACC = 0.9991 ACC_adv = 0.9995 [33.2s], |P|=342.92, |Q|=288.33
Epoch 780 [6.9s + 0.9s]: HR = 0.7095, NDCG = 0.4850 ACC = 0.9994 ACC_adv = 0.9997 [33.3s], |P|=343.96, |Q|=289.11
Epoch 800 [6.9s + 0.9s]: HR = 0.7095, NDCG = 0.4871 ACC = 0.9993 ACC_adv = 0.9997 [33.0s], |P|=344.98, |Q|=289.87
Epoch 820 [6.9s + 0.9s]: HR = 0.7099, NDCG = 0.4885 ACC = 0.9994 ACC_adv = 0.9996 [33.3s], |P|=345.98, |Q|=290.62
Epoch 840 [7.0s + 0.9s]: HR = 0.7100, NDCG = 0.4898 ACC = 0.9994 ACC_adv = 0.9997 [33.4s], |P|=346.95, |Q|=291.36
Epoch 860 [6.9s + 0.9s]: HR = 0.7098, NDCG = 0.4916 ACC = 0.9994 ACC_adv = 0.9996 [33.0s], |P|=347.89, |Q|=292.06
Epoch 880 [7.1s + 0.9s]: HR = 0.7098, NDCG = 0.4931 ACC = 0.9995 ACC_adv = 0.9997 [33.5s], |P|=348.81, |Q|=292.74
Epoch 900 [7.1s + 0.9s]: HR = 0.7102, NDCG = 0.4944 ACC = 0.9995 ACC_adv = 0.9998 [33.1s], |P|=349.71, |Q|=293.42
Epoch 920 [7.0s + 0.9s]: HR = 0.7100, NDCG = 0.4956 ACC = 0.9995 ACC_adv = 0.9997 [33.0s], |P|=350.59, |Q|=294.09
Epoch 940 [7.3s + 0.9s]: HR = 0.7102, NDCG = 0.4975 ACC = 0.9995 ACC_adv = 0.9997 [33.4s], |P|=351.46, |Q|=294.75
Epoch 960 [7.2s + 0.9s]: HR = 0.7104, NDCG = 0.4989 ACC = 0.9994 ACC_adv = 0.9997 [33.0s], |P|=352.31, |Q|=295.39
Epoch 980 [7.3s + 0.9s]: HR = 0.7101, NDCG = 0.4999 ACC = 0.9993 ACC_adv = 0.9996 [33.3s], |P|=353.14, |Q|=296.00
Initialize APR
Epoch 1000 [7.8s + 5.2s]: HR = 0.7097, NDCG = 0.4524 ACC = 0.9995 ACC_adv = 1.0000 [33.2s], |P|=360.69, |Q|=308.70
Epoch 1020 [8.6s + 3.5s]: HR = 0.7146, NDCG = 0.4525 ACC = 0.9986 ACC_adv = 0.9996 [33.3s], |P|=393.34, |Q|=342.28
Epoch 1040 [8.8s + 3.5s]: HR = 0.7146, NDCG = 0.4597 ACC = 0.9987 ACC_adv = 0.9994 [33.5s], |P|=406.07, |Q|=354.63
Epoch 1060 [8.8s + 3.5s]: HR = 0.7151, NDCG = 0.4677 ACC = 0.9990 ACC_adv = 0.9996 [33.1s], |P|=414.70, |Q|=363.42
Epoch 1080 [8.9s + 3.5s]: HR = 0.7146, NDCG = 0.4728 ACC = 0.9990 ACC_adv = 0.9994 [33.5s], |P|=421.30, |Q|=370.23
Epoch 1100 [9.0s + 3.5s]: HR = 0.7149, NDCG = 0.4773 ACC = 0.9989 ACC_adv = 0.9994 [33.2s], |P|=426.70, |Q|=375.85
Epoch 1120 [9.1s + 3.5s]: HR = 0.7143, NDCG = 0.4816 ACC = 0.9992 ACC_adv = 0.9995 [33.5s], |P|=431.31, |Q|=380.66
Epoch 1140 [9.3s + 3.6s]: HR = 0.7146, NDCG = 0.4842 ACC = 0.9992 ACC_adv = 0.9995 [34.9s], |P|=435.33, |Q|=384.96
Epoch 1160 [9.3s + 3.5s]: HR = 0.7146, NDCG = 0.4880 ACC = 0.9993 ACC_adv = 0.9996 [33.0s], |P|=438.90, |Q|=388.86
Epoch 1180 [9.3s + 3.5s]: HR = 0.7136, NDCG = 0.4902 ACC = 0.9993 ACC_adv = 0.9995 [33.3s], |P|=442.13, |Q|=392.38
Epoch 1200 [9.5s + 3.5s]: HR = 0.7138, NDCG = 0.4927 ACC = 0.9994 ACC_adv = 0.9996 [35.8s], |P|=445.08, |Q|=395.61
Epoch 1220 [9.5s + 3.5s]: HR = 0.7136, NDCG = 0.4938 ACC = 0.9993 ACC_adv = 0.9995 [33.2s], |P|=447.77, |Q|=398.55
Epoch 1240 [9.7s + 3.6s]: HR = 0.7124, NDCG = 0.4952 ACC = 0.9993 ACC_adv = 0.9995 [33.4s], |P|=450.28, |Q|=401.39
Epoch 1260 [9.7s + 3.6s]: HR = 0.7131, NDCG = 0.4966 ACC = 0.9994 ACC_adv = 0.9996 [33.1s], |P|=452.65, |Q|=403.99
Epoch 1280 [9.8s + 3.5s]: HR = 0.7128, NDCG = 0.4985 ACC = 0.9995 ACC_adv = 0.9997 [33.2s], |P|=454.85, |Q|=406.44
Epoch 1300 [9.9s + 3.5s]: HR = 0.7134, NDCG = 0.5003 ACC = 0.9993 ACC_adv = 0.9995 [33.4s], |P|=456.94, |Q|=408.77
Epoch 1320 [9.9s + 3.5s]: HR = 0.7132, NDCG = 0.5022 ACC = 0.9993 ACC_adv = 0.9994 [33.0s], |P|=458.90, |Q|=410.99
Epoch 1340 [10.0s + 3.5s]: HR = 0.7127, NDCG = 0.5038 ACC = 0.9993 ACC_adv = 0.9996 [33.3s], |P|=460.78, |Q|=413.10
Epoch 1360 [10.1s + 3.6s]: HR = 0.7125, NDCG = 0.5052 ACC = 0.9993 ACC_adv = 0.9995 [36.4s], |P|=462.58, |Q|=415.12
Epoch 1380 [10.3s + 3.5s]: HR = 0.7131, NDCG = 0.5072 ACC = 0.9995 ACC_adv = 0.9997 [33.0s], |P|=464.29, |Q|=417.05
Epoch 1400 [10.4s + 3.5s]: HR = 0.7122, NDCG = 0.5078 ACC = 0.9994 ACC_adv = 0.9996 [34.4s], |P|=465.91, |Q|=418.88
Epoch 1420 [10.4s + 3.5s]: HR = 0.7121, NDCG = 0.5092 ACC = 0.9994 ACC_adv = 0.9995 [33.4s], |P|=467.49, |Q|=420.67
Epoch 1440 [10.5s + 3.5s]: HR = 0.7119, NDCG = 0.5099 ACC = 0.9996 ACC_adv = 0.9997 [33.0s], |P|=468.99, |Q|=422.33
Epoch 1460 [10.6s + 3.5s]: HR = 0.7117, NDCG = 0.5103 ACC = 0.9995 ACC_adv = 0.9996 [34.8s], |P|=470.43, |Q|=423.97
Epoch 1480 [10.6s + 3.5s]: HR = 0.7119, NDCG = 0.5117 ACC = 0.9996 ACC_adv = 0.9997 [33.1s], |P|=471.81, |Q|=425.55
Epoch 1500 [10.7s + 3.5s]: HR = 0.7110, NDCG = 0.5127 ACC = 0.9994 ACC_adv = 0.9995 [33.4s], |P|=473.15, |Q|=427.11
Epoch 1520 [10.8s + 3.5s]: HR = 0.7113, NDCG = 0.5135 ACC = 0.9996 ACC_adv = 0.9997 [33.4s], |P|=474.45, |Q|=428.61
Epoch 1540 [10.9s + 3.5s]: HR = 0.7109, NDCG = 0.5143 ACC = 0.9995 ACC_adv = 0.9997 [33.1s], |P|=475.70, |Q|=430.04
Epoch 1560 [11.0s + 3.5s]: HR = 0.7103, NDCG = 0.5153 ACC = 0.9996 ACC_adv = 0.9997 [33.3s], |P|=476.92, |Q|=431.45
Epoch 1580 [11.1s + 3.5s]: HR = 0.7099, NDCG = 0.5165 ACC = 0.9997 ACC_adv = 0.9998 [33.4s], |P|=478.11, |Q|=432.83
Epoch 1600 [11.2s + 3.6s]: HR = 0.7096, NDCG = 0.5170 ACC = 0.9996 ACC_adv = 0.9997 [33.0s], |P|=479.27, |Q|=434.14
Epoch 1620 [11.2s + 3.5s]: HR = 0.7100, NDCG = 0.5184 ACC = 0.9995 ACC_adv = 0.9996 [33.9s], |P|=480.39, |Q|=435.47
Epoch 1640 [11.4s + 3.6s]: HR = 0.7093, NDCG = 0.5192 ACC = 0.9995 ACC_adv = 0.9997 [34.4s], |P|=481.48, |Q|=436.75
Epoch 1660 [11.4s + 3.5s]: HR = 0.7098, NDCG = 0.5196 ACC = 0.9995 ACC_adv = 0.9997 [33.1s], |P|=482.54, |Q|=437.95
Epoch 1680 [11.5s + 3.6s]: HR = 0.7093, NDCG = 0.5206 ACC = 0.9996 ACC_adv = 0.9997 [33.4s], |P|=483.59, |Q|=439.18
Epoch 1700 [11.6s + 3.5s]: HR = 0.7091, NDCG = 0.5216 ACC = 0.9996 ACC_adv = 0.9997 [33.1s], |P|=484.60, |Q|=440.38
Epoch 1720 [11.6s + 3.5s]: HR = 0.7088, NDCG = 0.5221 ACC = 0.9996 ACC_adv = 0.9997 [33.4s], |P|=485.59, |Q|=441.52
Epoch 1740 [11.8s + 3.6s]: HR = 0.7086, NDCG = 0.5228 ACC = 0.9997 ACC_adv = 0.9997 [33.4s], |P|=486.55, |Q|=442.63
Epoch 1760 [11.7s + 3.5s]: HR = 0.7086, NDCG = 0.5236 ACC = 0.9997 ACC_adv = 0.9997 [33.0s], |P|=487.50, |Q|=443.73
Epoch 1780 [12.0s + 3.6s]: HR = 0.7084, NDCG = 0.5239 ACC = 0.9997 ACC_adv = 0.9997 [33.4s], |P|=488.42, |Q|=444.80
Epoch 1800 [12.0s + 3.5s]: HR = 0.7084, NDCG = 0.5249 ACC = 0.9997 ACC_adv = 0.9998 [33.3s], |P|=489.32, |Q|=445.85
Epoch 1820 [12.1s + 3.6s]: HR = 0.7084, NDCG = 0.5256 ACC = 0.9998 ACC_adv = 0.9998 [33.1s], |P|=490.20, |Q|=446.87
Epoch 1840 [12.2s + 3.5s]: HR = 0.7082, NDCG = 0.5261 ACC = 0.9995 ACC_adv = 0.9996 [33.3s], |P|=491.07, |Q|=447.89
Epoch 1860 [12.3s + 3.5s]: HR = 0.7079, NDCG = 0.5272 ACC = 0.9996 ACC_adv = 0.9997 [33.7s], |P|=491.92, |Q|=448.88
Epoch 1880 [12.4s + 3.5s]: HR = 0.7080, NDCG = 0.5279 ACC = 0.9997 ACC_adv = 0.9998 [33.1s], |P|=492.76, |Q|=449.86
Epoch 1900 [13.0s + 3.5s]: HR = 0.7077, NDCG = 0.5285 ACC = 0.9997 ACC_adv = 0.9997 [33.4s], |P|=493.58, |Q|=450.82
Epoch 1920 [12.5s + 3.6s]: HR = 0.7079, NDCG = 0.5286 ACC = 0.9997 ACC_adv = 0.9998 [34.1s], |P|=494.39, |Q|=451.76
Epoch 1940 [12.6s + 3.5s]: HR = 0.7076, NDCG = 0.5288 ACC = 0.9997 ACC_adv = 0.9998 [33.4s], |P|=495.18, |Q|=452.68
Epoch 1960 [12.7s + 3.5s]: HR = 0.7075, NDCG = 0.5295 ACC = 0.9998 ACC_adv = 0.9998 [33.4s], |P|=495.95, |Q|=453.58
Epoch 1980 [12.6s + 3.5s]: HR = 0.7075, NDCG = 0.5303 ACC = 0.9997 ACC_adv = 0.9998 [33.0s], |P|=496.71, |Q|=454.47
Epoch 2000 [12.8s + 3.6s]: HR = 0.7072, NDCG = 0.5306 ACC = 0.9997 ACC_adv = 0.9998 [33.4s], |P|=497.45, |Q|=455.36
Epoch 2000 is the best epoch
K = 1: HR = 0.4103, NDCG = 0.4103 AUC = 0.8996
K = 2: HR = 0.5032, NDCG = 0.4689 AUC = 0.8996
K = 3: HR = 0.5378, NDCG = 0.4862 AUC = 0.8996
K = 4: HR = 0.5566, NDCG = 0.4943 AUC = 0.8996
K = 5: HR = 0.5703, NDCG = 0.4996 AUC = 0.8996
K = 6: HR = 0.5795, NDCG = 0.5029 AUC = 0.8996
K = 7: HR = 0.5863, NDCG = 0.5052 AUC = 0.8996
K = 8: HR = 0.5925, NDCG = 0.5071 AUC = 0.8996
K = 9: HR = 0.5967, NDCG = 0.5084 AUC = 0.8996
K = 10: HR = 0.6012, NDCG = 0.5097 AUC = 0.8996
K = 11: HR = 0.6051, NDCG = 0.5108 AUC = 0.8996
K = 12: HR = 0.6078, NDCG = 0.5115 AUC = 0.8996
K = 13: HR = 0.6108, NDCG = 0.5123 AUC = 0.8996
K = 14: HR = 0.6140, NDCG = 0.5131 AUC = 0.8996
K = 15: HR = 0.6156, NDCG = 0.5135 AUC = 0.8996
K = 16: HR = 0.6183, NDCG = 0.5142 AUC = 0.8996
K = 17: HR = 0.6203, NDCG = 0.5147 AUC = 0.8996
K = 18: HR = 0.6227, NDCG = 0.5152 AUC = 0.8996
K = 19: HR = 0.6246, NDCG = 0.5157 AUC = 0.8996
K = 20: HR = 0.6261, NDCG = 0.5160 AUC = 0.8996
K = 21: HR = 0.6281, NDCG = 0.5165 AUC = 0.8996
K = 22: HR = 0.6302, NDCG = 0.5169 AUC = 0.8996
K = 23: HR = 0.6318, NDCG = 0.5173 AUC = 0.8996
K = 24: HR = 0.6333, NDCG = 0.5176 AUC = 0.8996
K = 25: HR = 0.6353, NDCG = 0.5180 AUC = 0.8996
K = 26: HR = 0.6370, NDCG = 0.5184 AUC = 0.8996
K = 27: HR = 0.6386, NDCG = 0.5187 AUC = 0.8996
K = 28: HR = 0.6400, NDCG = 0.5190 AUC = 0.8996
K = 29: HR = 0.6417, NDCG = 0.5193 AUC = 0.8996
K = 30: HR = 0.6428, NDCG = 0.5196 AUC = 0.8996
K = 31: HR = 0.6444, NDCG = 0.5199 AUC = 0.8996
K = 32: HR = 0.6457, NDCG = 0.5201 AUC = 0.8996
K = 33: HR = 0.6472, NDCG = 0.5204 AUC = 0.8996
K = 34: HR = 0.6490, NDCG = 0.5208 AUC = 0.8996
K = 35: HR = 0.6505, NDCG = 0.5211 AUC = 0.8996
K = 36: HR = 0.6520, NDCG = 0.5214 AUC = 0.8996
K = 37: HR = 0.6532, NDCG = 0.5216 AUC = 0.8996
K = 38: HR = 0.6542, NDCG = 0.5218 AUC = 0.8996
K = 39: HR = 0.6555, NDCG = 0.5220 AUC = 0.8996
K = 40: HR = 0.6574, NDCG = 0.5224 AUC = 0.8996
K = 41: HR = 0.6586, NDCG = 0.5226 AUC = 0.8996
K = 42: HR = 0.6595, NDCG = 0.5228 AUC = 0.8996
K = 43: HR = 0.6602, NDCG = 0.5229 AUC = 0.8996
K = 44: HR = 0.6610, NDCG = 0.5230 AUC = 0.8996
K = 45: HR = 0.6624, NDCG = 0.5233 AUC = 0.8996
K = 46: HR = 0.6636, NDCG = 0.5235 AUC = 0.8996
K = 47: HR = 0.6648, NDCG = 0.5237 AUC = 0.8996
K = 48: HR = 0.6656, NDCG = 0.5239 AUC = 0.8996
K = 49: HR = 0.6667, NDCG = 0.5241 AUC = 0.8996
K = 50: HR = 0.6677, NDCG = 0.5242 AUC = 0.8996
K = 51: HR = 0.6688, NDCG = 0.5244 AUC = 0.8996
K = 52: HR = 0.6702, NDCG = 0.5247 AUC = 0.8996
K = 53: HR = 0.6711, NDCG = 0.5248 AUC = 0.8996
K = 54: HR = 0.6723, NDCG = 0.5250 AUC = 0.8996
K = 55: HR = 0.6733, NDCG = 0.5252 AUC = 0.8996
K = 56: HR = 0.6743, NDCG = 0.5254 AUC = 0.8996
K = 57: HR = 0.6748, NDCG = 0.5255 AUC = 0.8996
K = 58: HR = 0.6757, NDCG = 0.5256 AUC = 0.8996
K = 59: HR = 0.6764, NDCG = 0.5257 AUC = 0.8996
K = 60: HR = 0.6773, NDCG = 0.5259 AUC = 0.8996
K = 61: HR = 0.6786, NDCG = 0.5261 AUC = 0.8996
K = 62: HR = 0.6794, NDCG = 0.5262 AUC = 0.8996
K = 63: HR = 0.6802, NDCG = 0.5264 AUC = 0.8996
K = 64: HR = 0.6812, NDCG = 0.5265 AUC = 0.8996
K = 65: HR = 0.6821, NDCG = 0.5267 AUC = 0.8996
K = 66: HR = 0.6827, NDCG = 0.5268 AUC = 0.8996
K = 67: HR = 0.6833, NDCG = 0.5269 AUC = 0.8996
K = 68: HR = 0.6844, NDCG = 0.5271 AUC = 0.8996
K = 69: HR = 0.6853, NDCG = 0.5272 AUC = 0.8996
K = 70: HR = 0.6862, NDCG = 0.5274 AUC = 0.8996
K = 71: HR = 0.6867, NDCG = 0.5274 AUC = 0.8996
K = 72: HR = 0.6872, NDCG = 0.5275 AUC = 0.8996
K = 73: HR = 0.6881, NDCG = 0.5277 AUC = 0.8996
K = 74: HR = 0.6894, NDCG = 0.5279 AUC = 0.8996
K = 75: HR = 0.6901, NDCG = 0.5280 AUC = 0.8996
K = 76: HR = 0.6910, NDCG = 0.5281 AUC = 0.8996
K = 77: HR = 0.6914, NDCG = 0.5282 AUC = 0.8996
K = 78: HR = 0.6919, NDCG = 0.5283 AUC = 0.8996
K = 79: HR = 0.6927, NDCG = 0.5284 AUC = 0.8996
K = 80: HR = 0.6937, NDCG = 0.5286 AUC = 0.8996
K = 81: HR = 0.6942, NDCG = 0.5286 AUC = 0.8996
K = 82: HR = 0.6949, NDCG = 0.5287 AUC = 0.8996
K = 83: HR = 0.6954, NDCG = 0.5288 AUC = 0.8996
K = 84: HR = 0.6960, NDCG = 0.5289 AUC = 0.8996
K = 85: HR = 0.6969, NDCG = 0.5291 AUC = 0.8996
K = 86: HR = 0.6976, NDCG = 0.5292 AUC = 0.8996
K = 87: HR = 0.6984, NDCG = 0.5293 AUC = 0.8996
K = 88: HR = 0.6990, NDCG = 0.5294 AUC = 0.8996
K = 89: HR = 0.6999, NDCG = 0.5295 AUC = 0.8996
K = 90: HR = 0.7010, NDCG = 0.5297 AUC = 0.8996
K = 91: HR = 0.7020, NDCG = 0.5299 AUC = 0.8996
K = 92: HR = 0.7027, NDCG = 0.5300 AUC = 0.8996
K = 93: HR = 0.7034, NDCG = 0.5301 AUC = 0.8996
K = 94: HR = 0.7039, NDCG = 0.5301 AUC = 0.8996
K = 95: HR = 0.7046, NDCG = 0.5302 AUC = 0.8996
K = 96: HR = 0.7050, NDCG = 0.5303 AUC = 0.8996
K = 97: HR = 0.7056, NDCG = 0.5304 AUC = 0.8996
K = 98: HR = 0.7061, NDCG = 0.5305 AUC = 0.8996
K = 99: HR = 0.7067, NDCG = 0.5306 AUC = 0.8996
K = 100: HR = 0.7072, NDCG = 0.5306 AUC = 0.8996
