brightkite-sort_bpr_d64_2020_01_24_13_42_29
Initialize MF_BPR
Epoch 0 [2.6s + 0.9s]: HR = 0.2283, NDCG = 0.1040 ACC = 0.4993 ACC_adv = 0.9520 [18.1s], |P|=9.17, |Q|=6.02
Epoch 20 [2.8s + 0.5s]: HR = 0.5798, NDCG = 0.2532 ACC = 0.9748 ACC_adv = 0.9873 [18.2s], |P|=178.84, |Q|=163.60
Epoch 40 [3.0s + 0.5s]: HR = 0.6524, NDCG = 0.3061 ACC = 0.9881 ACC_adv = 0.9937 [18.8s], |P|=215.04, |Q|=192.55
Epoch 60 [2.8s + 0.5s]: HR = 0.6773, NDCG = 0.3318 ACC = 0.9905 ACC_adv = 0.9945 [18.5s], |P|=234.29, |Q|=207.47
Epoch 80 [2.8s + 0.5s]: HR = 0.6885, NDCG = 0.3519 ACC = 0.9931 ACC_adv = 0.9959 [18.3s], |P|=247.35, |Q|=217.45
Epoch 100 [3.1s + 0.5s]: HR = 0.6949, NDCG = 0.3630 ACC = 0.9938 ACC_adv = 0.9964 [18.7s], |P|=257.32, |Q|=224.94
Epoch 120 [3.0s + 0.5s]: HR = 0.6988, NDCG = 0.3754 ACC = 0.9952 ACC_adv = 0.9971 [18.7s], |P|=265.30, |Q|=230.96
Epoch 140 [3.1s + 0.5s]: HR = 0.7027, NDCG = 0.3839 ACC = 0.9955 ACC_adv = 0.9972 [18.6s], |P|=271.97, |Q|=235.99
Epoch 160 [3.0s + 0.5s]: HR = 0.7041, NDCG = 0.3925 ACC = 0.9957 ACC_adv = 0.9973 [18.5s], |P|=277.70, |Q|=240.31
Epoch 180 [3.0s + 0.5s]: HR = 0.7054, NDCG = 0.3996 ACC = 0.9967 ACC_adv = 0.9983 [18.3s], |P|=282.74, |Q|=244.07
Epoch 200 [3.3s + 0.5s]: HR = 0.7077, NDCG = 0.4067 ACC = 0.9967 ACC_adv = 0.9981 [18.5s], |P|=287.20, |Q|=247.42
Epoch 220 [3.0s + 0.5s]: HR = 0.7093, NDCG = 0.4119 ACC = 0.9975 ACC_adv = 0.9985 [18.5s], |P|=291.25, |Q|=250.41
Epoch 240 [3.3s + 0.5s]: HR = 0.7093, NDCG = 0.4165 ACC = 0.9976 ACC_adv = 0.9988 [18.5s], |P|=294.91, |Q|=253.12
Epoch 260 [3.4s + 0.5s]: HR = 0.7088, NDCG = 0.4206 ACC = 0.9978 ACC_adv = 0.9988 [18.7s], |P|=298.28, |Q|=255.61
Epoch 280 [3.2s + 0.5s]: HR = 0.7086, NDCG = 0.4248 ACC = 0.9978 ACC_adv = 0.9987 [18.8s], |P|=301.39, |Q|=257.95
Epoch 300 [3.4s + 0.5s]: HR = 0.7099, NDCG = 0.4284 ACC = 0.9982 ACC_adv = 0.9988 [18.7s], |P|=304.25, |Q|=260.10
Epoch 320 [3.5s + 0.5s]: HR = 0.7095, NDCG = 0.4328 ACC = 0.9980 ACC_adv = 0.9988 [18.7s], |P|=306.94, |Q|=262.11
Epoch 340 [3.3s + 0.5s]: HR = 0.7097, NDCG = 0.4380 ACC = 0.9979 ACC_adv = 0.9987 [18.8s], |P|=309.45, |Q|=264.02
Epoch 360 [3.6s + 0.5s]: HR = 0.7101, NDCG = 0.4420 ACC = 0.9985 ACC_adv = 0.9991 [18.5s], |P|=311.83, |Q|=265.78
Epoch 380 [3.6s + 0.5s]: HR = 0.7098, NDCG = 0.4456 ACC = 0.9987 ACC_adv = 0.9992 [18.7s], |P|=314.06, |Q|=267.45
Epoch 400 [3.6s + 0.6s]: HR = 0.7093, NDCG = 0.4482 ACC = 0.9987 ACC_adv = 0.9993 [18.5s], |P|=316.17, |Q|=269.02
Epoch 420 [3.7s + 0.5s]: HR = 0.7095, NDCG = 0.4516 ACC = 0.9987 ACC_adv = 0.9993 [18.8s], |P|=318.17, |Q|=270.53
Epoch 440 [3.5s + 0.5s]: HR = 0.7098, NDCG = 0.4546 ACC = 0.9989 ACC_adv = 0.9994 [18.7s], |P|=320.10, |Q|=271.96
Epoch 460 [3.6s + 0.5s]: HR = 0.7095, NDCG = 0.4560 ACC = 0.9989 ACC_adv = 0.9992 [18.5s], |P|=321.93, |Q|=273.30
Epoch 480 [3.8s + 0.5s]: HR = 0.7084, NDCG = 0.4586 ACC = 0.9988 ACC_adv = 0.9992 [18.6s], |P|=323.67, |Q|=274.60
Epoch 500 [3.6s + 0.5s]: HR = 0.7098, NDCG = 0.4617 ACC = 0.9987 ACC_adv = 0.9993 [18.7s], |P|=325.34, |Q|=275.87
Epoch 520 [3.8s + 0.5s]: HR = 0.7100, NDCG = 0.4650 ACC = 0.9989 ACC_adv = 0.9994 [18.5s], |P|=326.95, |Q|=277.10
Epoch 540 [3.9s + 0.5s]: HR = 0.7097, NDCG = 0.4683 ACC = 0.9989 ACC_adv = 0.9994 [18.6s], |P|=328.48, |Q|=278.27
Epoch 560 [3.9s + 0.5s]: HR = 0.7098, NDCG = 0.4695 ACC = 0.9987 ACC_adv = 0.9993 [18.7s], |P|=329.97, |Q|=279.36
Epoch 580 [3.9s + 0.5s]: HR = 0.7095, NDCG = 0.4712 ACC = 0.9990 ACC_adv = 0.9994 [18.6s], |P|=331.40, |Q|=280.41
Epoch 600 [3.9s + 0.5s]: HR = 0.7091, NDCG = 0.4729 ACC = 0.9990 ACC_adv = 0.9994 [18.6s], |P|=332.77, |Q|=281.46
Epoch 620 [3.8s + 0.5s]: HR = 0.7093, NDCG = 0.4754 ACC = 0.9991 ACC_adv = 0.9994 [18.8s], |P|=334.11, |Q|=282.46
Epoch 640 [3.8s + 0.5s]: HR = 0.7096, NDCG = 0.4776 ACC = 0.9991 ACC_adv = 0.9995 [18.5s], |P|=335.40, |Q|=283.43
Epoch 660 [4.0s + 0.5s]: HR = 0.7090, NDCG = 0.4793 ACC = 0.9993 ACC_adv = 0.9996 [18.8s], |P|=336.64, |Q|=284.37
Epoch 680 [4.7s + 0.5s]: HR = 0.7089, NDCG = 0.4810 ACC = 0.9992 ACC_adv = 0.9995 [18.6s], |P|=337.86, |Q|=285.27
Epoch 700 [4.1s + 0.5s]: HR = 0.7094, NDCG = 0.4821 ACC = 0.9993 ACC_adv = 0.9996 [18.9s], |P|=339.04, |Q|=286.15
Epoch 720 [4.1s + 0.5s]: HR = 0.7099, NDCG = 0.4846 ACC = 0.9992 ACC_adv = 0.9995 [20.1s], |P|=340.18, |Q|=286.99
Epoch 740 [4.2s + 0.5s]: HR = 0.7095, NDCG = 0.4852 ACC = 0.9993 ACC_adv = 0.9996 [18.4s], |P|=341.29, |Q|=287.83
Epoch 760 [4.2s + 0.5s]: HR = 0.7089, NDCG = 0.4876 ACC = 0.9991 ACC_adv = 0.9995 [20.2s], |P|=342.36, |Q|=288.64
Epoch 780 [4.0s + 0.6s]: HR = 0.7100, NDCG = 0.4896 ACC = 0.9994 ACC_adv = 0.9997 [18.8s], |P|=343.41, |Q|=289.42
Epoch 800 [4.3s + 0.5s]: HR = 0.7098, NDCG = 0.4909 ACC = 0.9994 ACC_adv = 0.9996 [18.6s], |P|=344.43, |Q|=290.18
Epoch 820 [4.3s + 0.5s]: HR = 0.7099, NDCG = 0.4928 ACC = 0.9993 ACC_adv = 0.9996 [18.7s], |P|=345.43, |Q|=290.93
Epoch 840 [4.1s + 0.6s]: HR = 0.7093, NDCG = 0.4937 ACC = 0.9995 ACC_adv = 0.9997 [18.9s], |P|=346.39, |Q|=291.67
Epoch 860 [4.4s + 0.5s]: HR = 0.7088, NDCG = 0.4953 ACC = 0.9993 ACC_adv = 0.9995 [18.7s], |P|=347.33, |Q|=292.37
Epoch 880 [4.4s + 0.5s]: HR = 0.7091, NDCG = 0.4969 ACC = 0.9995 ACC_adv = 0.9996 [18.6s], |P|=348.26, |Q|=293.05
Epoch 900 [4.3s + 0.6s]: HR = 0.7091, NDCG = 0.4980 ACC = 0.9995 ACC_adv = 0.9997 [18.7s], |P|=349.16, |Q|=293.72
Epoch 920 [4.3s + 0.5s]: HR = 0.7086, NDCG = 0.4995 ACC = 0.9994 ACC_adv = 0.9997 [18.4s], |P|=350.04, |Q|=294.39
Epoch 940 [4.3s + 0.5s]: HR = 0.7088, NDCG = 0.5007 ACC = 0.9994 ACC_adv = 0.9997 [18.2s], |P|=350.89, |Q|=295.04
Epoch 960 [4.3s + 0.5s]: HR = 0.7088, NDCG = 0.5018 ACC = 0.9995 ACC_adv = 0.9997 [17.8s], |P|=351.73, |Q|=295.65
Epoch 980 [4.3s + 0.5s]: HR = 0.7089, NDCG = 0.5030 ACC = 0.9996 ACC_adv = 0.9998 [18.2s], |P|=352.56, |Q|=296.27
Epoch 1000 [4.2s + 0.5s]: HR = 0.7091, NDCG = 0.5040 ACC = 0.9996 ACC_adv = 0.9998 [17.9s], |P|=353.36, |Q|=296.86
Epoch 1020 [4.3s + 0.5s]: HR = 0.7093, NDCG = 0.5050 ACC = 0.9994 ACC_adv = 0.9997 [17.5s], |P|=354.15, |Q|=297.45
Epoch 1040 [4.3s + 0.5s]: HR = 0.7088, NDCG = 0.5054 ACC = 0.9996 ACC_adv = 0.9998 [17.9s], |P|=354.93, |Q|=298.03
Epoch 1060 [4.4s + 0.5s]: HR = 0.7084, NDCG = 0.5065 ACC = 0.9995 ACC_adv = 0.9999 [17.9s], |P|=355.68, |Q|=298.60
Epoch 1080 [4.4s + 0.5s]: HR = 0.7083, NDCG = 0.5077 ACC = 0.9996 ACC_adv = 0.9998 [17.8s], |P|=356.43, |Q|=299.16
Epoch 1100 [4.4s + 0.5s]: HR = 0.7082, NDCG = 0.5093 ACC = 0.9995 ACC_adv = 0.9997 [17.9s], |P|=357.16, |Q|=299.72
Epoch 1120 [4.4s + 0.5s]: HR = 0.7083, NDCG = 0.5108 ACC = 0.9996 ACC_adv = 0.9998 [17.7s], |P|=357.87, |Q|=300.26
Epoch 1140 [4.3s + 0.5s]: HR = 0.7087, NDCG = 0.5120 ACC = 0.9996 ACC_adv = 0.9998 [17.8s], |P|=358.57, |Q|=300.80
Epoch 1160 [4.5s + 0.5s]: HR = 0.7087, NDCG = 0.5127 ACC = 0.9997 ACC_adv = 0.9998 [18.0s], |P|=359.27, |Q|=301.33
Epoch 1180 [4.6s + 0.5s]: HR = 0.7086, NDCG = 0.5137 ACC = 0.9996 ACC_adv = 0.9998 [17.8s], |P|=359.95, |Q|=301.86
Epoch 1200 [4.5s + 0.5s]: HR = 0.7085, NDCG = 0.5149 ACC = 0.9996 ACC_adv = 0.9997 [17.6s], |P|=360.62, |Q|=302.35
Epoch 1220 [4.6s + 0.5s]: HR = 0.7082, NDCG = 0.5157 ACC = 0.9996 ACC_adv = 0.9997 [17.9s], |P|=361.27, |Q|=302.84
Epoch 1240 [4.7s + 0.5s]: HR = 0.7080, NDCG = 0.5165 ACC = 0.9996 ACC_adv = 0.9997 [17.7s], |P|=361.91, |Q|=303.33
Epoch 1260 [4.7s + 0.5s]: HR = 0.7076, NDCG = 0.5176 ACC = 0.9996 ACC_adv = 0.9998 [17.9s], |P|=362.55, |Q|=303.81
Epoch 1280 [4.7s + 0.5s]: HR = 0.7077, NDCG = 0.5188 ACC = 0.9997 ACC_adv = 0.9998 [17.8s], |P|=363.17, |Q|=304.27
Epoch 1300 [4.6s + 0.5s]: HR = 0.7078, NDCG = 0.5196 ACC = 0.9997 ACC_adv = 0.9999 [17.6s], |P|=363.79, |Q|=304.73
Epoch 1320 [4.8s + 0.5s]: HR = 0.7077, NDCG = 0.5202 ACC = 0.9997 ACC_adv = 0.9998 [18.0s], |P|=364.39, |Q|=305.19
Epoch 1340 [4.8s + 0.5s]: HR = 0.7079, NDCG = 0.5215 ACC = 0.9997 ACC_adv = 0.9998 [18.1s], |P|=364.98, |Q|=305.64
Epoch 1360 [4.8s + 0.5s]: HR = 0.7080, NDCG = 0.5225 ACC = 0.9998 ACC_adv = 0.9998 [17.9s], |P|=365.57, |Q|=306.09
Epoch 1380 [4.8s + 0.5s]: HR = 0.7082, NDCG = 0.5232 ACC = 0.9996 ACC_adv = 0.9998 [19.0s], |P|=366.14, |Q|=306.52
Epoch 1400 [4.9s + 0.5s]: HR = 0.7080, NDCG = 0.5239 ACC = 0.9997 ACC_adv = 0.9999 [18.0s], |P|=366.71, |Q|=306.96
Epoch 1420 [4.8s + 0.5s]: HR = 0.7077, NDCG = 0.5245 ACC = 0.9997 ACC_adv = 0.9998 [17.8s], |P|=367.27, |Q|=307.39
Epoch 1440 [5.0s + 0.5s]: HR = 0.7076, NDCG = 0.5255 ACC = 0.9997 ACC_adv = 0.9998 [19.4s], |P|=367.82, |Q|=307.80
Epoch 1460 [5.0s + 0.5s]: HR = 0.7074, NDCG = 0.5265 ACC = 0.9996 ACC_adv = 0.9998 [17.8s], |P|=368.36, |Q|=308.22
Epoch 1480 [5.0s + 0.5s]: HR = 0.7074, NDCG = 0.5278 ACC = 0.9997 ACC_adv = 0.9999 [17.9s], |P|=368.89, |Q|=308.62
Epoch 1500 [5.0s + 0.5s]: HR = 0.7080, NDCG = 0.5284 ACC = 0.9998 ACC_adv = 0.9999 [18.0s], |P|=369.42, |Q|=309.03
Epoch 1520 [5.1s + 0.5s]: HR = 0.7079, NDCG = 0.5292 ACC = 0.9998 ACC_adv = 0.9999 [17.7s], |P|=369.95, |Q|=309.43
Epoch 1540 [5.1s + 0.5s]: HR = 0.7081, NDCG = 0.5298 ACC = 0.9997 ACC_adv = 0.9999 [17.7s], |P|=370.46, |Q|=309.82
Epoch 1560 [5.0s + 0.5s]: HR = 0.7082, NDCG = 0.5308 ACC = 0.9997 ACC_adv = 0.9999 [17.6s], |P|=370.96, |Q|=310.21
Epoch 1580 [5.0s + 0.5s]: HR = 0.7075, NDCG = 0.5311 ACC = 0.9997 ACC_adv = 0.9999 [17.6s], |P|=371.46, |Q|=310.58
Epoch 1600 [5.1s + 0.5s]: HR = 0.7076, NDCG = 0.5317 ACC = 0.9998 ACC_adv = 0.9999 [17.8s], |P|=371.96, |Q|=310.95
Epoch 1620 [5.3s + 0.5s]: HR = 0.7075, NDCG = 0.5319 ACC = 0.9998 ACC_adv = 0.9999 [17.9s], |P|=372.44, |Q|=311.31
Epoch 1640 [5.3s + 0.5s]: HR = 0.7070, NDCG = 0.5329 ACC = 0.9998 ACC_adv = 0.9999 [17.7s], |P|=372.92, |Q|=311.67
Epoch 1660 [5.3s + 0.5s]: HR = 0.7070, NDCG = 0.5341 ACC = 0.9997 ACC_adv = 0.9998 [18.0s], |P|=373.40, |Q|=312.05
Epoch 1680 [5.3s + 0.5s]: HR = 0.7072, NDCG = 0.5346 ACC = 0.9997 ACC_adv = 0.9998 [17.3s], |P|=373.87, |Q|=312.40
Epoch 1700 [5.3s + 0.5s]: HR = 0.7068, NDCG = 0.5354 ACC = 0.9999 ACC_adv = 0.9999 [17.0s], |P|=374.33, |Q|=312.75
Epoch 1720 [5.3s + 0.5s]: HR = 0.7068, NDCG = 0.5359 ACC = 0.9997 ACC_adv = 0.9998 [17.6s], |P|=374.79, |Q|=313.10
Epoch 1740 [5.4s + 0.5s]: HR = 0.7066, NDCG = 0.5366 ACC = 0.9998 ACC_adv = 0.9999 [17.3s], |P|=375.24, |Q|=313.45
Epoch 1760 [5.4s + 0.5s]: HR = 0.7067, NDCG = 0.5371 ACC = 0.9998 ACC_adv = 0.9999 [17.1s], |P|=375.69, |Q|=313.78
Epoch 1780 [5.4s + 0.5s]: HR = 0.7066, NDCG = 0.5376 ACC = 0.9998 ACC_adv = 0.9999 [17.6s], |P|=376.13, |Q|=314.12
Epoch 1800 [5.4s + 0.5s]: HR = 0.7069, NDCG = 0.5383 ACC = 0.9997 ACC_adv = 0.9998 [17.6s], |P|=376.57, |Q|=314.44
Epoch 1820 [5.5s + 0.5s]: HR = 0.7066, NDCG = 0.5390 ACC = 0.9998 ACC_adv = 0.9999 [17.8s], |P|=377.01, |Q|=314.78
Epoch 1840 [5.5s + 0.5s]: HR = 0.7063, NDCG = 0.5395 ACC = 0.9999 ACC_adv = 0.9999 [17.9s], |P|=377.43, |Q|=315.10
Epoch 1860 [5.6s + 0.5s]: HR = 0.7061, NDCG = 0.5394 ACC = 0.9998 ACC_adv = 0.9999 [17.7s], |P|=377.85, |Q|=315.43
Epoch 1880 [5.6s + 0.5s]: HR = 0.7066, NDCG = 0.5402 ACC = 0.9999 ACC_adv = 0.9999 [17.9s], |P|=378.27, |Q|=315.74
Epoch 1900 [5.6s + 0.5s]: HR = 0.7061, NDCG = 0.5410 ACC = 0.9997 ACC_adv = 0.9999 [17.9s], |P|=378.69, |Q|=316.06
Epoch 1920 [5.7s + 0.5s]: HR = 0.7063, NDCG = 0.5414 ACC = 0.9998 ACC_adv = 0.9999 [17.7s], |P|=379.10, |Q|=316.37
Epoch 1940 [5.7s + 0.5s]: HR = 0.7064, NDCG = 0.5424 ACC = 0.9998 ACC_adv = 0.9999 [17.9s], |P|=379.50, |Q|=316.67
Epoch 1960 [5.7s + 0.5s]: HR = 0.7062, NDCG = 0.5428 ACC = 0.9998 ACC_adv = 0.9999 [18.0s], |P|=379.90, |Q|=316.98
Epoch 1980 [5.7s + 0.5s]: HR = 0.7063, NDCG = 0.5428 ACC = 0.9999 ACC_adv = 0.9999 [17.6s], |P|=380.30, |Q|=317.27
Epoch 2000 [5.8s + 0.5s]: HR = 0.7065, NDCG = 0.5433 ACC = 0.9999 ACC_adv = 0.9999 [17.9s], |P|=380.69, |Q|=317.58
Epoch 2000 is the best epoch
K = 1: HR = 0.4354, NDCG = 0.4354 AUC = 0.9071
K = 2: HR = 0.5201, NDCG = 0.4888 AUC = 0.9071
K = 3: HR = 0.5506, NDCG = 0.5041 AUC = 0.9071
K = 4: HR = 0.5653, NDCG = 0.5104 AUC = 0.9071
K = 5: HR = 0.5753, NDCG = 0.5143 AUC = 0.9071
K = 6: HR = 0.5820, NDCG = 0.5167 AUC = 0.9071
K = 7: HR = 0.5874, NDCG = 0.5185 AUC = 0.9071
K = 8: HR = 0.5937, NDCG = 0.5205 AUC = 0.9071
K = 9: HR = 0.5970, NDCG = 0.5214 AUC = 0.9071
K = 10: HR = 0.6001, NDCG = 0.5223 AUC = 0.9071
K = 11: HR = 0.6030, NDCG = 0.5232 AUC = 0.9071
K = 12: HR = 0.6064, NDCG = 0.5241 AUC = 0.9071
K = 13: HR = 0.6090, NDCG = 0.5248 AUC = 0.9071
K = 14: HR = 0.6117, NDCG = 0.5254 AUC = 0.9071
K = 15: HR = 0.6133, NDCG = 0.5258 AUC = 0.9071
K = 16: HR = 0.6149, NDCG = 0.5262 AUC = 0.9071
K = 17: HR = 0.6172, NDCG = 0.5268 AUC = 0.9071
K = 18: HR = 0.6199, NDCG = 0.5274 AUC = 0.9071
K = 19: HR = 0.6224, NDCG = 0.5280 AUC = 0.9071
K = 20: HR = 0.6238, NDCG = 0.5283 AUC = 0.9071
K = 21: HR = 0.6261, NDCG = 0.5288 AUC = 0.9071
K = 22: HR = 0.6283, NDCG = 0.5293 AUC = 0.9071
K = 23: HR = 0.6307, NDCG = 0.5298 AUC = 0.9071
K = 24: HR = 0.6323, NDCG = 0.5302 AUC = 0.9071
K = 25: HR = 0.6343, NDCG = 0.5306 AUC = 0.9071
K = 26: HR = 0.6363, NDCG = 0.5310 AUC = 0.9071
K = 27: HR = 0.6377, NDCG = 0.5313 AUC = 0.9071
K = 28: HR = 0.6391, NDCG = 0.5316 AUC = 0.9071
K = 29: HR = 0.6414, NDCG = 0.5321 AUC = 0.9071
K = 30: HR = 0.6428, NDCG = 0.5324 AUC = 0.9071
K = 31: HR = 0.6444, NDCG = 0.5327 AUC = 0.9071
K = 32: HR = 0.6457, NDCG = 0.5330 AUC = 0.9071
K = 33: HR = 0.6475, NDCG = 0.5333 AUC = 0.9071
K = 34: HR = 0.6484, NDCG = 0.5335 AUC = 0.9071
K = 35: HR = 0.6496, NDCG = 0.5337 AUC = 0.9071
K = 36: HR = 0.6506, NDCG = 0.5339 AUC = 0.9071
K = 37: HR = 0.6523, NDCG = 0.5342 AUC = 0.9071
K = 38: HR = 0.6533, NDCG = 0.5344 AUC = 0.9071
K = 39: HR = 0.6543, NDCG = 0.5346 AUC = 0.9071
K = 40: HR = 0.6552, NDCG = 0.5348 AUC = 0.9071
K = 41: HR = 0.6565, NDCG = 0.5350 AUC = 0.9071
K = 42: HR = 0.6575, NDCG = 0.5352 AUC = 0.9071
K = 43: HR = 0.6587, NDCG = 0.5354 AUC = 0.9071
K = 44: HR = 0.6600, NDCG = 0.5356 AUC = 0.9071
K = 45: HR = 0.6609, NDCG = 0.5358 AUC = 0.9071
K = 46: HR = 0.6624, NDCG = 0.5361 AUC = 0.9071
K = 47: HR = 0.6636, NDCG = 0.5363 AUC = 0.9071
K = 48: HR = 0.6650, NDCG = 0.5365 AUC = 0.9071
K = 49: HR = 0.6666, NDCG = 0.5368 AUC = 0.9071
K = 50: HR = 0.6679, NDCG = 0.5371 AUC = 0.9071
K = 51: HR = 0.6684, NDCG = 0.5371 AUC = 0.9071
K = 52: HR = 0.6697, NDCG = 0.5374 AUC = 0.9071
K = 53: HR = 0.6706, NDCG = 0.5375 AUC = 0.9071
K = 54: HR = 0.6714, NDCG = 0.5377 AUC = 0.9071
K = 55: HR = 0.6719, NDCG = 0.5378 AUC = 0.9071
K = 56: HR = 0.6728, NDCG = 0.5379 AUC = 0.9071
K = 57: HR = 0.6736, NDCG = 0.5380 AUC = 0.9071
K = 58: HR = 0.6746, NDCG = 0.5382 AUC = 0.9071
K = 59: HR = 0.6757, NDCG = 0.5384 AUC = 0.9071
K = 60: HR = 0.6770, NDCG = 0.5386 AUC = 0.9071
K = 61: HR = 0.6784, NDCG = 0.5389 AUC = 0.9071
K = 62: HR = 0.6794, NDCG = 0.5390 AUC = 0.9071
K = 63: HR = 0.6807, NDCG = 0.5392 AUC = 0.9071
K = 64: HR = 0.6816, NDCG = 0.5394 AUC = 0.9071
K = 65: HR = 0.6823, NDCG = 0.5395 AUC = 0.9071
K = 66: HR = 0.6828, NDCG = 0.5396 AUC = 0.9071
K = 67: HR = 0.6837, NDCG = 0.5397 AUC = 0.9071
K = 68: HR = 0.6845, NDCG = 0.5399 AUC = 0.9071
K = 69: HR = 0.6849, NDCG = 0.5399 AUC = 0.9071
K = 70: HR = 0.6863, NDCG = 0.5402 AUC = 0.9071
K = 71: HR = 0.6870, NDCG = 0.5403 AUC = 0.9071
K = 72: HR = 0.6879, NDCG = 0.5404 AUC = 0.9071
K = 73: HR = 0.6888, NDCG = 0.5406 AUC = 0.9071
K = 74: HR = 0.6892, NDCG = 0.5406 AUC = 0.9071
K = 75: HR = 0.6896, NDCG = 0.5407 AUC = 0.9071
K = 76: HR = 0.6903, NDCG = 0.5408 AUC = 0.9071
K = 77: HR = 0.6912, NDCG = 0.5410 AUC = 0.9071
K = 78: HR = 0.6921, NDCG = 0.5411 AUC = 0.9071
K = 79: HR = 0.6926, NDCG = 0.5412 AUC = 0.9071
K = 80: HR = 0.6933, NDCG = 0.5413 AUC = 0.9071
K = 81: HR = 0.6939, NDCG = 0.5414 AUC = 0.9071
K = 82: HR = 0.6948, NDCG = 0.5415 AUC = 0.9071
K = 83: HR = 0.6957, NDCG = 0.5417 AUC = 0.9071
K = 84: HR = 0.6963, NDCG = 0.5417 AUC = 0.9071
K = 85: HR = 0.6969, NDCG = 0.5418 AUC = 0.9071
K = 86: HR = 0.6974, NDCG = 0.5419 AUC = 0.9071
K = 87: HR = 0.6981, NDCG = 0.5420 AUC = 0.9071
K = 88: HR = 0.6986, NDCG = 0.5421 AUC = 0.9071
K = 89: HR = 0.6996, NDCG = 0.5423 AUC = 0.9071
K = 90: HR = 0.7004, NDCG = 0.5424 AUC = 0.9071
K = 91: HR = 0.7015, NDCG = 0.5426 AUC = 0.9071
K = 92: HR = 0.7023, NDCG = 0.5427 AUC = 0.9071
K = 93: HR = 0.7028, NDCG = 0.5427 AUC = 0.9071
K = 94: HR = 0.7034, NDCG = 0.5428 AUC = 0.9071
K = 95: HR = 0.7042, NDCG = 0.5430 AUC = 0.9071
K = 96: HR = 0.7045, NDCG = 0.5430 AUC = 0.9071
K = 97: HR = 0.7050, NDCG = 0.5431 AUC = 0.9071
K = 98: HR = 0.7057, NDCG = 0.5432 AUC = 0.9071
K = 99: HR = 0.7059, NDCG = 0.5432 AUC = 0.9071
K = 100: HR = 0.7065, NDCG = 0.5433 AUC = 0.9071
