Initialize SASREC
Epoch 0 [71.8s + 0.0s]: HR = 0.2928, NDCG = 0.1270 ACC = 1.2964 ACC_adv = 1.2964 [124.3s], |P|=0.00, |Q|=0.00
Epoch 20 [61.5s + 0.0s]: HR = 0.7053, NDCG = 0.4195 ACC = 0.2665 ACC_adv = 0.2665 [124.1s], |P|=0.00, |Q|=0.00
Epoch 40 [61.8s + 0.0s]: HR = 0.7356, NDCG = 0.5003 ACC = 0.1702 ACC_adv = 0.1702 [124.7s], |P|=0.00, |Q|=0.00
Epoch 60 [61.3s + 0.0s]: HR = 0.7427, NDCG = 0.5296 ACC = 0.1380 ACC_adv = 0.1380 [124.4s], |P|=0.00, |Q|=0.00
Epoch 80 [61.2s + 0.0s]: HR = 0.7436, NDCG = 0.5425 ACC = 0.1222 ACC_adv = 0.1222 [123.2s], |P|=0.00, |Q|=0.00
Epoch 100 [61.5s + 0.0s]: HR = 0.7431, NDCG = 0.5481 ACC = 0.1129 ACC_adv = 0.1129 [124.4s], |P|=0.00, |Q|=0.00
Epoch 120 [61.3s + 0.0s]: HR = 0.7456, NDCG = 0.5537 ACC = 0.1081 ACC_adv = 0.1081 [128.1s], |P|=0.00, |Q|=0.00
Epoch 140 [61.3s + 0.0s]: HR = 0.7438, NDCG = 0.5551 ACC = 0.1009 ACC_adv = 0.1009 [124.4s], |P|=0.00, |Q|=0.00
Epoch 160 [61.9s + 0.0s]: HR = 0.7426, NDCG = 0.5584 ACC = 0.0982 ACC_adv = 0.0982 [127.7s], |P|=0.00, |Q|=0.00
Epoch 180 [61.6s + 0.0s]: HR = 0.7427, NDCG = 0.5592 ACC = 0.0949 ACC_adv = 0.0949 [126.6s], |P|=0.00, |Q|=0.00
Epoch 200 [61.6s + 0.0s]: HR = 0.7438, NDCG = 0.5615 ACC = 0.0927 ACC_adv = 0.0927 [126.4s], |P|=0.00, |Q|=0.00
Epoch 220 [61.8s + 0.0s]: HR = 0.7416, NDCG = 0.5631 ACC = 0.0901 ACC_adv = 0.0901 [128.0s], |P|=0.00, |Q|=0.00
Epoch 240 [61.7s + 0.0s]: HR = 0.7410, NDCG = 0.5626 ACC = 0.0903 ACC_adv = 0.0903 [127.2s], |P|=0.00, |Q|=0.00
Epoch 260 [61.7s + 0.0s]: HR = 0.7413, NDCG = 0.5637 ACC = 0.0874 ACC_adv = 0.0874 [127.8s], |P|=0.00, |Q|=0.00
Epoch 280 [61.6s + 0.0s]: HR = 0.7405, NDCG = 0.5642 ACC = 0.0848 ACC_adv = 0.0848 [128.6s], |P|=0.00, |Q|=0.00
Epoch 300 [61.8s + 0.0s]: HR = 0.7394, NDCG = 0.5641 ACC = 0.0834 ACC_adv = 0.0834 [129.3s], |P|=0.00, |Q|=0.00
Epoch 320 [61.7s + 0.0s]: HR = 0.7393, NDCG = 0.5639 ACC = 0.0836 ACC_adv = 0.0836 [128.0s], |P|=0.00, |Q|=0.00
Epoch 340 [61.9s + 0.0s]: HR = 0.7393, NDCG = 0.5648 ACC = 0.0801 ACC_adv = 0.0801 [132.3s], |P|=0.00, |Q|=0.00
Epoch 360 [61.8s + 0.0s]: HR = 0.7411, NDCG = 0.5654 ACC = 0.0797 ACC_adv = 0.0797 [128.9s], |P|=0.00, |Q|=0.00
Epoch 380 [61.6s + 0.0s]: HR = 0.7370, NDCG = 0.5655 ACC = 0.0801 ACC_adv = 0.0801 [128.9s], |P|=0.00, |Q|=0.00
Epoch 400 [61.6s + 0.0s]: HR = 0.7379, NDCG = 0.5651 ACC = 0.0795 ACC_adv = 0.0795 [128.1s], |P|=0.00, |Q|=0.00
Epoch 420 [61.9s + 0.0s]: HR = 0.7388, NDCG = 0.5647 ACC = 0.0799 ACC_adv = 0.0799 [133.2s], |P|=0.00, |Q|=0.00
Epoch 440 [61.7s + 0.0s]: HR = 0.7367, NDCG = 0.5664 ACC = 0.0774 ACC_adv = 0.0774 [126.6s], |P|=0.00, |Q|=0.00
Epoch 460 [61.7s + 0.0s]: HR = 0.7377, NDCG = 0.5664 ACC = 0.0752 ACC_adv = 0.0752 [129.6s], |P|=0.00, |Q|=0.00
Epoch 480 [61.6s + 0.0s]: HR = 0.7358, NDCG = 0.5655 ACC = 0.0769 ACC_adv = 0.0769 [127.9s], |P|=0.00, |Q|=0.00
Epoch 500 [61.4s + 0.0s]: HR = 0.7348, NDCG = 0.5650 ACC = 0.0761 ACC_adv = 0.0761 [127.8s], |P|=0.00, |Q|=0.00
Epoch 520 [61.6s + 0.0s]: HR = 0.7359, NDCG = 0.5652 ACC = 0.0749 ACC_adv = 0.0749 [127.7s], |P|=0.00, |Q|=0.00
Epoch 540 [61.5s + 0.0s]: HR = 0.7345, NDCG = 0.5626 ACC = 0.0750 ACC_adv = 0.0750 [131.2s], |P|=0.00, |Q|=0.00
Epoch 560 [61.4s + 0.0s]: HR = 0.7329, NDCG = 0.5625 ACC = 0.0744 ACC_adv = 0.0744 [127.6s], |P|=0.00, |Q|=0.00
Epoch 580 [61.6s + 0.0s]: HR = 0.7329, NDCG = 0.5624 ACC = 0.0741 ACC_adv = 0.0741 [128.2s], |P|=0.00, |Q|=0.00
Epoch 600 [61.4s + 0.0s]: HR = 0.7320, NDCG = 0.5635 ACC = 0.0728 ACC_adv = 0.0728 [126.8s], |P|=0.00, |Q|=0.00
Epoch 620 [63.6s + 0.0s]: HR = 0.7308, NDCG = 0.5614 ACC = 0.0740 ACC_adv = 0.0740 [133.3s], |P|=0.00, |Q|=0.00
Epoch 640 [61.4s + 0.0s]: HR = 0.7315, NDCG = 0.5622 ACC = 0.0738 ACC_adv = 0.0738 [125.9s], |P|=0.00, |Q|=0.00
Epoch 660 [62.3s + 0.0s]: HR = 0.7303, NDCG = 0.5617 ACC = 0.0718 ACC_adv = 0.0718 [126.4s], |P|=0.00, |Q|=0.00
Epoch 680 [61.4s + 0.0s]: HR = 0.7297, NDCG = 0.5614 ACC = 0.0736 ACC_adv = 0.0736 [126.4s], |P|=0.00, |Q|=0.00
Epoch 700 [61.4s + 0.0s]: HR = 0.7265, NDCG = 0.5607 ACC = 0.0736 ACC_adv = 0.0736 [126.4s], |P|=0.00, |Q|=0.00
Epoch 720 [61.5s + 0.0s]: HR = 0.7278, NDCG = 0.5601 ACC = 0.0706 ACC_adv = 0.0706 [126.9s], |P|=0.00, |Q|=0.00
Epoch 740 [62.3s + 0.0s]: HR = 0.7266, NDCG = 0.5599 ACC = 0.0703 ACC_adv = 0.0703 [129.6s], |P|=0.00, |Q|=0.00
Epoch 760 [63.5s + 0.0s]: HR = 0.7265, NDCG = 0.5588 ACC = 0.0720 ACC_adv = 0.0720 [126.4s], |P|=0.00, |Q|=0.00
Epoch 780 [61.4s + 0.0s]: HR = 0.7259, NDCG = 0.5603 ACC = 0.0709 ACC_adv = 0.0709 [127.2s], |P|=0.00, |Q|=0.00
Epoch 800 [61.4s + 0.0s]: HR = 0.7249, NDCG = 0.5606 ACC = 0.0727 ACC_adv = 0.0727 [125.8s], |P|=0.00, |Q|=0.00
Epoch 820 [61.5s + 0.0s]: HR = 0.7253, NDCG = 0.5613 ACC = 0.0709 ACC_adv = 0.0709 [127.0s], |P|=0.00, |Q|=0.00
Epoch 840 [61.5s + 0.0s]: HR = 0.7254, NDCG = 0.5605 ACC = 0.0713 ACC_adv = 0.0713 [126.4s], |P|=0.00, |Q|=0.00
Epoch 860 [61.3s + 0.0s]: HR = 0.7230, NDCG = 0.5607 ACC = 0.0701 ACC_adv = 0.0701 [127.0s], |P|=0.00, |Q|=0.00
Epoch 880 [61.4s + 0.0s]: HR = 0.7225, NDCG = 0.5590 ACC = 0.0705 ACC_adv = 0.0705 [125.1s], |P|=0.00, |Q|=0.00
Epoch 900 [61.3s + 0.0s]: HR = 0.7223, NDCG = 0.5598 ACC = 0.0703 ACC_adv = 0.0703 [129.2s], |P|=0.00, |Q|=0.00
Epoch 920 [63.7s + 0.0s]: HR = 0.7235, NDCG = 0.5588 ACC = 0.0695 ACC_adv = 0.0695 [127.8s], |P|=0.00, |Q|=0.00
Epoch 940 [61.3s + 0.0s]: HR = 0.7210, NDCG = 0.5604 ACC = 0.0701 ACC_adv = 0.0701 [127.9s], |P|=0.00, |Q|=0.00
Epoch 960 [61.2s + 0.0s]: HR = 0.7221, NDCG = 0.5587 ACC = 0.0697 ACC_adv = 0.0697 [125.2s], |P|=0.00, |Q|=0.00
Epoch 980 [63.5s + 0.0s]: HR = 0.7214, NDCG = 0.5590 ACC = 0.0677 ACC_adv = 0.0677 [131.4s], |P|=0.00, |Q|=0.00
Initialize Adversarial_SASREC
Epoch 1000 [124.7s + 0.0s]: HR = 0.7230, NDCG = 0.5521 ACC = 3.1676 ACC_adv = 3.1676 [132.7s], |P|=0.00, |Q|=0.00
Epoch 1020 [109.6s + 0.0s]: HR = 0.7333, NDCG = 0.5631 ACC = 0.9863 ACC_adv = 0.9863 [127.5s], |P|=0.00, |Q|=0.00
Epoch 1040 [109.5s + 0.0s]: HR = 0.7335, NDCG = 0.5609 ACC = 0.6058 ACC_adv = 0.6058 [127.1s], |P|=0.00, |Q|=0.00
Epoch 1060 [109.6s + 0.0s]: HR = 0.7401, NDCG = 0.5594 ACC = 0.5108 ACC_adv = 0.5108 [127.6s], |P|=0.00, |Q|=0.00
Epoch 1080 [110.9s + 0.0s]: HR = 0.7391, NDCG = 0.5582 ACC = 0.4586 ACC_adv = 0.4586 [126.5s], |P|=0.00, |Q|=0.00
Epoch 1100 [110.2s + 0.0s]: HR = 0.7394, NDCG = 0.5598 ACC = 0.4330 ACC_adv = 0.4330 [126.0s], |P|=0.00, |Q|=0.00
Epoch 1120 [109.8s + 0.0s]: HR = 0.7399, NDCG = 0.5595 ACC = 0.4004 ACC_adv = 0.4004 [127.7s], |P|=0.00, |Q|=0.00
Epoch 1140 [109.6s + 0.0s]: HR = 0.7393, NDCG = 0.5609 ACC = 0.3830 ACC_adv = 0.3830 [127.3s], |P|=0.00, |Q|=0.00
Epoch 1160 [109.8s + 0.0s]: HR = 0.7386, NDCG = 0.5611 ACC = 0.3618 ACC_adv = 0.3618 [127.9s], |P|=0.00, |Q|=0.00
Epoch 1180 [109.9s + 0.0s]: HR = 0.7392, NDCG = 0.5615 ACC = 0.3502 ACC_adv = 0.3502 [128.3s], |P|=0.00, |Q|=0.00
Epoch 1200 [109.6s + 0.0s]: HR = 0.7377, NDCG = 0.5618 ACC = 0.3396 ACC_adv = 0.3396 [130.8s], |P|=0.00, |Q|=0.00
Epoch 1220 [109.7s + 0.0s]: HR = 0.7386, NDCG = 0.5632 ACC = 0.3316 ACC_adv = 0.3316 [126.4s], |P|=0.00, |Q|=0.00
Epoch 1240 [110.0s + 0.0s]: HR = 0.7381, NDCG = 0.5634 ACC = 0.3208 ACC_adv = 0.3208 [126.9s], |P|=0.00, |Q|=0.00
Epoch 1260 [109.6s + 0.0s]: HR = 0.7372, NDCG = 0.5631 ACC = 0.3157 ACC_adv = 0.3157 [126.7s], |P|=0.00, |Q|=0.00
Epoch 1280 [109.7s + 0.0s]: HR = 0.7370, NDCG = 0.5631 ACC = 0.3109 ACC_adv = 0.3109 [128.2s], |P|=0.00, |Q|=0.00
Epoch 1300 [109.7s + 0.0s]: HR = 0.7367, NDCG = 0.5640 ACC = 0.2989 ACC_adv = 0.2989 [129.4s], |P|=0.00, |Q|=0.00
Epoch 1320 [109.7s + 0.0s]: HR = 0.7375, NDCG = 0.5644 ACC = 0.2943 ACC_adv = 0.2943 [126.7s], |P|=0.00, |Q|=0.00
Epoch 1340 [109.9s + 0.0s]: HR = 0.7358, NDCG = 0.5639 ACC = 0.2852 ACC_adv = 0.2852 [126.9s], |P|=0.00, |Q|=0.00
Epoch 1360 [109.9s + 0.0s]: HR = 0.7349, NDCG = 0.5643 ACC = 0.2799 ACC_adv = 0.2799 [128.1s], |P|=0.00, |Q|=0.00
Epoch 1380 [110.0s + 0.0s]: HR = 0.7345, NDCG = 0.5638 ACC = 0.2796 ACC_adv = 0.2796 [128.6s], |P|=0.00, |Q|=0.00
Epoch 1400 [109.8s + 0.0s]: HR = 0.7349, NDCG = 0.5649 ACC = 0.2776 ACC_adv = 0.2776 [127.5s], |P|=0.00, |Q|=0.00
Epoch 1420 [109.7s + 0.0s]: HR = 0.7347, NDCG = 0.5648 ACC = 0.2706 ACC_adv = 0.2706 [130.1s], |P|=0.00, |Q|=0.00
Epoch 1440 [110.0s + 0.0s]: HR = 0.7355, NDCG = 0.5655 ACC = 0.2688 ACC_adv = 0.2688 [127.6s], |P|=0.00, |Q|=0.00
Epoch 1460 [109.8s + 0.0s]: HR = 0.7352, NDCG = 0.5645 ACC = 0.2627 ACC_adv = 0.2627 [125.3s], |P|=0.00, |Q|=0.00
Epoch 1480 [109.7s + 0.0s]: HR = 0.7345, NDCG = 0.5648 ACC = 0.2584 ACC_adv = 0.2584 [127.3s], |P|=0.00, |Q|=0.00
Epoch 1500 [109.8s + 0.0s]: HR = 0.7334, NDCG = 0.5648 ACC = 0.2556 ACC_adv = 0.2556 [127.3s], |P|=0.00, |Q|=0.00
Epoch 1520 [109.8s + 0.0s]: HR = 0.7329, NDCG = 0.5651 ACC = 0.2568 ACC_adv = 0.2568 [132.1s], |P|=0.00, |Q|=0.00
Epoch 1540 [109.6s + 0.0s]: HR = 0.7340, NDCG = 0.5645 ACC = 0.2494 ACC_adv = 0.2494 [126.9s], |P|=0.00, |Q|=0.00
Epoch 1560 [109.8s + 0.0s]: HR = 0.7334, NDCG = 0.5656 ACC = 0.2516 ACC_adv = 0.2516 [126.7s], |P|=0.00, |Q|=0.00
Epoch 1580 [109.9s + 0.0s]: HR = 0.7327, NDCG = 0.5657 ACC = 0.2474 ACC_adv = 0.2474 [127.6s], |P|=0.00, |Q|=0.00
Epoch 1600 [109.7s + 0.0s]: HR = 0.7329, NDCG = 0.5655 ACC = 0.2459 ACC_adv = 0.2459 [126.0s], |P|=0.00, |Q|=0.00
Epoch 1620 [109.8s + 0.0s]: HR = 0.7323, NDCG = 0.5655 ACC = 0.2451 ACC_adv = 0.2451 [127.9s], |P|=0.00, |Q|=0.00
Epoch 1640 [110.2s + 0.0s]: HR = 0.7315, NDCG = 0.5648 ACC = 0.2428 ACC_adv = 0.2428 [131.6s], |P|=0.00, |Q|=0.00
Epoch 1660 [110.2s + 0.0s]: HR = 0.7321, NDCG = 0.5653 ACC = 0.2391 ACC_adv = 0.2391 [129.5s], |P|=0.00, |Q|=0.00
Epoch 1680 [109.8s + 0.0s]: HR = 0.7320, NDCG = 0.5662 ACC = 0.2392 ACC_adv = 0.2392 [126.7s], |P|=0.00, |Q|=0.00
Epoch 1700 [109.8s + 0.0s]: HR = 0.7275, NDCG = 0.5647 ACC = 0.2381 ACC_adv = 0.2381 [128.2s], |P|=0.00, |Q|=0.00
Epoch 1720 [111.4s + 0.0s]: HR = 0.7331, NDCG = 0.5663 ACC = 0.2331 ACC_adv = 0.2331 [126.8s], |P|=0.00, |Q|=0.00
Epoch 1740 [110.2s + 0.0s]: HR = 0.7285, NDCG = 0.5651 ACC = 0.2277 ACC_adv = 0.2277 [127.1s], |P|=0.00, |Q|=0.00
Epoch 1760 [110.0s + 0.0s]: HR = 0.7281, NDCG = 0.5660 ACC = 0.2322 ACC_adv = 0.2322 [126.5s], |P|=0.00, |Q|=0.00
Epoch 1780 [109.7s + 0.0s]: HR = 0.7273, NDCG = 0.5657 ACC = 0.2272 ACC_adv = 0.2272 [126.2s], |P|=0.00, |Q|=0.00
Epoch 1800 [109.9s + 0.0s]: HR = 0.7277, NDCG = 0.5652 ACC = 0.2263 ACC_adv = 0.2263 [128.2s], |P|=0.00, |Q|=0.00
Epoch 1820 [109.8s + 0.0s]: HR = 0.7274, NDCG = 0.5662 ACC = 0.2248 ACC_adv = 0.2248 [126.7s], |P|=0.00, |Q|=0.00
Epoch 1840 [109.8s + 0.0s]: HR = 0.7275, NDCG = 0.5651 ACC = 0.2268 ACC_adv = 0.2268 [127.4s], |P|=0.00, |Q|=0.00
Epoch 1860 [109.8s + 0.0s]: HR = 0.7266, NDCG = 0.5659 ACC = 0.2215 ACC_adv = 0.2215 [129.0s], |P|=0.00, |Q|=0.00
Epoch 1880 [109.8s + 0.0s]: HR = 0.7267, NDCG = 0.5656 ACC = 0.2218 ACC_adv = 0.2218 [127.4s], |P|=0.00, |Q|=0.00
Epoch 1900 [110.1s + 0.0s]: HR = 0.7267, NDCG = 0.5657 ACC = 0.2242 ACC_adv = 0.2242 [126.3s], |P|=0.00, |Q|=0.00
Epoch 1920 [110.0s + 0.0s]: HR = 0.7274, NDCG = 0.5651 ACC = 0.2187 ACC_adv = 0.2187 [127.8s], |P|=0.00, |Q|=0.00
Epoch 1940 [109.8s + 0.0s]: HR = 0.7275, NDCG = 0.5660 ACC = 0.2209 ACC_adv = 0.2209 [126.8s], |P|=0.00, |Q|=0.00
Epoch 1960 [110.0s + 0.0s]: HR = 0.7261, NDCG = 0.5650 ACC = 0.2179 ACC_adv = 0.2179 [127.5s], |P|=0.00, |Q|=0.00
Epoch 1980 [109.8s + 0.0s]: HR = 0.7264, NDCG = 0.5648 ACC = 0.2177 ACC_adv = 0.2177 [128.2s], |P|=0.00, |Q|=0.00
Epoch 2000 [110.0s + 0.0s]: HR = 0.7267, NDCG = 0.5655 ACC = 0.2163 ACC_adv = 0.2163 [126.9s], |P|=0.00, |Q|=0.00
Epoch 440 is the best epoch
K = 1: HR = 0.4846, NDCG = 0.4846 AUC = 0.9276
K = 2: HR = 0.5228, NDCG = 0.5087 AUC = 0.9276
K = 3: HR = 0.5415, NDCG = 0.5181 AUC = 0.9276
K = 4: HR = 0.5541, NDCG = 0.5235 AUC = 0.9276
K = 5: HR = 0.5647, NDCG = 0.5276 AUC = 0.9276
K = 6: HR = 0.5745, NDCG = 0.5311 AUC = 0.9276
K = 7: HR = 0.5815, NDCG = 0.5334 AUC = 0.9276
K = 8: HR = 0.5876, NDCG = 0.5353 AUC = 0.9276
K = 9: HR = 0.5934, NDCG = 0.5371 AUC = 0.9276
K = 10: HR = 0.5993, NDCG = 0.5388 AUC = 0.9276
K = 11: HR = 0.6040, NDCG = 0.5401 AUC = 0.9276
K = 12: HR = 0.6088, NDCG = 0.5414 AUC = 0.9276
K = 13: HR = 0.6131, NDCG = 0.5425 AUC = 0.9276
K = 14: HR = 0.6172, NDCG = 0.5436 AUC = 0.9276
K = 15: HR = 0.6204, NDCG = 0.5444 AUC = 0.9276
K = 16: HR = 0.6237, NDCG = 0.5452 AUC = 0.9276
K = 17: HR = 0.6268, NDCG = 0.5459 AUC = 0.9276
K = 18: HR = 0.6294, NDCG = 0.5465 AUC = 0.9276
K = 19: HR = 0.6331, NDCG = 0.5474 AUC = 0.9276
K = 20: HR = 0.6358, NDCG = 0.5480 AUC = 0.9276
K = 21: HR = 0.6382, NDCG = 0.5485 AUC = 0.9276
K = 22: HR = 0.6401, NDCG = 0.5490 AUC = 0.9276
K = 23: HR = 0.6437, NDCG = 0.5497 AUC = 0.9276
K = 24: HR = 0.6460, NDCG = 0.5502 AUC = 0.9276
K = 25: HR = 0.6477, NDCG = 0.5506 AUC = 0.9276
K = 26: HR = 0.6501, NDCG = 0.5511 AUC = 0.9276
K = 27: HR = 0.6530, NDCG = 0.5517 AUC = 0.9276
K = 28: HR = 0.6557, NDCG = 0.5523 AUC = 0.9276
K = 29: HR = 0.6572, NDCG = 0.5526 AUC = 0.9276
K = 30: HR = 0.6590, NDCG = 0.5529 AUC = 0.9276
K = 31: HR = 0.6610, NDCG = 0.5533 AUC = 0.9276
K = 32: HR = 0.6629, NDCG = 0.5537 AUC = 0.9276
K = 33: HR = 0.6640, NDCG = 0.5539 AUC = 0.9276
K = 34: HR = 0.6663, NDCG = 0.5544 AUC = 0.9276
K = 35: HR = 0.6681, NDCG = 0.5547 AUC = 0.9276
K = 36: HR = 0.6697, NDCG = 0.5550 AUC = 0.9276
K = 37: HR = 0.6716, NDCG = 0.5554 AUC = 0.9276
K = 38: HR = 0.6731, NDCG = 0.5557 AUC = 0.9276
K = 39: HR = 0.6746, NDCG = 0.5560 AUC = 0.9276
K = 40: HR = 0.6759, NDCG = 0.5562 AUC = 0.9276
K = 41: HR = 0.6789, NDCG = 0.5567 AUC = 0.9276
K = 42: HR = 0.6805, NDCG = 0.5570 AUC = 0.9276
K = 43: HR = 0.6825, NDCG = 0.5574 AUC = 0.9276
K = 44: HR = 0.6839, NDCG = 0.5577 AUC = 0.9276
K = 45: HR = 0.6854, NDCG = 0.5579 AUC = 0.9276
K = 46: HR = 0.6869, NDCG = 0.5582 AUC = 0.9276
K = 47: HR = 0.6885, NDCG = 0.5585 AUC = 0.9276
K = 48: HR = 0.6901, NDCG = 0.5588 AUC = 0.9276
K = 49: HR = 0.6910, NDCG = 0.5589 AUC = 0.9276
K = 50: HR = 0.6926, NDCG = 0.5592 AUC = 0.9276
K = 51: HR = 0.6935, NDCG = 0.5594 AUC = 0.9276
K = 52: HR = 0.6947, NDCG = 0.5596 AUC = 0.9276
K = 53: HR = 0.6962, NDCG = 0.5598 AUC = 0.9276
K = 54: HR = 0.6979, NDCG = 0.5601 AUC = 0.9276
K = 55: HR = 0.6993, NDCG = 0.5604 AUC = 0.9276
K = 56: HR = 0.7000, NDCG = 0.5605 AUC = 0.9276
K = 57: HR = 0.7011, NDCG = 0.5607 AUC = 0.9276
K = 58: HR = 0.7024, NDCG = 0.5609 AUC = 0.9276
K = 59: HR = 0.7037, NDCG = 0.5611 AUC = 0.9276
K = 60: HR = 0.7057, NDCG = 0.5615 AUC = 0.9276
K = 61: HR = 0.7066, NDCG = 0.5616 AUC = 0.9276
K = 62: HR = 0.7077, NDCG = 0.5618 AUC = 0.9276
K = 63: HR = 0.7082, NDCG = 0.5619 AUC = 0.9276
K = 64: HR = 0.7088, NDCG = 0.5620 AUC = 0.9276
K = 65: HR = 0.7097, NDCG = 0.5621 AUC = 0.9276
K = 66: HR = 0.7105, NDCG = 0.5623 AUC = 0.9276
K = 67: HR = 0.7114, NDCG = 0.5624 AUC = 0.9276
K = 68: HR = 0.7127, NDCG = 0.5626 AUC = 0.9276
K = 69: HR = 0.7141, NDCG = 0.5628 AUC = 0.9276
K = 70: HR = 0.7152, NDCG = 0.5630 AUC = 0.9276
K = 71: HR = 0.7157, NDCG = 0.5631 AUC = 0.9276
K = 72: HR = 0.7164, NDCG = 0.5632 AUC = 0.9276
K = 73: HR = 0.7173, NDCG = 0.5634 AUC = 0.9276
K = 74: HR = 0.7178, NDCG = 0.5634 AUC = 0.9276
K = 75: HR = 0.7187, NDCG = 0.5636 AUC = 0.9276
K = 76: HR = 0.7194, NDCG = 0.5637 AUC = 0.9276
K = 77: HR = 0.7200, NDCG = 0.5638 AUC = 0.9276
K = 78: HR = 0.7207, NDCG = 0.5639 AUC = 0.9276
K = 79: HR = 0.7215, NDCG = 0.5640 AUC = 0.9276
K = 80: HR = 0.7220, NDCG = 0.5641 AUC = 0.9276
K = 81: HR = 0.7226, NDCG = 0.5642 AUC = 0.9276
K = 82: HR = 0.7236, NDCG = 0.5644 AUC = 0.9276
K = 83: HR = 0.7243, NDCG = 0.5645 AUC = 0.9276
K = 84: HR = 0.7251, NDCG = 0.5646 AUC = 0.9276
K = 85: HR = 0.7256, NDCG = 0.5647 AUC = 0.9276
K = 86: HR = 0.7266, NDCG = 0.5648 AUC = 0.9276
K = 87: HR = 0.7270, NDCG = 0.5649 AUC = 0.9276
K = 88: HR = 0.7278, NDCG = 0.5650 AUC = 0.9276
K = 89: HR = 0.7286, NDCG = 0.5651 AUC = 0.9276
K = 90: HR = 0.7301, NDCG = 0.5654 AUC = 0.9276
K = 91: HR = 0.7306, NDCG = 0.5654 AUC = 0.9276
K = 92: HR = 0.7310, NDCG = 0.5655 AUC = 0.9276
K = 93: HR = 0.7319, NDCG = 0.5657 AUC = 0.9276
K = 94: HR = 0.7323, NDCG = 0.5657 AUC = 0.9276
K = 95: HR = 0.7329, NDCG = 0.5658 AUC = 0.9276
K = 96: HR = 0.7335, NDCG = 0.5659 AUC = 0.9276
K = 97: HR = 0.7346, NDCG = 0.5661 AUC = 0.9276
K = 98: HR = 0.7355, NDCG = 0.5662 AUC = 0.9276
K = 99: HR = 0.7363, NDCG = 0.5663 AUC = 0.9276
K = 100: HR = 0.7367, NDCG = 0.5664 AUC = 0.9276
