Initialize SASREC
Epoch 0 [64.3s + 0.0s]: HR = 0.4190, NDCG = 0.1674 ACC = 1.2884 ACC_adv = 1.2884 [123.9s], |P|=0.00, |Q|=0.00
Epoch 20 [47.6s + 0.0s]: HR = 0.7918, NDCG = 0.4987 ACC = 0.3305 ACC_adv = 0.3305 [126.3s], |P|=0.00, |Q|=0.00
Epoch 40 [47.5s + 0.0s]: HR = 0.8425, NDCG = 0.5940 ACC = 0.2129 ACC_adv = 0.2129 [126.1s], |P|=0.00, |Q|=0.00
Epoch 60 [47.6s + 0.0s]: HR = 0.8534, NDCG = 0.6289 ACC = 0.1755 ACC_adv = 0.1755 [126.7s], |P|=0.00, |Q|=0.00
Epoch 80 [47.3s + 0.0s]: HR = 0.8548, NDCG = 0.6447 ACC = 0.1532 ACC_adv = 0.1532 [126.5s], |P|=0.00, |Q|=0.00
Epoch 100 [47.6s + 0.0s]: HR = 0.8586, NDCG = 0.6525 ACC = 0.1437 ACC_adv = 0.1437 [124.8s], |P|=0.00, |Q|=0.00
Epoch 120 [47.5s + 0.0s]: HR = 0.8608, NDCG = 0.6586 ACC = 0.1338 ACC_adv = 0.1338 [127.3s], |P|=0.00, |Q|=0.00
Epoch 140 [47.7s + 0.0s]: HR = 0.8622, NDCG = 0.6601 ACC = 0.1279 ACC_adv = 0.1279 [128.4s], |P|=0.00, |Q|=0.00
Epoch 160 [47.6s + 0.0s]: HR = 0.8636, NDCG = 0.6648 ACC = 0.1204 ACC_adv = 0.1204 [126.4s], |P|=0.00, |Q|=0.00
Epoch 180 [47.5s + 0.0s]: HR = 0.8644, NDCG = 0.6664 ACC = 0.1188 ACC_adv = 0.1188 [127.0s], |P|=0.00, |Q|=0.00
Epoch 200 [47.8s + 0.0s]: HR = 0.8647, NDCG = 0.6678 ACC = 0.1132 ACC_adv = 0.1132 [129.5s], |P|=0.00, |Q|=0.00
Epoch 220 [47.9s + 0.0s]: HR = 0.8662, NDCG = 0.6700 ACC = 0.1084 ACC_adv = 0.1084 [130.0s], |P|=0.00, |Q|=0.00
Epoch 240 [47.6s + 0.0s]: HR = 0.8646, NDCG = 0.6691 ACC = 0.1083 ACC_adv = 0.1083 [128.4s], |P|=0.00, |Q|=0.00
Epoch 260 [47.7s + 0.0s]: HR = 0.8660, NDCG = 0.6705 ACC = 0.1044 ACC_adv = 0.1044 [128.8s], |P|=0.00, |Q|=0.00
Epoch 280 [47.9s + 0.0s]: HR = 0.8662, NDCG = 0.6716 ACC = 0.1015 ACC_adv = 0.1015 [130.6s], |P|=0.00, |Q|=0.00
Epoch 300 [47.9s + 0.0s]: HR = 0.8649, NDCG = 0.6732 ACC = 0.1000 ACC_adv = 0.1000 [130.3s], |P|=0.00, |Q|=0.00
Epoch 320 [47.8s + 0.0s]: HR = 0.8666, NDCG = 0.6739 ACC = 0.1000 ACC_adv = 0.1000 [130.9s], |P|=0.00, |Q|=0.00
Epoch 340 [47.8s + 0.0s]: HR = 0.8657, NDCG = 0.6717 ACC = 0.0991 ACC_adv = 0.0991 [131.3s], |P|=0.00, |Q|=0.00
Epoch 360 [47.9s + 0.0s]: HR = 0.8669, NDCG = 0.6728 ACC = 0.0949 ACC_adv = 0.0949 [131.6s], |P|=0.00, |Q|=0.00
Epoch 380 [47.9s + 0.0s]: HR = 0.8654, NDCG = 0.6731 ACC = 0.0968 ACC_adv = 0.0968 [131.7s], |P|=0.00, |Q|=0.00
Epoch 400 [47.9s + 0.0s]: HR = 0.8657, NDCG = 0.6735 ACC = 0.0958 ACC_adv = 0.0958 [130.9s], |P|=0.00, |Q|=0.00
Epoch 420 [47.8s + 0.0s]: HR = 0.8659, NDCG = 0.6765 ACC = 0.0932 ACC_adv = 0.0932 [131.9s], |P|=0.00, |Q|=0.00
Epoch 440 [47.9s + 0.0s]: HR = 0.8656, NDCG = 0.6751 ACC = 0.0934 ACC_adv = 0.0934 [132.4s], |P|=0.00, |Q|=0.00
Epoch 460 [48.0s + 0.0s]: HR = 0.8651, NDCG = 0.6757 ACC = 0.0916 ACC_adv = 0.0916 [131.7s], |P|=0.00, |Q|=0.00
Epoch 480 [47.8s + 0.0s]: HR = 0.8660, NDCG = 0.6775 ACC = 0.0915 ACC_adv = 0.0915 [132.2s], |P|=0.00, |Q|=0.00
Epoch 500 [47.9s + 0.0s]: HR = 0.8677, NDCG = 0.6796 ACC = 0.0899 ACC_adv = 0.0899 [131.1s], |P|=0.00, |Q|=0.00
Epoch 520 [48.0s + 0.0s]: HR = 0.8664, NDCG = 0.6773 ACC = 0.0890 ACC_adv = 0.0890 [132.2s], |P|=0.00, |Q|=0.00
Epoch 540 [47.8s + 0.0s]: HR = 0.8677, NDCG = 0.6800 ACC = 0.0889 ACC_adv = 0.0889 [132.2s], |P|=0.00, |Q|=0.00
Epoch 560 [47.7s + 0.0s]: HR = 0.8663, NDCG = 0.6804 ACC = 0.0875 ACC_adv = 0.0875 [134.1s], |P|=0.00, |Q|=0.00
Epoch 580 [47.6s + 0.0s]: HR = 0.8674, NDCG = 0.6810 ACC = 0.0874 ACC_adv = 0.0874 [131.7s], |P|=0.00, |Q|=0.00
Epoch 600 [47.9s + 0.0s]: HR = 0.8678, NDCG = 0.6817 ACC = 0.0889 ACC_adv = 0.0889 [136.0s], |P|=0.00, |Q|=0.00
Epoch 620 [47.8s + 0.0s]: HR = 0.8682, NDCG = 0.6803 ACC = 0.0867 ACC_adv = 0.0867 [130.6s], |P|=0.00, |Q|=0.00
Epoch 640 [47.8s + 0.0s]: HR = 0.8675, NDCG = 0.6797 ACC = 0.0859 ACC_adv = 0.0859 [133.1s], |P|=0.00, |Q|=0.00
Epoch 660 [47.8s + 0.0s]: HR = 0.8673, NDCG = 0.6827 ACC = 0.0857 ACC_adv = 0.0857 [130.4s], |P|=0.00, |Q|=0.00
Epoch 680 [47.7s + 0.0s]: HR = 0.8676, NDCG = 0.6813 ACC = 0.0859 ACC_adv = 0.0859 [130.2s], |P|=0.00, |Q|=0.00
Epoch 700 [47.8s + 0.0s]: HR = 0.8675, NDCG = 0.6793 ACC = 0.0836 ACC_adv = 0.0836 [130.7s], |P|=0.00, |Q|=0.00
Epoch 720 [47.7s + 0.0s]: HR = 0.8677, NDCG = 0.6819 ACC = 0.0825 ACC_adv = 0.0825 [130.8s], |P|=0.00, |Q|=0.00
Epoch 740 [47.5s + 0.0s]: HR = 0.8677, NDCG = 0.6813 ACC = 0.0837 ACC_adv = 0.0837 [128.7s], |P|=0.00, |Q|=0.00
Epoch 760 [47.5s + 0.0s]: HR = 0.8670, NDCG = 0.6792 ACC = 0.0827 ACC_adv = 0.0827 [128.5s], |P|=0.00, |Q|=0.00
Epoch 780 [47.3s + 0.0s]: HR = 0.8671, NDCG = 0.6809 ACC = 0.0825 ACC_adv = 0.0825 [128.8s], |P|=0.00, |Q|=0.00
Epoch 800 [47.4s + 0.0s]: HR = 0.8687, NDCG = 0.6817 ACC = 0.0823 ACC_adv = 0.0823 [129.5s], |P|=0.00, |Q|=0.00
Epoch 820 [47.4s + 0.0s]: HR = 0.8693, NDCG = 0.6844 ACC = 0.0825 ACC_adv = 0.0825 [129.1s], |P|=0.00, |Q|=0.00
Epoch 840 [47.5s + 0.0s]: HR = 0.8678, NDCG = 0.6817 ACC = 0.0821 ACC_adv = 0.0821 [128.7s], |P|=0.00, |Q|=0.00
Epoch 860 [47.5s + 0.0s]: HR = 0.8675, NDCG = 0.6803 ACC = 0.0807 ACC_adv = 0.0807 [133.1s], |P|=0.00, |Q|=0.00
Epoch 880 [47.4s + 0.0s]: HR = 0.8670, NDCG = 0.6801 ACC = 0.0824 ACC_adv = 0.0824 [128.8s], |P|=0.00, |Q|=0.00
Epoch 900 [47.6s + 0.0s]: HR = 0.8682, NDCG = 0.6808 ACC = 0.0822 ACC_adv = 0.0822 [130.3s], |P|=0.00, |Q|=0.00
Epoch 920 [47.6s + 0.0s]: HR = 0.8686, NDCG = 0.6802 ACC = 0.0805 ACC_adv = 0.0805 [134.6s], |P|=0.00, |Q|=0.00
Epoch 940 [47.5s + 0.0s]: HR = 0.8682, NDCG = 0.6804 ACC = 0.0806 ACC_adv = 0.0806 [129.3s], |P|=0.00, |Q|=0.00
Epoch 960 [47.6s + 0.0s]: HR = 0.8690, NDCG = 0.6810 ACC = 0.0810 ACC_adv = 0.0810 [133.3s], |P|=0.00, |Q|=0.00
Epoch 980 [47.4s + 0.0s]: HR = 0.8682, NDCG = 0.6818 ACC = 0.0793 ACC_adv = 0.0793 [128.9s], |P|=0.00, |Q|=0.00
Initialize Adversarial_SASREC
Epoch 1000 [99.2s + 0.0s]: HR = 0.8650, NDCG = 0.6546 ACC = 3.6694 ACC_adv = 3.6694 [131.3s], |P|=0.00, |Q|=0.00
Epoch 1020 [84.3s + 0.0s]: HR = 0.8709, NDCG = 0.6857 ACC = 1.3878 ACC_adv = 1.3878 [128.0s], |P|=0.00, |Q|=0.00
Epoch 1040 [84.5s + 0.0s]: HR = 0.8729, NDCG = 0.6942 ACC = 0.9650 ACC_adv = 0.9650 [128.8s], |P|=0.00, |Q|=0.00
Epoch 1060 [84.4s + 0.0s]: HR = 0.8750, NDCG = 0.6970 ACC = 0.6612 ACC_adv = 0.6612 [126.5s], |P|=0.00, |Q|=0.00
Epoch 1080 [84.4s + 0.0s]: HR = 0.8753, NDCG = 0.6965 ACC = 0.5551 ACC_adv = 0.5551 [130.3s], |P|=0.00, |Q|=0.00
Epoch 1100 [84.4s + 0.0s]: HR = 0.8758, NDCG = 0.6946 ACC = 0.5090 ACC_adv = 0.5090 [128.8s], |P|=0.00, |Q|=0.00
Epoch 1120 [84.3s + 0.0s]: HR = 0.8756, NDCG = 0.6964 ACC = 0.4760 ACC_adv = 0.4760 [126.7s], |P|=0.00, |Q|=0.00
Epoch 1140 [84.3s + 0.0s]: HR = 0.8769, NDCG = 0.6976 ACC = 0.4474 ACC_adv = 0.4474 [128.1s], |P|=0.00, |Q|=0.00
Epoch 1160 [84.3s + 0.0s]: HR = 0.8768, NDCG = 0.6974 ACC = 0.4304 ACC_adv = 0.4304 [128.0s], |P|=0.00, |Q|=0.00
Epoch 1180 [84.1s + 0.0s]: HR = 0.8761, NDCG = 0.6973 ACC = 0.4104 ACC_adv = 0.4104 [128.1s], |P|=0.00, |Q|=0.00
Epoch 1200 [84.2s + 0.0s]: HR = 0.8778, NDCG = 0.6991 ACC = 0.3949 ACC_adv = 0.3949 [128.3s], |P|=0.00, |Q|=0.00
Epoch 1220 [84.2s + 0.0s]: HR = 0.8773, NDCG = 0.6983 ACC = 0.3847 ACC_adv = 0.3847 [131.4s], |P|=0.00, |Q|=0.00
Epoch 1240 [84.2s + 0.0s]: HR = 0.8763, NDCG = 0.6981 ACC = 0.3753 ACC_adv = 0.3753 [127.5s], |P|=0.00, |Q|=0.00
Epoch 1260 [84.4s + 0.0s]: HR = 0.8778, NDCG = 0.7001 ACC = 0.3637 ACC_adv = 0.3637 [127.8s], |P|=0.00, |Q|=0.00
Epoch 1280 [84.0s + 0.0s]: HR = 0.8763, NDCG = 0.6998 ACC = 0.3558 ACC_adv = 0.3558 [126.3s], |P|=0.00, |Q|=0.00
Epoch 1300 [84.3s + 0.0s]: HR = 0.8761, NDCG = 0.6996 ACC = 0.3487 ACC_adv = 0.3487 [129.6s], |P|=0.00, |Q|=0.00
Epoch 1320 [84.3s + 0.0s]: HR = 0.8769, NDCG = 0.6998 ACC = 0.3445 ACC_adv = 0.3445 [127.8s], |P|=0.00, |Q|=0.00
Epoch 1340 [84.4s + 0.0s]: HR = 0.8777, NDCG = 0.7004 ACC = 0.3370 ACC_adv = 0.3370 [128.3s], |P|=0.00, |Q|=0.00
Epoch 1360 [84.4s + 0.0s]: HR = 0.8764, NDCG = 0.7010 ACC = 0.3296 ACC_adv = 0.3296 [131.1s], |P|=0.00, |Q|=0.00
Epoch 1380 [84.2s + 0.0s]: HR = 0.8764, NDCG = 0.6996 ACC = 0.3237 ACC_adv = 0.3237 [128.7s], |P|=0.00, |Q|=0.00
Epoch 1400 [84.5s + 0.0s]: HR = 0.8769, NDCG = 0.6997 ACC = 0.3204 ACC_adv = 0.3204 [130.7s], |P|=0.00, |Q|=0.00
Epoch 1420 [84.3s + 0.0s]: HR = 0.8768, NDCG = 0.7012 ACC = 0.3136 ACC_adv = 0.3136 [128.3s], |P|=0.00, |Q|=0.00
Epoch 1440 [84.3s + 0.0s]: HR = 0.8774, NDCG = 0.7006 ACC = 0.3096 ACC_adv = 0.3096 [128.3s], |P|=0.00, |Q|=0.00
Epoch 1460 [84.0s + 0.0s]: HR = 0.8773, NDCG = 0.7010 ACC = 0.3085 ACC_adv = 0.3085 [127.9s], |P|=0.00, |Q|=0.00
Epoch 1480 [84.2s + 0.0s]: HR = 0.8766, NDCG = 0.7008 ACC = 0.3017 ACC_adv = 0.3017 [129.0s], |P|=0.00, |Q|=0.00
Epoch 1500 [84.2s + 0.0s]: HR = 0.8764, NDCG = 0.7016 ACC = 0.3004 ACC_adv = 0.3004 [128.8s], |P|=0.00, |Q|=0.00
Epoch 1520 [84.2s + 0.0s]: HR = 0.8769, NDCG = 0.7010 ACC = 0.2939 ACC_adv = 0.2939 [128.3s], |P|=0.00, |Q|=0.00
Epoch 1540 [84.2s + 0.0s]: HR = 0.8775, NDCG = 0.7002 ACC = 0.2949 ACC_adv = 0.2949 [128.9s], |P|=0.00, |Q|=0.00
Epoch 1560 [84.3s + 0.0s]: HR = 0.8790, NDCG = 0.7011 ACC = 0.2896 ACC_adv = 0.2896 [128.0s], |P|=0.00, |Q|=0.00
Epoch 1580 [84.7s + 0.0s]: HR = 0.8769, NDCG = 0.7005 ACC = 0.2836 ACC_adv = 0.2836 [130.8s], |P|=0.00, |Q|=0.00
Epoch 1600 [84.4s + 0.0s]: HR = 0.8769, NDCG = 0.7020 ACC = 0.2877 ACC_adv = 0.2877 [128.8s], |P|=0.00, |Q|=0.00
Epoch 1620 [84.3s + 0.0s]: HR = 0.8766, NDCG = 0.7027 ACC = 0.2826 ACC_adv = 0.2826 [128.3s], |P|=0.00, |Q|=0.00
Epoch 1640 [84.5s + 0.0s]: HR = 0.8774, NDCG = 0.7012 ACC = 0.2780 ACC_adv = 0.2780 [128.5s], |P|=0.00, |Q|=0.00
Epoch 1660 [84.3s + 0.0s]: HR = 0.8777, NDCG = 0.7026 ACC = 0.2744 ACC_adv = 0.2744 [129.5s], |P|=0.00, |Q|=0.00
Epoch 1680 [84.3s + 0.0s]: HR = 0.8780, NDCG = 0.7017 ACC = 0.2771 ACC_adv = 0.2771 [129.3s], |P|=0.00, |Q|=0.00
Epoch 1700 [84.4s + 0.0s]: HR = 0.8773, NDCG = 0.7015 ACC = 0.2719 ACC_adv = 0.2719 [128.9s], |P|=0.00, |Q|=0.00
Epoch 1720 [84.3s + 0.0s]: HR = 0.8778, NDCG = 0.7029 ACC = 0.2670 ACC_adv = 0.2670 [127.9s], |P|=0.00, |Q|=0.00
Epoch 1740 [84.3s + 0.0s]: HR = 0.8775, NDCG = 0.7038 ACC = 0.2691 ACC_adv = 0.2691 [126.0s], |P|=0.00, |Q|=0.00
Epoch 1760 [84.2s + 0.0s]: HR = 0.8779, NDCG = 0.7015 ACC = 0.2686 ACC_adv = 0.2686 [128.8s], |P|=0.00, |Q|=0.00
Epoch 1780 [84.3s + 0.0s]: HR = 0.8768, NDCG = 0.7015 ACC = 0.2672 ACC_adv = 0.2672 [129.6s], |P|=0.00, |Q|=0.00
Epoch 1800 [84.5s + 0.0s]: HR = 0.8771, NDCG = 0.7019 ACC = 0.2645 ACC_adv = 0.2645 [128.4s], |P|=0.00, |Q|=0.00
Epoch 1820 [84.2s + 0.0s]: HR = 0.8774, NDCG = 0.7034 ACC = 0.2594 ACC_adv = 0.2594 [128.3s], |P|=0.00, |Q|=0.00
Epoch 1840 [84.3s + 0.0s]: HR = 0.8776, NDCG = 0.7019 ACC = 0.2631 ACC_adv = 0.2631 [128.6s], |P|=0.00, |Q|=0.00
Epoch 1860 [84.6s + 0.0s]: HR = 0.8763, NDCG = 0.7017 ACC = 0.2584 ACC_adv = 0.2584 [134.2s], |P|=0.00, |Q|=0.00
Epoch 1880 [87.0s + 0.0s]: HR = 0.8773, NDCG = 0.7031 ACC = 0.2615 ACC_adv = 0.2615 [128.2s], |P|=0.00, |Q|=0.00
Epoch 1900 [84.2s + 0.0s]: HR = 0.8776, NDCG = 0.7034 ACC = 0.2565 ACC_adv = 0.2565 [131.0s], |P|=0.00, |Q|=0.00
Epoch 1920 [84.0s + 0.0s]: HR = 0.8769, NDCG = 0.7029 ACC = 0.2540 ACC_adv = 0.2540 [127.0s], |P|=0.00, |Q|=0.00
Epoch 1940 [84.5s + 0.0s]: HR = 0.8772, NDCG = 0.7027 ACC = 0.2547 ACC_adv = 0.2547 [129.7s], |P|=0.00, |Q|=0.00
Epoch 1960 [84.5s + 0.0s]: HR = 0.8779, NDCG = 0.7038 ACC = 0.2523 ACC_adv = 0.2523 [131.3s], |P|=0.00, |Q|=0.00
Epoch 1980 [84.5s + 0.0s]: HR = 0.8765, NDCG = 0.7040 ACC = 0.2498 ACC_adv = 0.2498 [131.3s], |P|=0.00, |Q|=0.00
Epoch 2000 [84.5s + 0.0s]: HR = 0.8767, NDCG = 0.7027 ACC = 0.2494 ACC_adv = 0.2494 [131.0s], |P|=0.00, |Q|=0.00
Epoch 1980 is the best epoch
K = 1: HR = 0.6059, NDCG = 0.6059 AUC = 0.9839
K = 2: HR = 0.6598, NDCG = 0.6399 AUC = 0.9839
K = 3: HR = 0.6875, NDCG = 0.6538 AUC = 0.9839
K = 4: HR = 0.7048, NDCG = 0.6612 AUC = 0.9839
K = 5: HR = 0.7190, NDCG = 0.6667 AUC = 0.9839
K = 6: HR = 0.7305, NDCG = 0.6708 AUC = 0.9839
K = 7: HR = 0.7381, NDCG = 0.6733 AUC = 0.9839
K = 8: HR = 0.7456, NDCG = 0.6757 AUC = 0.9839
K = 9: HR = 0.7526, NDCG = 0.6778 AUC = 0.9839
K = 10: HR = 0.7582, NDCG = 0.6794 AUC = 0.9839
K = 11: HR = 0.7634, NDCG = 0.6809 AUC = 0.9839
K = 12: HR = 0.7683, NDCG = 0.6822 AUC = 0.9839
K = 13: HR = 0.7720, NDCG = 0.6832 AUC = 0.9839
K = 14: HR = 0.7761, NDCG = 0.6842 AUC = 0.9839
K = 15: HR = 0.7807, NDCG = 0.6854 AUC = 0.9839
K = 16: HR = 0.7846, NDCG = 0.6863 AUC = 0.9839
K = 17: HR = 0.7882, NDCG = 0.6872 AUC = 0.9839
K = 18: HR = 0.7921, NDCG = 0.6881 AUC = 0.9839
K = 19: HR = 0.7947, NDCG = 0.6887 AUC = 0.9839
K = 20: HR = 0.7975, NDCG = 0.6893 AUC = 0.9839
K = 21: HR = 0.8001, NDCG = 0.6899 AUC = 0.9839
K = 22: HR = 0.8033, NDCG = 0.6906 AUC = 0.9839
K = 23: HR = 0.8057, NDCG = 0.6911 AUC = 0.9839
K = 24: HR = 0.8075, NDCG = 0.6915 AUC = 0.9839
K = 25: HR = 0.8101, NDCG = 0.6921 AUC = 0.9839
K = 26: HR = 0.8126, NDCG = 0.6926 AUC = 0.9839
K = 27: HR = 0.8148, NDCG = 0.6931 AUC = 0.9839
K = 28: HR = 0.8161, NDCG = 0.6933 AUC = 0.9839
K = 29: HR = 0.8179, NDCG = 0.6937 AUC = 0.9839
K = 30: HR = 0.8196, NDCG = 0.6941 AUC = 0.9839
K = 31: HR = 0.8220, NDCG = 0.6945 AUC = 0.9839
K = 32: HR = 0.8240, NDCG = 0.6949 AUC = 0.9839
K = 33: HR = 0.8257, NDCG = 0.6953 AUC = 0.9839
K = 34: HR = 0.8271, NDCG = 0.6955 AUC = 0.9839
K = 35: HR = 0.8279, NDCG = 0.6957 AUC = 0.9839
K = 36: HR = 0.8293, NDCG = 0.6960 AUC = 0.9839
K = 37: HR = 0.8308, NDCG = 0.6962 AUC = 0.9839
K = 38: HR = 0.8319, NDCG = 0.6965 AUC = 0.9839
K = 39: HR = 0.8334, NDCG = 0.6967 AUC = 0.9839
K = 40: HR = 0.8346, NDCG = 0.6970 AUC = 0.9839
K = 41: HR = 0.8362, NDCG = 0.6973 AUC = 0.9839
K = 42: HR = 0.8374, NDCG = 0.6975 AUC = 0.9839
K = 43: HR = 0.8386, NDCG = 0.6977 AUC = 0.9839
K = 44: HR = 0.8393, NDCG = 0.6978 AUC = 0.9839
K = 45: HR = 0.8403, NDCG = 0.6980 AUC = 0.9839
K = 46: HR = 0.8413, NDCG = 0.6982 AUC = 0.9839
K = 47: HR = 0.8424, NDCG = 0.6984 AUC = 0.9839
K = 48: HR = 0.8432, NDCG = 0.6985 AUC = 0.9839
K = 49: HR = 0.8447, NDCG = 0.6988 AUC = 0.9839
K = 50: HR = 0.8457, NDCG = 0.6990 AUC = 0.9839
K = 51: HR = 0.8470, NDCG = 0.6992 AUC = 0.9839
K = 52: HR = 0.8477, NDCG = 0.6993 AUC = 0.9839
K = 53: HR = 0.8488, NDCG = 0.6995 AUC = 0.9839
K = 54: HR = 0.8499, NDCG = 0.6997 AUC = 0.9839
K = 55: HR = 0.8503, NDCG = 0.6998 AUC = 0.9839
K = 56: HR = 0.8509, NDCG = 0.6999 AUC = 0.9839
K = 57: HR = 0.8519, NDCG = 0.7000 AUC = 0.9839
K = 58: HR = 0.8525, NDCG = 0.7001 AUC = 0.9839
K = 59: HR = 0.8535, NDCG = 0.7003 AUC = 0.9839
K = 60: HR = 0.8550, NDCG = 0.7006 AUC = 0.9839
K = 61: HR = 0.8559, NDCG = 0.7007 AUC = 0.9839
K = 62: HR = 0.8570, NDCG = 0.7009 AUC = 0.9839
K = 63: HR = 0.8577, NDCG = 0.7010 AUC = 0.9839
K = 64: HR = 0.8584, NDCG = 0.7011 AUC = 0.9839
K = 65: HR = 0.8597, NDCG = 0.7013 AUC = 0.9839
K = 66: HR = 0.8602, NDCG = 0.7014 AUC = 0.9839
K = 67: HR = 0.8610, NDCG = 0.7016 AUC = 0.9839
K = 68: HR = 0.8622, NDCG = 0.7018 AUC = 0.9839
K = 69: HR = 0.8627, NDCG = 0.7018 AUC = 0.9839
K = 70: HR = 0.8630, NDCG = 0.7019 AUC = 0.9839
K = 71: HR = 0.8636, NDCG = 0.7020 AUC = 0.9839
K = 72: HR = 0.8647, NDCG = 0.7022 AUC = 0.9839
K = 73: HR = 0.8649, NDCG = 0.7022 AUC = 0.9839
K = 74: HR = 0.8652, NDCG = 0.7022 AUC = 0.9839
K = 75: HR = 0.8658, NDCG = 0.7023 AUC = 0.9839
K = 76: HR = 0.8664, NDCG = 0.7024 AUC = 0.9839
K = 77: HR = 0.8665, NDCG = 0.7025 AUC = 0.9839
K = 78: HR = 0.8668, NDCG = 0.7025 AUC = 0.9839
K = 79: HR = 0.8675, NDCG = 0.7026 AUC = 0.9839
K = 80: HR = 0.8680, NDCG = 0.7027 AUC = 0.9839
K = 81: HR = 0.8687, NDCG = 0.7028 AUC = 0.9839
K = 82: HR = 0.8695, NDCG = 0.7029 AUC = 0.9839
K = 83: HR = 0.8703, NDCG = 0.7031 AUC = 0.9839
K = 84: HR = 0.8710, NDCG = 0.7032 AUC = 0.9839
K = 85: HR = 0.8714, NDCG = 0.7032 AUC = 0.9839
K = 86: HR = 0.8716, NDCG = 0.7033 AUC = 0.9839
K = 87: HR = 0.8723, NDCG = 0.7034 AUC = 0.9839
K = 88: HR = 0.8726, NDCG = 0.7034 AUC = 0.9839
K = 89: HR = 0.8727, NDCG = 0.7034 AUC = 0.9839
K = 90: HR = 0.8728, NDCG = 0.7034 AUC = 0.9839
K = 91: HR = 0.8734, NDCG = 0.7035 AUC = 0.9839
K = 92: HR = 0.8737, NDCG = 0.7036 AUC = 0.9839
K = 93: HR = 0.8742, NDCG = 0.7037 AUC = 0.9839
K = 94: HR = 0.8747, NDCG = 0.7037 AUC = 0.9839
K = 95: HR = 0.8747, NDCG = 0.7037 AUC = 0.9839
K = 96: HR = 0.8749, NDCG = 0.7038 AUC = 0.9839
K = 97: HR = 0.8752, NDCG = 0.7038 AUC = 0.9839
K = 98: HR = 0.8757, NDCG = 0.7039 AUC = 0.9839
K = 99: HR = 0.8760, NDCG = 0.7039 AUC = 0.9839
K = 100: HR = 0.8765, NDCG = 0.7040 AUC = 0.9839
