fsq11-sort_apr_d64_e0.500000_l1.000000_2020_01_24_12_11_13
Initialize BPR
Epoch 0 [4.1s + 2.7s]: HR = 0.2903, NDCG = 0.1346 ACC = 0.5006 ACC_adv = 0.7898 [13.5s], |P|=50.72, |Q|=50.05
Epoch 20 [4.6s + 1.1s]: HR = 0.6926, NDCG = 0.3753 ACC = 0.9626 ACC_adv = 0.9759 [14.1s], |P|=234.34, |Q|=225.24
Epoch 40 [4.6s + 1.0s]: HR = 0.7394, NDCG = 0.4152 ACC = 0.9762 ACC_adv = 0.9839 [13.9s], |P|=271.41, |Q|=257.72
Epoch 60 [4.6s + 1.0s]: HR = 0.7670, NDCG = 0.4364 ACC = 0.9814 ACC_adv = 0.9869 [14.6s], |P|=293.04, |Q|=276.56
Epoch 80 [4.7s + 1.0s]: HR = 0.7833, NDCG = 0.4505 ACC = 0.9856 ACC_adv = 0.9898 [14.2s], |P|=308.50, |Q|=289.97
Epoch 100 [4.8s + 1.1s]: HR = 0.7952, NDCG = 0.4584 ACC = 0.9878 ACC_adv = 0.9914 [14.3s], |P|=320.60, |Q|=300.45
Epoch 120 [4.9s + 1.1s]: HR = 0.8061, NDCG = 0.4677 ACC = 0.9890 ACC_adv = 0.9920 [14.4s], |P|=330.53, |Q|=309.02
Epoch 140 [5.0s + 1.2s]: HR = 0.8154, NDCG = 0.4759 ACC = 0.9910 ACC_adv = 0.9934 [15.0s], |P|=338.95, |Q|=316.28
Epoch 160 [5.0s + 1.2s]: HR = 0.8225, NDCG = 0.4827 ACC = 0.9911 ACC_adv = 0.9934 [14.9s], |P|=346.27, |Q|=322.60
Epoch 180 [5.1s + 1.2s]: HR = 0.8275, NDCG = 0.4874 ACC = 0.9916 ACC_adv = 0.9938 [15.1s], |P|=352.75, |Q|=328.21
Epoch 200 [5.3s + 1.2s]: HR = 0.8321, NDCG = 0.4922 ACC = 0.9928 ACC_adv = 0.9947 [15.0s], |P|=358.57, |Q|=333.18
Epoch 220 [5.2s + 1.2s]: HR = 0.8367, NDCG = 0.4983 ACC = 0.9932 ACC_adv = 0.9949 [15.1s], |P|=363.80, |Q|=337.68
Epoch 240 [5.3s + 1.2s]: HR = 0.8400, NDCG = 0.5020 ACC = 0.9935 ACC_adv = 0.9952 [14.9s], |P|=368.60, |Q|=341.82
Epoch 260 [5.4s + 1.2s]: HR = 0.8407, NDCG = 0.5047 ACC = 0.9939 ACC_adv = 0.9956 [15.2s], |P|=373.01, |Q|=345.62
Epoch 280 [5.5s + 1.2s]: HR = 0.8448, NDCG = 0.5069 ACC = 0.9942 ACC_adv = 0.9957 [14.9s], |P|=377.10, |Q|=349.14
Epoch 300 [5.6s + 1.2s]: HR = 0.8465, NDCG = 0.5106 ACC = 0.9946 ACC_adv = 0.9960 [15.1s], |P|=380.91, |Q|=352.43
Epoch 320 [5.7s + 1.2s]: HR = 0.8478, NDCG = 0.5135 ACC = 0.9948 ACC_adv = 0.9961 [15.1s], |P|=384.48, |Q|=355.47
Epoch 340 [5.8s + 1.2s]: HR = 0.8492, NDCG = 0.5150 ACC = 0.9948 ACC_adv = 0.9960 [15.3s], |P|=387.81, |Q|=358.35
Epoch 360 [5.5s + 1.2s]: HR = 0.8522, NDCG = 0.5178 ACC = 0.9953 ACC_adv = 0.9965 [15.0s], |P|=390.96, |Q|=361.06
Epoch 380 [5.8s + 1.2s]: HR = 0.8541, NDCG = 0.5199 ACC = 0.9952 ACC_adv = 0.9964 [15.3s], |P|=393.91, |Q|=363.64
Epoch 400 [5.9s + 1.2s]: HR = 0.8550, NDCG = 0.5230 ACC = 0.9960 ACC_adv = 0.9969 [15.0s], |P|=396.73, |Q|=366.08
Epoch 420 [6.0s + 1.2s]: HR = 0.8555, NDCG = 0.5242 ACC = 0.9956 ACC_adv = 0.9968 [15.2s], |P|=399.43, |Q|=368.41
Epoch 440 [6.1s + 1.2s]: HR = 0.8573, NDCG = 0.5277 ACC = 0.9960 ACC_adv = 0.9969 [15.1s], |P|=402.00, |Q|=370.64
Epoch 460 [6.1s + 1.3s]: HR = 0.8578, NDCG = 0.5296 ACC = 0.9962 ACC_adv = 0.9971 [15.2s], |P|=404.45, |Q|=372.74
Epoch 480 [6.1s + 1.2s]: HR = 0.8589, NDCG = 0.5310 ACC = 0.9963 ACC_adv = 0.9972 [16.1s], |P|=406.79, |Q|=374.76
Epoch 500 [6.2s + 1.2s]: HR = 0.8594, NDCG = 0.5327 ACC = 0.9962 ACC_adv = 0.9971 [14.7s], |P|=409.03, |Q|=376.74
Epoch 520 [6.4s + 1.3s]: HR = 0.8609, NDCG = 0.5343 ACC = 0.9963 ACC_adv = 0.9972 [15.0s], |P|=411.20, |Q|=378.63
Epoch 540 [6.4s + 1.3s]: HR = 0.8608, NDCG = 0.5364 ACC = 0.9965 ACC_adv = 0.9973 [16.1s], |P|=413.28, |Q|=380.40
Epoch 560 [6.5s + 1.3s]: HR = 0.8619, NDCG = 0.5385 ACC = 0.9967 ACC_adv = 0.9975 [15.1s], |P|=415.27, |Q|=382.15
Epoch 580 [6.5s + 1.3s]: HR = 0.8620, NDCG = 0.5392 ACC = 0.9968 ACC_adv = 0.9976 [15.0s], |P|=417.20, |Q|=383.83
Epoch 600 [6.3s + 1.3s]: HR = 0.8624, NDCG = 0.5418 ACC = 0.9968 ACC_adv = 0.9975 [15.0s], |P|=419.06, |Q|=385.47
Epoch 620 [6.7s + 1.3s]: HR = 0.8624, NDCG = 0.5428 ACC = 0.9970 ACC_adv = 0.9977 [15.0s], |P|=420.87, |Q|=387.03
Epoch 640 [6.7s + 1.3s]: HR = 0.8633, NDCG = 0.5445 ACC = 0.9968 ACC_adv = 0.9974 [15.2s], |P|=422.61, |Q|=388.58
Epoch 660 [6.9s + 1.3s]: HR = 0.8617, NDCG = 0.5456 ACC = 0.9968 ACC_adv = 0.9976 [15.0s], |P|=424.30, |Q|=390.06
Epoch 680 [6.9s + 1.3s]: HR = 0.8622, NDCG = 0.5472 ACC = 0.9971 ACC_adv = 0.9977 [15.3s], |P|=425.94, |Q|=391.52
Epoch 700 [7.0s + 1.3s]: HR = 0.8628, NDCG = 0.5483 ACC = 0.9972 ACC_adv = 0.9978 [14.9s], |P|=427.55, |Q|=392.93
Epoch 720 [7.1s + 1.3s]: HR = 0.8633, NDCG = 0.5493 ACC = 0.9971 ACC_adv = 0.9978 [15.2s], |P|=429.10, |Q|=394.27
Epoch 740 [7.2s + 1.3s]: HR = 0.8634, NDCG = 0.5507 ACC = 0.9974 ACC_adv = 0.9980 [15.1s], |P|=430.62, |Q|=395.57
Epoch 760 [7.2s + 1.3s]: HR = 0.8636, NDCG = 0.5519 ACC = 0.9970 ACC_adv = 0.9976 [15.3s], |P|=432.09, |Q|=396.84
Epoch 780 [7.3s + 1.3s]: HR = 0.8643, NDCG = 0.5532 ACC = 0.9974 ACC_adv = 0.9980 [15.0s], |P|=433.52, |Q|=398.09
Epoch 800 [7.4s + 1.3s]: HR = 0.8636, NDCG = 0.5546 ACC = 0.9972 ACC_adv = 0.9979 [15.3s], |P|=434.91, |Q|=399.32
Epoch 820 [7.5s + 1.3s]: HR = 0.8642, NDCG = 0.5555 ACC = 0.9974 ACC_adv = 0.9980 [15.0s], |P|=436.27, |Q|=400.52
Epoch 840 [7.5s + 1.3s]: HR = 0.8647, NDCG = 0.5554 ACC = 0.9975 ACC_adv = 0.9980 [15.2s], |P|=437.59, |Q|=401.69
Epoch 860 [7.6s + 1.3s]: HR = 0.8645, NDCG = 0.5563 ACC = 0.9972 ACC_adv = 0.9978 [15.0s], |P|=438.89, |Q|=402.83
Epoch 880 [7.7s + 1.3s]: HR = 0.8651, NDCG = 0.5577 ACC = 0.9976 ACC_adv = 0.9981 [15.2s], |P|=440.16, |Q|=403.95
Epoch 900 [7.7s + 1.3s]: HR = 0.8646, NDCG = 0.5580 ACC = 0.9975 ACC_adv = 0.9981 [17.1s], |P|=441.39, |Q|=405.03
Epoch 920 [7.9s + 1.3s]: HR = 0.8661, NDCG = 0.5601 ACC = 0.9976 ACC_adv = 0.9982 [16.6s], |P|=442.60, |Q|=406.09
Epoch 940 [7.9s + 1.3s]: HR = 0.8652, NDCG = 0.5614 ACC = 0.9975 ACC_adv = 0.9981 [15.1s], |P|=443.79, |Q|=407.14
Epoch 960 [8.0s + 1.3s]: HR = 0.8648, NDCG = 0.5616 ACC = 0.9975 ACC_adv = 0.9981 [16.6s], |P|=444.95, |Q|=408.16
Epoch 980 [7.9s + 1.3s]: HR = 0.8653, NDCG = 0.5640 ACC = 0.9977 ACC_adv = 0.9982 [15.0s], |P|=446.09, |Q|=409.17
Initialize APR
Epoch 1000 [8.0s + 7.9s]: HR = 0.8338, NDCG = 0.5057 ACC = 0.9979 ACC_adv = 0.9994 [15.0s], |P|=458.59, |Q|=436.81
Epoch 1020 [8.7s + 5.0s]: HR = 0.8528, NDCG = 0.5155 ACC = 0.9948 ACC_adv = 0.9967 [15.3s], |P|=486.93, |Q|=494.02
Epoch 1040 [8.9s + 5.0s]: HR = 0.8573, NDCG = 0.5235 ACC = 0.9959 ACC_adv = 0.9971 [14.9s], |P|=497.04, |Q|=515.88
Epoch 1060 [8.9s + 5.0s]: HR = 0.8595, NDCG = 0.5256 ACC = 0.9960 ACC_adv = 0.9970 [15.3s], |P|=504.08, |Q|=531.06
Epoch 1080 [9.1s + 5.0s]: HR = 0.8619, NDCG = 0.5292 ACC = 0.9962 ACC_adv = 0.9970 [15.0s], |P|=509.63, |Q|=543.07
Epoch 1100 [9.2s + 5.0s]: HR = 0.8617, NDCG = 0.5303 ACC = 0.9957 ACC_adv = 0.9965 [15.2s], |P|=514.26, |Q|=553.11
Epoch 1120 [9.4s + 5.0s]: HR = 0.8630, NDCG = 0.5318 ACC = 0.9961 ACC_adv = 0.9968 [15.1s], |P|=518.30, |Q|=561.80
Epoch 1140 [9.6s + 5.1s]: HR = 0.8633, NDCG = 0.5341 ACC = 0.9963 ACC_adv = 0.9970 [15.4s], |P|=521.91, |Q|=569.45
Epoch 1160 [9.7s + 5.1s]: HR = 0.8649, NDCG = 0.5369 ACC = 0.9964 ACC_adv = 0.9970 [15.0s], |P|=525.13, |Q|=576.36
Epoch 1180 [9.9s + 5.0s]: HR = 0.8651, NDCG = 0.5397 ACC = 0.9966 ACC_adv = 0.9971 [15.0s], |P|=528.10, |Q|=582.67
Epoch 1200 [10.7s + 5.6s]: HR = 0.8651, NDCG = 0.5401 ACC = 0.9967 ACC_adv = 0.9972 [15.2s], |P|=530.86, |Q|=588.48
Epoch 1220 [10.9s + 5.6s]: HR = 0.8668, NDCG = 0.5415 ACC = 0.9970 ACC_adv = 0.9974 [15.4s], |P|=533.42, |Q|=593.82
Epoch 1240 [11.1s + 5.7s]: HR = 0.8662, NDCG = 0.5428 ACC = 0.9969 ACC_adv = 0.9972 [15.1s], |P|=535.83, |Q|=598.85
Epoch 1260 [11.4s + 5.7s]: HR = 0.8666, NDCG = 0.5443 ACC = 0.9969 ACC_adv = 0.9973 [15.8s], |P|=538.10, |Q|=603.59
Epoch 1280 [11.4s + 5.9s]: HR = 0.8675, NDCG = 0.5452 ACC = 0.9968 ACC_adv = 0.9972 [15.2s], |P|=540.25, |Q|=608.04
Epoch 1300 [11.7s + 5.8s]: HR = 0.8679, NDCG = 0.5472 ACC = 0.9967 ACC_adv = 0.9971 [15.3s], |P|=542.28, |Q|=612.32
Epoch 1320 [11.7s + 5.7s]: HR = 0.8669, NDCG = 0.5478 ACC = 0.9970 ACC_adv = 0.9974 [15.3s], |P|=544.27, |Q|=616.30
Epoch 1340 [11.9s + 5.7s]: HR = 0.8675, NDCG = 0.5486 ACC = 0.9971 ACC_adv = 0.9975 [15.4s], |P|=546.17, |Q|=620.10
Epoch 1360 [12.0s + 5.7s]: HR = 0.8673, NDCG = 0.5491 ACC = 0.9969 ACC_adv = 0.9973 [15.3s], |P|=547.98, |Q|=623.73
Epoch 1380 [12.3s + 5.8s]: HR = 0.8676, NDCG = 0.5505 ACC = 0.9972 ACC_adv = 0.9975 [15.5s], |P|=549.70, |Q|=627.28
Epoch 1400 [12.5s + 5.7s]: HR = 0.8672, NDCG = 0.5503 ACC = 0.9970 ACC_adv = 0.9974 [15.2s], |P|=551.36, |Q|=630.63
Epoch 1420 [12.5s + 5.7s]: HR = 0.8673, NDCG = 0.5519 ACC = 0.9974 ACC_adv = 0.9977 [15.1s], |P|=553.00, |Q|=633.86
Epoch 1440 [12.8s + 5.7s]: HR = 0.8676, NDCG = 0.5530 ACC = 0.9973 ACC_adv = 0.9976 [15.1s], |P|=554.54, |Q|=637.00
Epoch 1460 [12.8s + 5.8s]: HR = 0.8681, NDCG = 0.5539 ACC = 0.9972 ACC_adv = 0.9975 [15.5s], |P|=556.04, |Q|=640.01
Epoch 1480 [13.0s + 6.0s]: HR = 0.8688, NDCG = 0.5542 ACC = 0.9973 ACC_adv = 0.9976 [15.2s], |P|=557.50, |Q|=642.93
Epoch 1500 [13.3s + 5.8s]: HR = 0.8678, NDCG = 0.5547 ACC = 0.9974 ACC_adv = 0.9977 [15.5s], |P|=558.93, |Q|=645.76
Epoch 1520 [13.6s + 5.7s]: HR = 0.8679, NDCG = 0.5550 ACC = 0.9974 ACC_adv = 0.9977 [15.2s], |P|=560.31, |Q|=648.53
Epoch 1540 [13.8s + 5.7s]: HR = 0.8679, NDCG = 0.5557 ACC = 0.9975 ACC_adv = 0.9977 [15.1s], |P|=561.65, |Q|=651.17
Epoch 1560 [13.9s + 5.7s]: HR = 0.8684, NDCG = 0.5570 ACC = 0.9973 ACC_adv = 0.9976 [15.3s], |P|=562.97, |Q|=653.75
Epoch 1580 [14.0s + 5.8s]: HR = 0.8688, NDCG = 0.5572 ACC = 0.9976 ACC_adv = 0.9979 [15.4s], |P|=564.24, |Q|=656.26
Epoch 1600 [14.0s + 5.8s]: HR = 0.8686, NDCG = 0.5578 ACC = 0.9973 ACC_adv = 0.9976 [15.3s], |P|=565.49, |Q|=658.68
Epoch 1620 [14.4s + 5.7s]: HR = 0.8686, NDCG = 0.5581 ACC = 0.9975 ACC_adv = 0.9977 [15.4s], |P|=566.70, |Q|=661.04
Epoch 1640 [14.3s + 5.7s]: HR = 0.8691, NDCG = 0.5587 ACC = 0.9974 ACC_adv = 0.9977 [15.3s], |P|=567.88, |Q|=663.38
Epoch 1660 [21.2s + 9.4s]: HR = 0.8685, NDCG = 0.5597 ACC = 0.9974 ACC_adv = 0.9976 [27.7s], |P|=569.05, |Q|=665.66
Epoch 1680 [21.6s + 9.4s]: HR = 0.8692, NDCG = 0.5602 ACC = 0.9973 ACC_adv = 0.9975 [27.9s], |P|=570.19, |Q|=667.85
Epoch 1700 [21.9s + 9.5s]: HR = 0.8688, NDCG = 0.5603 ACC = 0.9974 ACC_adv = 0.9977 [28.1s], |P|=571.30, |Q|=670.01
Epoch 1720 [22.1s + 9.5s]: HR = 0.8691, NDCG = 0.5611 ACC = 0.9976 ACC_adv = 0.9979 [28.0s], |P|=572.40, |Q|=672.13
Epoch 1740 [22.0s + 9.2s]: HR = 0.8689, NDCG = 0.5611 ACC = 0.9976 ACC_adv = 0.9978 [27.1s], |P|=573.47, |Q|=674.19
Epoch 1760 [22.5s + 9.3s]: HR = 0.8692, NDCG = 0.5618 ACC = 0.9975 ACC_adv = 0.9977 [27.2s], |P|=574.50, |Q|=676.24
Epoch 1780 [22.9s + 9.3s]: HR = 0.8690, NDCG = 0.5619 ACC = 0.9976 ACC_adv = 0.9978 [26.8s], |P|=575.54, |Q|=678.22
Epoch 1800 [23.3s + 9.4s]: HR = 0.8693, NDCG = 0.5623 ACC = 0.9976 ACC_adv = 0.9978 [27.0s], |P|=576.54, |Q|=680.17
Epoch 1820 [23.1s + 9.3s]: HR = 0.8693, NDCG = 0.5620 ACC = 0.9976 ACC_adv = 0.9979 [27.1s], |P|=577.54, |Q|=682.06
Epoch 1840 [23.3s + 9.2s]: HR = 0.8693, NDCG = 0.5628 ACC = 0.9976 ACC_adv = 0.9979 [26.9s], |P|=578.51, |Q|=683.93
Epoch 1860 [23.6s + 9.2s]: HR = 0.8699, NDCG = 0.5632 ACC = 0.9978 ACC_adv = 0.9980 [26.8s], |P|=579.46, |Q|=685.73
Epoch 1880 [23.9s + 9.3s]: HR = 0.8690, NDCG = 0.5641 ACC = 0.9976 ACC_adv = 0.9978 [26.6s], |P|=580.39, |Q|=687.57
Epoch 1900 [24.2s + 9.3s]: HR = 0.8696, NDCG = 0.5645 ACC = 0.9980 ACC_adv = 0.9982 [26.9s], |P|=581.32, |Q|=689.33
Epoch 1920 [24.4s + 9.2s]: HR = 0.8691, NDCG = 0.5658 ACC = 0.9978 ACC_adv = 0.9980 [26.7s], |P|=582.22, |Q|=691.06
Epoch 1940 [24.5s + 9.3s]: HR = 0.8694, NDCG = 0.5660 ACC = 0.9978 ACC_adv = 0.9980 [30.0s], |P|=583.13, |Q|=692.74
Epoch 1960 [25.1s + 9.3s]: HR = 0.8694, NDCG = 0.5666 ACC = 0.9980 ACC_adv = 0.9981 [26.8s], |P|=584.02, |Q|=694.43
Epoch 1980 [25.5s + 9.4s]: HR = 0.8696, NDCG = 0.5669 ACC = 0.9978 ACC_adv = 0.9980 [28.7s], |P|=584.89, |Q|=696.06
Epoch 2000 [22.6s + 9.4s]: HR = 0.8697, NDCG = 0.5672 ACC = 0.9977 ACC_adv = 0.9978 [28.3s], |P|=585.76, |Q|=697.68
Epoch 2000 is the best epoch
K = 1: HR = 0.3934, NDCG = 0.3934 AUC = 0.9792
K = 2: HR = 0.4767, NDCG = 0.4459 AUC = 0.9792
K = 3: HR = 0.5268, NDCG = 0.4710 AUC = 0.9792
K = 4: HR = 0.5622, NDCG = 0.4863 AUC = 0.9792
K = 5: HR = 0.5877, NDCG = 0.4961 AUC = 0.9792
K = 6: HR = 0.6125, NDCG = 0.5049 AUC = 0.9792
K = 7: HR = 0.6324, NDCG = 0.5116 AUC = 0.9792
K = 8: HR = 0.6495, NDCG = 0.5170 AUC = 0.9792
K = 9: HR = 0.6634, NDCG = 0.5211 AUC = 0.9792
K = 10: HR = 0.6795, NDCG = 0.5258 AUC = 0.9792
K = 11: HR = 0.6926, NDCG = 0.5294 AUC = 0.9792
K = 12: HR = 0.7025, NDCG = 0.5321 AUC = 0.9792
K = 13: HR = 0.7130, NDCG = 0.5349 AUC = 0.9792
K = 14: HR = 0.7223, NDCG = 0.5373 AUC = 0.9792
K = 15: HR = 0.7300, NDCG = 0.5392 AUC = 0.9792
K = 16: HR = 0.7383, NDCG = 0.5412 AUC = 0.9792
K = 17: HR = 0.7441, NDCG = 0.5426 AUC = 0.9792
K = 18: HR = 0.7505, NDCG = 0.5441 AUC = 0.9792
K = 19: HR = 0.7564, NDCG = 0.5455 AUC = 0.9792
K = 20: HR = 0.7615, NDCG = 0.5466 AUC = 0.9792
K = 21: HR = 0.7661, NDCG = 0.5477 AUC = 0.9792
K = 22: HR = 0.7707, NDCG = 0.5487 AUC = 0.9792
K = 23: HR = 0.7746, NDCG = 0.5495 AUC = 0.9792
K = 24: HR = 0.7779, NDCG = 0.5503 AUC = 0.9792
K = 25: HR = 0.7818, NDCG = 0.5511 AUC = 0.9792
K = 26: HR = 0.7857, NDCG = 0.5519 AUC = 0.9792
K = 27: HR = 0.7899, NDCG = 0.5528 AUC = 0.9792
K = 28: HR = 0.7929, NDCG = 0.5534 AUC = 0.9792
K = 29: HR = 0.7965, NDCG = 0.5541 AUC = 0.9792
K = 30: HR = 0.7990, NDCG = 0.5546 AUC = 0.9792
K = 31: HR = 0.8018, NDCG = 0.5552 AUC = 0.9792
K = 32: HR = 0.8044, NDCG = 0.5557 AUC = 0.9792
K = 33: HR = 0.8072, NDCG = 0.5563 AUC = 0.9792
K = 34: HR = 0.8101, NDCG = 0.5568 AUC = 0.9792
K = 35: HR = 0.8126, NDCG = 0.5573 AUC = 0.9792
K = 36: HR = 0.8142, NDCG = 0.5576 AUC = 0.9792
K = 37: HR = 0.8170, NDCG = 0.5582 AUC = 0.9792
K = 38: HR = 0.8189, NDCG = 0.5585 AUC = 0.9792
K = 39: HR = 0.8205, NDCG = 0.5588 AUC = 0.9792
K = 40: HR = 0.8221, NDCG = 0.5591 AUC = 0.9792
K = 41: HR = 0.8238, NDCG = 0.5594 AUC = 0.9792
K = 42: HR = 0.8249, NDCG = 0.5596 AUC = 0.9792
K = 43: HR = 0.8268, NDCG = 0.5600 AUC = 0.9792
K = 44: HR = 0.8283, NDCG = 0.5602 AUC = 0.9792
K = 45: HR = 0.8301, NDCG = 0.5606 AUC = 0.9792
K = 46: HR = 0.8319, NDCG = 0.5609 AUC = 0.9792
K = 47: HR = 0.8336, NDCG = 0.5612 AUC = 0.9792
K = 48: HR = 0.8349, NDCG = 0.5614 AUC = 0.9792
K = 49: HR = 0.8362, NDCG = 0.5617 AUC = 0.9792
K = 50: HR = 0.8377, NDCG = 0.5619 AUC = 0.9792
K = 51: HR = 0.8396, NDCG = 0.5623 AUC = 0.9792
K = 52: HR = 0.8411, NDCG = 0.5625 AUC = 0.9792
K = 53: HR = 0.8424, NDCG = 0.5628 AUC = 0.9792
K = 54: HR = 0.8431, NDCG = 0.5629 AUC = 0.9792
K = 55: HR = 0.8442, NDCG = 0.5631 AUC = 0.9792
K = 56: HR = 0.8452, NDCG = 0.5632 AUC = 0.9792
K = 57: HR = 0.8460, NDCG = 0.5634 AUC = 0.9792
K = 58: HR = 0.8468, NDCG = 0.5635 AUC = 0.9792
K = 59: HR = 0.8479, NDCG = 0.5637 AUC = 0.9792
K = 60: HR = 0.8486, NDCG = 0.5638 AUC = 0.9792
K = 61: HR = 0.8492, NDCG = 0.5639 AUC = 0.9792
K = 62: HR = 0.8499, NDCG = 0.5640 AUC = 0.9792
K = 63: HR = 0.8507, NDCG = 0.5642 AUC = 0.9792
K = 64: HR = 0.8518, NDCG = 0.5643 AUC = 0.9792
K = 65: HR = 0.8520, NDCG = 0.5644 AUC = 0.9792
K = 66: HR = 0.8528, NDCG = 0.5645 AUC = 0.9792
K = 67: HR = 0.8530, NDCG = 0.5645 AUC = 0.9792
K = 68: HR = 0.8538, NDCG = 0.5647 AUC = 0.9792
K = 69: HR = 0.8545, NDCG = 0.5648 AUC = 0.9792
K = 70: HR = 0.8547, NDCG = 0.5648 AUC = 0.9792
K = 71: HR = 0.8553, NDCG = 0.5649 AUC = 0.9792
K = 72: HR = 0.8559, NDCG = 0.5650 AUC = 0.9792
K = 73: HR = 0.8566, NDCG = 0.5651 AUC = 0.9792
K = 74: HR = 0.8576, NDCG = 0.5653 AUC = 0.9792
K = 75: HR = 0.8578, NDCG = 0.5653 AUC = 0.9792
K = 76: HR = 0.8584, NDCG = 0.5654 AUC = 0.9792
K = 77: HR = 0.8592, NDCG = 0.5655 AUC = 0.9792
K = 78: HR = 0.8597, NDCG = 0.5656 AUC = 0.9792
K = 79: HR = 0.8602, NDCG = 0.5657 AUC = 0.9792
K = 80: HR = 0.8608, NDCG = 0.5658 AUC = 0.9792
K = 81: HR = 0.8616, NDCG = 0.5659 AUC = 0.9792
K = 82: HR = 0.8620, NDCG = 0.5660 AUC = 0.9792
K = 83: HR = 0.8624, NDCG = 0.5661 AUC = 0.9792
K = 84: HR = 0.8630, NDCG = 0.5661 AUC = 0.9792
K = 85: HR = 0.8635, NDCG = 0.5662 AUC = 0.9792
K = 86: HR = 0.8636, NDCG = 0.5662 AUC = 0.9792
K = 87: HR = 0.8643, NDCG = 0.5663 AUC = 0.9792
K = 88: HR = 0.8649, NDCG = 0.5664 AUC = 0.9792
K = 89: HR = 0.8651, NDCG = 0.5665 AUC = 0.9792
K = 90: HR = 0.8654, NDCG = 0.5665 AUC = 0.9792
K = 91: HR = 0.8658, NDCG = 0.5666 AUC = 0.9792
K = 92: HR = 0.8665, NDCG = 0.5667 AUC = 0.9792
K = 93: HR = 0.8668, NDCG = 0.5667 AUC = 0.9792
K = 94: HR = 0.8670, NDCG = 0.5668 AUC = 0.9792
K = 95: HR = 0.8675, NDCG = 0.5668 AUC = 0.9792
K = 96: HR = 0.8678, NDCG = 0.5669 AUC = 0.9792
K = 97: HR = 0.8685, NDCG = 0.5670 AUC = 0.9792
K = 98: HR = 0.8689, NDCG = 0.5671 AUC = 0.9792
K = 99: HR = 0.8694, NDCG = 0.5671 AUC = 0.9792
K = 100: HR = 0.8697, NDCG = 0.5672 AUC = 0.9792
