fsq11-sort_bpr_d64_2020_01_24_13_53_21
Initialize MF_BPR
Epoch 0 [6.3s + 3.2s]: HR = 0.2858, NDCG = 0.1343 ACC = 0.5004 ACC_adv = 0.7919 [18.1s], |P|=50.95, |Q|=50.34
Epoch 20 [6.7s + 1.4s]: HR = 0.6925, NDCG = 0.3794 ACC = 0.9638 ACC_adv = 0.9764 [18.4s], |P|=234.37, |Q|=224.82
Epoch 40 [6.6s + 1.4s]: HR = 0.7477, NDCG = 0.4191 ACC = 0.9767 ACC_adv = 0.9842 [18.3s], |P|=271.43, |Q|=257.34
Epoch 60 [6.8s + 1.4s]: HR = 0.7709, NDCG = 0.4368 ACC = 0.9821 ACC_adv = 0.9876 [18.5s], |P|=293.06, |Q|=276.23
Epoch 80 [6.8s + 1.4s]: HR = 0.7832, NDCG = 0.4478 ACC = 0.9853 ACC_adv = 0.9895 [18.1s], |P|=308.49, |Q|=289.68
Epoch 100 [7.4s + 1.5s]: HR = 0.7980, NDCG = 0.4614 ACC = 0.9872 ACC_adv = 0.9908 [18.6s], |P|=320.56, |Q|=300.20
Epoch 120 [7.4s + 1.5s]: HR = 0.8086, NDCG = 0.4721 ACC = 0.9893 ACC_adv = 0.9922 [18.6s], |P|=330.49, |Q|=308.82
Epoch 140 [7.4s + 1.5s]: HR = 0.8122, NDCG = 0.4788 ACC = 0.9906 ACC_adv = 0.9932 [18.8s], |P|=338.93, |Q|=316.12
Epoch 160 [7.7s + 1.5s]: HR = 0.8224, NDCG = 0.4841 ACC = 0.9911 ACC_adv = 0.9934 [18.7s], |P|=346.24, |Q|=322.50
Epoch 180 [7.7s + 1.5s]: HR = 0.8244, NDCG = 0.4897 ACC = 0.9923 ACC_adv = 0.9944 [19.0s], |P|=352.73, |Q|=328.08
Epoch 200 [7.8s + 1.6s]: HR = 0.8287, NDCG = 0.4945 ACC = 0.9926 ACC_adv = 0.9946 [18.8s], |P|=358.51, |Q|=333.11
Epoch 220 [8.0s + 1.6s]: HR = 0.8334, NDCG = 0.4984 ACC = 0.9932 ACC_adv = 0.9950 [19.2s], |P|=363.77, |Q|=337.64
Epoch 240 [7.9s + 1.6s]: HR = 0.8359, NDCG = 0.5035 ACC = 0.9935 ACC_adv = 0.9952 [18.7s], |P|=368.55, |Q|=341.78
Epoch 260 [8.2s + 1.6s]: HR = 0.8378, NDCG = 0.5063 ACC = 0.9942 ACC_adv = 0.9957 [19.0s], |P|=372.96, |Q|=345.63
Epoch 280 [8.1s + 1.6s]: HR = 0.8436, NDCG = 0.5107 ACC = 0.9944 ACC_adv = 0.9957 [18.8s], |P|=377.04, |Q|=349.15
Epoch 300 [8.3s + 1.6s]: HR = 0.8460, NDCG = 0.5142 ACC = 0.9946 ACC_adv = 0.9959 [19.1s], |P|=380.87, |Q|=352.45
Epoch 320 [8.5s + 1.6s]: HR = 0.8473, NDCG = 0.5165 ACC = 0.9949 ACC_adv = 0.9961 [19.0s], |P|=384.43, |Q|=355.53
Epoch 340 [8.6s + 1.6s]: HR = 0.8502, NDCG = 0.5194 ACC = 0.9951 ACC_adv = 0.9962 [19.4s], |P|=387.77, |Q|=358.43
Epoch 360 [9.0s + 1.6s]: HR = 0.8508, NDCG = 0.5212 ACC = 0.9955 ACC_adv = 0.9965 [19.5s], |P|=390.91, |Q|=361.15
Epoch 380 [8.8s + 1.6s]: HR = 0.8521, NDCG = 0.5234 ACC = 0.9955 ACC_adv = 0.9966 [21.7s], |P|=393.89, |Q|=363.73
Epoch 400 [8.9s + 1.6s]: HR = 0.8535, NDCG = 0.5253 ACC = 0.9956 ACC_adv = 0.9967 [18.9s], |P|=396.71, |Q|=366.20
Epoch 420 [8.8s + 1.6s]: HR = 0.8560, NDCG = 0.5271 ACC = 0.9957 ACC_adv = 0.9967 [19.2s], |P|=399.39, |Q|=368.55
Epoch 440 [9.3s + 1.6s]: HR = 0.8561, NDCG = 0.5299 ACC = 0.9958 ACC_adv = 0.9968 [19.0s], |P|=401.95, |Q|=370.80
Epoch 460 [9.4s + 1.6s]: HR = 0.8562, NDCG = 0.5315 ACC = 0.9962 ACC_adv = 0.9971 [19.1s], |P|=404.40, |Q|=372.91
Epoch 480 [9.3s + 1.6s]: HR = 0.8570, NDCG = 0.5338 ACC = 0.9962 ACC_adv = 0.9971 [18.8s], |P|=406.75, |Q|=374.96
Epoch 500 [9.4s + 1.6s]: HR = 0.8586, NDCG = 0.5362 ACC = 0.9964 ACC_adv = 0.9972 [19.2s], |P|=409.00, |Q|=376.93
Epoch 520 [9.8s + 1.6s]: HR = 0.8584, NDCG = 0.5369 ACC = 0.9964 ACC_adv = 0.9972 [18.4s], |P|=411.16, |Q|=378.80
Epoch 540 [9.7s + 1.6s]: HR = 0.8588, NDCG = 0.5381 ACC = 0.9963 ACC_adv = 0.9971 [19.2s], |P|=413.24, |Q|=380.65
Epoch 560 [9.6s + 1.6s]: HR = 0.8588, NDCG = 0.5409 ACC = 0.9966 ACC_adv = 0.9974 [19.1s], |P|=415.24, |Q|=382.41
Epoch 580 [9.8s + 1.6s]: HR = 0.8604, NDCG = 0.5418 ACC = 0.9969 ACC_adv = 0.9976 [19.1s], |P|=417.18, |Q|=384.10
Epoch 600 [10.0s + 1.7s]: HR = 0.8605, NDCG = 0.5435 ACC = 0.9966 ACC_adv = 0.9973 [19.0s], |P|=419.03, |Q|=385.73
Epoch 620 [9.9s + 1.6s]: HR = 0.8622, NDCG = 0.5458 ACC = 0.9969 ACC_adv = 0.9976 [18.9s], |P|=420.83, |Q|=387.31
Epoch 640 [9.9s + 1.7s]: HR = 0.8615, NDCG = 0.5460 ACC = 0.9970 ACC_adv = 0.9977 [19.2s], |P|=422.58, |Q|=388.85
Epoch 660 [10.1s + 1.6s]: HR = 0.8618, NDCG = 0.5468 ACC = 0.9971 ACC_adv = 0.9978 [19.1s], |P|=424.27, |Q|=390.32
Epoch 680 [10.3s + 1.7s]: HR = 0.8628, NDCG = 0.5490 ACC = 0.9970 ACC_adv = 0.9976 [20.7s], |P|=425.92, |Q|=391.78
Epoch 700 [10.3s + 1.6s]: HR = 0.8621, NDCG = 0.5499 ACC = 0.9970 ACC_adv = 0.9977 [18.8s], |P|=427.50, |Q|=393.18
Epoch 720 [10.4s + 1.6s]: HR = 0.8621, NDCG = 0.5507 ACC = 0.9972 ACC_adv = 0.9978 [21.0s], |P|=429.05, |Q|=394.54
Epoch 740 [10.6s + 1.9s]: HR = 0.8635, NDCG = 0.5522 ACC = 0.9972 ACC_adv = 0.9979 [18.6s], |P|=430.56, |Q|=395.87
Epoch 760 [10.6s + 1.7s]: HR = 0.8636, NDCG = 0.5532 ACC = 0.9972 ACC_adv = 0.9979 [19.3s], |P|=432.03, |Q|=397.15
Epoch 780 [10.7s + 1.7s]: HR = 0.8635, NDCG = 0.5544 ACC = 0.9972 ACC_adv = 0.9977 [19.1s], |P|=433.45, |Q|=398.41
Epoch 800 [10.8s + 1.7s]: HR = 0.8639, NDCG = 0.5567 ACC = 0.9974 ACC_adv = 0.9980 [19.4s], |P|=434.84, |Q|=399.65
Epoch 820 [10.9s + 1.7s]: HR = 0.8640, NDCG = 0.5585 ACC = 0.9975 ACC_adv = 0.9981 [19.0s], |P|=436.19, |Q|=400.85
Epoch 840 [11.1s + 1.6s]: HR = 0.8642, NDCG = 0.5580 ACC = 0.9974 ACC_adv = 0.9980 [19.3s], |P|=437.52, |Q|=402.01
Epoch 860 [11.2s + 1.7s]: HR = 0.8649, NDCG = 0.5592 ACC = 0.9974 ACC_adv = 0.9981 [19.0s], |P|=438.81, |Q|=403.15
Epoch 880 [11.3s + 1.7s]: HR = 0.8642, NDCG = 0.5599 ACC = 0.9976 ACC_adv = 0.9981 [19.4s], |P|=440.07, |Q|=404.27
Epoch 900 [11.3s + 1.7s]: HR = 0.8645, NDCG = 0.5611 ACC = 0.9974 ACC_adv = 0.9979 [19.0s], |P|=441.30, |Q|=405.36
Epoch 920 [11.1s + 1.6s]: HR = 0.8647, NDCG = 0.5623 ACC = 0.9975 ACC_adv = 0.9980 [18.8s], |P|=442.50, |Q|=406.45
Epoch 940 [11.4s + 1.7s]: HR = 0.8646, NDCG = 0.5627 ACC = 0.9977 ACC_adv = 0.9981 [18.9s], |P|=443.69, |Q|=407.49
Epoch 960 [11.5s + 1.7s]: HR = 0.8649, NDCG = 0.5639 ACC = 0.9975 ACC_adv = 0.9981 [19.2s], |P|=444.84, |Q|=408.52
Epoch 980 [11.7s + 1.6s]: HR = 0.8654, NDCG = 0.5654 ACC = 0.9977 ACC_adv = 0.9982 [18.8s], |P|=445.98, |Q|=409.52
Epoch 1000 [11.5s + 1.6s]: HR = 0.8647, NDCG = 0.5652 ACC = 0.9978 ACC_adv = 0.9983 [19.7s], |P|=447.10, |Q|=410.52
Epoch 1020 [11.6s + 1.6s]: HR = 0.8648, NDCG = 0.5664 ACC = 0.9978 ACC_adv = 0.9982 [18.5s], |P|=448.19, |Q|=411.48
Epoch 1040 [12.1s + 1.7s]: HR = 0.8649, NDCG = 0.5673 ACC = 0.9978 ACC_adv = 0.9982 [19.2s], |P|=449.26, |Q|=412.42
Epoch 1060 [12.0s + 1.7s]: HR = 0.8647, NDCG = 0.5685 ACC = 0.9979 ACC_adv = 0.9984 [18.9s], |P|=450.30, |Q|=413.38
Epoch 1080 [12.2s + 1.7s]: HR = 0.8641, NDCG = 0.5695 ACC = 0.9980 ACC_adv = 0.9984 [19.2s], |P|=451.33, |Q|=414.30
Epoch 1100 [12.0s + 1.7s]: HR = 0.8636, NDCG = 0.5697 ACC = 0.9978 ACC_adv = 0.9983 [19.0s], |P|=452.35, |Q|=415.21
Epoch 1120 [12.4s + 1.7s]: HR = 0.8640, NDCG = 0.5709 ACC = 0.9979 ACC_adv = 0.9983 [19.3s], |P|=453.34, |Q|=416.07
Epoch 1140 [12.3s + 1.6s]: HR = 0.8641, NDCG = 0.5714 ACC = 0.9977 ACC_adv = 0.9981 [18.9s], |P|=454.31, |Q|=416.92
Epoch 1160 [12.6s + 1.7s]: HR = 0.8649, NDCG = 0.5718 ACC = 0.9978 ACC_adv = 0.9982 [18.8s], |P|=455.27, |Q|=417.77
Epoch 1180 [12.5s + 1.7s]: HR = 0.8647, NDCG = 0.5734 ACC = 0.9980 ACC_adv = 0.9984 [18.8s], |P|=456.21, |Q|=418.61
Epoch 1200 [13.9s + 1.7s]: HR = 0.8638, NDCG = 0.5739 ACC = 0.9982 ACC_adv = 0.9986 [18.9s], |P|=457.13, |Q|=419.44
Epoch 1220 [12.5s + 1.6s]: HR = 0.8642, NDCG = 0.5742 ACC = 0.9980 ACC_adv = 0.9984 [18.6s], |P|=458.04, |Q|=420.25
Epoch 1240 [12.6s + 1.6s]: HR = 0.8644, NDCG = 0.5744 ACC = 0.9980 ACC_adv = 0.9984 [18.3s], |P|=458.94, |Q|=421.03
Epoch 1260 [12.6s + 1.7s]: HR = 0.8636, NDCG = 0.5751 ACC = 0.9981 ACC_adv = 0.9985 [21.4s], |P|=459.82, |Q|=421.83
Epoch 1280 [12.8s + 1.6s]: HR = 0.8637, NDCG = 0.5767 ACC = 0.9982 ACC_adv = 0.9985 [18.4s], |P|=460.68, |Q|=422.60
Epoch 1300 [12.8s + 1.6s]: HR = 0.8644, NDCG = 0.5774 ACC = 0.9980 ACC_adv = 0.9985 [18.7s], |P|=461.54, |Q|=423.37
Epoch 1320 [12.9s + 1.7s]: HR = 0.8631, NDCG = 0.5784 ACC = 0.9981 ACC_adv = 0.9985 [18.5s], |P|=462.39, |Q|=424.12
Epoch 1340 [13.2s + 1.7s]: HR = 0.8635, NDCG = 0.5787 ACC = 0.9980 ACC_adv = 0.9984 [19.0s], |P|=463.21, |Q|=424.86
Epoch 1360 [13.7s + 1.7s]: HR = 0.8634, NDCG = 0.5788 ACC = 0.9980 ACC_adv = 0.9983 [18.3s], |P|=464.03, |Q|=425.62
Epoch 1380 [13.9s + 1.7s]: HR = 0.8639, NDCG = 0.5795 ACC = 0.9981 ACC_adv = 0.9985 [18.7s], |P|=464.83, |Q|=426.34
Epoch 1400 [12.6s + 1.5s]: HR = 0.8638, NDCG = 0.5798 ACC = 0.9981 ACC_adv = 0.9985 [17.8s], |P|=465.63, |Q|=427.05
Epoch 1420 [12.4s + 1.5s]: HR = 0.8642, NDCG = 0.5808 ACC = 0.9982 ACC_adv = 0.9985 [18.1s], |P|=466.41, |Q|=427.76
Epoch 1440 [12.4s + 1.5s]: HR = 0.8642, NDCG = 0.5810 ACC = 0.9983 ACC_adv = 0.9987 [17.8s], |P|=467.18, |Q|=428.45
Epoch 1460 [12.6s + 1.5s]: HR = 0.8637, NDCG = 0.5817 ACC = 0.9984 ACC_adv = 0.9987 [18.1s], |P|=467.94, |Q|=429.12
Epoch 1480 [12.7s + 1.5s]: HR = 0.8640, NDCG = 0.5827 ACC = 0.9983 ACC_adv = 0.9986 [17.9s], |P|=468.70, |Q|=429.79
Epoch 1500 [12.8s + 1.5s]: HR = 0.8643, NDCG = 0.5837 ACC = 0.9983 ACC_adv = 0.9987 [18.0s], |P|=469.44, |Q|=430.45
Epoch 1520 [13.0s + 1.5s]: HR = 0.8643, NDCG = 0.5844 ACC = 0.9983 ACC_adv = 0.9987 [17.8s], |P|=470.17, |Q|=431.11
Epoch 1540 [13.2s + 1.5s]: HR = 0.8640, NDCG = 0.5855 ACC = 0.9982 ACC_adv = 0.9986 [20.4s], |P|=470.90, |Q|=431.77
Epoch 1560 [13.2s + 1.5s]: HR = 0.8641, NDCG = 0.5864 ACC = 0.9982 ACC_adv = 0.9986 [17.8s], |P|=471.61, |Q|=432.41
Epoch 1580 [13.3s + 1.5s]: HR = 0.8639, NDCG = 0.5862 ACC = 0.9983 ACC_adv = 0.9987 [18.1s], |P|=472.31, |Q|=433.04
Epoch 1600 [13.4s + 1.6s]: HR = 0.8642, NDCG = 0.5875 ACC = 0.9983 ACC_adv = 0.9986 [17.9s], |P|=473.01, |Q|=433.65
Epoch 1620 [13.6s + 1.5s]: HR = 0.8646, NDCG = 0.5882 ACC = 0.9984 ACC_adv = 0.9988 [18.2s], |P|=473.70, |Q|=434.26
Epoch 1640 [13.7s + 1.6s]: HR = 0.8648, NDCG = 0.5884 ACC = 0.9984 ACC_adv = 0.9987 [17.8s], |P|=474.37, |Q|=434.88
Epoch 1660 [13.9s + 1.5s]: HR = 0.8648, NDCG = 0.5892 ACC = 0.9984 ACC_adv = 0.9988 [18.1s], |P|=475.04, |Q|=435.48
Epoch 1680 [13.5s + 1.6s]: HR = 0.8640, NDCG = 0.5898 ACC = 0.9983 ACC_adv = 0.9986 [17.8s], |P|=475.71, |Q|=436.08
Epoch 1700 [14.1s + 1.5s]: HR = 0.8640, NDCG = 0.5903 ACC = 0.9984 ACC_adv = 0.9987 [18.1s], |P|=476.36, |Q|=436.68
Epoch 1720 [14.0s + 1.5s]: HR = 0.8636, NDCG = 0.5903 ACC = 0.9984 ACC_adv = 0.9987 [17.9s], |P|=477.01, |Q|=437.26
Epoch 1740 [14.0s + 1.5s]: HR = 0.8642, NDCG = 0.5906 ACC = 0.9984 ACC_adv = 0.9987 [17.9s], |P|=477.65, |Q|=437.84
Epoch 1760 [14.1s + 1.5s]: HR = 0.8642, NDCG = 0.5914 ACC = 0.9983 ACC_adv = 0.9986 [17.8s], |P|=478.28, |Q|=438.41
Epoch 1780 [14.3s + 1.5s]: HR = 0.8641, NDCG = 0.5920 ACC = 0.9985 ACC_adv = 0.9988 [17.8s], |P|=478.91, |Q|=438.98
Epoch 1800 [14.6s + 1.5s]: HR = 0.8637, NDCG = 0.5925 ACC = 0.9985 ACC_adv = 0.9988 [20.2s], |P|=479.52, |Q|=439.54
Epoch 1820 [14.8s + 1.6s]: HR = 0.8643, NDCG = 0.5933 ACC = 0.9983 ACC_adv = 0.9986 [17.8s], |P|=480.13, |Q|=440.10
Epoch 1840 [15.8s + 1.7s]: HR = 0.8639, NDCG = 0.5937 ACC = 0.9985 ACC_adv = 0.9988 [18.6s], |P|=480.74, |Q|=440.65
Epoch 1860 [15.9s + 1.7s]: HR = 0.8636, NDCG = 0.5937 ACC = 0.9984 ACC_adv = 0.9987 [18.3s], |P|=481.34, |Q|=441.19
Epoch 1880 [15.9s + 1.7s]: HR = 0.8634, NDCG = 0.5945 ACC = 0.9986 ACC_adv = 0.9989 [18.7s], |P|=481.93, |Q|=441.72
Epoch 1900 [16.2s + 1.9s]: HR = 0.8640, NDCG = 0.5942 ACC = 0.9986 ACC_adv = 0.9989 [18.4s], |P|=482.51, |Q|=442.23
Epoch 1920 [16.3s + 1.7s]: HR = 0.8636, NDCG = 0.5944 ACC = 0.9984 ACC_adv = 0.9988 [18.7s], |P|=483.09, |Q|=442.76
Epoch 1940 [16.3s + 1.7s]: HR = 0.8637, NDCG = 0.5958 ACC = 0.9984 ACC_adv = 0.9988 [18.4s], |P|=483.67, |Q|=443.28
Epoch 1960 [16.4s + 1.7s]: HR = 0.8635, NDCG = 0.5963 ACC = 0.9986 ACC_adv = 0.9989 [18.5s], |P|=484.24, |Q|=443.79
Epoch 1980 [16.4s + 1.7s]: HR = 0.8637, NDCG = 0.5958 ACC = 0.9985 ACC_adv = 0.9988 [18.4s], |P|=484.81, |Q|=444.30
Epoch 2000 [16.5s + 1.7s]: HR = 0.8638, NDCG = 0.5967 ACC = 0.9985 ACC_adv = 0.9988 [18.6s], |P|=485.36, |Q|=444.80
Epoch 2000 is the best epoch
K = 1: HR = 0.4268, NDCG = 0.4268 AUC = 0.9812
K = 2: HR = 0.5193, NDCG = 0.4852 AUC = 0.9812
K = 3: HR = 0.5729, NDCG = 0.5120 AUC = 0.9812
K = 4: HR = 0.6095, NDCG = 0.5277 AUC = 0.9812
K = 5: HR = 0.6387, NDCG = 0.5390 AUC = 0.9812
K = 6: HR = 0.6612, NDCG = 0.5470 AUC = 0.9812
K = 7: HR = 0.6802, NDCG = 0.5534 AUC = 0.9812
K = 8: HR = 0.6942, NDCG = 0.5578 AUC = 0.9812
K = 9: HR = 0.7068, NDCG = 0.5616 AUC = 0.9812
K = 10: HR = 0.7195, NDCG = 0.5652 AUC = 0.9812
K = 11: HR = 0.7294, NDCG = 0.5680 AUC = 0.9812
K = 12: HR = 0.7382, NDCG = 0.5704 AUC = 0.9812
K = 13: HR = 0.7459, NDCG = 0.5724 AUC = 0.9812
K = 14: HR = 0.7549, NDCG = 0.5747 AUC = 0.9812
K = 15: HR = 0.7616, NDCG = 0.5764 AUC = 0.9812
K = 16: HR = 0.7683, NDCG = 0.5780 AUC = 0.9812
K = 17: HR = 0.7734, NDCG = 0.5792 AUC = 0.9812
K = 18: HR = 0.7775, NDCG = 0.5802 AUC = 0.9812
K = 19: HR = 0.7821, NDCG = 0.5813 AUC = 0.9812
K = 20: HR = 0.7854, NDCG = 0.5820 AUC = 0.9812
K = 21: HR = 0.7893, NDCG = 0.5829 AUC = 0.9812
K = 22: HR = 0.7919, NDCG = 0.5835 AUC = 0.9812
K = 23: HR = 0.7956, NDCG = 0.5843 AUC = 0.9812
K = 24: HR = 0.7990, NDCG = 0.5850 AUC = 0.9812
K = 25: HR = 0.8009, NDCG = 0.5854 AUC = 0.9812
K = 26: HR = 0.8027, NDCG = 0.5858 AUC = 0.9812
K = 27: HR = 0.8061, NDCG = 0.5865 AUC = 0.9812
K = 28: HR = 0.8077, NDCG = 0.5868 AUC = 0.9812
K = 29: HR = 0.8094, NDCG = 0.5872 AUC = 0.9812
K = 30: HR = 0.8117, NDCG = 0.5877 AUC = 0.9812
K = 31: HR = 0.8127, NDCG = 0.5879 AUC = 0.9812
K = 32: HR = 0.8143, NDCG = 0.5882 AUC = 0.9812
K = 33: HR = 0.8156, NDCG = 0.5884 AUC = 0.9812
K = 34: HR = 0.8173, NDCG = 0.5888 AUC = 0.9812
K = 35: HR = 0.8186, NDCG = 0.5890 AUC = 0.9812
K = 36: HR = 0.8204, NDCG = 0.5893 AUC = 0.9812
K = 37: HR = 0.8218, NDCG = 0.5896 AUC = 0.9812
K = 38: HR = 0.8229, NDCG = 0.5898 AUC = 0.9812
K = 39: HR = 0.8241, NDCG = 0.5901 AUC = 0.9812
K = 40: HR = 0.8253, NDCG = 0.5903 AUC = 0.9812
K = 41: HR = 0.8264, NDCG = 0.5905 AUC = 0.9812
K = 42: HR = 0.8274, NDCG = 0.5907 AUC = 0.9812
K = 43: HR = 0.8283, NDCG = 0.5908 AUC = 0.9812
K = 44: HR = 0.8295, NDCG = 0.5910 AUC = 0.9812
K = 45: HR = 0.8309, NDCG = 0.5913 AUC = 0.9812
K = 46: HR = 0.8319, NDCG = 0.5915 AUC = 0.9812
K = 47: HR = 0.8330, NDCG = 0.5917 AUC = 0.9812
K = 48: HR = 0.8336, NDCG = 0.5918 AUC = 0.9812
K = 49: HR = 0.8347, NDCG = 0.5920 AUC = 0.9812
K = 50: HR = 0.8356, NDCG = 0.5921 AUC = 0.9812
K = 51: HR = 0.8363, NDCG = 0.5923 AUC = 0.9812
K = 52: HR = 0.8371, NDCG = 0.5924 AUC = 0.9812
K = 53: HR = 0.8380, NDCG = 0.5926 AUC = 0.9812
K = 54: HR = 0.8387, NDCG = 0.5927 AUC = 0.9812
K = 55: HR = 0.8394, NDCG = 0.5928 AUC = 0.9812
K = 56: HR = 0.8402, NDCG = 0.5929 AUC = 0.9812
K = 57: HR = 0.8407, NDCG = 0.5930 AUC = 0.9812
K = 58: HR = 0.8416, NDCG = 0.5932 AUC = 0.9812
K = 59: HR = 0.8426, NDCG = 0.5933 AUC = 0.9812
K = 60: HR = 0.8434, NDCG = 0.5935 AUC = 0.9812
K = 61: HR = 0.8438, NDCG = 0.5935 AUC = 0.9812
K = 62: HR = 0.8443, NDCG = 0.5936 AUC = 0.9812
K = 63: HR = 0.8457, NDCG = 0.5939 AUC = 0.9812
K = 64: HR = 0.8461, NDCG = 0.5939 AUC = 0.9812
K = 65: HR = 0.8465, NDCG = 0.5940 AUC = 0.9812
K = 66: HR = 0.8476, NDCG = 0.5942 AUC = 0.9812
K = 67: HR = 0.8479, NDCG = 0.5942 AUC = 0.9812
K = 68: HR = 0.8489, NDCG = 0.5944 AUC = 0.9812
K = 69: HR = 0.8492, NDCG = 0.5945 AUC = 0.9812
K = 70: HR = 0.8497, NDCG = 0.5945 AUC = 0.9812
K = 71: HR = 0.8505, NDCG = 0.5946 AUC = 0.9812
K = 72: HR = 0.8509, NDCG = 0.5947 AUC = 0.9812
K = 73: HR = 0.8515, NDCG = 0.5948 AUC = 0.9812
K = 74: HR = 0.8519, NDCG = 0.5949 AUC = 0.9812
K = 75: HR = 0.8528, NDCG = 0.5950 AUC = 0.9812
K = 76: HR = 0.8535, NDCG = 0.5951 AUC = 0.9812
K = 77: HR = 0.8539, NDCG = 0.5952 AUC = 0.9812
K = 78: HR = 0.8544, NDCG = 0.5953 AUC = 0.9812
K = 79: HR = 0.8547, NDCG = 0.5953 AUC = 0.9812
K = 80: HR = 0.8553, NDCG = 0.5954 AUC = 0.9812
K = 81: HR = 0.8557, NDCG = 0.5955 AUC = 0.9812
K = 82: HR = 0.8561, NDCG = 0.5955 AUC = 0.9812
K = 83: HR = 0.8565, NDCG = 0.5956 AUC = 0.9812
K = 84: HR = 0.8568, NDCG = 0.5957 AUC = 0.9812
K = 85: HR = 0.8572, NDCG = 0.5957 AUC = 0.9812
K = 86: HR = 0.8572, NDCG = 0.5957 AUC = 0.9812
K = 87: HR = 0.8578, NDCG = 0.5958 AUC = 0.9812
K = 88: HR = 0.8580, NDCG = 0.5958 AUC = 0.9812
K = 89: HR = 0.8584, NDCG = 0.5959 AUC = 0.9812
K = 90: HR = 0.8593, NDCG = 0.5960 AUC = 0.9812
K = 91: HR = 0.8600, NDCG = 0.5962 AUC = 0.9812
K = 92: HR = 0.8605, NDCG = 0.5962 AUC = 0.9812
K = 93: HR = 0.8608, NDCG = 0.5963 AUC = 0.9812
K = 94: HR = 0.8617, NDCG = 0.5964 AUC = 0.9812
K = 95: HR = 0.8621, NDCG = 0.5965 AUC = 0.9812
K = 96: HR = 0.8628, NDCG = 0.5966 AUC = 0.9812
K = 97: HR = 0.8628, NDCG = 0.5966 AUC = 0.9812
K = 98: HR = 0.8634, NDCG = 0.5967 AUC = 0.9812
K = 99: HR = 0.8637, NDCG = 0.5967 AUC = 0.9812
K = 100: HR = 0.8638, NDCG = 0.5967 AUC = 0.9812
