ml-1m-sort_apr_d64_e0.500000_l1.000000_2020_01_24_11_56_42
Initialize BPR
Epoch 0 [12.2s + 3.8s]: HR = 0.1982, NDCG = 0.0452 ACC = 0.5005 ACC_adv = 0.8770 [5.3s], |P|=96.75, |Q|=91.87
Epoch 20 [13.9s + 3.7s]: HR = 0.3581, NDCG = 0.0909 ACC = 0.9357 ACC_adv = 0.9415 [5.4s], |P|=183.85, |Q|=162.19
Epoch 40 [14.1s + 3.7s]: HR = 0.3858, NDCG = 0.0975 ACC = 0.9461 ACC_adv = 0.9502 [5.4s], |P|=207.40, |Q|=183.64
Epoch 60 [14.3s + 3.7s]: HR = 0.4038, NDCG = 0.1022 ACC = 0.9516 ACC_adv = 0.9549 [5.6s], |P|=223.84, |Q|=199.10
Epoch 80 [14.3s + 3.8s]: HR = 0.4070, NDCG = 0.1026 ACC = 0.9563 ACC_adv = 0.9592 [5.4s], |P|=236.63, |Q|=211.14
Epoch 100 [14.9s + 3.8s]: HR = 0.4136, NDCG = 0.1055 ACC = 0.9586 ACC_adv = 0.9611 [5.3s], |P|=247.04, |Q|=220.88
Epoch 120 [15.2s + 3.9s]: HR = 0.4157, NDCG = 0.1061 ACC = 0.9615 ACC_adv = 0.9638 [5.4s], |P|=255.73, |Q|=229.02
Epoch 140 [15.3s + 3.9s]: HR = 0.4164, NDCG = 0.1064 ACC = 0.9628 ACC_adv = 0.9648 [5.7s], |P|=263.16, |Q|=235.90
Epoch 160 [15.6s + 4.1s]: HR = 0.4174, NDCG = 0.1077 ACC = 0.9650 ACC_adv = 0.9667 [5.4s], |P|=269.62, |Q|=241.86
Epoch 180 [15.8s + 3.8s]: HR = 0.4184, NDCG = 0.1081 ACC = 0.9653 ACC_adv = 0.9671 [5.3s], |P|=275.27, |Q|=247.09
Epoch 200 [16.1s + 3.9s]: HR = 0.4172, NDCG = 0.1071 ACC = 0.9662 ACC_adv = 0.9678 [5.2s], |P|=280.29, |Q|=251.71
Epoch 220 [16.5s + 4.0s]: HR = 0.4144, NDCG = 0.1077 ACC = 0.9663 ACC_adv = 0.9679 [6.1s], |P|=284.82, |Q|=255.88
Epoch 240 [16.6s + 3.9s]: HR = 0.4139, NDCG = 0.1072 ACC = 0.9672 ACC_adv = 0.9686 [5.4s], |P|=288.92, |Q|=259.64
Epoch 260 [16.8s + 4.0s]: HR = 0.4154, NDCG = 0.1077 ACC = 0.9679 ACC_adv = 0.9693 [5.7s], |P|=292.64, |Q|=263.07
Epoch 280 [17.1s + 4.0s]: HR = 0.4141, NDCG = 0.1072 ACC = 0.9680 ACC_adv = 0.9693 [5.6s], |P|=296.06, |Q|=266.20
Epoch 300 [17.3s + 4.0s]: HR = 0.4134, NDCG = 0.1074 ACC = 0.9688 ACC_adv = 0.9701 [5.4s], |P|=299.24, |Q|=269.10
Epoch 320 [17.6s + 4.1s]: HR = 0.4147, NDCG = 0.1078 ACC = 0.9687 ACC_adv = 0.9700 [5.4s], |P|=302.16, |Q|=271.78
Epoch 340 [17.8s + 3.9s]: HR = 0.4139, NDCG = 0.1076 ACC = 0.9685 ACC_adv = 0.9698 [5.4s], |P|=304.89, |Q|=274.28
Epoch 360 [18.1s + 4.3s]: HR = 0.4126, NDCG = 0.1071 ACC = 0.9696 ACC_adv = 0.9708 [5.7s], |P|=307.45, |Q|=276.62
Epoch 380 [17.9s + 3.9s]: HR = 0.4141, NDCG = 0.1070 ACC = 0.9693 ACC_adv = 0.9704 [5.4s], |P|=309.86, |Q|=278.82
Epoch 400 [18.0s + 3.9s]: HR = 0.4121, NDCG = 0.1069 ACC = 0.9695 ACC_adv = 0.9707 [5.3s], |P|=312.12, |Q|=280.89
Epoch 420 [18.2s + 4.2s]: HR = 0.4129, NDCG = 0.1070 ACC = 0.9694 ACC_adv = 0.9705 [5.3s], |P|=314.26, |Q|=282.85
Epoch 440 [18.6s + 4.0s]: HR = 0.4132, NDCG = 0.1064 ACC = 0.9698 ACC_adv = 0.9709 [6.4s], |P|=316.30, |Q|=284.72
Epoch 460 [18.8s + 4.2s]: HR = 0.4124, NDCG = 0.1068 ACC = 0.9704 ACC_adv = 0.9715 [5.4s], |P|=318.24, |Q|=286.48
Epoch 480 [19.1s + 4.0s]: HR = 0.4129, NDCG = 0.1065 ACC = 0.9707 ACC_adv = 0.9717 [5.4s], |P|=320.09, |Q|=288.17
Epoch 500 [19.5s + 4.0s]: HR = 0.4131, NDCG = 0.1070 ACC = 0.9701 ACC_adv = 0.9711 [5.3s], |P|=321.85, |Q|=289.78
Epoch 520 [19.8s + 4.2s]: HR = 0.4126, NDCG = 0.1064 ACC = 0.9705 ACC_adv = 0.9715 [5.6s], |P|=323.52, |Q|=291.31
Epoch 540 [20.0s + 4.0s]: HR = 0.4123, NDCG = 0.1066 ACC = 0.9707 ACC_adv = 0.9716 [5.4s], |P|=325.12, |Q|=292.78
Epoch 560 [20.1s + 4.0s]: HR = 0.4139, NDCG = 0.1070 ACC = 0.9710 ACC_adv = 0.9719 [5.3s], |P|=326.67, |Q|=294.19
Epoch 580 [20.1s + 4.2s]: HR = 0.4136, NDCG = 0.1071 ACC = 0.9707 ACC_adv = 0.9716 [5.6s], |P|=328.15, |Q|=295.55
Epoch 600 [20.7s + 4.1s]: HR = 0.4111, NDCG = 0.1067 ACC = 0.9710 ACC_adv = 0.9720 [5.4s], |P|=329.58, |Q|=296.85
Epoch 620 [20.8s + 4.3s]: HR = 0.4119, NDCG = 0.1067 ACC = 0.9709 ACC_adv = 0.9717 [5.3s], |P|=330.96, |Q|=298.11
Epoch 640 [21.2s + 4.1s]: HR = 0.4091, NDCG = 0.1063 ACC = 0.9712 ACC_adv = 0.9721 [5.4s], |P|=332.29, |Q|=299.33
Epoch 660 [21.5s + 4.2s]: HR = 0.4096, NDCG = 0.1064 ACC = 0.9709 ACC_adv = 0.9718 [5.7s], |P|=333.57, |Q|=300.50
Epoch 680 [21.8s + 4.1s]: HR = 0.4124, NDCG = 0.1068 ACC = 0.9714 ACC_adv = 0.9722 [5.4s], |P|=334.82, |Q|=301.64
Epoch 700 [22.0s + 4.1s]: HR = 0.4101, NDCG = 0.1063 ACC = 0.9711 ACC_adv = 0.9719 [5.5s], |P|=336.02, |Q|=302.75
Epoch 720 [22.2s + 4.1s]: HR = 0.4101, NDCG = 0.1063 ACC = 0.9716 ACC_adv = 0.9724 [5.1s], |P|=337.20, |Q|=303.82
Epoch 740 [22.3s + 4.0s]: HR = 0.4081, NDCG = 0.1060 ACC = 0.9716 ACC_adv = 0.9724 [5.3s], |P|=338.33, |Q|=304.87
Epoch 760 [22.6s + 4.0s]: HR = 0.4075, NDCG = 0.1056 ACC = 0.9714 ACC_adv = 0.9722 [5.1s], |P|=339.43, |Q|=305.87
Epoch 780 [22.8s + 4.1s]: HR = 0.4081, NDCG = 0.1058 ACC = 0.9712 ACC_adv = 0.9720 [5.1s], |P|=340.50, |Q|=306.86
Epoch 800 [24.6s + 4.6s]: HR = 0.4075, NDCG = 0.1057 ACC = 0.9716 ACC_adv = 0.9723 [6.2s], |P|=341.54, |Q|=307.82
Epoch 820 [24.9s + 4.7s]: HR = 0.4060, NDCG = 0.1053 ACC = 0.9714 ACC_adv = 0.9721 [5.4s], |P|=342.55, |Q|=308.74
Epoch 840 [25.1s + 4.5s]: HR = 0.4058, NDCG = 0.1057 ACC = 0.9719 ACC_adv = 0.9726 [5.4s], |P|=343.54, |Q|=309.65
Epoch 860 [25.5s + 4.7s]: HR = 0.4043, NDCG = 0.1056 ACC = 0.9713 ACC_adv = 0.9721 [5.1s], |P|=344.51, |Q|=310.55
Epoch 880 [25.8s + 4.5s]: HR = 0.4056, NDCG = 0.1055 ACC = 0.9712 ACC_adv = 0.9719 [5.8s], |P|=345.45, |Q|=311.41
Epoch 900 [26.4s + 4.7s]: HR = 0.4071, NDCG = 0.1060 ACC = 0.9719 ACC_adv = 0.9727 [5.4s], |P|=346.37, |Q|=312.26
Epoch 920 [26.3s + 4.6s]: HR = 0.4068, NDCG = 0.1057 ACC = 0.9717 ACC_adv = 0.9724 [5.3s], |P|=347.26, |Q|=313.09
Epoch 940 [26.5s + 4.7s]: HR = 0.4045, NDCG = 0.1058 ACC = 0.9718 ACC_adv = 0.9725 [5.5s], |P|=348.15, |Q|=313.89
Epoch 960 [26.9s + 4.5s]: HR = 0.4038, NDCG = 0.1052 ACC = 0.9716 ACC_adv = 0.9723 [5.7s], |P|=349.01, |Q|=314.69
Epoch 980 [27.1s + 4.6s]: HR = 0.4071, NDCG = 0.1057 ACC = 0.9721 ACC_adv = 0.9727 [5.3s], |P|=349.85, |Q|=315.46
Initialize APR
Epoch 1000 [38.8s + 12.4s]: HR = 0.3879, NDCG = 0.0994 ACC = 0.9717 ACC_adv = 0.9696 [12.5s], |P|=354.29, |Q|=330.13
Epoch 1020 [27.4s + 11.6s]: HR = 0.4132, NDCG = 0.1080 ACC = 0.9562 ACC_adv = 0.9586 [5.2s], |P|=335.52, |Q|=344.61
Epoch 1040 [26.6s + 11.4s]: HR = 0.4169, NDCG = 0.1087 ACC = 0.9533 ACC_adv = 0.9553 [5.1s], |P|=327.76, |Q|=346.82
Epoch 1060 [27.4s + 12.1s]: HR = 0.4157, NDCG = 0.1088 ACC = 0.9533 ACC_adv = 0.9547 [5.7s], |P|=322.49, |Q|=346.91
Epoch 1080 [27.2s + 11.9s]: HR = 0.4152, NDCG = 0.1085 ACC = 0.9517 ACC_adv = 0.9530 [5.2s], |P|=318.39, |Q|=346.06
Epoch 1100 [27.0s + 11.9s]: HR = 0.4123, NDCG = 0.1090 ACC = 0.9497 ACC_adv = 0.9509 [5.2s], |P|=314.95, |Q|=344.69
Epoch 1120 [27.5s + 12.1s]: HR = 0.4136, NDCG = 0.1087 ACC = 0.9496 ACC_adv = 0.9506 [5.9s], |P|=311.91, |Q|=343.10
Epoch 1140 [27.6s + 12.2s]: HR = 0.4123, NDCG = 0.1091 ACC = 0.9486 ACC_adv = 0.9496 [5.1s], |P|=309.15, |Q|=341.35
Epoch 1160 [25.3s + 12.9s]: HR = 0.4109, NDCG = 0.1085 ACC = 0.9481 ACC_adv = 0.9490 [5.2s], |P|=306.60, |Q|=339.52
Epoch 1180 [26.4s + 13.3s]: HR = 0.4114, NDCG = 0.1082 ACC = 0.9469 ACC_adv = 0.9478 [5.4s], |P|=304.14, |Q|=337.62
Epoch 1200 [27.1s + 11.9s]: HR = 0.4104, NDCG = 0.1081 ACC = 0.9459 ACC_adv = 0.9467 [7.5s], |P|=301.80, |Q|=335.70
Epoch 1220 [27.6s + 11.9s]: HR = 0.4073, NDCG = 0.1075 ACC = 0.9449 ACC_adv = 0.9458 [5.8s], |P|=299.55, |Q|=333.81
Epoch 1240 [41.2s + 22.3s]: HR = 0.4119, NDCG = 0.1087 ACC = 0.9448 ACC_adv = 0.9455 [8.4s], |P|=297.35, |Q|=331.88
Epoch 1260 [41.6s + 22.8s]: HR = 0.4093, NDCG = 0.1082 ACC = 0.9436 ACC_adv = 0.9443 [8.1s], |P|=295.21, |Q|=329.98
Epoch 1280 [41.9s + 21.3s]: HR = 0.4068, NDCG = 0.1082 ACC = 0.9425 ACC_adv = 0.9432 [9.6s], |P|=293.15, |Q|=328.13
Epoch 1300 [34.7s + 11.7s]: HR = 0.4060, NDCG = 0.1071 ACC = 0.9428 ACC_adv = 0.9435 [5.0s], |P|=291.08, |Q|=326.30
Epoch 1320 [55.4s + 22.4s]: HR = 0.4099, NDCG = 0.1075 ACC = 0.9418 ACC_adv = 0.9425 [7.9s], |P|=289.06, |Q|=324.49
Epoch 1340 [50.3s + 22.7s]: HR = 0.4036, NDCG = 0.1060 ACC = 0.9415 ACC_adv = 0.9422 [7.8s], |P|=287.08, |Q|=322.73
Epoch 1360 [45.0s + 21.9s]: HR = 0.4046, NDCG = 0.1061 ACC = 0.9394 ACC_adv = 0.9401 [10.2s], |P|=285.10, |Q|=321.00
Epoch 1380 [58.0s + 23.7s]: HR = 0.4010, NDCG = 0.1053 ACC = 0.9380 ACC_adv = 0.9388 [8.0s], |P|=283.11, |Q|=319.27
Epoch 1400 [48.5s + 22.6s]: HR = 0.4018, NDCG = 0.1053 ACC = 0.9388 ACC_adv = 0.9393 [8.0s], |P|=281.14, |Q|=317.59
Epoch 1420 [46.6s + 21.1s]: HR = 0.4018, NDCG = 0.1053 ACC = 0.9376 ACC_adv = 0.9382 [11.2s], |P|=279.26, |Q|=315.97
Epoch 1440 [53.5s + 24.2s]: HR = 0.3982, NDCG = 0.1045 ACC = 0.9366 ACC_adv = 0.9373 [8.4s], |P|=277.33, |Q|=314.38
Epoch 1460 [46.7s + 22.0s]: HR = 0.3990, NDCG = 0.1047 ACC = 0.9358 ACC_adv = 0.9365 [8.0s], |P|=275.39, |Q|=312.79
Epoch 1480 [47.5s + 22.1s]: HR = 0.3988, NDCG = 0.1041 ACC = 0.9362 ACC_adv = 0.9367 [10.3s], |P|=273.47, |Q|=311.25
Epoch 1500 [53.3s + 24.1s]: HR = 0.3974, NDCG = 0.1042 ACC = 0.9355 ACC_adv = 0.9361 [8.1s], |P|=271.58, |Q|=309.75
Epoch 1520 [35.6s + 12.0s]: HR = 0.3977, NDCG = 0.1039 ACC = 0.9348 ACC_adv = 0.9353 [5.1s], |P|=269.74, |Q|=308.29
Epoch 1540 [32.2s + 12.3s]: HR = 0.3950, NDCG = 0.1034 ACC = 0.9338 ACC_adv = 0.9343 [5.1s], |P|=267.84, |Q|=306.84
Epoch 1560 [33.1s + 11.8s]: HR = 0.3937, NDCG = 0.1031 ACC = 0.9340 ACC_adv = 0.9345 [8.9s], |P|=265.94, |Q|=305.41
Epoch 1580 [42.4s + 17.6s]: HR = 0.3925, NDCG = 0.1031 ACC = 0.9323 ACC_adv = 0.9329 [7.0s], |P|=264.07, |Q|=303.99
Epoch 1600 [45.6s + 18.3s]: HR = 0.3916, NDCG = 0.1021 ACC = 0.9320 ACC_adv = 0.9326 [7.0s], |P|=262.22, |Q|=302.64
Epoch 1620 [43.6s + 18.3s]: HR = 0.3909, NDCG = 0.1018 ACC = 0.9320 ACC_adv = 0.9326 [7.4s], |P|=260.37, |Q|=301.30
Epoch 1640 [43.8s + 18.5s]: HR = 0.3937, NDCG = 0.1023 ACC = 0.9320 ACC_adv = 0.9325 [7.3s], |P|=258.54, |Q|=300.00
Epoch 1660 [44.2s + 19.0s]: HR = 0.3914, NDCG = 0.1015 ACC = 0.9315 ACC_adv = 0.9321 [7.1s], |P|=256.74, |Q|=298.71
Epoch 1680 [45.3s + 19.6s]: HR = 0.3906, NDCG = 0.1012 ACC = 0.9299 ACC_adv = 0.9305 [7.1s], |P|=254.91, |Q|=297.45
Epoch 1700 [45.1s + 18.8s]: HR = 0.3873, NDCG = 0.1007 ACC = 0.9295 ACC_adv = 0.9300 [9.4s], |P|=253.13, |Q|=296.23
Epoch 1720 [45.6s + 18.9s]: HR = 0.3853, NDCG = 0.1001 ACC = 0.9282 ACC_adv = 0.9288 [7.0s], |P|=251.35, |Q|=295.02
Epoch 1740 [47.8s + 19.6s]: HR = 0.3843, NDCG = 0.0993 ACC = 0.9279 ACC_adv = 0.9284 [7.1s], |P|=249.55, |Q|=293.83
Epoch 1760 [51.3s + 19.3s]: HR = 0.3848, NDCG = 0.0993 ACC = 0.9281 ACC_adv = 0.9285 [7.2s], |P|=247.76, |Q|=292.66
Epoch 1780 [47.0s + 20.1s]: HR = 0.3826, NDCG = 0.0987 ACC = 0.9275 ACC_adv = 0.9279 [7.4s], |P|=245.97, |Q|=291.51
Epoch 1800 [47.3s + 18.5s]: HR = 0.3796, NDCG = 0.0990 ACC = 0.9270 ACC_adv = 0.9276 [7.0s], |P|=244.19, |Q|=290.37
Epoch 1820 [47.6s + 19.1s]: HR = 0.3788, NDCG = 0.0982 ACC = 0.9254 ACC_adv = 0.9259 [7.1s], |P|=242.41, |Q|=289.27
Epoch 1840 [47.7s + 19.8s]: HR = 0.3781, NDCG = 0.0975 ACC = 0.9261 ACC_adv = 0.9265 [17.6s], |P|=240.71, |Q|=288.22
Epoch 1860 [48.3s + 20.6s]: HR = 0.3765, NDCG = 0.0970 ACC = 0.9266 ACC_adv = 0.9270 [7.3s], |P|=239.03, |Q|=287.19
Epoch 1880 [48.6s + 21.7s]: HR = 0.3788, NDCG = 0.0973 ACC = 0.9258 ACC_adv = 0.9262 [7.1s], |P|=237.29, |Q|=286.14
Epoch 1900 [48.8s + 23.3s]: HR = 0.3757, NDCG = 0.0969 ACC = 0.9248 ACC_adv = 0.9253 [17.8s], |P|=235.59, |Q|=285.14
Epoch 1920 [53.0s + 22.7s]: HR = 0.3752, NDCG = 0.0962 ACC = 0.9234 ACC_adv = 0.9240 [7.3s], |P|=233.86, |Q|=284.14
Epoch 1940 [49.9s + 20.3s]: HR = 0.3715, NDCG = 0.0958 ACC = 0.9235 ACC_adv = 0.9241 [8.0s], |P|=232.19, |Q|=283.15
Epoch 1960 [50.8s + 21.2s]: HR = 0.3742, NDCG = 0.0958 ACC = 0.9239 ACC_adv = 0.9243 [7.2s], |P|=230.54, |Q|=282.23
Epoch 1980 [50.3s + 34.6s]: HR = 0.3743, NDCG = 0.0956 ACC = 0.9236 ACC_adv = 0.9241 [20.0s], |P|=228.87, |Q|=281.28
Epoch 2000 [57.0s + 29.6s]: HR = 0.3690, NDCG = 0.0949 ACC = 0.9223 ACC_adv = 0.9227 [7.4s], |P|=227.22, |Q|=280.37
Epoch 1140 is the best epoch
K = 1: HR = 0.0159, NDCG = 0.0159 AUC = 0.9053
K = 2: HR = 0.0255, NDCG = 0.0220 AUC = 0.9053
K = 3: HR = 0.0353, NDCG = 0.0268 AUC = 0.9053
K = 4: HR = 0.0470, NDCG = 0.0319 AUC = 0.9053
K = 5: HR = 0.0560, NDCG = 0.0354 AUC = 0.9053
K = 6: HR = 0.0644, NDCG = 0.0384 AUC = 0.9053
K = 7: HR = 0.0740, NDCG = 0.0416 AUC = 0.9053
K = 8: HR = 0.0811, NDCG = 0.0438 AUC = 0.9053
K = 9: HR = 0.0894, NDCG = 0.0463 AUC = 0.9053
K = 10: HR = 0.0960, NDCG = 0.0482 AUC = 0.9053
K = 11: HR = 0.1018, NDCG = 0.0498 AUC = 0.9053
K = 12: HR = 0.1086, NDCG = 0.0517 AUC = 0.9053
K = 13: HR = 0.1149, NDCG = 0.0533 AUC = 0.9053
K = 14: HR = 0.1233, NDCG = 0.0555 AUC = 0.9053
K = 15: HR = 0.1291, NDCG = 0.0569 AUC = 0.9053
K = 16: HR = 0.1341, NDCG = 0.0581 AUC = 0.9053
K = 17: HR = 0.1404, NDCG = 0.0597 AUC = 0.9053
K = 18: HR = 0.1467, NDCG = 0.0611 AUC = 0.9053
K = 19: HR = 0.1531, NDCG = 0.0626 AUC = 0.9053
K = 20: HR = 0.1576, NDCG = 0.0636 AUC = 0.9053
K = 21: HR = 0.1629, NDCG = 0.0648 AUC = 0.9053
K = 22: HR = 0.1667, NDCG = 0.0657 AUC = 0.9053
K = 23: HR = 0.1728, NDCG = 0.0670 AUC = 0.9053
K = 24: HR = 0.1765, NDCG = 0.0678 AUC = 0.9053
K = 25: HR = 0.1820, NDCG = 0.0690 AUC = 0.9053
K = 26: HR = 0.1866, NDCG = 0.0699 AUC = 0.9053
K = 27: HR = 0.1916, NDCG = 0.0710 AUC = 0.9053
K = 28: HR = 0.1967, NDCG = 0.0720 AUC = 0.9053
K = 29: HR = 0.2023, NDCG = 0.0732 AUC = 0.9053
K = 30: HR = 0.2071, NDCG = 0.0741 AUC = 0.9053
K = 31: HR = 0.2106, NDCG = 0.0748 AUC = 0.9053
K = 32: HR = 0.2134, NDCG = 0.0754 AUC = 0.9053
K = 33: HR = 0.2162, NDCG = 0.0759 AUC = 0.9053
K = 34: HR = 0.2189, NDCG = 0.0765 AUC = 0.9053
K = 35: HR = 0.2245, NDCG = 0.0776 AUC = 0.9053
K = 36: HR = 0.2285, NDCG = 0.0783 AUC = 0.9053
K = 37: HR = 0.2325, NDCG = 0.0791 AUC = 0.9053
K = 38: HR = 0.2369, NDCG = 0.0799 AUC = 0.9053
K = 39: HR = 0.2401, NDCG = 0.0805 AUC = 0.9053
K = 40: HR = 0.2459, NDCG = 0.0816 AUC = 0.9053
K = 41: HR = 0.2507, NDCG = 0.0825 AUC = 0.9053
K = 42: HR = 0.2540, NDCG = 0.0831 AUC = 0.9053
K = 43: HR = 0.2568, NDCG = 0.0836 AUC = 0.9053
K = 44: HR = 0.2598, NDCG = 0.0842 AUC = 0.9053
K = 45: HR = 0.2629, NDCG = 0.0847 AUC = 0.9053
K = 46: HR = 0.2666, NDCG = 0.0854 AUC = 0.9053
K = 47: HR = 0.2700, NDCG = 0.0860 AUC = 0.9053
K = 48: HR = 0.2737, NDCG = 0.0866 AUC = 0.9053
K = 49: HR = 0.2768, NDCG = 0.0872 AUC = 0.9053
K = 50: HR = 0.2806, NDCG = 0.0879 AUC = 0.9053
K = 51: HR = 0.2829, NDCG = 0.0883 AUC = 0.9053
K = 52: HR = 0.2861, NDCG = 0.0888 AUC = 0.9053
K = 53: HR = 0.2891, NDCG = 0.0893 AUC = 0.9053
K = 54: HR = 0.2925, NDCG = 0.0900 AUC = 0.9053
K = 55: HR = 0.2965, NDCG = 0.0906 AUC = 0.9053
K = 56: HR = 0.3003, NDCG = 0.0913 AUC = 0.9053
K = 57: HR = 0.3026, NDCG = 0.0917 AUC = 0.9053
K = 58: HR = 0.3050, NDCG = 0.0921 AUC = 0.9053
K = 59: HR = 0.3083, NDCG = 0.0926 AUC = 0.9053
K = 60: HR = 0.3114, NDCG = 0.0932 AUC = 0.9053
K = 61: HR = 0.3127, NDCG = 0.0934 AUC = 0.9053
K = 62: HR = 0.3149, NDCG = 0.0938 AUC = 0.9053
K = 63: HR = 0.3180, NDCG = 0.0943 AUC = 0.9053
K = 64: HR = 0.3222, NDCG = 0.0950 AUC = 0.9053
K = 65: HR = 0.3248, NDCG = 0.0954 AUC = 0.9053
K = 66: HR = 0.3268, NDCG = 0.0957 AUC = 0.9053
K = 67: HR = 0.3298, NDCG = 0.0962 AUC = 0.9053
K = 68: HR = 0.3336, NDCG = 0.0968 AUC = 0.9053
K = 69: HR = 0.3366, NDCG = 0.0973 AUC = 0.9053
K = 70: HR = 0.3389, NDCG = 0.0977 AUC = 0.9053
K = 71: HR = 0.3422, NDCG = 0.0982 AUC = 0.9053
K = 72: HR = 0.3449, NDCG = 0.0987 AUC = 0.9053
K = 73: HR = 0.3474, NDCG = 0.0991 AUC = 0.9053
K = 74: HR = 0.3493, NDCG = 0.0994 AUC = 0.9053
K = 75: HR = 0.3528, NDCG = 0.0999 AUC = 0.9053
K = 76: HR = 0.3548, NDCG = 0.1003 AUC = 0.9053
K = 77: HR = 0.3586, NDCG = 0.1009 AUC = 0.9053
K = 78: HR = 0.3623, NDCG = 0.1014 AUC = 0.9053
K = 79: HR = 0.3644, NDCG = 0.1018 AUC = 0.9053
K = 80: HR = 0.3667, NDCG = 0.1022 AUC = 0.9053
K = 81: HR = 0.3682, NDCG = 0.1024 AUC = 0.9053
K = 82: HR = 0.3692, NDCG = 0.1025 AUC = 0.9053
K = 83: HR = 0.3732, NDCG = 0.1032 AUC = 0.9053
K = 84: HR = 0.3760, NDCG = 0.1036 AUC = 0.9053
K = 85: HR = 0.3772, NDCG = 0.1038 AUC = 0.9053
K = 86: HR = 0.3801, NDCG = 0.1042 AUC = 0.9053
K = 87: HR = 0.3828, NDCG = 0.1047 AUC = 0.9053
K = 88: HR = 0.3858, NDCG = 0.1051 AUC = 0.9053
K = 89: HR = 0.3873, NDCG = 0.1053 AUC = 0.9053
K = 90: HR = 0.3899, NDCG = 0.1058 AUC = 0.9053
K = 91: HR = 0.3916, NDCG = 0.1060 AUC = 0.9053
K = 92: HR = 0.3937, NDCG = 0.1063 AUC = 0.9053
K = 93: HR = 0.3969, NDCG = 0.1068 AUC = 0.9053
K = 94: HR = 0.3985, NDCG = 0.1071 AUC = 0.9053
K = 95: HR = 0.4010, NDCG = 0.1074 AUC = 0.9053
K = 96: HR = 0.4026, NDCG = 0.1077 AUC = 0.9053
K = 97: HR = 0.4040, NDCG = 0.1079 AUC = 0.9053
K = 98: HR = 0.4058, NDCG = 0.1082 AUC = 0.9053
K = 99: HR = 0.4098, NDCG = 0.1088 AUC = 0.9053
K = 100: HR = 0.4123, NDCG = 0.1091 AUC = 0.9053
