Initialize SASREC
Epoch 0 [40.9s + 0.0s]: HR = 0.2051, NDCG = 0.0459 ACC = 1.3460 ACC_adv = 1.3460 [49.7s], |P|=0.00, |Q|=0.00
Epoch 20 [24.6s + 0.0s]: HR = 0.3382, NDCG = 0.0864 ACC = 0.8157 ACC_adv = 0.8157 [47.9s], |P|=0.00, |Q|=0.00
Epoch 40 [24.8s + 0.0s]: HR = 0.4780, NDCG = 0.1339 ACC = 0.6537 ACC_adv = 0.6537 [48.2s], |P|=0.00, |Q|=0.00
Epoch 60 [24.6s + 0.0s]: HR = 0.5329, NDCG = 0.1558 ACC = 0.5979 ACC_adv = 0.5979 [48.1s], |P|=0.00, |Q|=0.00
Epoch 80 [24.6s + 0.0s]: HR = 0.5565, NDCG = 0.1650 ACC = 0.5573 ACC_adv = 0.5573 [48.1s], |P|=0.00, |Q|=0.00
Epoch 100 [24.8s + 0.0s]: HR = 0.5803, NDCG = 0.1717 ACC = 0.5306 ACC_adv = 0.5306 [48.4s], |P|=0.00, |Q|=0.00
Epoch 120 [24.8s + 0.0s]: HR = 0.5882, NDCG = 0.1788 ACC = 0.5155 ACC_adv = 0.5155 [49.7s], |P|=0.00, |Q|=0.00
Epoch 140 [24.6s + 0.0s]: HR = 0.6008, NDCG = 0.1818 ACC = 0.5057 ACC_adv = 0.5057 [52.3s], |P|=0.00, |Q|=0.00
Epoch 160 [24.6s + 0.0s]: HR = 0.6010, NDCG = 0.1830 ACC = 0.4920 ACC_adv = 0.4920 [48.7s], |P|=0.00, |Q|=0.00
Epoch 180 [24.6s + 0.0s]: HR = 0.6046, NDCG = 0.1845 ACC = 0.4814 ACC_adv = 0.4814 [48.3s], |P|=0.00, |Q|=0.00
Epoch 200 [24.7s + 0.0s]: HR = 0.6109, NDCG = 0.1853 ACC = 0.4808 ACC_adv = 0.4808 [48.4s], |P|=0.00, |Q|=0.00
Epoch 220 [24.6s + 0.0s]: HR = 0.6076, NDCG = 0.1868 ACC = 0.4675 ACC_adv = 0.4675 [48.5s], |P|=0.00, |Q|=0.00
Epoch 240 [24.7s + 0.0s]: HR = 0.6157, NDCG = 0.1881 ACC = 0.4674 ACC_adv = 0.4674 [48.6s], |P|=0.00, |Q|=0.00
Epoch 260 [24.7s + 0.0s]: HR = 0.6139, NDCG = 0.1860 ACC = 0.4634 ACC_adv = 0.4634 [48.9s], |P|=0.00, |Q|=0.00
Epoch 280 [24.8s + 0.0s]: HR = 0.6144, NDCG = 0.1889 ACC = 0.4611 ACC_adv = 0.4611 [49.1s], |P|=0.00, |Q|=0.00
Epoch 300 [24.7s + 0.0s]: HR = 0.6174, NDCG = 0.1884 ACC = 0.4534 ACC_adv = 0.4534 [48.8s], |P|=0.00, |Q|=0.00
Epoch 320 [24.7s + 0.0s]: HR = 0.6172, NDCG = 0.1884 ACC = 0.4530 ACC_adv = 0.4530 [52.5s], |P|=0.00, |Q|=0.00
Epoch 340 [24.8s + 0.0s]: HR = 0.6147, NDCG = 0.1879 ACC = 0.4502 ACC_adv = 0.4502 [49.0s], |P|=0.00, |Q|=0.00
Epoch 360 [24.9s + 0.0s]: HR = 0.6185, NDCG = 0.1895 ACC = 0.4446 ACC_adv = 0.4446 [49.1s], |P|=0.00, |Q|=0.00
Epoch 380 [24.8s + 0.0s]: HR = 0.6189, NDCG = 0.1876 ACC = 0.4438 ACC_adv = 0.4438 [48.9s], |P|=0.00, |Q|=0.00
Epoch 400 [24.8s + 0.0s]: HR = 0.6167, NDCG = 0.1869 ACC = 0.4410 ACC_adv = 0.4410 [48.7s], |P|=0.00, |Q|=0.00
Epoch 420 [24.8s + 0.0s]: HR = 0.6182, NDCG = 0.1883 ACC = 0.4416 ACC_adv = 0.4416 [49.4s], |P|=0.00, |Q|=0.00
Epoch 440 [24.7s + 0.0s]: HR = 0.6136, NDCG = 0.1878 ACC = 0.4396 ACC_adv = 0.4396 [49.4s], |P|=0.00, |Q|=0.00
Epoch 460 [24.7s + 0.0s]: HR = 0.6162, NDCG = 0.1876 ACC = 0.4372 ACC_adv = 0.4372 [48.9s], |P|=0.00, |Q|=0.00
Epoch 480 [24.7s + 0.0s]: HR = 0.6195, NDCG = 0.1882 ACC = 0.4355 ACC_adv = 0.4355 [49.2s], |P|=0.00, |Q|=0.00
Epoch 500 [24.7s + 0.0s]: HR = 0.6162, NDCG = 0.1875 ACC = 0.4333 ACC_adv = 0.4333 [48.8s], |P|=0.00, |Q|=0.00
Epoch 520 [24.7s + 0.0s]: HR = 0.6169, NDCG = 0.1887 ACC = 0.4315 ACC_adv = 0.4315 [48.6s], |P|=0.00, |Q|=0.00
Epoch 540 [24.7s + 0.0s]: HR = 0.6187, NDCG = 0.1871 ACC = 0.4345 ACC_adv = 0.4345 [48.9s], |P|=0.00, |Q|=0.00
Epoch 560 [24.8s + 0.0s]: HR = 0.6189, NDCG = 0.1880 ACC = 0.4330 ACC_adv = 0.4330 [49.2s], |P|=0.00, |Q|=0.00
Epoch 580 [24.9s + 0.0s]: HR = 0.6180, NDCG = 0.1881 ACC = 0.4306 ACC_adv = 0.4306 [48.9s], |P|=0.00, |Q|=0.00
Epoch 600 [24.7s + 0.0s]: HR = 0.6195, NDCG = 0.1887 ACC = 0.4248 ACC_adv = 0.4248 [50.3s], |P|=0.00, |Q|=0.00
Epoch 620 [24.7s + 0.0s]: HR = 0.6169, NDCG = 0.1879 ACC = 0.4314 ACC_adv = 0.4314 [49.2s], |P|=0.00, |Q|=0.00
Epoch 640 [24.7s + 0.0s]: HR = 0.6159, NDCG = 0.1858 ACC = 0.4284 ACC_adv = 0.4284 [49.1s], |P|=0.00, |Q|=0.00
Epoch 660 [24.7s + 0.0s]: HR = 0.6159, NDCG = 0.1851 ACC = 0.4280 ACC_adv = 0.4280 [48.8s], |P|=0.00, |Q|=0.00
Epoch 680 [24.7s + 0.0s]: HR = 0.6156, NDCG = 0.1863 ACC = 0.4266 ACC_adv = 0.4266 [49.2s], |P|=0.00, |Q|=0.00
Epoch 700 [24.7s + 0.0s]: HR = 0.6180, NDCG = 0.1860 ACC = 0.4252 ACC_adv = 0.4252 [48.8s], |P|=0.00, |Q|=0.00
Epoch 720 [24.7s + 0.0s]: HR = 0.6162, NDCG = 0.1850 ACC = 0.4265 ACC_adv = 0.4265 [48.7s], |P|=0.00, |Q|=0.00
Epoch 740 [24.7s + 0.0s]: HR = 0.6209, NDCG = 0.1874 ACC = 0.4263 ACC_adv = 0.4263 [48.4s], |P|=0.00, |Q|=0.00
Epoch 760 [24.7s + 0.0s]: HR = 0.6175, NDCG = 0.1877 ACC = 0.4225 ACC_adv = 0.4225 [50.0s], |P|=0.00, |Q|=0.00
Epoch 780 [25.0s + 0.0s]: HR = 0.6139, NDCG = 0.1850 ACC = 0.4226 ACC_adv = 0.4226 [49.9s], |P|=0.00, |Q|=0.00
Epoch 800 [24.9s + 0.0s]: HR = 0.6180, NDCG = 0.1860 ACC = 0.4220 ACC_adv = 0.4220 [49.7s], |P|=0.00, |Q|=0.00
Epoch 820 [24.7s + 0.0s]: HR = 0.6187, NDCG = 0.1868 ACC = 0.4203 ACC_adv = 0.4203 [49.3s], |P|=0.00, |Q|=0.00
Epoch 840 [25.0s + 0.0s]: HR = 0.6180, NDCG = 0.1868 ACC = 0.4256 ACC_adv = 0.4256 [49.6s], |P|=0.00, |Q|=0.00
Epoch 860 [25.0s + 0.0s]: HR = 0.6227, NDCG = 0.1871 ACC = 0.4193 ACC_adv = 0.4193 [49.8s], |P|=0.00, |Q|=0.00
Epoch 880 [24.8s + 0.0s]: HR = 0.6167, NDCG = 0.1864 ACC = 0.4219 ACC_adv = 0.4219 [53.8s], |P|=0.00, |Q|=0.00
Epoch 900 [24.7s + 0.0s]: HR = 0.6171, NDCG = 0.1884 ACC = 0.4256 ACC_adv = 0.4256 [49.8s], |P|=0.00, |Q|=0.00
Epoch 920 [24.8s + 0.0s]: HR = 0.6180, NDCG = 0.1874 ACC = 0.4207 ACC_adv = 0.4207 [49.9s], |P|=0.00, |Q|=0.00
Epoch 940 [24.7s + 0.0s]: HR = 0.6189, NDCG = 0.1877 ACC = 0.4194 ACC_adv = 0.4194 [49.7s], |P|=0.00, |Q|=0.00
Epoch 960 [24.7s + 0.0s]: HR = 0.6182, NDCG = 0.1871 ACC = 0.4194 ACC_adv = 0.4194 [49.8s], |P|=0.00, |Q|=0.00
Epoch 980 [24.8s + 0.0s]: HR = 0.6166, NDCG = 0.1848 ACC = 0.4161 ACC_adv = 0.4161 [50.0s], |P|=0.00, |Q|=0.00
Initialize Adversarial_SASREC
Epoch 1000 [58.3s + 0.0s]: HR = 0.6222, NDCG = 0.1883 ACC = 3.2557 ACC_adv = 3.2557 [51.8s], |P|=0.00, |Q|=0.00
Epoch 1020 [44.1s + 0.0s]: HR = 0.6344, NDCG = 0.1967 ACC = 2.2358 ACC_adv = 2.2358 [49.8s], |P|=0.00, |Q|=0.00
Epoch 1040 [43.9s + 0.0s]: HR = 0.6311, NDCG = 0.1958 ACC = 1.8586 ACC_adv = 1.8586 [53.5s], |P|=0.00, |Q|=0.00
Epoch 1060 [43.9s + 0.0s]: HR = 0.6301, NDCG = 0.1975 ACC = 1.5954 ACC_adv = 1.5954 [49.8s], |P|=0.00, |Q|=0.00
Epoch 1080 [44.3s + 0.0s]: HR = 0.6275, NDCG = 0.1966 ACC = 1.4056 ACC_adv = 1.4056 [48.8s], |P|=0.00, |Q|=0.00
Epoch 1100 [43.9s + 0.0s]: HR = 0.6250, NDCG = 0.1943 ACC = 1.2860 ACC_adv = 1.2860 [49.6s], |P|=0.00, |Q|=0.00
Epoch 1120 [44.0s + 0.0s]: HR = 0.6202, NDCG = 0.1936 ACC = 1.2108 ACC_adv = 1.2108 [49.4s], |P|=0.00, |Q|=0.00
Epoch 1140 [43.8s + 0.0s]: HR = 0.6177, NDCG = 0.1896 ACC = 1.1795 ACC_adv = 1.1795 [49.4s], |P|=0.00, |Q|=0.00
Epoch 1160 [43.9s + 0.0s]: HR = 0.6121, NDCG = 0.1857 ACC = 1.1491 ACC_adv = 1.1491 [49.3s], |P|=0.00, |Q|=0.00
Epoch 1180 [44.0s + 0.0s]: HR = 0.6060, NDCG = 0.1834 ACC = 1.1389 ACC_adv = 1.1389 [49.8s], |P|=0.00, |Q|=0.00
Epoch 1200 [43.9s + 0.0s]: HR = 0.5987, NDCG = 0.1809 ACC = 1.1164 ACC_adv = 1.1164 [49.4s], |P|=0.00, |Q|=0.00
Epoch 1220 [43.9s + 0.0s]: HR = 0.5937, NDCG = 0.1789 ACC = 1.1062 ACC_adv = 1.1062 [49.5s], |P|=0.00, |Q|=0.00
Epoch 1240 [44.2s + 0.0s]: HR = 0.5950, NDCG = 0.1768 ACC = 1.1005 ACC_adv = 1.1005 [50.4s], |P|=0.00, |Q|=0.00
Epoch 1260 [44.2s + 0.0s]: HR = 0.5876, NDCG = 0.1740 ACC = 1.0798 ACC_adv = 1.0798 [54.1s], |P|=0.00, |Q|=0.00
Epoch 1280 [44.2s + 0.0s]: HR = 0.5897, NDCG = 0.1733 ACC = 1.0679 ACC_adv = 1.0679 [50.3s], |P|=0.00, |Q|=0.00
Epoch 1300 [44.3s + 0.0s]: HR = 0.5796, NDCG = 0.1699 ACC = 1.0687 ACC_adv = 1.0687 [50.6s], |P|=0.00, |Q|=0.00
Epoch 1320 [43.9s + 0.0s]: HR = 0.5773, NDCG = 0.1690 ACC = 1.0627 ACC_adv = 1.0627 [49.2s], |P|=0.00, |Q|=0.00
Epoch 1340 [44.2s + 0.0s]: HR = 0.5838, NDCG = 0.1720 ACC = 1.0453 ACC_adv = 1.0453 [51.0s], |P|=0.00, |Q|=0.00
Epoch 1360 [44.3s + 0.0s]: HR = 0.5705, NDCG = 0.1655 ACC = 1.0494 ACC_adv = 1.0494 [51.8s], |P|=0.00, |Q|=0.00
Epoch 1380 [44.3s + 0.0s]: HR = 0.5707, NDCG = 0.1650 ACC = 1.0325 ACC_adv = 1.0325 [51.5s], |P|=0.00, |Q|=0.00
Epoch 1400 [44.3s + 0.0s]: HR = 0.5641, NDCG = 0.1629 ACC = 1.0270 ACC_adv = 1.0270 [51.7s], |P|=0.00, |Q|=0.00
Epoch 1420 [44.4s + 0.0s]: HR = 0.5675, NDCG = 0.1643 ACC = 1.0238 ACC_adv = 1.0238 [51.8s], |P|=0.00, |Q|=0.00
Epoch 1440 [44.3s + 0.0s]: HR = 0.5644, NDCG = 0.1620 ACC = 1.0249 ACC_adv = 1.0249 [51.8s], |P|=0.00, |Q|=0.00
Epoch 1460 [44.4s + 0.0s]: HR = 0.5599, NDCG = 0.1599 ACC = 1.0119 ACC_adv = 1.0119 [52.0s], |P|=0.00, |Q|=0.00
Epoch 1480 [44.3s + 0.0s]: HR = 0.5608, NDCG = 0.1607 ACC = 1.0109 ACC_adv = 1.0109 [56.2s], |P|=0.00, |Q|=0.00
Epoch 1500 [44.2s + 0.0s]: HR = 0.5603, NDCG = 0.1605 ACC = 1.0052 ACC_adv = 1.0052 [52.2s], |P|=0.00, |Q|=0.00
Epoch 1520 [44.7s + 0.0s]: HR = 0.5619, NDCG = 0.1596 ACC = 0.9977 ACC_adv = 0.9977 [52.0s], |P|=0.00, |Q|=0.00
Epoch 1540 [44.4s + 0.0s]: HR = 0.5603, NDCG = 0.1593 ACC = 0.9948 ACC_adv = 0.9948 [52.5s], |P|=0.00, |Q|=0.00
Epoch 1560 [44.3s + 0.0s]: HR = 0.5558, NDCG = 0.1581 ACC = 0.9964 ACC_adv = 0.9964 [52.0s], |P|=0.00, |Q|=0.00
Epoch 1580 [44.5s + 0.0s]: HR = 0.5548, NDCG = 0.1569 ACC = 0.9943 ACC_adv = 0.9943 [53.1s], |P|=0.00, |Q|=0.00
Epoch 1600 [44.8s + 0.0s]: HR = 0.5526, NDCG = 0.1563 ACC = 0.9895 ACC_adv = 0.9895 [52.9s], |P|=0.00, |Q|=0.00
Epoch 1620 [44.4s + 0.0s]: HR = 0.5454, NDCG = 0.1546 ACC = 0.9817 ACC_adv = 0.9817 [52.5s], |P|=0.00, |Q|=0.00
Epoch 1640 [44.4s + 0.0s]: HR = 0.5478, NDCG = 0.1541 ACC = 0.9822 ACC_adv = 0.9822 [52.5s], |P|=0.00, |Q|=0.00
Epoch 1660 [44.2s + 0.0s]: HR = 0.5427, NDCG = 0.1519 ACC = 0.9826 ACC_adv = 0.9826 [52.1s], |P|=0.00, |Q|=0.00
Epoch 1680 [44.4s + 0.0s]: HR = 0.5430, NDCG = 0.1525 ACC = 0.9872 ACC_adv = 0.9872 [52.3s], |P|=0.00, |Q|=0.00
Epoch 1700 [44.2s + 0.0s]: HR = 0.5379, NDCG = 0.1500 ACC = 0.9834 ACC_adv = 0.9834 [52.1s], |P|=0.00, |Q|=0.00
Epoch 1720 [44.5s + 0.0s]: HR = 0.5442, NDCG = 0.1524 ACC = 0.9701 ACC_adv = 0.9701 [52.1s], |P|=0.00, |Q|=0.00
Epoch 1740 [44.3s + 0.0s]: HR = 0.5399, NDCG = 0.1499 ACC = 0.9743 ACC_adv = 0.9743 [51.9s], |P|=0.00, |Q|=0.00
Epoch 1760 [44.5s + 0.0s]: HR = 0.5430, NDCG = 0.1512 ACC = 0.9844 ACC_adv = 0.9844 [52.0s], |P|=0.00, |Q|=0.00
Epoch 1780 [44.3s + 0.0s]: HR = 0.5368, NDCG = 0.1483 ACC = 0.9681 ACC_adv = 0.9681 [51.8s], |P|=0.00, |Q|=0.00
Epoch 1800 [44.2s + 0.0s]: HR = 0.5391, NDCG = 0.1490 ACC = 0.9680 ACC_adv = 0.9680 [54.9s], |P|=0.00, |Q|=0.00
Epoch 1820 [44.2s + 0.0s]: HR = 0.5414, NDCG = 0.1503 ACC = 0.9579 ACC_adv = 0.9579 [51.0s], |P|=0.00, |Q|=0.00
Epoch 1840 [44.1s + 0.0s]: HR = 0.5374, NDCG = 0.1501 ACC = 0.9656 ACC_adv = 0.9656 [51.1s], |P|=0.00, |Q|=0.00
Epoch 1860 [45.1s + 0.0s]: HR = 0.5323, NDCG = 0.1476 ACC = 0.9621 ACC_adv = 0.9621 [52.3s], |P|=0.00, |Q|=0.00
Epoch 1880 [44.3s + 0.0s]: HR = 0.5336, NDCG = 0.1475 ACC = 0.9605 ACC_adv = 0.9605 [51.0s], |P|=0.00, |Q|=0.00
Epoch 1900 [44.3s + 0.0s]: HR = 0.5291, NDCG = 0.1460 ACC = 0.9558 ACC_adv = 0.9558 [50.8s], |P|=0.00, |Q|=0.00
Epoch 1920 [44.3s + 0.0s]: HR = 0.5295, NDCG = 0.1459 ACC = 0.9533 ACC_adv = 0.9533 [50.6s], |P|=0.00, |Q|=0.00
Epoch 1940 [44.0s + 0.0s]: HR = 0.5316, NDCG = 0.1463 ACC = 0.9520 ACC_adv = 0.9520 [50.6s], |P|=0.00, |Q|=0.00
Epoch 1960 [44.2s + 0.0s]: HR = 0.5260, NDCG = 0.1442 ACC = 0.9500 ACC_adv = 0.9500 [51.2s], |P|=0.00, |Q|=0.00
Epoch 1980 [44.2s + 0.0s]: HR = 0.5311, NDCG = 0.1464 ACC = 0.9564 ACC_adv = 0.9564 [51.2s], |P|=0.00, |Q|=0.00
Epoch 2000 [44.0s + 0.0s]: HR = 0.5268, NDCG = 0.1441 ACC = 0.9506 ACC_adv = 0.9506 [50.9s], |P|=0.00, |Q|=0.00
Epoch 1060 is the best epoch
K = 1: HR = 0.0412, NDCG = 0.0412 AUC = 0.9314
K = 2: HR = 0.0715, NDCG = 0.0603 AUC = 0.9314
K = 3: HR = 0.0932, NDCG = 0.0712 AUC = 0.9314
K = 4: HR = 0.1142, NDCG = 0.0802 AUC = 0.9314
K = 5: HR = 0.1389, NDCG = 0.0898 AUC = 0.9314
K = 6: HR = 0.1555, NDCG = 0.0957 AUC = 0.9314
K = 7: HR = 0.1704, NDCG = 0.1006 AUC = 0.9314
K = 8: HR = 0.1846, NDCG = 0.1051 AUC = 0.9314
K = 9: HR = 0.2000, NDCG = 0.1098 AUC = 0.9314
K = 10: HR = 0.2136, NDCG = 0.1137 AUC = 0.9314
K = 11: HR = 0.2270, NDCG = 0.1174 AUC = 0.9314
K = 12: HR = 0.2387, NDCG = 0.1206 AUC = 0.9314
K = 13: HR = 0.2503, NDCG = 0.1237 AUC = 0.9314
K = 14: HR = 0.2631, NDCG = 0.1269 AUC = 0.9314
K = 15: HR = 0.2727, NDCG = 0.1293 AUC = 0.9314
K = 16: HR = 0.2826, NDCG = 0.1318 AUC = 0.9314
K = 17: HR = 0.2909, NDCG = 0.1337 AUC = 0.9314
K = 18: HR = 0.3030, NDCG = 0.1366 AUC = 0.9314
K = 19: HR = 0.3121, NDCG = 0.1387 AUC = 0.9314
K = 20: HR = 0.3227, NDCG = 0.1411 AUC = 0.9314
K = 21: HR = 0.3311, NDCG = 0.1430 AUC = 0.9314
K = 22: HR = 0.3397, NDCG = 0.1449 AUC = 0.9314
K = 23: HR = 0.3472, NDCG = 0.1465 AUC = 0.9314
K = 24: HR = 0.3555, NDCG = 0.1483 AUC = 0.9314
K = 25: HR = 0.3652, NDCG = 0.1504 AUC = 0.9314
K = 26: HR = 0.3732, NDCG = 0.1521 AUC = 0.9314
K = 27: HR = 0.3795, NDCG = 0.1534 AUC = 0.9314
K = 28: HR = 0.3864, NDCG = 0.1548 AUC = 0.9314
K = 29: HR = 0.3937, NDCG = 0.1563 AUC = 0.9314
K = 30: HR = 0.4002, NDCG = 0.1576 AUC = 0.9314
K = 31: HR = 0.4065, NDCG = 0.1588 AUC = 0.9314
K = 32: HR = 0.4129, NDCG = 0.1601 AUC = 0.9314
K = 33: HR = 0.4175, NDCG = 0.1610 AUC = 0.9314
K = 34: HR = 0.4238, NDCG = 0.1623 AUC = 0.9314
K = 35: HR = 0.4306, NDCG = 0.1636 AUC = 0.9314
K = 36: HR = 0.4369, NDCG = 0.1648 AUC = 0.9314
K = 37: HR = 0.4422, NDCG = 0.1658 AUC = 0.9314
K = 38: HR = 0.4464, NDCG = 0.1666 AUC = 0.9314
K = 39: HR = 0.4517, NDCG = 0.1676 AUC = 0.9314
K = 40: HR = 0.4576, NDCG = 0.1687 AUC = 0.9314
K = 41: HR = 0.4619, NDCG = 0.1695 AUC = 0.9314
K = 42: HR = 0.4664, NDCG = 0.1703 AUC = 0.9314
K = 43: HR = 0.4720, NDCG = 0.1713 AUC = 0.9314
K = 44: HR = 0.4762, NDCG = 0.1721 AUC = 0.9314
K = 45: HR = 0.4795, NDCG = 0.1727 AUC = 0.9314
K = 46: HR = 0.4846, NDCG = 0.1736 AUC = 0.9314
K = 47: HR = 0.4884, NDCG = 0.1743 AUC = 0.9314
K = 48: HR = 0.4917, NDCG = 0.1749 AUC = 0.9314
K = 49: HR = 0.4960, NDCG = 0.1756 AUC = 0.9314
K = 50: HR = 0.4993, NDCG = 0.1762 AUC = 0.9314
K = 51: HR = 0.5036, NDCG = 0.1770 AUC = 0.9314
K = 52: HR = 0.5089, NDCG = 0.1779 AUC = 0.9314
K = 53: HR = 0.5116, NDCG = 0.1784 AUC = 0.9314
K = 54: HR = 0.5161, NDCG = 0.1791 AUC = 0.9314
K = 55: HR = 0.5192, NDCG = 0.1797 AUC = 0.9314
K = 56: HR = 0.5214, NDCG = 0.1801 AUC = 0.9314
K = 57: HR = 0.5248, NDCG = 0.1807 AUC = 0.9314
K = 58: HR = 0.5272, NDCG = 0.1810 AUC = 0.9314
K = 59: HR = 0.5310, NDCG = 0.1817 AUC = 0.9314
K = 60: HR = 0.5341, NDCG = 0.1822 AUC = 0.9314
K = 61: HR = 0.5361, NDCG = 0.1826 AUC = 0.9314
K = 62: HR = 0.5391, NDCG = 0.1831 AUC = 0.9314
K = 63: HR = 0.5427, NDCG = 0.1837 AUC = 0.9314
K = 64: HR = 0.5452, NDCG = 0.1841 AUC = 0.9314
K = 65: HR = 0.5478, NDCG = 0.1845 AUC = 0.9314
K = 66: HR = 0.5512, NDCG = 0.1851 AUC = 0.9314
K = 67: HR = 0.5522, NDCG = 0.1852 AUC = 0.9314
K = 68: HR = 0.5541, NDCG = 0.1855 AUC = 0.9314
K = 69: HR = 0.5575, NDCG = 0.1861 AUC = 0.9314
K = 70: HR = 0.5604, NDCG = 0.1866 AUC = 0.9314
K = 71: HR = 0.5634, NDCG = 0.1871 AUC = 0.9314
K = 72: HR = 0.5657, NDCG = 0.1874 AUC = 0.9314
K = 73: HR = 0.5690, NDCG = 0.1880 AUC = 0.9314
K = 74: HR = 0.5724, NDCG = 0.1885 AUC = 0.9314
K = 75: HR = 0.5747, NDCG = 0.1889 AUC = 0.9314
K = 76: HR = 0.5765, NDCG = 0.1892 AUC = 0.9314
K = 77: HR = 0.5796, NDCG = 0.1897 AUC = 0.9314
K = 78: HR = 0.5829, NDCG = 0.1902 AUC = 0.9314
K = 79: HR = 0.5854, NDCG = 0.1906 AUC = 0.9314
K = 80: HR = 0.5891, NDCG = 0.1911 AUC = 0.9314
K = 81: HR = 0.5914, NDCG = 0.1915 AUC = 0.9314
K = 82: HR = 0.5940, NDCG = 0.1919 AUC = 0.9314
K = 83: HR = 0.5969, NDCG = 0.1924 AUC = 0.9314
K = 84: HR = 0.5990, NDCG = 0.1927 AUC = 0.9314
K = 85: HR = 0.6007, NDCG = 0.1930 AUC = 0.9314
K = 86: HR = 0.6026, NDCG = 0.1933 AUC = 0.9314
K = 87: HR = 0.6041, NDCG = 0.1935 AUC = 0.9314
K = 88: HR = 0.6071, NDCG = 0.1940 AUC = 0.9314
K = 89: HR = 0.6083, NDCG = 0.1941 AUC = 0.9314
K = 90: HR = 0.6103, NDCG = 0.1944 AUC = 0.9314
K = 91: HR = 0.6124, NDCG = 0.1948 AUC = 0.9314
K = 92: HR = 0.6147, NDCG = 0.1951 AUC = 0.9314
K = 93: HR = 0.6166, NDCG = 0.1954 AUC = 0.9314
K = 94: HR = 0.6185, NDCG = 0.1957 AUC = 0.9314
K = 95: HR = 0.6204, NDCG = 0.1960 AUC = 0.9314
K = 96: HR = 0.6224, NDCG = 0.1963 AUC = 0.9314
K = 97: HR = 0.6242, NDCG = 0.1966 AUC = 0.9314
K = 98: HR = 0.6260, NDCG = 0.1968 AUC = 0.9314
K = 99: HR = 0.6281, NDCG = 0.1972 AUC = 0.9314
K = 100: HR = 0.6301, NDCG = 0.1975 AUC = 0.9314
