ml-1m-sort_bpr_d64_2020_01_24_12_47_14
Initialize MF_BPR
Epoch 0 [33.6s + 8.9s]: HR = 0.1972, NDCG = 0.0456 ACC = 0.5004 ACC_adv = 0.8783 [12.7s], |P|=97.17, |Q|=92.01
Epoch 20 [36.6s + 8.2s]: HR = 0.3591, NDCG = 0.0907 ACC = 0.9358 ACC_adv = 0.9416 [12.2s], |P|=185.73, |Q|=163.72
Epoch 40 [36.9s + 8.3s]: HR = 0.3858, NDCG = 0.0982 ACC = 0.9454 ACC_adv = 0.9495 [12.2s], |P|=208.51, |Q|=184.60
Epoch 60 [37.6s + 8.3s]: HR = 0.4040, NDCG = 0.1030 ACC = 0.9523 ACC_adv = 0.9555 [12.7s], |P|=224.13, |Q|=199.36
Epoch 80 [38.0s + 8.3s]: HR = 0.4055, NDCG = 0.1036 ACC = 0.9552 ACC_adv = 0.9581 [12.2s], |P|=236.15, |Q|=210.79
Epoch 100 [38.7s + 8.4s]: HR = 0.4076, NDCG = 0.1049 ACC = 0.9579 ACC_adv = 0.9604 [12.2s], |P|=245.94, |Q|=220.09
Epoch 120 [38.9s + 8.2s]: HR = 0.4123, NDCG = 0.1060 ACC = 0.9606 ACC_adv = 0.9628 [12.2s], |P|=254.24, |Q|=227.90
Epoch 140 [39.2s + 8.2s]: HR = 0.4159, NDCG = 0.1071 ACC = 0.9627 ACC_adv = 0.9647 [12.7s], |P|=261.39, |Q|=234.60
Epoch 160 [40.0s + 8.3s]: HR = 0.4141, NDCG = 0.1072 ACC = 0.9636 ACC_adv = 0.9655 [12.3s], |P|=267.64, |Q|=240.44
Epoch 180 [40.7s + 8.3s]: HR = 0.4119, NDCG = 0.1067 ACC = 0.9645 ACC_adv = 0.9663 [12.2s], |P|=273.19, |Q|=245.60
Epoch 200 [40.6s + 8.2s]: HR = 0.4132, NDCG = 0.1069 ACC = 0.9656 ACC_adv = 0.9673 [12.2s], |P|=278.17, |Q|=250.22
Epoch 220 [41.3s + 8.3s]: HR = 0.4129, NDCG = 0.1069 ACC = 0.9655 ACC_adv = 0.9671 [14.0s], |P|=282.65, |Q|=254.37
Epoch 240 [41.6s + 8.3s]: HR = 0.4159, NDCG = 0.1073 ACC = 0.9668 ACC_adv = 0.9684 [12.2s], |P|=286.74, |Q|=258.16
Epoch 260 [41.5s + 8.2s]: HR = 0.4171, NDCG = 0.1076 ACC = 0.9674 ACC_adv = 0.9688 [12.2s], |P|=290.47, |Q|=261.60
Epoch 280 [42.4s + 8.3s]: HR = 0.4161, NDCG = 0.1074 ACC = 0.9680 ACC_adv = 0.9693 [12.8s], |P|=293.90, |Q|=264.77
Epoch 300 [42.6s + 8.2s]: HR = 0.4142, NDCG = 0.1072 ACC = 0.9686 ACC_adv = 0.9699 [12.2s], |P|=297.08, |Q|=267.69
Epoch 320 [42.9s + 8.2s]: HR = 0.4154, NDCG = 0.1074 ACC = 0.9690 ACC_adv = 0.9703 [12.2s], |P|=300.03, |Q|=270.42
Epoch 340 [44.2s + 8.3s]: HR = 0.4134, NDCG = 0.1073 ACC = 0.9686 ACC_adv = 0.9699 [12.3s], |P|=302.80, |Q|=272.96
Epoch 360 [43.7s + 8.3s]: HR = 0.4123, NDCG = 0.1068 ACC = 0.9690 ACC_adv = 0.9702 [12.8s], |P|=305.38, |Q|=275.34
Epoch 380 [44.2s + 8.4s]: HR = 0.4113, NDCG = 0.1065 ACC = 0.9692 ACC_adv = 0.9704 [12.2s], |P|=307.80, |Q|=277.56
Epoch 400 [44.7s + 8.3s]: HR = 0.4149, NDCG = 0.1071 ACC = 0.9691 ACC_adv = 0.9703 [12.2s], |P|=310.09, |Q|=279.66
Epoch 420 [44.7s + 8.3s]: HR = 0.4142, NDCG = 0.1075 ACC = 0.9698 ACC_adv = 0.9710 [12.2s], |P|=312.23, |Q|=281.63
Epoch 440 [45.4s + 8.3s]: HR = 0.4124, NDCG = 0.1071 ACC = 0.9696 ACC_adv = 0.9707 [12.7s], |P|=314.29, |Q|=283.51
Epoch 460 [45.4s + 8.2s]: HR = 0.4111, NDCG = 0.1070 ACC = 0.9698 ACC_adv = 0.9710 [12.2s], |P|=316.23, |Q|=285.30
Epoch 480 [46.2s + 8.4s]: HR = 0.4108, NDCG = 0.1065 ACC = 0.9701 ACC_adv = 0.9711 [12.2s], |P|=318.09, |Q|=286.99
Epoch 500 [46.3s + 8.2s]: HR = 0.4113, NDCG = 0.1068 ACC = 0.9706 ACC_adv = 0.9716 [12.2s], |P|=319.87, |Q|=288.62
Epoch 520 [46.7s + 8.3s]: HR = 0.4129, NDCG = 0.1064 ACC = 0.9700 ACC_adv = 0.9709 [13.1s], |P|=321.55, |Q|=290.18
Epoch 540 [47.1s + 8.2s]: HR = 0.4131, NDCG = 0.1069 ACC = 0.9703 ACC_adv = 0.9713 [12.2s], |P|=323.17, |Q|=291.66
Epoch 560 [48.0s + 8.3s]: HR = 0.4118, NDCG = 0.1066 ACC = 0.9706 ACC_adv = 0.9715 [12.2s], |P|=324.72, |Q|=293.09
Epoch 580 [48.2s + 8.2s]: HR = 0.4121, NDCG = 0.1066 ACC = 0.9708 ACC_adv = 0.9716 [12.7s], |P|=326.21, |Q|=294.46
Epoch 600 [48.7s + 8.3s]: HR = 0.4127, NDCG = 0.1068 ACC = 0.9709 ACC_adv = 0.9717 [12.2s], |P|=327.65, |Q|=295.78
Epoch 620 [49.5s + 8.3s]: HR = 0.4119, NDCG = 0.1068 ACC = 0.9709 ACC_adv = 0.9718 [12.2s], |P|=329.03, |Q|=297.05
Epoch 640 [49.3s + 8.3s]: HR = 0.4099, NDCG = 0.1069 ACC = 0.9709 ACC_adv = 0.9718 [12.2s], |P|=330.36, |Q|=298.28
Epoch 660 [51.1s + 8.3s]: HR = 0.4093, NDCG = 0.1063 ACC = 0.9708 ACC_adv = 0.9717 [13.3s], |P|=331.65, |Q|=299.46
Epoch 680 [50.4s + 8.4s]: HR = 0.4124, NDCG = 0.1068 ACC = 0.9707 ACC_adv = 0.9715 [12.3s], |P|=332.91, |Q|=300.61
Epoch 700 [52.1s + 8.4s]: HR = 0.4114, NDCG = 0.1064 ACC = 0.9709 ACC_adv = 0.9716 [12.2s], |P|=334.11, |Q|=301.72
Epoch 720 [51.4s + 8.3s]: HR = 0.4132, NDCG = 0.1066 ACC = 0.9711 ACC_adv = 0.9719 [12.2s], |P|=335.28, |Q|=302.80
Epoch 740 [53.2s + 8.6s]: HR = 0.4113, NDCG = 0.1066 ACC = 0.9715 ACC_adv = 0.9722 [13.3s], |P|=336.41, |Q|=303.85
Epoch 760 [53.4s + 8.8s]: HR = 0.4109, NDCG = 0.1069 ACC = 0.9719 ACC_adv = 0.9726 [12.3s], |P|=337.52, |Q|=304.86
Epoch 780 [54.2s + 8.7s]: HR = 0.4099, NDCG = 0.1069 ACC = 0.9712 ACC_adv = 0.9720 [12.2s], |P|=338.59, |Q|=305.85
Epoch 800 [54.2s + 8.9s]: HR = 0.4114, NDCG = 0.1068 ACC = 0.9716 ACC_adv = 0.9724 [14.0s], |P|=339.64, |Q|=306.81
Epoch 820 [55.0s + 8.9s]: HR = 0.4109, NDCG = 0.1065 ACC = 0.9713 ACC_adv = 0.9721 [12.3s], |P|=340.65, |Q|=307.76
Epoch 840 [56.1s + 8.9s]: HR = 0.4094, NDCG = 0.1058 ACC = 0.9713 ACC_adv = 0.9721 [12.3s], |P|=341.65, |Q|=308.67
Epoch 860 [56.0s + 9.0s]: HR = 0.4094, NDCG = 0.1057 ACC = 0.9718 ACC_adv = 0.9725 [12.3s], |P|=342.61, |Q|=309.57
Epoch 880 [56.2s + 9.0s]: HR = 0.4078, NDCG = 0.1055 ACC = 0.9717 ACC_adv = 0.9725 [13.0s], |P|=343.55, |Q|=310.44
Epoch 900 [56.5s + 8.9s]: HR = 0.4111, NDCG = 0.1058 ACC = 0.9715 ACC_adv = 0.9723 [12.3s], |P|=344.47, |Q|=311.29
Epoch 920 [57.5s + 9.2s]: HR = 0.4098, NDCG = 0.1057 ACC = 0.9716 ACC_adv = 0.9723 [12.3s], |P|=345.37, |Q|=312.12
Epoch 940 [57.5s + 9.1s]: HR = 0.4071, NDCG = 0.1055 ACC = 0.9719 ACC_adv = 0.9725 [12.4s], |P|=346.25, |Q|=312.93
Epoch 960 [57.8s + 8.9s]: HR = 0.4086, NDCG = 0.1060 ACC = 0.9715 ACC_adv = 0.9723 [12.8s], |P|=347.11, |Q|=313.73
Epoch 980 [57.8s + 8.9s]: HR = 0.4073, NDCG = 0.1054 ACC = 0.9720 ACC_adv = 0.9726 [12.3s], |P|=347.95, |Q|=314.51
Epoch 1000 [58.6s + 9.1s]: HR = 0.4076, NDCG = 0.1057 ACC = 0.9723 ACC_adv = 0.9729 [12.3s], |P|=348.78, |Q|=315.28
Epoch 1020 [58.9s + 9.0s]: HR = 0.4091, NDCG = 0.1060 ACC = 0.9712 ACC_adv = 0.9719 [14.1s], |P|=349.59, |Q|=316.02
Epoch 1040 [59.3s + 9.5s]: HR = 0.4091, NDCG = 0.1063 ACC = 0.9720 ACC_adv = 0.9727 [12.4s], |P|=350.39, |Q|=316.76
Epoch 1060 [59.1s + 9.1s]: HR = 0.4104, NDCG = 0.1062 ACC = 0.9723 ACC_adv = 0.9729 [12.3s], |P|=351.16, |Q|=317.47
Epoch 1080 [59.8s + 9.1s]: HR = 0.4099, NDCG = 0.1056 ACC = 0.9721 ACC_adv = 0.9728 [12.3s], |P|=351.92, |Q|=318.17
Epoch 1100 [59.7s + 9.5s]: HR = 0.4081, NDCG = 0.1056 ACC = 0.9720 ACC_adv = 0.9727 [13.9s], |P|=352.66, |Q|=318.86
Epoch 1120 [60.0s + 9.3s]: HR = 0.4071, NDCG = 0.1051 ACC = 0.9721 ACC_adv = 0.9727 [12.3s], |P|=353.40, |Q|=319.54
Epoch 1140 [60.2s + 9.4s]: HR = 0.4096, NDCG = 0.1058 ACC = 0.9723 ACC_adv = 0.9729 [12.3s], |P|=354.12, |Q|=320.21
Epoch 1160 [59.7s + 9.4s]: HR = 0.4055, NDCG = 0.1051 ACC = 0.9724 ACC_adv = 0.9731 [12.3s], |P|=354.82, |Q|=320.87
Epoch 1180 [60.2s + 9.3s]: HR = 0.4073, NDCG = 0.1053 ACC = 0.9722 ACC_adv = 0.9729 [13.6s], |P|=355.51, |Q|=321.51
Epoch 1200 [60.8s + 9.9s]: HR = 0.4086, NDCG = 0.1054 ACC = 0.9719 ACC_adv = 0.9725 [12.3s], |P|=356.20, |Q|=322.15
Epoch 1220 [60.9s + 9.2s]: HR = 0.4063, NDCG = 0.1049 ACC = 0.9721 ACC_adv = 0.9727 [12.3s], |P|=356.88, |Q|=322.78
Epoch 1240 [60.9s + 11.1s]: HR = 0.4050, NDCG = 0.1047 ACC = 0.9721 ACC_adv = 0.9727 [12.9s], |P|=357.53, |Q|=323.39
Epoch 1260 [63.7s + 9.3s]: HR = 0.4061, NDCG = 0.1048 ACC = 0.9721 ACC_adv = 0.9727 [12.3s], |P|=358.19, |Q|=324.00
Epoch 1280 [63.2s + 10.1s]: HR = 0.4038, NDCG = 0.1045 ACC = 0.9722 ACC_adv = 0.9728 [12.3s], |P|=358.82, |Q|=324.60
Epoch 1300 [61.5s + 9.9s]: HR = 0.4056, NDCG = 0.1046 ACC = 0.9719 ACC_adv = 0.9725 [12.6s], |P|=359.46, |Q|=325.19
Epoch 1320 [62.2s + 10.1s]: HR = 0.4046, NDCG = 0.1045 ACC = 0.9719 ACC_adv = 0.9725 [13.7s], |P|=360.08, |Q|=325.77
Epoch 1340 [62.9s + 10.6s]: HR = 0.4053, NDCG = 0.1047 ACC = 0.9725 ACC_adv = 0.9731 [12.4s], |P|=360.69, |Q|=326.35
Epoch 1360 [62.4s + 10.3s]: HR = 0.4058, NDCG = 0.1051 ACC = 0.9724 ACC_adv = 0.9729 [12.3s], |P|=361.30, |Q|=326.92
Epoch 1380 [63.0s + 10.5s]: HR = 0.4071, NDCG = 0.1051 ACC = 0.9723 ACC_adv = 0.9729 [12.2s], |P|=361.89, |Q|=327.47
Epoch 1400 [63.4s + 10.7s]: HR = 0.4060, NDCG = 0.1045 ACC = 0.9725 ACC_adv = 0.9731 [13.9s], |P|=362.48, |Q|=328.02
Epoch 1420 [63.8s + 9.9s]: HR = 0.4055, NDCG = 0.1047 ACC = 0.9722 ACC_adv = 0.9728 [12.3s], |P|=363.06, |Q|=328.57
Epoch 1440 [78.2s + 9.7s]: HR = 0.4041, NDCG = 0.1043 ACC = 0.9725 ACC_adv = 0.9730 [12.4s], |P|=363.62, |Q|=329.09
Epoch 1460 [64.7s + 10.8s]: HR = 0.4035, NDCG = 0.1040 ACC = 0.9725 ACC_adv = 0.9731 [12.3s], |P|=364.18, |Q|=329.62
Epoch 1480 [64.8s + 10.2s]: HR = 0.4030, NDCG = 0.1044 ACC = 0.9723 ACC_adv = 0.9729 [13.6s], |P|=364.74, |Q|=330.13
Epoch 1500 [65.6s + 10.2s]: HR = 0.4033, NDCG = 0.1042 ACC = 0.9731 ACC_adv = 0.9736 [12.2s], |P|=365.28, |Q|=330.65
Epoch 1520 [65.4s + 10.5s]: HR = 0.4043, NDCG = 0.1046 ACC = 0.9723 ACC_adv = 0.9728 [12.3s], |P|=365.82, |Q|=331.16
Epoch 1540 [66.1s + 11.5s]: HR = 0.4033, NDCG = 0.1042 ACC = 0.9726 ACC_adv = 0.9731 [14.0s], |P|=366.35, |Q|=331.66
Epoch 1560 [67.2s + 10.2s]: HR = 0.4031, NDCG = 0.1040 ACC = 0.9721 ACC_adv = 0.9727 [12.3s], |P|=366.87, |Q|=332.15
Epoch 1580 [66.6s + 10.9s]: HR = 0.4055, NDCG = 0.1045 ACC = 0.9727 ACC_adv = 0.9733 [12.2s], |P|=367.39, |Q|=332.64
Epoch 1600 [66.0s + 11.0s]: HR = 0.4026, NDCG = 0.1040 ACC = 0.9725 ACC_adv = 0.9730 [12.2s], |P|=367.90, |Q|=333.13
Epoch 1620 [66.4s + 10.4s]: HR = 0.4025, NDCG = 0.1042 ACC = 0.9725 ACC_adv = 0.9731 [12.8s], |P|=368.41, |Q|=333.61
Epoch 1640 [67.0s + 9.9s]: HR = 0.4035, NDCG = 0.1045 ACC = 0.9729 ACC_adv = 0.9734 [12.2s], |P|=368.91, |Q|=334.08
Epoch 1660 [67.4s + 11.1s]: HR = 0.4031, NDCG = 0.1042 ACC = 0.9729 ACC_adv = 0.9734 [12.3s], |P|=369.41, |Q|=334.54
Epoch 1680 [67.8s + 10.6s]: HR = 0.4031, NDCG = 0.1043 ACC = 0.9725 ACC_adv = 0.9730 [12.4s], |P|=369.90, |Q|=335.00
Epoch 1700 [66.0s + 9.9s]: HR = 0.4025, NDCG = 0.1045 ACC = 0.9730 ACC_adv = 0.9735 [12.8s], |P|=370.38, |Q|=335.46
Epoch 1720 [67.0s + 9.8s]: HR = 0.4036, NDCG = 0.1042 ACC = 0.9727 ACC_adv = 0.9732 [12.3s], |P|=370.86, |Q|=335.91
Epoch 1740 [75.5s + 9.3s]: HR = 0.4026, NDCG = 0.1043 ACC = 0.9729 ACC_adv = 0.9734 [12.2s], |P|=371.33, |Q|=336.36
Epoch 1760 [78.5s + 9.6s]: HR = 0.4046, NDCG = 0.1043 ACC = 0.9724 ACC_adv = 0.9729 [19.2s], |P|=371.80, |Q|=336.80
Epoch 1780 [67.9s + 9.1s]: HR = 0.4026, NDCG = 0.1044 ACC = 0.9725 ACC_adv = 0.9730 [12.8s], |P|=372.26, |Q|=337.23
Epoch 1800 [84.6s + 10.7s]: HR = 0.4022, NDCG = 0.1040 ACC = 0.9730 ACC_adv = 0.9734 [12.2s], |P|=372.72, |Q|=337.67
Epoch 1820 [67.8s + 11.3s]: HR = 0.4038, NDCG = 0.1046 ACC = 0.9724 ACC_adv = 0.9730 [12.2s], |P|=373.18, |Q|=338.10
Epoch 1840 [68.6s + 9.2s]: HR = 0.4036, NDCG = 0.1047 ACC = 0.9731 ACC_adv = 0.9736 [12.8s], |P|=373.63, |Q|=338.52
Epoch 1860 [70.3s + 11.4s]: HR = 0.4038, NDCG = 0.1046 ACC = 0.9731 ACC_adv = 0.9736 [12.2s], |P|=374.07, |Q|=338.94
Epoch 1880 [70.8s + 10.7s]: HR = 0.4033, NDCG = 0.1045 ACC = 0.9726 ACC_adv = 0.9731 [12.2s], |P|=374.51, |Q|=339.36
Epoch 1900 [71.1s + 10.6s]: HR = 0.4035, NDCG = 0.1044 ACC = 0.9730 ACC_adv = 0.9735 [12.3s], |P|=374.95, |Q|=339.77
Epoch 1920 [71.8s + 9.3s]: HR = 0.4025, NDCG = 0.1042 ACC = 0.9729 ACC_adv = 0.9734 [14.1s], |P|=375.38, |Q|=340.18
Epoch 1940 [77.1s + 10.8s]: HR = 0.4033, NDCG = 0.1043 ACC = 0.9729 ACC_adv = 0.9734 [12.6s], |P|=375.81, |Q|=340.59
Epoch 1960 [67.7s + 10.6s]: HR = 0.4025, NDCG = 0.1044 ACC = 0.9731 ACC_adv = 0.9736 [12.2s], |P|=376.24, |Q|=340.99
Epoch 1980 [70.0s + 10.4s]: HR = 0.4033, NDCG = 0.1042 ACC = 0.9731 ACC_adv = 0.9736 [13.7s], |P|=376.66, |Q|=341.39
Epoch 2000 [69.3s + 10.7s]: HR = 0.4038, NDCG = 0.1046 ACC = 0.9730 ACC_adv = 0.9735 [12.2s], |P|=377.07, |Q|=341.79
Epoch 260 is the best epoch
K = 1: HR = 0.0136, NDCG = 0.0136 AUC = 0.9053
K = 2: HR = 0.0262, NDCG = 0.0215 AUC = 0.9053
K = 3: HR = 0.0373, NDCG = 0.0271 AUC = 0.9053
K = 4: HR = 0.0449, NDCG = 0.0303 AUC = 0.9053
K = 5: HR = 0.0533, NDCG = 0.0336 AUC = 0.9053
K = 6: HR = 0.0613, NDCG = 0.0364 AUC = 0.9053
K = 7: HR = 0.0679, NDCG = 0.0386 AUC = 0.9053
K = 8: HR = 0.0750, NDCG = 0.0409 AUC = 0.9053
K = 9: HR = 0.0820, NDCG = 0.0430 AUC = 0.9053
K = 10: HR = 0.0863, NDCG = 0.0442 AUC = 0.9053
K = 11: HR = 0.0924, NDCG = 0.0459 AUC = 0.9053
K = 12: HR = 0.0993, NDCG = 0.0478 AUC = 0.9053
K = 13: HR = 0.1088, NDCG = 0.0503 AUC = 0.9053
K = 14: HR = 0.1146, NDCG = 0.0518 AUC = 0.9053
K = 15: HR = 0.1219, NDCG = 0.0536 AUC = 0.9053
K = 16: HR = 0.1275, NDCG = 0.0550 AUC = 0.9053
K = 17: HR = 0.1326, NDCG = 0.0562 AUC = 0.9053
K = 18: HR = 0.1361, NDCG = 0.0570 AUC = 0.9053
K = 19: HR = 0.1401, NDCG = 0.0579 AUC = 0.9053
K = 20: HR = 0.1462, NDCG = 0.0593 AUC = 0.9053
K = 21: HR = 0.1517, NDCG = 0.0606 AUC = 0.9053
K = 22: HR = 0.1566, NDCG = 0.0617 AUC = 0.9053
K = 23: HR = 0.1613, NDCG = 0.0627 AUC = 0.9053
K = 24: HR = 0.1657, NDCG = 0.0636 AUC = 0.9053
K = 25: HR = 0.1724, NDCG = 0.0650 AUC = 0.9053
K = 26: HR = 0.1772, NDCG = 0.0661 AUC = 0.9053
K = 27: HR = 0.1813, NDCG = 0.0669 AUC = 0.9053
K = 28: HR = 0.1863, NDCG = 0.0679 AUC = 0.9053
K = 29: HR = 0.1916, NDCG = 0.0690 AUC = 0.9053
K = 30: HR = 0.1964, NDCG = 0.0700 AUC = 0.9053
K = 31: HR = 0.2002, NDCG = 0.0708 AUC = 0.9053
K = 32: HR = 0.2035, NDCG = 0.0714 AUC = 0.9053
K = 33: HR = 0.2081, NDCG = 0.0723 AUC = 0.9053
K = 34: HR = 0.2119, NDCG = 0.0731 AUC = 0.9053
K = 35: HR = 0.2164, NDCG = 0.0739 AUC = 0.9053
K = 36: HR = 0.2194, NDCG = 0.0745 AUC = 0.9053
K = 37: HR = 0.2253, NDCG = 0.0756 AUC = 0.9053
K = 38: HR = 0.2305, NDCG = 0.0766 AUC = 0.9053
K = 39: HR = 0.2343, NDCG = 0.0773 AUC = 0.9053
K = 40: HR = 0.2377, NDCG = 0.0780 AUC = 0.9053
K = 41: HR = 0.2417, NDCG = 0.0787 AUC = 0.9053
K = 42: HR = 0.2452, NDCG = 0.0793 AUC = 0.9053
K = 43: HR = 0.2492, NDCG = 0.0801 AUC = 0.9053
K = 44: HR = 0.2525, NDCG = 0.0807 AUC = 0.9053
K = 45: HR = 0.2546, NDCG = 0.0811 AUC = 0.9053
K = 46: HR = 0.2583, NDCG = 0.0817 AUC = 0.9053
K = 47: HR = 0.2623, NDCG = 0.0824 AUC = 0.9053
K = 48: HR = 0.2661, NDCG = 0.0831 AUC = 0.9053
K = 49: HR = 0.2705, NDCG = 0.0839 AUC = 0.9053
K = 50: HR = 0.2728, NDCG = 0.0843 AUC = 0.9053
K = 51: HR = 0.2772, NDCG = 0.0851 AUC = 0.9053
K = 52: HR = 0.2796, NDCG = 0.0855 AUC = 0.9053
K = 53: HR = 0.2826, NDCG = 0.0860 AUC = 0.9053
K = 54: HR = 0.2871, NDCG = 0.0868 AUC = 0.9053
K = 55: HR = 0.2901, NDCG = 0.0873 AUC = 0.9053
K = 56: HR = 0.2937, NDCG = 0.0879 AUC = 0.9053
K = 57: HR = 0.2969, NDCG = 0.0885 AUC = 0.9053
K = 58: HR = 0.3000, NDCG = 0.0890 AUC = 0.9053
K = 59: HR = 0.3022, NDCG = 0.0894 AUC = 0.9053
K = 60: HR = 0.3056, NDCG = 0.0900 AUC = 0.9053
K = 61: HR = 0.3093, NDCG = 0.0906 AUC = 0.9053
K = 62: HR = 0.3146, NDCG = 0.0915 AUC = 0.9053
K = 63: HR = 0.3172, NDCG = 0.0919 AUC = 0.9053
K = 64: HR = 0.3209, NDCG = 0.0925 AUC = 0.9053
K = 65: HR = 0.3237, NDCG = 0.0930 AUC = 0.9053
K = 66: HR = 0.3262, NDCG = 0.0934 AUC = 0.9053
K = 67: HR = 0.3296, NDCG = 0.0939 AUC = 0.9053
K = 68: HR = 0.3344, NDCG = 0.0947 AUC = 0.9053
K = 69: HR = 0.3381, NDCG = 0.0953 AUC = 0.9053
K = 70: HR = 0.3416, NDCG = 0.0959 AUC = 0.9053
K = 71: HR = 0.3444, NDCG = 0.0963 AUC = 0.9053
K = 72: HR = 0.3467, NDCG = 0.0967 AUC = 0.9053
K = 73: HR = 0.3487, NDCG = 0.0970 AUC = 0.9053
K = 74: HR = 0.3505, NDCG = 0.0973 AUC = 0.9053
K = 75: HR = 0.3531, NDCG = 0.0978 AUC = 0.9053
K = 76: HR = 0.3555, NDCG = 0.0981 AUC = 0.9053
K = 77: HR = 0.3584, NDCG = 0.0986 AUC = 0.9053
K = 78: HR = 0.3623, NDCG = 0.0992 AUC = 0.9053
K = 79: HR = 0.3639, NDCG = 0.0995 AUC = 0.9053
K = 80: HR = 0.3671, NDCG = 0.1000 AUC = 0.9053
K = 81: HR = 0.3687, NDCG = 0.1002 AUC = 0.9053
K = 82: HR = 0.3705, NDCG = 0.1005 AUC = 0.9053
K = 83: HR = 0.3738, NDCG = 0.1010 AUC = 0.9053
K = 84: HR = 0.3762, NDCG = 0.1014 AUC = 0.9053
K = 85: HR = 0.3775, NDCG = 0.1016 AUC = 0.9053
K = 86: HR = 0.3810, NDCG = 0.1021 AUC = 0.9053
K = 87: HR = 0.3844, NDCG = 0.1027 AUC = 0.9053
K = 88: HR = 0.3868, NDCG = 0.1030 AUC = 0.9053
K = 89: HR = 0.3899, NDCG = 0.1035 AUC = 0.9053
K = 90: HR = 0.3934, NDCG = 0.1040 AUC = 0.9053
K = 91: HR = 0.3954, NDCG = 0.1044 AUC = 0.9053
K = 92: HR = 0.3982, NDCG = 0.1048 AUC = 0.9053
K = 93: HR = 0.4008, NDCG = 0.1052 AUC = 0.9053
K = 94: HR = 0.4025, NDCG = 0.1054 AUC = 0.9053
K = 95: HR = 0.4053, NDCG = 0.1059 AUC = 0.9053
K = 96: HR = 0.4078, NDCG = 0.1062 AUC = 0.9053
K = 97: HR = 0.4104, NDCG = 0.1066 AUC = 0.9053
K = 98: HR = 0.4129, NDCG = 0.1070 AUC = 0.9053
K = 99: HR = 0.4151, NDCG = 0.1073 AUC = 0.9053
K = 100: HR = 0.4171, NDCG = 0.1076 AUC = 0.9053
