Initialize SASREC
Epoch 0 [56.0s + 0.0s]: HR = 0.0602, NDCG = 0.0140 ACC = 1.2338 ACC_adv = 1.2338 [252.7s], |P|=0.00, |Q|=0.00
Epoch 20 [51.2s + 0.0s]: HR = 0.2507, NDCG = 0.0592 ACC = 0.4352 ACC_adv = 0.4352 [246.3s], |P|=0.00, |Q|=0.00
Epoch 40 [51.4s + 0.0s]: HR = 0.2644, NDCG = 0.0626 ACC = 0.4134 ACC_adv = 0.4134 [247.2s], |P|=0.00, |Q|=0.00
Epoch 60 [51.6s + 0.0s]: HR = 0.2727, NDCG = 0.0646 ACC = 0.4022 ACC_adv = 0.4022 [247.5s], |P|=0.00, |Q|=0.00
Epoch 80 [50.8s + 0.0s]: HR = 0.2749, NDCG = 0.0652 ACC = 0.3966 ACC_adv = 0.3966 [247.4s], |P|=0.00, |Q|=0.00
Epoch 100 [52.7s + 0.0s]: HR = 0.2726, NDCG = 0.0648 ACC = 0.3920 ACC_adv = 0.3920 [252.7s], |P|=0.00, |Q|=0.00
Epoch 120 [51.8s + 0.0s]: HR = 0.2791, NDCG = 0.0669 ACC = 0.3876 ACC_adv = 0.3876 [250.1s], |P|=0.00, |Q|=0.00
Epoch 140 [52.8s + 0.0s]: HR = 0.2810, NDCG = 0.0671 ACC = 0.3862 ACC_adv = 0.3862 [253.2s], |P|=0.00, |Q|=0.00
Epoch 160 [52.8s + 0.0s]: HR = 0.2838, NDCG = 0.0681 ACC = 0.3839 ACC_adv = 0.3839 [252.6s], |P|=0.00, |Q|=0.00
Epoch 180 [51.8s + 0.0s]: HR = 0.2792, NDCG = 0.0665 ACC = 0.3808 ACC_adv = 0.3808 [250.3s], |P|=0.00, |Q|=0.00
Epoch 200 [51.8s + 0.0s]: HR = 0.2851, NDCG = 0.0689 ACC = 0.3817 ACC_adv = 0.3817 [248.1s], |P|=0.00, |Q|=0.00
Epoch 220 [51.6s + 0.0s]: HR = 0.2858, NDCG = 0.0687 ACC = 0.3794 ACC_adv = 0.3794 [253.4s], |P|=0.00, |Q|=0.00
Epoch 240 [51.0s + 0.0s]: HR = 0.2871, NDCG = 0.0689 ACC = 0.3781 ACC_adv = 0.3781 [249.6s], |P|=0.00, |Q|=0.00
Epoch 260 [50.5s + 0.0s]: HR = 0.2883, NDCG = 0.0698 ACC = 0.3770 ACC_adv = 0.3770 [245.1s], |P|=0.00, |Q|=0.00
Epoch 280 [50.4s + 0.0s]: HR = 0.2873, NDCG = 0.0691 ACC = 0.3758 ACC_adv = 0.3758 [245.4s], |P|=0.00, |Q|=0.00
Epoch 300 [50.2s + 0.0s]: HR = 0.2856, NDCG = 0.0683 ACC = 0.3760 ACC_adv = 0.3760 [247.8s], |P|=0.00, |Q|=0.00
Epoch 320 [50.5s + 0.0s]: HR = 0.2869, NDCG = 0.0688 ACC = 0.3745 ACC_adv = 0.3745 [248.3s], |P|=0.00, |Q|=0.00
Epoch 340 [50.3s + 0.0s]: HR = 0.2887, NDCG = 0.0694 ACC = 0.3734 ACC_adv = 0.3734 [245.9s], |P|=0.00, |Q|=0.00
Epoch 360 [50.3s + 0.0s]: HR = 0.2890, NDCG = 0.0696 ACC = 0.3736 ACC_adv = 0.3736 [244.2s], |P|=0.00, |Q|=0.00
Epoch 380 [48.8s + 0.0s]: HR = 0.2905, NDCG = 0.0697 ACC = 0.3724 ACC_adv = 0.3724 [242.1s], |P|=0.00, |Q|=0.00
Epoch 400 [48.9s + 0.0s]: HR = 0.2870, NDCG = 0.0687 ACC = 0.3722 ACC_adv = 0.3722 [243.4s], |P|=0.00, |Q|=0.00
Epoch 420 [48.8s + 0.0s]: HR = 0.2866, NDCG = 0.0684 ACC = 0.3724 ACC_adv = 0.3724 [244.0s], |P|=0.00, |Q|=0.00
Epoch 440 [48.9s + 0.0s]: HR = 0.2880, NDCG = 0.0694 ACC = 0.3709 ACC_adv = 0.3709 [245.9s], |P|=0.00, |Q|=0.00
Epoch 460 [49.1s + 0.0s]: HR = 0.2926, NDCG = 0.0703 ACC = 0.3715 ACC_adv = 0.3715 [244.8s], |P|=0.00, |Q|=0.00
Epoch 480 [48.7s + 0.0s]: HR = 0.2843, NDCG = 0.0681 ACC = 0.3711 ACC_adv = 0.3711 [249.9s], |P|=0.00, |Q|=0.00
Epoch 500 [48.9s + 0.0s]: HR = 0.2894, NDCG = 0.0692 ACC = 0.3690 ACC_adv = 0.3690 [244.6s], |P|=0.00, |Q|=0.00
Epoch 520 [49.2s + 0.0s]: HR = 0.2909, NDCG = 0.0695 ACC = 0.3706 ACC_adv = 0.3706 [247.3s], |P|=0.00, |Q|=0.00
Epoch 540 [49.7s + 0.0s]: HR = 0.2855, NDCG = 0.0683 ACC = 0.3695 ACC_adv = 0.3695 [259.4s], |P|=0.00, |Q|=0.00
Epoch 560 [51.0s + 0.0s]: HR = 0.2911, NDCG = 0.0699 ACC = 0.3697 ACC_adv = 0.3697 [267.7s], |P|=0.00, |Q|=0.00
Epoch 580 [49.3s + 0.0s]: HR = 0.2890, NDCG = 0.0696 ACC = 0.3693 ACC_adv = 0.3693 [250.2s], |P|=0.00, |Q|=0.00
Epoch 600 [49.2s + 0.0s]: HR = 0.2911, NDCG = 0.0695 ACC = 0.3701 ACC_adv = 0.3701 [256.2s], |P|=0.00, |Q|=0.00
Epoch 620 [49.1s + 0.0s]: HR = 0.2914, NDCG = 0.0691 ACC = 0.3696 ACC_adv = 0.3696 [252.3s], |P|=0.00, |Q|=0.00
Epoch 640 [48.4s + 0.0s]: HR = 0.2904, NDCG = 0.0692 ACC = 0.3689 ACC_adv = 0.3689 [297.6s], |P|=0.00, |Q|=0.00
Epoch 660 [65.1s + 0.0s]: HR = 0.2878, NDCG = 0.0688 ACC = 0.3692 ACC_adv = 0.3692 [346.4s], |P|=0.00, |Q|=0.00
Epoch 680 [65.5s + 0.0s]: HR = 0.2936, NDCG = 0.0702 ACC = 0.3690 ACC_adv = 0.3690 [350.7s], |P|=0.00, |Q|=0.00
Epoch 700 [65.4s + 0.0s]: HR = 0.2900, NDCG = 0.0693 ACC = 0.3683 ACC_adv = 0.3683 [353.2s], |P|=0.00, |Q|=0.00
Epoch 720 [64.9s + 0.0s]: HR = 0.2881, NDCG = 0.0689 ACC = 0.3684 ACC_adv = 0.3684 [349.7s], |P|=0.00, |Q|=0.00
Epoch 740 [65.6s + 0.0s]: HR = 0.2882, NDCG = 0.0695 ACC = 0.3683 ACC_adv = 0.3683 [346.9s], |P|=0.00, |Q|=0.00
Epoch 760 [66.2s + 0.0s]: HR = 0.2908, NDCG = 0.0697 ACC = 0.3679 ACC_adv = 0.3679 [350.2s], |P|=0.00, |Q|=0.00
Epoch 780 [47.1s + 0.0s]: HR = 0.2895, NDCG = 0.0687 ACC = 0.3663 ACC_adv = 0.3663 [307.4s], |P|=0.00, |Q|=0.00
Epoch 800 [65.2s + 0.0s]: HR = 0.2875, NDCG = 0.0687 ACC = 0.3675 ACC_adv = 0.3675 [349.2s], |P|=0.00, |Q|=0.00
Epoch 820 [65.5s + 0.0s]: HR = 0.2905, NDCG = 0.0689 ACC = 0.3670 ACC_adv = 0.3670 [347.5s], |P|=0.00, |Q|=0.00
Epoch 840 [66.4s + 0.0s]: HR = 0.2898, NDCG = 0.0690 ACC = 0.3685 ACC_adv = 0.3685 [347.9s], |P|=0.00, |Q|=0.00
Epoch 860 [65.5s + 0.0s]: HR = 0.2914, NDCG = 0.0685 ACC = 0.3694 ACC_adv = 0.3694 [352.9s], |P|=0.00, |Q|=0.00
Epoch 880 [64.2s + 0.0s]: HR = 0.2918, NDCG = 0.0700 ACC = 0.3671 ACC_adv = 0.3671 [345.9s], |P|=0.00, |Q|=0.00
Epoch 900 [46.9s + 0.0s]: HR = 0.2896, NDCG = 0.0690 ACC = 0.3669 ACC_adv = 0.3669 [236.6s], |P|=0.00, |Q|=0.00
Epoch 920 [48.0s + 0.0s]: HR = 0.2903, NDCG = 0.0694 ACC = 0.3653 ACC_adv = 0.3653 [237.6s], |P|=0.00, |Q|=0.00
Epoch 940 [48.3s + 0.0s]: HR = 0.2883, NDCG = 0.0686 ACC = 0.3678 ACC_adv = 0.3678 [237.2s], |P|=0.00, |Q|=0.00
Epoch 960 [48.4s + 0.0s]: HR = 0.2925, NDCG = 0.0698 ACC = 0.3660 ACC_adv = 0.3660 [270.6s], |P|=0.00, |Q|=0.00
Epoch 980 [48.5s + 0.0s]: HR = 0.2902, NDCG = 0.0686 ACC = 0.3679 ACC_adv = 0.3679 [262.0s], |P|=0.00, |Q|=0.00
Initialize Adversarial_SASREC
Epoch 1000 [293.8s + 0.0s]: HR = 0.3042, NDCG = 0.0730 ACC = 1.7600 ACC_adv = 1.7600 [809.9s], |P|=0.00, |Q|=0.00
Epoch 1020 [86.3s + 0.0s]: HR = 0.3014, NDCG = 0.0746 ACC = 1.0227 ACC_adv = 1.0227 [293.5s], |P|=0.00, |Q|=0.00
Epoch 1040 [84.0s + 0.0s]: HR = 0.2973, NDCG = 0.0731 ACC = 0.9724 ACC_adv = 0.9724 [237.2s], |P|=0.00, |Q|=0.00
Epoch 1060 [84.2s + 0.0s]: HR = 0.2992, NDCG = 0.0736 ACC = 0.9426 ACC_adv = 0.9426 [231.5s], |P|=0.00, |Q|=0.00
Epoch 1080 [84.7s + 0.0s]: HR = 0.2987, NDCG = 0.0734 ACC = 0.9262 ACC_adv = 0.9262 [228.9s], |P|=0.00, |Q|=0.00
Epoch 1100 [87.2s + 0.0s]: HR = 0.2962, NDCG = 0.0723 ACC = 0.9150 ACC_adv = 0.9150 [244.0s], |P|=0.00, |Q|=0.00
Epoch 1120 [82.5s + 0.0s]: HR = 0.2960, NDCG = 0.0727 ACC = 0.9042 ACC_adv = 0.9042 [239.2s], |P|=0.00, |Q|=0.00
Epoch 1140 [81.2s + 0.0s]: HR = 0.2964, NDCG = 0.0727 ACC = 0.8931 ACC_adv = 0.8931 [228.6s], |P|=0.00, |Q|=0.00
Epoch 1160 [79.2s + 0.0s]: HR = 0.2966, NDCG = 0.0727 ACC = 0.8902 ACC_adv = 0.8902 [216.3s], |P|=0.00, |Q|=0.00
Epoch 1180 [78.3s + 0.0s]: HR = 0.2966, NDCG = 0.0727 ACC = 0.8865 ACC_adv = 0.8865 [224.3s], |P|=0.00, |Q|=0.00
Epoch 1200 [78.6s + 0.0s]: HR = 0.2954, NDCG = 0.0724 ACC = 0.8751 ACC_adv = 0.8751 [235.7s], |P|=0.00, |Q|=0.00
Epoch 1220 [78.1s + 0.0s]: HR = 0.2964, NDCG = 0.0724 ACC = 0.8754 ACC_adv = 0.8754 [208.6s], |P|=0.00, |Q|=0.00
Epoch 1240 [77.1s + 0.0s]: HR = 0.2974, NDCG = 0.0725 ACC = 0.8671 ACC_adv = 0.8671 [251.2s], |P|=0.00, |Q|=0.00
Epoch 1260 [94.9s + 0.0s]: HR = 0.2974, NDCG = 0.0724 ACC = 0.8617 ACC_adv = 0.8617 [328.5s], |P|=0.00, |Q|=0.00
Epoch 1280 [95.5s + 0.0s]: HR = 0.2958, NDCG = 0.0719 ACC = 0.8576 ACC_adv = 0.8576 [370.5s], |P|=0.00, |Q|=0.00
Epoch 1300 [94.7s + 0.0s]: HR = 0.2981, NDCG = 0.0728 ACC = 0.8523 ACC_adv = 0.8523 [534.7s], |P|=0.00, |Q|=0.00
Epoch 1320 [101.4s + 0.0s]: HR = 0.2970, NDCG = 0.0724 ACC = 0.8531 ACC_adv = 0.8531 [453.3s], |P|=0.00, |Q|=0.00
Epoch 1340 [90.0s + 0.0s]: HR = 0.3001, NDCG = 0.0733 ACC = 0.8493 ACC_adv = 0.8493 [293.6s], |P|=0.00, |Q|=0.00
Epoch 1360 [90.5s + 0.0s]: HR = 0.2986, NDCG = 0.0730 ACC = 0.8433 ACC_adv = 0.8433 [284.0s], |P|=0.00, |Q|=0.00
Epoch 1380 [104.5s + 0.0s]: HR = 0.2968, NDCG = 0.0725 ACC = 0.8429 ACC_adv = 0.8429 [374.9s], |P|=0.00, |Q|=0.00
Epoch 1400 [94.4s + 0.0s]: HR = 0.2984, NDCG = 0.0732 ACC = 0.8416 ACC_adv = 0.8416 [297.6s], |P|=0.00, |Q|=0.00
Epoch 1420 [92.9s + 0.0s]: HR = 0.2930, NDCG = 0.0716 ACC = 0.8408 ACC_adv = 0.8408 [297.4s], |P|=0.00, |Q|=0.00
Epoch 1440 [96.2s + 0.0s]: HR = 0.2984, NDCG = 0.0728 ACC = 0.8364 ACC_adv = 0.8364 [430.8s], |P|=0.00, |Q|=0.00
Epoch 1460 [98.6s + 0.0s]: HR = 0.2984, NDCG = 0.0731 ACC = 0.8329 ACC_adv = 0.8329 [498.6s], |P|=0.00, |Q|=0.00
Epoch 1480 [111.3s + 0.0s]: HR = 0.2990, NDCG = 0.0731 ACC = 0.8327 ACC_adv = 0.8327 [1014.1s], |P|=0.00, |Q|=0.00
Epoch 1500 [105.7s + 0.0s]: HR = 0.2987, NDCG = 0.0728 ACC = 0.8260 ACC_adv = 0.8260 [519.5s], |P|=0.00, |Q|=0.00
Epoch 1520 [133.5s + 0.0s]: HR = 0.2951, NDCG = 0.0722 ACC = 0.8269 ACC_adv = 0.8269 [949.7s], |P|=0.00, |Q|=0.00
Epoch 1540 [134.2s + 0.0s]: HR = 0.3000, NDCG = 0.0732 ACC = 0.8266 ACC_adv = 0.8266 [1061.8s], |P|=0.00, |Q|=0.00
Epoch 1560 [100.4s + 0.0s]: HR = 0.2965, NDCG = 0.0724 ACC = 0.8257 ACC_adv = 0.8257 [1314.0s], |P|=0.00, |Q|=0.00
Epoch 1580 [94.6s + 0.0s]: HR = 0.2979, NDCG = 0.0728 ACC = 0.8211 ACC_adv = 0.8211 [1362.4s], |P|=0.00, |Q|=0.00
Epoch 1600 [98.0s + 0.0s]: HR = 0.2970, NDCG = 0.0725 ACC = 0.8238 ACC_adv = 0.8238 [452.7s], |P|=0.00, |Q|=0.00
Epoch 1620 [101.1s + 0.0s]: HR = 0.2987, NDCG = 0.0728 ACC = 0.8215 ACC_adv = 0.8215 [422.9s], |P|=0.00, |Q|=0.00
Epoch 1640 [143.4s + 0.0s]: HR = 0.2959, NDCG = 0.0720 ACC = 0.8204 ACC_adv = 0.8204 [958.2s], |P|=0.00, |Q|=0.00
Epoch 1660 [147.2s + 0.0s]: HR = 0.2981, NDCG = 0.0729 ACC = 0.8231 ACC_adv = 0.8231 [1851.1s], |P|=0.00, |Q|=0.00
Epoch 1680 [121.9s + 0.0s]: HR = 0.2966, NDCG = 0.0721 ACC = 0.8156 ACC_adv = 0.8156 [3894.6s], |P|=0.00, |Q|=0.00
Epoch 1700 [138.9s + 0.0s]: HR = 0.2972, NDCG = 0.0725 ACC = 0.8145 ACC_adv = 0.8145 [1924.6s], |P|=0.00, |Q|=0.00
Epoch 1720 [172.4s + 0.0s]: HR = 0.2989, NDCG = 0.0726 ACC = 0.8130 ACC_adv = 0.8130 [1604.4s], |P|=0.00, |Q|=0.00
Epoch 1740 [103.8s + 0.0s]: HR = 0.2974, NDCG = 0.0722 ACC = 0.8143 ACC_adv = 0.8143 [2063.6s], |P|=0.00, |Q|=0.00
Epoch 1760 [128.3s + 0.0s]: HR = 0.2954, NDCG = 0.0719 ACC = 0.8136 ACC_adv = 0.8136 [4078.7s], |P|=0.00, |Q|=0.00
Epoch 1780 [116.9s + 0.0s]: HR = 0.2978, NDCG = 0.0729 ACC = 0.8120 ACC_adv = 0.8120 [2353.7s], |P|=0.00, |Q|=0.00
Epoch 1800 [155.8s + 0.0s]: HR = 0.3000, NDCG = 0.0732 ACC = 0.8061 ACC_adv = 0.8061 [1985.6s], |P|=0.00, |Q|=0.00
Epoch 1820 [159.2s + 0.0s]: HR = 0.2974, NDCG = 0.0725 ACC = 0.8091 ACC_adv = 0.8091 [1476.4s], |P|=0.00, |Q|=0.00
Epoch 1840 [130.0s + 0.0s]: HR = 0.2984, NDCG = 0.0728 ACC = 0.8089 ACC_adv = 0.8089 [3283.9s], |P|=0.00, |Q|=0.00
Epoch 1860 [147.8s + 0.0s]: HR = 0.2987, NDCG = 0.0726 ACC = 0.8067 ACC_adv = 0.8067 [1517.6s], |P|=0.00, |Q|=0.00
Epoch 1880 [130.3s + 0.0s]: HR = 0.2995, NDCG = 0.0727 ACC = 0.8073 ACC_adv = 0.8073 [1712.3s], |P|=0.00, |Q|=0.00
Epoch 1900 [154.2s + 0.0s]: HR = 0.2984, NDCG = 0.0726 ACC = 0.8096 ACC_adv = 0.8096 [1386.0s], |P|=0.00, |Q|=0.00
Epoch 1920 [113.1s + 0.0s]: HR = 0.3006, NDCG = 0.0728 ACC = 0.8027 ACC_adv = 0.8027 [1806.4s], |P|=0.00, |Q|=0.00
Epoch 1940 [160.4s + 0.0s]: HR = 0.2984, NDCG = 0.0726 ACC = 0.8041 ACC_adv = 0.8041 [2193.7s], |P|=0.00, |Q|=0.00
Epoch 1960 [152.0s + 0.0s]: HR = 0.2973, NDCG = 0.0723 ACC = 0.8030 ACC_adv = 0.8030 [1868.0s], |P|=0.00, |Q|=0.00
Epoch 1980 [124.4s + 0.0s]: HR = 0.2985, NDCG = 0.0727 ACC = 0.7988 ACC_adv = 0.7988 [1853.6s], |P|=0.00, |Q|=0.00
Epoch 2000 [106.5s + 0.0s]: HR = 0.2988, NDCG = 0.0730 ACC = 0.8023 ACC_adv = 0.8023 [770.1s], |P|=0.00, |Q|=0.00
Epoch 1020 is the best epoch
K = 1: HR = 0.0082, NDCG = 0.0082 AUC = 0.9516
K = 2: HR = 0.0147, NDCG = 0.0123 AUC = 0.9516
K = 3: HR = 0.0209, NDCG = 0.0154 AUC = 0.9516
K = 4: HR = 0.0270, NDCG = 0.0180 AUC = 0.9516
K = 5: HR = 0.0322, NDCG = 0.0200 AUC = 0.9516
K = 6: HR = 0.0379, NDCG = 0.0221 AUC = 0.9516
K = 7: HR = 0.0430, NDCG = 0.0238 AUC = 0.9516
K = 8: HR = 0.0482, NDCG = 0.0254 AUC = 0.9516
K = 9: HR = 0.0531, NDCG = 0.0269 AUC = 0.9516
K = 10: HR = 0.0582, NDCG = 0.0284 AUC = 0.9516
K = 11: HR = 0.0620, NDCG = 0.0294 AUC = 0.9516
K = 12: HR = 0.0660, NDCG = 0.0305 AUC = 0.9516
K = 13: HR = 0.0705, NDCG = 0.0317 AUC = 0.9516
K = 14: HR = 0.0743, NDCG = 0.0327 AUC = 0.9516
K = 15: HR = 0.0786, NDCG = 0.0337 AUC = 0.9516
K = 16: HR = 0.0829, NDCG = 0.0348 AUC = 0.9516
K = 17: HR = 0.0869, NDCG = 0.0358 AUC = 0.9516
K = 18: HR = 0.0905, NDCG = 0.0366 AUC = 0.9516
K = 19: HR = 0.0946, NDCG = 0.0375 AUC = 0.9516
K = 20: HR = 0.0984, NDCG = 0.0384 AUC = 0.9516
K = 21: HR = 0.1020, NDCG = 0.0392 AUC = 0.9516
K = 22: HR = 0.1061, NDCG = 0.0401 AUC = 0.9516
K = 23: HR = 0.1096, NDCG = 0.0409 AUC = 0.9516
K = 24: HR = 0.1134, NDCG = 0.0417 AUC = 0.9516
K = 25: HR = 0.1172, NDCG = 0.0425 AUC = 0.9516
K = 26: HR = 0.1202, NDCG = 0.0431 AUC = 0.9516
K = 27: HR = 0.1232, NDCG = 0.0438 AUC = 0.9516
K = 28: HR = 0.1266, NDCG = 0.0445 AUC = 0.9516
K = 29: HR = 0.1304, NDCG = 0.0453 AUC = 0.9516
K = 30: HR = 0.1343, NDCG = 0.0460 AUC = 0.9516
K = 31: HR = 0.1377, NDCG = 0.0467 AUC = 0.9516
K = 32: HR = 0.1414, NDCG = 0.0475 AUC = 0.9516
K = 33: HR = 0.1446, NDCG = 0.0481 AUC = 0.9516
K = 34: HR = 0.1483, NDCG = 0.0488 AUC = 0.9516
K = 35: HR = 0.1516, NDCG = 0.0494 AUC = 0.9516
K = 36: HR = 0.1545, NDCG = 0.0500 AUC = 0.9516
K = 37: HR = 0.1579, NDCG = 0.0507 AUC = 0.9516
K = 38: HR = 0.1605, NDCG = 0.0511 AUC = 0.9516
K = 39: HR = 0.1637, NDCG = 0.0517 AUC = 0.9516
K = 40: HR = 0.1667, NDCG = 0.0523 AUC = 0.9516
K = 41: HR = 0.1698, NDCG = 0.0529 AUC = 0.9516
K = 42: HR = 0.1730, NDCG = 0.0535 AUC = 0.9516
K = 43: HR = 0.1760, NDCG = 0.0540 AUC = 0.9516
K = 44: HR = 0.1784, NDCG = 0.0545 AUC = 0.9516
K = 45: HR = 0.1816, NDCG = 0.0550 AUC = 0.9516
K = 46: HR = 0.1847, NDCG = 0.0556 AUC = 0.9516
K = 47: HR = 0.1873, NDCG = 0.0561 AUC = 0.9516
K = 48: HR = 0.1899, NDCG = 0.0565 AUC = 0.9516
K = 49: HR = 0.1931, NDCG = 0.0571 AUC = 0.9516
K = 50: HR = 0.1955, NDCG = 0.0575 AUC = 0.9516
K = 51: HR = 0.1987, NDCG = 0.0581 AUC = 0.9516
K = 52: HR = 0.2010, NDCG = 0.0585 AUC = 0.9516
K = 53: HR = 0.2040, NDCG = 0.0590 AUC = 0.9516
K = 54: HR = 0.2064, NDCG = 0.0594 AUC = 0.9516
K = 55: HR = 0.2086, NDCG = 0.0598 AUC = 0.9516
K = 56: HR = 0.2108, NDCG = 0.0602 AUC = 0.9516
K = 57: HR = 0.2135, NDCG = 0.0606 AUC = 0.9516
K = 58: HR = 0.2157, NDCG = 0.0610 AUC = 0.9516
K = 59: HR = 0.2183, NDCG = 0.0614 AUC = 0.9516
K = 60: HR = 0.2207, NDCG = 0.0618 AUC = 0.9516
K = 61: HR = 0.2225, NDCG = 0.0621 AUC = 0.9516
K = 62: HR = 0.2248, NDCG = 0.0625 AUC = 0.9516
K = 63: HR = 0.2276, NDCG = 0.0630 AUC = 0.9516
K = 64: HR = 0.2297, NDCG = 0.0633 AUC = 0.9516
K = 65: HR = 0.2320, NDCG = 0.0637 AUC = 0.9516
K = 66: HR = 0.2343, NDCG = 0.0641 AUC = 0.9516
K = 67: HR = 0.2360, NDCG = 0.0644 AUC = 0.9516
K = 68: HR = 0.2383, NDCG = 0.0648 AUC = 0.9516
K = 69: HR = 0.2406, NDCG = 0.0651 AUC = 0.9516
K = 70: HR = 0.2429, NDCG = 0.0655 AUC = 0.9516
K = 71: HR = 0.2449, NDCG = 0.0658 AUC = 0.9516
K = 72: HR = 0.2471, NDCG = 0.0662 AUC = 0.9516
K = 73: HR = 0.2492, NDCG = 0.0665 AUC = 0.9516
K = 74: HR = 0.2513, NDCG = 0.0669 AUC = 0.9516
K = 75: HR = 0.2533, NDCG = 0.0672 AUC = 0.9516
K = 76: HR = 0.2558, NDCG = 0.0676 AUC = 0.9516
K = 77: HR = 0.2578, NDCG = 0.0679 AUC = 0.9516
K = 78: HR = 0.2596, NDCG = 0.0682 AUC = 0.9516
K = 79: HR = 0.2618, NDCG = 0.0685 AUC = 0.9516
K = 80: HR = 0.2638, NDCG = 0.0688 AUC = 0.9516
K = 81: HR = 0.2659, NDCG = 0.0692 AUC = 0.9516
K = 82: HR = 0.2679, NDCG = 0.0695 AUC = 0.9516
K = 83: HR = 0.2697, NDCG = 0.0698 AUC = 0.9516
K = 84: HR = 0.2714, NDCG = 0.0700 AUC = 0.9516
K = 85: HR = 0.2732, NDCG = 0.0703 AUC = 0.9516
K = 86: HR = 0.2748, NDCG = 0.0706 AUC = 0.9516
K = 87: HR = 0.2767, NDCG = 0.0709 AUC = 0.9516
K = 88: HR = 0.2786, NDCG = 0.0712 AUC = 0.9516
K = 89: HR = 0.2807, NDCG = 0.0715 AUC = 0.9516
K = 90: HR = 0.2827, NDCG = 0.0718 AUC = 0.9516
K = 91: HR = 0.2847, NDCG = 0.0721 AUC = 0.9516
K = 92: HR = 0.2867, NDCG = 0.0724 AUC = 0.9516
K = 93: HR = 0.2884, NDCG = 0.0727 AUC = 0.9516
K = 94: HR = 0.2904, NDCG = 0.0730 AUC = 0.9516
K = 95: HR = 0.2923, NDCG = 0.0732 AUC = 0.9516
K = 96: HR = 0.2943, NDCG = 0.0736 AUC = 0.9516
K = 97: HR = 0.2961, NDCG = 0.0738 AUC = 0.9516
K = 98: HR = 0.2979, NDCG = 0.0741 AUC = 0.9516
K = 99: HR = 0.2996, NDCG = 0.0744 AUC = 0.9516
K = 100: HR = 0.3014, NDCG = 0.0746 AUC = 0.9516
