pinterest-20_bpr_d64_2020_01_24_14_00_51
Initialize MF_BPR
Epoch 0 [19.3s + 7.0s]: HR = 0.1663, NDCG = 0.0412 ACC = 0.4999 ACC_adv = 0.9028 [85.4s], |P|=79.46, |Q|=71.66
Epoch 20 [19.9s + 6.2s]: HR = 0.2979, NDCG = 0.0726 ACC = 0.9703 ACC_adv = 0.9777 [93.4s], |P|=438.02, |Q|=360.30
Epoch 40 [20.6s + 6.0s]: HR = 0.3087, NDCG = 0.0758 ACC = 0.9754 ACC_adv = 0.9807 [84.9s], |P|=485.45, |Q|=388.21
Epoch 60 [20.5s + 5.7s]: HR = 0.3159, NDCG = 0.0774 ACC = 0.9781 ACC_adv = 0.9824 [81.7s], |P|=514.81, |Q|=405.56
Epoch 80 [21.1s + 6.0s]: HR = 0.3213, NDCG = 0.0792 ACC = 0.9805 ACC_adv = 0.9844 [81.7s], |P|=537.10, |Q|=418.91
Epoch 100 [21.2s + 5.7s]: HR = 0.3259, NDCG = 0.0805 ACC = 0.9825 ACC_adv = 0.9859 [80.8s], |P|=555.54, |Q|=430.04
Epoch 120 [22.3s + 5.6s]: HR = 0.3266, NDCG = 0.0806 ACC = 0.9840 ACC_adv = 0.9870 [80.7s], |P|=571.43, |Q|=439.70
Epoch 140 [22.6s + 6.5s]: HR = 0.3285, NDCG = 0.0813 ACC = 0.9849 ACC_adv = 0.9879 [83.8s], |P|=585.45, |Q|=448.35
Epoch 160 [22.9s + 6.6s]: HR = 0.3296, NDCG = 0.0816 ACC = 0.9862 ACC_adv = 0.9889 [87.9s], |P|=598.14, |Q|=456.12
Epoch 180 [22.9s + 5.8s]: HR = 0.3314, NDCG = 0.0821 ACC = 0.9872 ACC_adv = 0.9897 [86.5s], |P|=609.69, |Q|=463.25
Epoch 200 [23.3s + 6.1s]: HR = 0.3316, NDCG = 0.0821 ACC = 0.9881 ACC_adv = 0.9903 [82.5s], |P|=620.27, |Q|=469.85
Epoch 220 [23.3s + 5.9s]: HR = 0.3319, NDCG = 0.0822 ACC = 0.9888 ACC_adv = 0.9910 [84.5s], |P|=630.08, |Q|=475.97
Epoch 240 [23.6s + 6.0s]: HR = 0.3322, NDCG = 0.0823 ACC = 0.9892 ACC_adv = 0.9914 [156.5s], |P|=639.17, |Q|=481.67
Epoch 260 [24.8s + 6.1s]: HR = 0.3322, NDCG = 0.0822 ACC = 0.9899 ACC_adv = 0.9918 [129.7s], |P|=647.70, |Q|=486.99
Epoch 280 [24.8s + 6.9s]: HR = 0.3320, NDCG = 0.0823 ACC = 0.9906 ACC_adv = 0.9924 [97.0s], |P|=655.67, |Q|=491.99
Epoch 300 [25.2s + 7.5s]: HR = 0.3317, NDCG = 0.0823 ACC = 0.9911 ACC_adv = 0.9929 [84.5s], |P|=663.17, |Q|=496.71
Epoch 320 [26.4s + 6.7s]: HR = 0.3332, NDCG = 0.0826 ACC = 0.9914 ACC_adv = 0.9930 [85.7s], |P|=670.26, |Q|=501.19
Epoch 340 [26.5s + 6.9s]: HR = 0.3339, NDCG = 0.0827 ACC = 0.9916 ACC_adv = 0.9933 [87.3s], |P|=676.96, |Q|=505.44
Epoch 360 [26.4s + 6.8s]: HR = 0.3325, NDCG = 0.0823 ACC = 0.9920 ACC_adv = 0.9935 [87.2s], |P|=683.34, |Q|=509.48
Epoch 380 [26.7s + 7.1s]: HR = 0.3329, NDCG = 0.0825 ACC = 0.9924 ACC_adv = 0.9938 [109.9s], |P|=689.39, |Q|=513.35
Epoch 400 [28.0s + 11.6s]: HR = 0.3318, NDCG = 0.0823 ACC = 0.9925 ACC_adv = 0.9939 [96.3s], |P|=695.15, |Q|=517.01
Epoch 420 [28.8s + 7.2s]: HR = 0.3312, NDCG = 0.0821 ACC = 0.9928 ACC_adv = 0.9942 [110.8s], |P|=700.65, |Q|=520.54
Epoch 440 [28.7s + 7.3s]: HR = 0.3301, NDCG = 0.0818 ACC = 0.9930 ACC_adv = 0.9943 [109.8s], |P|=705.90, |Q|=523.93
Epoch 460 [29.2s + 7.0s]: HR = 0.3303, NDCG = 0.0820 ACC = 0.9933 ACC_adv = 0.9946 [115.2s], |P|=710.95, |Q|=527.16
Epoch 480 [29.3s + 6.8s]: HR = 0.3296, NDCG = 0.0819 ACC = 0.9934 ACC_adv = 0.9947 [87.5s], |P|=715.80, |Q|=530.27
Epoch 500 [28.9s + 6.9s]: HR = 0.3296, NDCG = 0.0818 ACC = 0.9936 ACC_adv = 0.9947 [86.6s], |P|=720.44, |Q|=533.26
Epoch 520 [29.4s + 7.4s]: HR = 0.3291, NDCG = 0.0817 ACC = 0.9936 ACC_adv = 0.9948 [86.8s], |P|=724.91, |Q|=536.12
Epoch 540 [30.0s + 6.5s]: HR = 0.3288, NDCG = 0.0817 ACC = 0.9940 ACC_adv = 0.9950 [86.0s], |P|=729.20, |Q|=538.90
Epoch 560 [29.0s + 6.5s]: HR = 0.3283, NDCG = 0.0815 ACC = 0.9940 ACC_adv = 0.9951 [90.7s], |P|=733.35, |Q|=541.60
Epoch 580 [29.4s + 6.5s]: HR = 0.3285, NDCG = 0.0814 ACC = 0.9941 ACC_adv = 0.9952 [93.2s], |P|=737.36, |Q|=544.21
Epoch 600 [30.1s + 7.0s]: HR = 0.3275, NDCG = 0.0814 ACC = 0.9944 ACC_adv = 0.9954 [104.4s], |P|=741.24, |Q|=546.72
Epoch 620 [27.9s + 6.5s]: HR = 0.3273, NDCG = 0.0812 ACC = 0.9945 ACC_adv = 0.9955 [140.0s], |P|=744.98, |Q|=549.16
Epoch 640 [41.2s + 11.0s]: HR = 0.3269, NDCG = 0.0811 ACC = 0.9945 ACC_adv = 0.9955 [159.8s], |P|=748.61, |Q|=551.50
Epoch 660 [41.7s + 10.9s]: HR = 0.3262, NDCG = 0.0812 ACC = 0.9946 ACC_adv = 0.9956 [159.8s], |P|=752.13, |Q|=553.79
Epoch 680 [29.6s + 7.1s]: HR = 0.3260, NDCG = 0.0812 ACC = 0.9947 ACC_adv = 0.9957 [106.6s], |P|=755.53, |Q|=556.01
Epoch 700 [43.6s + 10.9s]: HR = 0.3257, NDCG = 0.0811 ACC = 0.9948 ACC_adv = 0.9957 [181.2s], |P|=758.83, |Q|=558.17
Epoch 720 [43.5s + 10.6s]: HR = 0.3259, NDCG = 0.0813 ACC = 0.9950 ACC_adv = 0.9958 [153.0s], |P|=762.04, |Q|=560.25
Epoch 740 [43.1s + 10.4s]: HR = 0.3260, NDCG = 0.0814 ACC = 0.9950 ACC_adv = 0.9959 [163.6s], |P|=765.16, |Q|=562.30
Epoch 760 [43.4s + 11.8s]: HR = 0.3247, NDCG = 0.0809 ACC = 0.9950 ACC_adv = 0.9959 [235.6s], |P|=768.19, |Q|=564.30
Epoch 780 [47.6s + 11.5s]: HR = 0.3247, NDCG = 0.0808 ACC = 0.9951 ACC_adv = 0.9960 [161.2s], |P|=771.14, |Q|=566.24
Epoch 800 [50.1s + 11.6s]: HR = 0.3235, NDCG = 0.0806 ACC = 0.9952 ACC_adv = 0.9960 [172.5s], |P|=774.02, |Q|=568.14
Epoch 820 [46.4s + 11.6s]: HR = 0.3235, NDCG = 0.0806 ACC = 0.9951 ACC_adv = 0.9959 [206.3s], |P|=776.82, |Q|=569.99
Epoch 840 [47.5s + 11.3s]: HR = 0.3231, NDCG = 0.0806 ACC = 0.9954 ACC_adv = 0.9962 [178.1s], |P|=779.56, |Q|=571.80
Epoch 860 [47.9s + 11.8s]: HR = 0.3226, NDCG = 0.0803 ACC = 0.9954 ACC_adv = 0.9961 [185.4s], |P|=782.22, |Q|=573.56
Epoch 880 [50.8s + 12.0s]: HR = 0.3220, NDCG = 0.0803 ACC = 0.9954 ACC_adv = 0.9962 [164.5s], |P|=784.83, |Q|=575.28
Epoch 900 [48.9s + 11.9s]: HR = 0.3220, NDCG = 0.0803 ACC = 0.9954 ACC_adv = 0.9962 [190.7s], |P|=787.38, |Q|=576.97
Epoch 920 [48.9s + 12.2s]: HR = 0.3212, NDCG = 0.0800 ACC = 0.9956 ACC_adv = 0.9964 [206.4s], |P|=789.86, |Q|=578.62
Epoch 940 [50.3s + 12.1s]: HR = 0.3207, NDCG = 0.0800 ACC = 0.9956 ACC_adv = 0.9964 [184.1s], |P|=792.30, |Q|=580.24
Epoch 960 [51.0s + 12.1s]: HR = 0.3207, NDCG = 0.0799 ACC = 0.9957 ACC_adv = 0.9964 [185.4s], |P|=794.67, |Q|=581.82
Epoch 980 [47.2s + 12.5s]: HR = 0.3211, NDCG = 0.0798 ACC = 0.9956 ACC_adv = 0.9964 [278.9s], |P|=797.00, |Q|=583.36
Epoch 1000 [52.3s + 11.9s]: HR = 0.3210, NDCG = 0.0797 ACC = 0.9958 ACC_adv = 0.9965 [161.6s], |P|=799.28, |Q|=584.87
Epoch 1020 [50.4s + 11.8s]: HR = 0.3203, NDCG = 0.0795 ACC = 0.9958 ACC_adv = 0.9965 [178.8s], |P|=801.51, |Q|=586.36
Epoch 1040 [46.8s + 10.9s]: HR = 0.3207, NDCG = 0.0797 ACC = 0.9959 ACC_adv = 0.9966 [153.2s], |P|=803.70, |Q|=587.81
Epoch 1060 [47.6s + 10.3s]: HR = 0.3201, NDCG = 0.0796 ACC = 0.9959 ACC_adv = 0.9965 [160.5s], |P|=805.84, |Q|=589.24
Epoch 1080 [48.5s + 10.7s]: HR = 0.3198, NDCG = 0.0797 ACC = 0.9959 ACC_adv = 0.9966 [151.7s], |P|=807.95, |Q|=590.64
Epoch 1100 [32.6s + 6.2s]: HR = 0.3192, NDCG = 0.0795 ACC = 0.9960 ACC_adv = 0.9966 [103.8s], |P|=810.01, |Q|=592.00
Epoch 1120 [38.6s + 7.9s]: HR = 0.3188, NDCG = 0.0792 ACC = 0.9960 ACC_adv = 0.9967 [138.3s], |P|=812.03, |Q|=593.36
Epoch 1140 [40.0s + 8.1s]: HR = 0.3190, NDCG = 0.0793 ACC = 0.9959 ACC_adv = 0.9966 [148.0s], |P|=814.01, |Q|=594.68
Epoch 1160 [39.0s + 7.9s]: HR = 0.3190, NDCG = 0.0793 ACC = 0.9961 ACC_adv = 0.9967 [123.2s], |P|=815.96, |Q|=595.99
Epoch 1180 [39.5s + 8.4s]: HR = 0.3185, NDCG = 0.0792 ACC = 0.9961 ACC_adv = 0.9967 [127.0s], |P|=817.88, |Q|=597.27
Epoch 1200 [38.6s + 9.6s]: HR = 0.3184, NDCG = 0.0790 ACC = 0.9961 ACC_adv = 0.9967 [237.0s], |P|=819.76, |Q|=598.52
Epoch 1220 [48.9s + 11.1s]: HR = 0.3185, NDCG = 0.0789 ACC = 0.9961 ACC_adv = 0.9968 [97.2s], |P|=821.61, |Q|=599.76
Epoch 1240 [34.0s + 7.0s]: HR = 0.3176, NDCG = 0.0788 ACC = 0.9962 ACC_adv = 0.9968 [90.7s], |P|=823.42, |Q|=600.98
Epoch 1260 [34.3s + 7.0s]: HR = 0.3177, NDCG = 0.0790 ACC = 0.9962 ACC_adv = 0.9969 [84.4s], |P|=825.20, |Q|=602.17
Epoch 1280 [34.2s + 6.0s]: HR = 0.3175, NDCG = 0.0790 ACC = 0.9962 ACC_adv = 0.9968 [89.6s], |P|=826.96, |Q|=603.34
Epoch 1300 [32.4s + 7.1s]: HR = 0.3170, NDCG = 0.0788 ACC = 0.9961 ACC_adv = 0.9967 [248.2s], |P|=828.68, |Q|=604.51
Epoch 1320 [52.7s + 8.5s]: HR = 0.3179, NDCG = 0.0788 ACC = 0.9963 ACC_adv = 0.9969 [84.5s], |P|=830.37, |Q|=605.65
Epoch 1340 [33.9s + 6.3s]: HR = 0.3168, NDCG = 0.0786 ACC = 0.9964 ACC_adv = 0.9969 [91.2s], |P|=832.04, |Q|=606.77
Epoch 1360 [34.0s + 6.1s]: HR = 0.3165, NDCG = 0.0786 ACC = 0.9964 ACC_adv = 0.9969 [96.7s], |P|=833.67, |Q|=607.88
Epoch 1380 [33.5s + 7.3s]: HR = 0.3167, NDCG = 0.0787 ACC = 0.9963 ACC_adv = 0.9969 [138.4s], |P|=835.29, |Q|=608.97
Epoch 1400 [35.3s + 6.2s]: HR = 0.3161, NDCG = 0.0785 ACC = 0.9963 ACC_adv = 0.9969 [94.7s], |P|=836.88, |Q|=610.05
Epoch 1420 [34.7s + 6.2s]: HR = 0.3154, NDCG = 0.0783 ACC = 0.9964 ACC_adv = 0.9969 [119.1s], |P|=838.45, |Q|=611.11
Epoch 1440 [35.5s + 6.4s]: HR = 0.3162, NDCG = 0.0784 ACC = 0.9965 ACC_adv = 0.9970 [108.9s], |P|=840.00, |Q|=612.15
Epoch 1460 [34.2s + 7.9s]: HR = 0.3149, NDCG = 0.0782 ACC = 0.9964 ACC_adv = 0.9970 [246.5s], |P|=841.52, |Q|=613.17
Epoch 1480 [34.4s + 9.9s]: HR = 0.3153, NDCG = 0.0783 ACC = 0.9965 ACC_adv = 0.9970 [158.9s], |P|=843.03, |Q|=614.19
Epoch 1500 [36.5s + 6.1s]: HR = 0.3153, NDCG = 0.0781 ACC = 0.9965 ACC_adv = 0.9971 [76.1s], |P|=844.51, |Q|=615.19
Epoch 1520 [36.5s + 8.1s]: HR = 0.3147, NDCG = 0.0781 ACC = 0.9964 ACC_adv = 0.9969 [84.1s], |P|=845.97, |Q|=616.19
Epoch 1540 [36.0s + 6.1s]: HR = 0.3143, NDCG = 0.0780 ACC = 0.9965 ACC_adv = 0.9970 [105.9s], |P|=847.41, |Q|=617.16
Epoch 1560 [37.1s + 6.0s]: HR = 0.3146, NDCG = 0.0780 ACC = 0.9964 ACC_adv = 0.9970 [140.4s], |P|=848.83, |Q|=618.13
Epoch 1580 [46.5s + 9.5s]: HR = 0.3139, NDCG = 0.0778 ACC = 0.9965 ACC_adv = 0.9970 [131.9s], |P|=850.23, |Q|=619.07
Epoch 1600 [45.8s + 9.5s]: HR = 0.3143, NDCG = 0.0780 ACC = 0.9964 ACC_adv = 0.9970 [148.4s], |P|=851.61, |Q|=620.01
Epoch 1620 [45.9s + 9.6s]: HR = 0.3143, NDCG = 0.0779 ACC = 0.9966 ACC_adv = 0.9971 [159.0s], |P|=852.98, |Q|=620.94
Epoch 1640 [46.5s + 9.3s]: HR = 0.3145, NDCG = 0.0781 ACC = 0.9965 ACC_adv = 0.9971 [169.9s], |P|=854.32, |Q|=621.86
Epoch 1660 [47.1s + 11.1s]: HR = 0.3141, NDCG = 0.0779 ACC = 0.9966 ACC_adv = 0.9971 [148.1s], |P|=855.65, |Q|=622.77
Epoch 1680 [46.9s + 10.1s]: HR = 0.3135, NDCG = 0.0778 ACC = 0.9966 ACC_adv = 0.9971 [176.4s], |P|=856.97, |Q|=623.66
Epoch 1700 [44.7s + 11.8s]: HR = 0.3128, NDCG = 0.0776 ACC = 0.9965 ACC_adv = 0.9970 [315.2s], |P|=858.26, |Q|=624.54
Epoch 1720 [47.7s + 9.5s]: HR = 0.3133, NDCG = 0.0777 ACC = 0.9967 ACC_adv = 0.9972 [97.9s], |P|=859.54, |Q|=625.41
Epoch 1740 [42.1s + 10.3s]: HR = 0.3135, NDCG = 0.0778 ACC = 0.9967 ACC_adv = 0.9971 [103.3s], |P|=860.81, |Q|=626.26
Epoch 1760 [41.8s + 8.0s]: HR = 0.3133, NDCG = 0.0778 ACC = 0.9967 ACC_adv = 0.9972 [111.5s], |P|=862.06, |Q|=627.11
Epoch 1780 [43.0s + 7.1s]: HR = 0.3130, NDCG = 0.0777 ACC = 0.9967 ACC_adv = 0.9972 [149.4s], |P|=863.30, |Q|=627.95
Epoch 1800 [43.3s + 6.9s]: HR = 0.3130, NDCG = 0.0777 ACC = 0.9967 ACC_adv = 0.9972 [145.0s], |P|=864.51, |Q|=628.79
Epoch 1820 [62.1s + 19.4s]: HR = 0.3126, NDCG = 0.0776 ACC = 0.9967 ACC_adv = 0.9972 [107.0s], |P|=865.71, |Q|=629.61
Epoch 1840 [43.8s + 8.0s]: HR = 0.3124, NDCG = 0.0775 ACC = 0.9967 ACC_adv = 0.9972 [118.8s], |P|=866.91, |Q|=630.43
Epoch 1860 [44.6s + 6.4s]: HR = 0.3122, NDCG = 0.0776 ACC = 0.9967 ACC_adv = 0.9972 [122.9s], |P|=868.09, |Q|=631.23
Epoch 1880 [45.0s + 6.9s]: HR = 0.3125, NDCG = 0.0776 ACC = 0.9967 ACC_adv = 0.9972 [135.7s], |P|=869.25, |Q|=632.02
Epoch 1900 [41.2s + 9.6s]: HR = 0.3121, NDCG = 0.0775 ACC = 0.9968 ACC_adv = 0.9972 [320.6s], |P|=870.40, |Q|=632.80
Epoch 1920 [44.5s + 8.6s]: HR = 0.3115, NDCG = 0.0774 ACC = 0.9968 ACC_adv = 0.9973 [156.5s], |P|=871.54, |Q|=633.58
Epoch 1940 [43.6s + 11.0s]: HR = 0.3111, NDCG = 0.0773 ACC = 0.9968 ACC_adv = 0.9972 [113.0s], |P|=872.66, |Q|=634.35
Epoch 1960 [45.1s + 8.2s]: HR = 0.3115, NDCG = 0.0774 ACC = 0.9968 ACC_adv = 0.9973 [214.3s], |P|=873.78, |Q|=635.12
Epoch 1980 [44.2s + 10.0s]: HR = 0.3113, NDCG = 0.0775 ACC = 0.9968 ACC_adv = 0.9972 [252.0s], |P|=874.88, |Q|=635.87
Epoch 2000 [45.9s + 8.7s]: HR = 0.3111, NDCG = 0.0774 ACC = 0.9968 ACC_adv = 0.9973 [132.8s], |P|=875.96, |Q|=636.61
Epoch 340 is the best epoch
K = 1: HR = 0.0099, NDCG = 0.0099 AUC = 0.9544
K = 2: HR = 0.0173, NDCG = 0.0146 AUC = 0.9544
K = 3: HR = 0.0235, NDCG = 0.0177 AUC = 0.9544
K = 4: HR = 0.0290, NDCG = 0.0200 AUC = 0.9544
K = 5: HR = 0.0356, NDCG = 0.0226 AUC = 0.9544
K = 6: HR = 0.0410, NDCG = 0.0245 AUC = 0.9544
K = 7: HR = 0.0463, NDCG = 0.0263 AUC = 0.9544
K = 8: HR = 0.0517, NDCG = 0.0280 AUC = 0.9544
K = 9: HR = 0.0574, NDCG = 0.0297 AUC = 0.9544
K = 10: HR = 0.0625, NDCG = 0.0312 AUC = 0.9544
K = 11: HR = 0.0671, NDCG = 0.0325 AUC = 0.9544
K = 12: HR = 0.0727, NDCG = 0.0340 AUC = 0.9544
K = 13: HR = 0.0773, NDCG = 0.0352 AUC = 0.9544
K = 14: HR = 0.0818, NDCG = 0.0363 AUC = 0.9544
K = 15: HR = 0.0860, NDCG = 0.0374 AUC = 0.9544
K = 16: HR = 0.0902, NDCG = 0.0384 AUC = 0.9544
K = 17: HR = 0.0944, NDCG = 0.0394 AUC = 0.9544
K = 18: HR = 0.0984, NDCG = 0.0404 AUC = 0.9544
K = 19: HR = 0.1024, NDCG = 0.0413 AUC = 0.9544
K = 20: HR = 0.1071, NDCG = 0.0424 AUC = 0.9544
K = 21: HR = 0.1112, NDCG = 0.0433 AUC = 0.9544
K = 22: HR = 0.1151, NDCG = 0.0441 AUC = 0.9544
K = 23: HR = 0.1196, NDCG = 0.0451 AUC = 0.9544
K = 24: HR = 0.1234, NDCG = 0.0460 AUC = 0.9544
K = 25: HR = 0.1277, NDCG = 0.0469 AUC = 0.9544
K = 26: HR = 0.1315, NDCG = 0.0477 AUC = 0.9544
K = 27: HR = 0.1352, NDCG = 0.0484 AUC = 0.9544
K = 28: HR = 0.1395, NDCG = 0.0493 AUC = 0.9544
K = 29: HR = 0.1430, NDCG = 0.0500 AUC = 0.9544
K = 30: HR = 0.1464, NDCG = 0.0507 AUC = 0.9544
K = 31: HR = 0.1499, NDCG = 0.0514 AUC = 0.9544
K = 32: HR = 0.1530, NDCG = 0.0520 AUC = 0.9544
K = 33: HR = 0.1561, NDCG = 0.0526 AUC = 0.9544
K = 34: HR = 0.1595, NDCG = 0.0533 AUC = 0.9544
K = 35: HR = 0.1628, NDCG = 0.0539 AUC = 0.9544
K = 36: HR = 0.1662, NDCG = 0.0546 AUC = 0.9544
K = 37: HR = 0.1699, NDCG = 0.0553 AUC = 0.9544
K = 38: HR = 0.1731, NDCG = 0.0559 AUC = 0.9544
K = 39: HR = 0.1764, NDCG = 0.0565 AUC = 0.9544
K = 40: HR = 0.1796, NDCG = 0.0571 AUC = 0.9544
K = 41: HR = 0.1830, NDCG = 0.0577 AUC = 0.9544
K = 42: HR = 0.1866, NDCG = 0.0584 AUC = 0.9544
K = 43: HR = 0.1893, NDCG = 0.0589 AUC = 0.9544
K = 44: HR = 0.1925, NDCG = 0.0595 AUC = 0.9544
K = 45: HR = 0.1962, NDCG = 0.0602 AUC = 0.9544
K = 46: HR = 0.1993, NDCG = 0.0607 AUC = 0.9544
K = 47: HR = 0.2020, NDCG = 0.0612 AUC = 0.9544
K = 48: HR = 0.2049, NDCG = 0.0617 AUC = 0.9544
K = 49: HR = 0.2077, NDCG = 0.0622 AUC = 0.9544
K = 50: HR = 0.2108, NDCG = 0.0628 AUC = 0.9544
K = 51: HR = 0.2138, NDCG = 0.0633 AUC = 0.9544
K = 52: HR = 0.2168, NDCG = 0.0638 AUC = 0.9544
K = 53: HR = 0.2197, NDCG = 0.0643 AUC = 0.9544
K = 54: HR = 0.2229, NDCG = 0.0649 AUC = 0.9544
K = 55: HR = 0.2257, NDCG = 0.0653 AUC = 0.9544
K = 56: HR = 0.2288, NDCG = 0.0659 AUC = 0.9544
K = 57: HR = 0.2317, NDCG = 0.0664 AUC = 0.9544
K = 58: HR = 0.2344, NDCG = 0.0668 AUC = 0.9544
K = 59: HR = 0.2372, NDCG = 0.0673 AUC = 0.9544
K = 60: HR = 0.2394, NDCG = 0.0677 AUC = 0.9544
K = 61: HR = 0.2424, NDCG = 0.0682 AUC = 0.9544
K = 62: HR = 0.2451, NDCG = 0.0686 AUC = 0.9544
K = 63: HR = 0.2474, NDCG = 0.0690 AUC = 0.9544
K = 64: HR = 0.2500, NDCG = 0.0695 AUC = 0.9544
K = 65: HR = 0.2528, NDCG = 0.0699 AUC = 0.9544
K = 66: HR = 0.2553, NDCG = 0.0703 AUC = 0.9544
K = 67: HR = 0.2578, NDCG = 0.0707 AUC = 0.9544
K = 68: HR = 0.2603, NDCG = 0.0711 AUC = 0.9544
K = 69: HR = 0.2624, NDCG = 0.0715 AUC = 0.9544
K = 70: HR = 0.2650, NDCG = 0.0719 AUC = 0.9544
K = 71: HR = 0.2674, NDCG = 0.0723 AUC = 0.9544
K = 72: HR = 0.2698, NDCG = 0.0727 AUC = 0.9544
K = 73: HR = 0.2722, NDCG = 0.0731 AUC = 0.9544
K = 74: HR = 0.2753, NDCG = 0.0736 AUC = 0.9544
K = 75: HR = 0.2777, NDCG = 0.0740 AUC = 0.9544
K = 76: HR = 0.2800, NDCG = 0.0743 AUC = 0.9544
K = 77: HR = 0.2827, NDCG = 0.0748 AUC = 0.9544
K = 78: HR = 0.2852, NDCG = 0.0752 AUC = 0.9544
K = 79: HR = 0.2877, NDCG = 0.0756 AUC = 0.9544
K = 80: HR = 0.2901, NDCG = 0.0759 AUC = 0.9544
K = 81: HR = 0.2926, NDCG = 0.0763 AUC = 0.9544
K = 82: HR = 0.2951, NDCG = 0.0767 AUC = 0.9544
K = 83: HR = 0.2974, NDCG = 0.0771 AUC = 0.9544
K = 84: HR = 0.2998, NDCG = 0.0774 AUC = 0.9544
K = 85: HR = 0.3017, NDCG = 0.0777 AUC = 0.9544
K = 86: HR = 0.3039, NDCG = 0.0781 AUC = 0.9544
K = 87: HR = 0.3060, NDCG = 0.0784 AUC = 0.9544
K = 88: HR = 0.3085, NDCG = 0.0788 AUC = 0.9544
K = 89: HR = 0.3105, NDCG = 0.0791 AUC = 0.9544
K = 90: HR = 0.3127, NDCG = 0.0794 AUC = 0.9544
K = 91: HR = 0.3149, NDCG = 0.0798 AUC = 0.9544
K = 92: HR = 0.3170, NDCG = 0.0801 AUC = 0.9544
K = 93: HR = 0.3189, NDCG = 0.0804 AUC = 0.9544
K = 94: HR = 0.3210, NDCG = 0.0807 AUC = 0.9544
K = 95: HR = 0.3233, NDCG = 0.0811 AUC = 0.9544
K = 96: HR = 0.3252, NDCG = 0.0813 AUC = 0.9544
K = 97: HR = 0.3275, NDCG = 0.0817 AUC = 0.9544
K = 98: HR = 0.3296, NDCG = 0.0820 AUC = 0.9544
K = 99: HR = 0.3321, NDCG = 0.0824 AUC = 0.9544
K = 100: HR = 0.3339, NDCG = 0.0827 AUC = 0.9544
