Initialize SASREC
Epoch 0 [26.1s + 0.0s]: HR = 0.1054, NDCG = 0.0290 ACC = 1.2811 ACC_adv = 1.2811 [457.7s], |P|=0.00, |Q|=0.00
Epoch 20 [17.1s + 0.0s]: HR = 0.1901, NDCG = 0.0513 ACC = 0.5924 ACC_adv = 0.5924 [431.8s], |P|=0.00, |Q|=0.00
Epoch 40 [17.1s + 0.0s]: HR = 0.2588, NDCG = 0.0715 ACC = 0.3727 ACC_adv = 0.3727 [429.9s], |P|=0.00, |Q|=0.00
Epoch 60 [17.1s + 0.0s]: HR = 0.2762, NDCG = 0.0769 ACC = 0.2909 ACC_adv = 0.2909 [431.7s], |P|=0.00, |Q|=0.00
Epoch 80 [17.2s + 0.0s]: HR = 0.2814, NDCG = 0.0782 ACC = 0.2582 ACC_adv = 0.2582 [431.5s], |P|=0.00, |Q|=0.00
Epoch 100 [17.2s + 0.0s]: HR = 0.2868, NDCG = 0.0794 ACC = 0.2358 ACC_adv = 0.2358 [432.9s], |P|=0.00, |Q|=0.00
Epoch 120 [17.2s + 0.0s]: HR = 0.2889, NDCG = 0.0800 ACC = 0.2263 ACC_adv = 0.2263 [433.1s], |P|=0.00, |Q|=0.00
Epoch 140 [17.2s + 0.0s]: HR = 0.2908, NDCG = 0.0797 ACC = 0.2205 ACC_adv = 0.2205 [432.5s], |P|=0.00, |Q|=0.00
Epoch 160 [17.2s + 0.0s]: HR = 0.2895, NDCG = 0.0814 ACC = 0.2113 ACC_adv = 0.2113 [433.3s], |P|=0.00, |Q|=0.00
Epoch 180 [17.2s + 0.0s]: HR = 0.2968, NDCG = 0.0832 ACC = 0.2055 ACC_adv = 0.2055 [435.0s], |P|=0.00, |Q|=0.00
Epoch 200 [17.4s + 0.0s]: HR = 0.2937, NDCG = 0.0813 ACC = 0.2019 ACC_adv = 0.2019 [436.8s], |P|=0.00, |Q|=0.00
Epoch 220 [17.2s + 0.0s]: HR = 0.2972, NDCG = 0.0816 ACC = 0.1985 ACC_adv = 0.1985 [436.9s], |P|=0.00, |Q|=0.00
Epoch 240 [17.2s + 0.0s]: HR = 0.2998, NDCG = 0.0824 ACC = 0.1980 ACC_adv = 0.1980 [436.6s], |P|=0.00, |Q|=0.00
Epoch 260 [17.2s + 0.0s]: HR = 0.2973, NDCG = 0.0818 ACC = 0.1911 ACC_adv = 0.1911 [438.7s], |P|=0.00, |Q|=0.00
Epoch 280 [17.2s + 0.0s]: HR = 0.2967, NDCG = 0.0824 ACC = 0.1911 ACC_adv = 0.1911 [439.6s], |P|=0.00, |Q|=0.00
Epoch 300 [17.2s + 0.0s]: HR = 0.2993, NDCG = 0.0827 ACC = 0.1865 ACC_adv = 0.1865 [439.5s], |P|=0.00, |Q|=0.00
Epoch 320 [17.2s + 0.0s]: HR = 0.2993, NDCG = 0.0838 ACC = 0.1870 ACC_adv = 0.1870 [437.3s], |P|=0.00, |Q|=0.00
Epoch 340 [17.3s + 0.0s]: HR = 0.3008, NDCG = 0.0826 ACC = 0.1847 ACC_adv = 0.1847 [436.4s], |P|=0.00, |Q|=0.00
Epoch 360 [17.2s + 0.0s]: HR = 0.2999, NDCG = 0.0831 ACC = 0.1855 ACC_adv = 0.1855 [436.5s], |P|=0.00, |Q|=0.00
Epoch 380 [17.2s + 0.0s]: HR = 0.3024, NDCG = 0.0833 ACC = 0.1829 ACC_adv = 0.1829 [436.5s], |P|=0.00, |Q|=0.00
Epoch 400 [18.9s + 0.0s]: HR = 0.3010, NDCG = 0.0832 ACC = 0.1814 ACC_adv = 0.1814 [437.5s], |P|=0.00, |Q|=0.00
Epoch 420 [17.3s + 0.0s]: HR = 0.3031, NDCG = 0.0839 ACC = 0.1817 ACC_adv = 0.1817 [436.6s], |P|=0.00, |Q|=0.00
Epoch 440 [17.2s + 0.0s]: HR = 0.3055, NDCG = 0.0844 ACC = 0.1785 ACC_adv = 0.1785 [436.8s], |P|=0.00, |Q|=0.00
Epoch 460 [17.3s + 0.0s]: HR = 0.3027, NDCG = 0.0835 ACC = 0.1796 ACC_adv = 0.1796 [435.4s], |P|=0.00, |Q|=0.00
Epoch 480 [17.3s + 0.0s]: HR = 0.3053, NDCG = 0.0840 ACC = 0.1759 ACC_adv = 0.1759 [436.0s], |P|=0.00, |Q|=0.00
Epoch 500 [17.2s + 0.0s]: HR = 0.3050, NDCG = 0.0838 ACC = 0.1766 ACC_adv = 0.1766 [438.0s], |P|=0.00, |Q|=0.00
Epoch 520 [17.2s + 0.0s]: HR = 0.3065, NDCG = 0.0841 ACC = 0.1763 ACC_adv = 0.1763 [435.5s], |P|=0.00, |Q|=0.00
Epoch 540 [17.2s + 0.0s]: HR = 0.3055, NDCG = 0.0834 ACC = 0.1769 ACC_adv = 0.1769 [436.6s], |P|=0.00, |Q|=0.00
Epoch 560 [17.2s + 0.0s]: HR = 0.3051, NDCG = 0.0831 ACC = 0.1730 ACC_adv = 0.1730 [435.8s], |P|=0.00, |Q|=0.00
Epoch 580 [17.2s + 0.0s]: HR = 0.3042, NDCG = 0.0843 ACC = 0.1742 ACC_adv = 0.1742 [436.2s], |P|=0.00, |Q|=0.00
Epoch 600 [17.2s + 0.0s]: HR = 0.3096, NDCG = 0.0853 ACC = 0.1727 ACC_adv = 0.1727 [440.3s], |P|=0.00, |Q|=0.00
Epoch 620 [17.2s + 0.0s]: HR = 0.3066, NDCG = 0.0853 ACC = 0.1699 ACC_adv = 0.1699 [436.3s], |P|=0.00, |Q|=0.00
Epoch 640 [17.2s + 0.0s]: HR = 0.3056, NDCG = 0.0842 ACC = 0.1728 ACC_adv = 0.1728 [428.5s], |P|=0.00, |Q|=0.00
Epoch 660 [17.4s + 0.0s]: HR = 0.3045, NDCG = 0.0847 ACC = 0.1723 ACC_adv = 0.1723 [429.6s], |P|=0.00, |Q|=0.00
Epoch 680 [17.2s + 0.0s]: HR = 0.3061, NDCG = 0.0837 ACC = 0.1720 ACC_adv = 0.1720 [428.8s], |P|=0.00, |Q|=0.00
Epoch 700 [17.1s + 0.0s]: HR = 0.3040, NDCG = 0.0838 ACC = 0.1720 ACC_adv = 0.1720 [427.5s], |P|=0.00, |Q|=0.00
Epoch 720 [17.1s + 0.0s]: HR = 0.3036, NDCG = 0.0826 ACC = 0.1723 ACC_adv = 0.1723 [428.4s], |P|=0.00, |Q|=0.00
Epoch 740 [17.1s + 0.0s]: HR = 0.3051, NDCG = 0.0843 ACC = 0.1693 ACC_adv = 0.1693 [430.8s], |P|=0.00, |Q|=0.00
Epoch 760 [17.2s + 0.0s]: HR = 0.3074, NDCG = 0.0847 ACC = 0.1711 ACC_adv = 0.1711 [428.3s], |P|=0.00, |Q|=0.00
Epoch 780 [17.1s + 0.0s]: HR = 0.3073, NDCG = 0.0835 ACC = 0.1695 ACC_adv = 0.1695 [427.6s], |P|=0.00, |Q|=0.00
Epoch 800 [17.1s + 0.0s]: HR = 0.3073, NDCG = 0.0847 ACC = 0.1678 ACC_adv = 0.1678 [427.2s], |P|=0.00, |Q|=0.00
Epoch 820 [17.1s + 0.0s]: HR = 0.3032, NDCG = 0.0828 ACC = 0.1699 ACC_adv = 0.1699 [436.3s], |P|=0.00, |Q|=0.00
Epoch 840 [17.2s + 0.0s]: HR = 0.3076, NDCG = 0.0844 ACC = 0.1685 ACC_adv = 0.1685 [441.0s], |P|=0.00, |Q|=0.00
Epoch 860 [17.2s + 0.0s]: HR = 0.3047, NDCG = 0.0841 ACC = 0.1660 ACC_adv = 0.1660 [441.1s], |P|=0.00, |Q|=0.00
Epoch 880 [17.4s + 0.0s]: HR = 0.3064, NDCG = 0.0837 ACC = 0.1680 ACC_adv = 0.1680 [442.0s], |P|=0.00, |Q|=0.00
Epoch 900 [17.3s + 0.0s]: HR = 0.3078, NDCG = 0.0842 ACC = 0.1685 ACC_adv = 0.1685 [441.3s], |P|=0.00, |Q|=0.00
Epoch 920 [17.2s + 0.0s]: HR = 0.3065, NDCG = 0.0840 ACC = 0.1683 ACC_adv = 0.1683 [441.1s], |P|=0.00, |Q|=0.00
Epoch 940 [17.3s + 0.0s]: HR = 0.3052, NDCG = 0.0842 ACC = 0.1675 ACC_adv = 0.1675 [441.7s], |P|=0.00, |Q|=0.00
Epoch 960 [17.3s + 0.0s]: HR = 0.3068, NDCG = 0.0832 ACC = 0.1663 ACC_adv = 0.1663 [447.2s], |P|=0.00, |Q|=0.00
Epoch 980 [17.3s + 0.0s]: HR = 0.3051, NDCG = 0.0832 ACC = 0.1652 ACC_adv = 0.1652 [443.2s], |P|=0.00, |Q|=0.00
Initialize Adversarial_SASREC
Epoch 1000 [44.3s + 0.0s]: HR = 0.2898, NDCG = 0.0760 ACC = 23.9524 ACC_adv = 23.9524 [2679.2s], |P|=0.00, |Q|=0.00
Epoch 1020 [33.0s + 0.0s]: HR = 0.3166, NDCG = 0.0884 ACC = 1.9163 ACC_adv = 1.9163 [6820.4s], |P|=0.00, |Q|=0.00
Epoch 1040 [31.1s + 0.0s]: HR = 0.3310, NDCG = 0.0951 ACC = 1.0185 ACC_adv = 1.0185 [5715.2s], |P|=0.00, |Q|=0.00
Epoch 1060 [28.8s + 0.0s]: HR = 0.3331, NDCG = 0.0967 ACC = 0.8626 ACC_adv = 0.8626 [6566.1s], |P|=0.00, |Q|=0.00
Epoch 1080 [31.8s + 0.0s]: HR = 0.3309, NDCG = 0.0954 ACC = 0.7884 ACC_adv = 0.7884 [773.5s], |P|=0.00, |Q|=0.00
Epoch 1100 [31.5s + 0.0s]: HR = 0.3288, NDCG = 0.0952 ACC = 0.7373 ACC_adv = 0.7373 [3705.4s], |P|=0.00, |Q|=0.00
Epoch 1120 [29.0s + 0.0s]: HR = 0.3292, NDCG = 0.0956 ACC = 0.7055 ACC_adv = 0.7055 [4448.0s], |P|=0.00, |Q|=0.00
Epoch 1140 [28.6s + 0.0s]: HR = 0.3301, NDCG = 0.0957 ACC = 0.6799 ACC_adv = 0.6799 [429.3s], |P|=0.00, |Q|=0.00
Epoch 1160 [28.6s + 0.0s]: HR = 0.3310, NDCG = 0.0958 ACC = 0.6630 ACC_adv = 0.6630 [429.7s], |P|=0.00, |Q|=0.00
Epoch 1180 [30.8s + 0.0s]: HR = 0.3306, NDCG = 0.0962 ACC = 0.6405 ACC_adv = 0.6405 [6121.5s], |P|=0.00, |Q|=0.00
Epoch 1200 [31.0s + 0.0s]: HR = 0.3292, NDCG = 0.0956 ACC = 0.6146 ACC_adv = 0.6146 [8543.5s], |P|=0.00, |Q|=0.00
Epoch 1220 [31.2s + 0.0s]: HR = 0.3283, NDCG = 0.0965 ACC = 0.6105 ACC_adv = 0.6105 [470.9s], |P|=0.00, |Q|=0.00
Epoch 1240 [28.5s + 0.0s]: HR = 0.3290, NDCG = 0.0958 ACC = 0.5965 ACC_adv = 0.5965 [419.5s], |P|=0.00, |Q|=0.00
Epoch 1260 [30.7s + 0.0s]: HR = 0.3286, NDCG = 0.0960 ACC = 0.5800 ACC_adv = 0.5800 [8016.0s], |P|=0.00, |Q|=0.00
Epoch 1280 [30.7s + 0.0s]: HR = 0.3297, NDCG = 0.0965 ACC = 0.5736 ACC_adv = 0.5736 [6256.6s], |P|=0.00, |Q|=0.00
Epoch 1300 [29.1s + 0.0s]: HR = 0.3290, NDCG = 0.0964 ACC = 0.5661 ACC_adv = 0.5661 [5457.7s], |P|=0.00, |Q|=0.00
Epoch 1320 [29.6s + 0.0s]: HR = 0.3298, NDCG = 0.0970 ACC = 0.5501 ACC_adv = 0.5501 [5596.4s], |P|=0.00, |Q|=0.00
Epoch 1340 [30.3s + 0.0s]: HR = 0.3290, NDCG = 0.0965 ACC = 0.5434 ACC_adv = 0.5434 [574.3s], |P|=0.00, |Q|=0.00
Epoch 1360 [28.6s + 0.0s]: HR = 0.3299, NDCG = 0.0965 ACC = 0.5295 ACC_adv = 0.5295 [415.4s], |P|=0.00, |Q|=0.00
Epoch 1380 [28.5s + 0.0s]: HR = 0.3272, NDCG = 0.0957 ACC = 0.5337 ACC_adv = 0.5337 [413.3s], |P|=0.00, |Q|=0.00
Epoch 1400 [30.3s + 0.0s]: HR = 0.3300, NDCG = 0.0958 ACC = 0.5198 ACC_adv = 0.5198 [5967.0s], |P|=0.00, |Q|=0.00
Epoch 1420 [46.8s + 0.0s]: HR = 0.3275, NDCG = 0.0955 ACC = 0.5132 ACC_adv = 0.5132 [4576.3s], |P|=0.00, |Q|=0.00
Epoch 1440 [31.0s + 0.0s]: HR = 0.3261, NDCG = 0.0957 ACC = 0.5117 ACC_adv = 0.5117 [4784.4s], |P|=0.00, |Q|=0.00
Epoch 1460 [30.2s + 0.0s]: HR = 0.3287, NDCG = 0.0967 ACC = 0.5059 ACC_adv = 0.5059 [4210.7s], |P|=0.00, |Q|=0.00
Epoch 1480 [28.5s + 0.0s]: HR = 0.3290, NDCG = 0.0960 ACC = 0.4986 ACC_adv = 0.4986 [419.4s], |P|=0.00, |Q|=0.00
Epoch 1500 [29.5s + 0.0s]: HR = 0.3291, NDCG = 0.0959 ACC = 0.4920 ACC_adv = 0.4920 [1220.2s], |P|=0.00, |Q|=0.00
Epoch 1520 [28.4s + 0.0s]: HR = 0.3272, NDCG = 0.0955 ACC = 0.4921 ACC_adv = 0.4921 [4963.2s], |P|=0.00, |Q|=0.00
Epoch 1540 [29.0s + 0.0s]: HR = 0.3276, NDCG = 0.0955 ACC = 0.4804 ACC_adv = 0.4804 [4319.7s], |P|=0.00, |Q|=0.00
Epoch 1560 [30.9s + 0.0s]: HR = 0.3313, NDCG = 0.0968 ACC = 0.4860 ACC_adv = 0.4860 [6323.2s], |P|=0.00, |Q|=0.00
Epoch 1580 [30.2s + 0.0s]: HR = 0.3279, NDCG = 0.0957 ACC = 0.4786 ACC_adv = 0.4786 [5951.6s], |P|=0.00, |Q|=0.00
Epoch 1600 [36.4s + 0.0s]: HR = 0.3282, NDCG = 0.0959 ACC = 0.4777 ACC_adv = 0.4777 [1994.0s], |P|=0.00, |Q|=0.00
Epoch 1620 [28.5s + 0.0s]: HR = 0.3312, NDCG = 0.0968 ACC = 0.4804 ACC_adv = 0.4804 [1170.2s], |P|=0.00, |Q|=0.00
Epoch 1640 [33.9s + 0.0s]: HR = 0.3303, NDCG = 0.0965 ACC = 0.4657 ACC_adv = 0.4657 [3306.9s], |P|=0.00, |Q|=0.00
Epoch 1660 [29.7s + 0.0s]: HR = 0.3279, NDCG = 0.0956 ACC = 0.4724 ACC_adv = 0.4724 [2098.9s], |P|=0.00, |Q|=0.00
Epoch 1680 [28.9s + 0.0s]: HR = 0.3282, NDCG = 0.0955 ACC = 0.4657 ACC_adv = 0.4657 [2048.6s], |P|=0.00, |Q|=0.00
Epoch 1700 [28.8s + 0.0s]: HR = 0.3299, NDCG = 0.0967 ACC = 0.4637 ACC_adv = 0.4637 [1309.9s], |P|=0.00, |Q|=0.00
Epoch 1720 [28.9s + 0.0s]: HR = 0.3278, NDCG = 0.0960 ACC = 0.4567 ACC_adv = 0.4567 [1402.6s], |P|=0.00, |Q|=0.00
Epoch 1740 [29.3s + 0.0s]: HR = 0.3277, NDCG = 0.0954 ACC = 0.4627 ACC_adv = 0.4627 [1518.6s], |P|=0.00, |Q|=0.00
Epoch 1760 [29.8s + 0.0s]: HR = 0.3275, NDCG = 0.0948 ACC = 0.4526 ACC_adv = 0.4526 [2398.6s], |P|=0.00, |Q|=0.00
Epoch 1780 [29.0s + 0.0s]: HR = 0.3291, NDCG = 0.0960 ACC = 0.4490 ACC_adv = 0.4490 [1352.2s], |P|=0.00, |Q|=0.00
Epoch 1800 [74.5s + 0.0s]: HR = 0.3269, NDCG = 0.0955 ACC = 0.4545 ACC_adv = 0.4545 [1464.6s], |P|=0.00, |Q|=0.00
Epoch 1820 [31.9s + 0.0s]: HR = 0.3277, NDCG = 0.0953 ACC = 0.4503 ACC_adv = 0.4503 [1488.4s], |P|=0.00, |Q|=0.00
Epoch 1840 [30.0s + 0.0s]: HR = 0.3288, NDCG = 0.0960 ACC = 0.4509 ACC_adv = 0.4509 [935.4s], |P|=0.00, |Q|=0.00
Epoch 1860 [29.1s + 0.0s]: HR = 0.3292, NDCG = 0.0958 ACC = 0.4447 ACC_adv = 0.4447 [1450.3s], |P|=0.00, |Q|=0.00
Epoch 1880 [29.9s + 0.0s]: HR = 0.3283, NDCG = 0.0957 ACC = 0.4486 ACC_adv = 0.4486 [1571.2s], |P|=0.00, |Q|=0.00
Epoch 1900 [30.2s + 0.0s]: HR = 0.3284, NDCG = 0.0961 ACC = 0.4457 ACC_adv = 0.4457 [1526.1s], |P|=0.00, |Q|=0.00
Epoch 1920 [30.3s + 0.0s]: HR = 0.3273, NDCG = 0.0950 ACC = 0.4400 ACC_adv = 0.4400 [1631.8s], |P|=0.00, |Q|=0.00
Epoch 1940 [29.4s + 0.0s]: HR = 0.3296, NDCG = 0.0963 ACC = 0.4408 ACC_adv = 0.4408 [1598.5s], |P|=0.00, |Q|=0.00
Epoch 1960 [31.2s + 0.0s]: HR = 0.3283, NDCG = 0.0952 ACC = 0.4404 ACC_adv = 0.4404 [1123.0s], |P|=0.00, |Q|=0.00
Epoch 1980 [30.4s + 0.0s]: HR = 0.3283, NDCG = 0.0947 ACC = 0.4378 ACC_adv = 0.4378 [531.5s], |P|=0.00, |Q|=0.00
Epoch 2000 [29.8s + 0.0s]: HR = 0.3277, NDCG = 0.0953 ACC = 0.4410 ACC_adv = 0.4410 [602.5s], |P|=0.00, |Q|=0.00
Epoch 1320 is the best epoch
K = 1: HR = 0.0177, NDCG = 0.0177 AUC = 0.8839
K = 2: HR = 0.0303, NDCG = 0.0256 AUC = 0.8839
K = 3: HR = 0.0420, NDCG = 0.0315 AUC = 0.8839
K = 4: HR = 0.0518, NDCG = 0.0357 AUC = 0.8839
K = 5: HR = 0.0609, NDCG = 0.0392 AUC = 0.8839
K = 6: HR = 0.0694, NDCG = 0.0423 AUC = 0.8839
K = 7: HR = 0.0776, NDCG = 0.0450 AUC = 0.8839
K = 8: HR = 0.0850, NDCG = 0.0473 AUC = 0.8839
K = 9: HR = 0.0925, NDCG = 0.0496 AUC = 0.8839
K = 10: HR = 0.0993, NDCG = 0.0516 AUC = 0.8839
K = 11: HR = 0.1067, NDCG = 0.0536 AUC = 0.8839
K = 12: HR = 0.1133, NDCG = 0.0554 AUC = 0.8839
K = 13: HR = 0.1190, NDCG = 0.0569 AUC = 0.8839
K = 14: HR = 0.1253, NDCG = 0.0585 AUC = 0.8839
K = 15: HR = 0.1293, NDCG = 0.0595 AUC = 0.8839
K = 16: HR = 0.1343, NDCG = 0.0607 AUC = 0.8839
K = 17: HR = 0.1391, NDCG = 0.0619 AUC = 0.8839
K = 18: HR = 0.1436, NDCG = 0.0629 AUC = 0.8839
K = 19: HR = 0.1480, NDCG = 0.0639 AUC = 0.8839
K = 20: HR = 0.1521, NDCG = 0.0649 AUC = 0.8839
K = 21: HR = 0.1568, NDCG = 0.0660 AUC = 0.8839
K = 22: HR = 0.1614, NDCG = 0.0670 AUC = 0.8839
K = 23: HR = 0.1654, NDCG = 0.0678 AUC = 0.8839
K = 24: HR = 0.1695, NDCG = 0.0687 AUC = 0.8839
K = 25: HR = 0.1729, NDCG = 0.0694 AUC = 0.8839
K = 26: HR = 0.1761, NDCG = 0.0701 AUC = 0.8839
K = 27: HR = 0.1798, NDCG = 0.0709 AUC = 0.8839
K = 28: HR = 0.1831, NDCG = 0.0716 AUC = 0.8839
K = 29: HR = 0.1866, NDCG = 0.0723 AUC = 0.8839
K = 30: HR = 0.1899, NDCG = 0.0729 AUC = 0.8839
K = 31: HR = 0.1931, NDCG = 0.0736 AUC = 0.8839
K = 32: HR = 0.1960, NDCG = 0.0742 AUC = 0.8839
K = 33: HR = 0.1993, NDCG = 0.0748 AUC = 0.8839
K = 34: HR = 0.2020, NDCG = 0.0753 AUC = 0.8839
K = 35: HR = 0.2051, NDCG = 0.0759 AUC = 0.8839
K = 36: HR = 0.2083, NDCG = 0.0765 AUC = 0.8839
K = 37: HR = 0.2112, NDCG = 0.0771 AUC = 0.8839
K = 38: HR = 0.2142, NDCG = 0.0777 AUC = 0.8839
K = 39: HR = 0.2176, NDCG = 0.0783 AUC = 0.8839
K = 40: HR = 0.2211, NDCG = 0.0790 AUC = 0.8839
K = 41: HR = 0.2235, NDCG = 0.0794 AUC = 0.8839
K = 42: HR = 0.2265, NDCG = 0.0799 AUC = 0.8839
K = 43: HR = 0.2291, NDCG = 0.0804 AUC = 0.8839
K = 44: HR = 0.2314, NDCG = 0.0809 AUC = 0.8839
K = 45: HR = 0.2338, NDCG = 0.0813 AUC = 0.8839
K = 46: HR = 0.2357, NDCG = 0.0816 AUC = 0.8839
K = 47: HR = 0.2378, NDCG = 0.0820 AUC = 0.8839
K = 48: HR = 0.2398, NDCG = 0.0824 AUC = 0.8839
K = 49: HR = 0.2422, NDCG = 0.0828 AUC = 0.8839
K = 50: HR = 0.2444, NDCG = 0.0832 AUC = 0.8839
K = 51: HR = 0.2469, NDCG = 0.0836 AUC = 0.8839
K = 52: HR = 0.2490, NDCG = 0.0840 AUC = 0.8839
K = 53: HR = 0.2511, NDCG = 0.0843 AUC = 0.8839
K = 54: HR = 0.2532, NDCG = 0.0847 AUC = 0.8839
K = 55: HR = 0.2552, NDCG = 0.0851 AUC = 0.8839
K = 56: HR = 0.2579, NDCG = 0.0855 AUC = 0.8839
K = 57: HR = 0.2602, NDCG = 0.0859 AUC = 0.8839
K = 58: HR = 0.2620, NDCG = 0.0862 AUC = 0.8839
K = 59: HR = 0.2641, NDCG = 0.0866 AUC = 0.8839
K = 60: HR = 0.2658, NDCG = 0.0868 AUC = 0.8839
K = 61: HR = 0.2674, NDCG = 0.0871 AUC = 0.8839
K = 62: HR = 0.2696, NDCG = 0.0875 AUC = 0.8839
K = 63: HR = 0.2717, NDCG = 0.0878 AUC = 0.8839
K = 64: HR = 0.2734, NDCG = 0.0881 AUC = 0.8839
K = 65: HR = 0.2752, NDCG = 0.0884 AUC = 0.8839
K = 66: HR = 0.2771, NDCG = 0.0887 AUC = 0.8839
K = 67: HR = 0.2789, NDCG = 0.0890 AUC = 0.8839
K = 68: HR = 0.2805, NDCG = 0.0893 AUC = 0.8839
K = 69: HR = 0.2823, NDCG = 0.0896 AUC = 0.8839
K = 70: HR = 0.2842, NDCG = 0.0899 AUC = 0.8839
K = 71: HR = 0.2856, NDCG = 0.0901 AUC = 0.8839
K = 72: HR = 0.2875, NDCG = 0.0904 AUC = 0.8839
K = 73: HR = 0.2887, NDCG = 0.0906 AUC = 0.8839
K = 74: HR = 0.2907, NDCG = 0.0909 AUC = 0.8839
K = 75: HR = 0.2920, NDCG = 0.0912 AUC = 0.8839
K = 76: HR = 0.2937, NDCG = 0.0914 AUC = 0.8839
K = 77: HR = 0.2959, NDCG = 0.0918 AUC = 0.8839
K = 78: HR = 0.2973, NDCG = 0.0920 AUC = 0.8839
K = 79: HR = 0.2988, NDCG = 0.0922 AUC = 0.8839
K = 80: HR = 0.3005, NDCG = 0.0925 AUC = 0.8839
K = 81: HR = 0.3019, NDCG = 0.0927 AUC = 0.8839
K = 82: HR = 0.3035, NDCG = 0.0930 AUC = 0.8839
K = 83: HR = 0.3047, NDCG = 0.0932 AUC = 0.8839
K = 84: HR = 0.3064, NDCG = 0.0934 AUC = 0.8839
K = 85: HR = 0.3077, NDCG = 0.0936 AUC = 0.8839
K = 86: HR = 0.3092, NDCG = 0.0939 AUC = 0.8839
K = 87: HR = 0.3107, NDCG = 0.0941 AUC = 0.8839
K = 88: HR = 0.3117, NDCG = 0.0943 AUC = 0.8839
K = 89: HR = 0.3134, NDCG = 0.0945 AUC = 0.8839
K = 90: HR = 0.3149, NDCG = 0.0947 AUC = 0.8839
K = 91: HR = 0.3165, NDCG = 0.0950 AUC = 0.8839
K = 92: HR = 0.3185, NDCG = 0.0953 AUC = 0.8839
K = 93: HR = 0.3198, NDCG = 0.0955 AUC = 0.8839
K = 94: HR = 0.3212, NDCG = 0.0957 AUC = 0.8839
K = 95: HR = 0.3230, NDCG = 0.0960 AUC = 0.8839
K = 96: HR = 0.3245, NDCG = 0.0962 AUC = 0.8839
K = 97: HR = 0.3258, NDCG = 0.0964 AUC = 0.8839
K = 98: HR = 0.3270, NDCG = 0.0966 AUC = 0.8839
K = 99: HR = 0.3282, NDCG = 0.0968 AUC = 0.8839
K = 100: HR = 0.3298, NDCG = 0.0970 AUC = 0.8839
