Video_apr_d64_e0.500000_l1.000000_2020_01_24_12_07_42
Initialize BPR
Epoch 0 [18.7s + 2.8s]: HR = 0.0369, NDCG = 0.0093 ACC = 0.5009 ACC_adv = 0.9519 [157.9s], |P|=13.48, |Q|=12.13
Epoch 20 [19.4s + 2.1s]: HR = 0.1420, NDCG = 0.0355 ACC = 0.9516 ACC_adv = 0.9759 [158.4s], |P|=282.53, |Q|=265.16
Epoch 40 [19.6s + 2.1s]: HR = 0.1837, NDCG = 0.0486 ACC = 0.9846 ACC_adv = 0.9924 [157.9s], |P|=353.59, |Q|=330.03
Epoch 60 [19.7s + 2.2s]: HR = 0.2000, NDCG = 0.0532 ACC = 0.9900 ACC_adv = 0.9950 [158.7s], |P|=392.38, |Q|=364.47
Epoch 80 [19.8s + 2.2s]: HR = 0.2110, NDCG = 0.0555 ACC = 0.9937 ACC_adv = 0.9967 [158.5s], |P|=418.26, |Q|=386.91
Epoch 100 [20.1s + 2.2s]: HR = 0.2138, NDCG = 0.0579 ACC = 0.9950 ACC_adv = 0.9974 [158.5s], |P|=437.57, |Q|=403.42
Epoch 120 [20.1s + 2.2s]: HR = 0.2174, NDCG = 0.0583 ACC = 0.9961 ACC_adv = 0.9980 [161.5s], |P|=452.89, |Q|=416.34
Epoch 140 [20.1s + 2.2s]: HR = 0.2200, NDCG = 0.0593 ACC = 0.9968 ACC_adv = 0.9983 [160.2s], |P|=465.54, |Q|=426.92
Epoch 160 [20.4s + 2.2s]: HR = 0.2234, NDCG = 0.0600 ACC = 0.9970 ACC_adv = 0.9984 [160.9s], |P|=476.28, |Q|=435.93
Epoch 180 [20.5s + 2.9s]: HR = 0.2262, NDCG = 0.0603 ACC = 0.9976 ACC_adv = 0.9988 [160.5s], |P|=485.58, |Q|=443.65
Epoch 200 [20.7s + 2.2s]: HR = 0.2275, NDCG = 0.0607 ACC = 0.9979 ACC_adv = 0.9989 [160.7s], |P|=493.81, |Q|=450.45
Epoch 220 [20.6s + 2.2s]: HR = 0.2292, NDCG = 0.0613 ACC = 0.9981 ACC_adv = 0.9990 [159.7s], |P|=501.17, |Q|=456.48
Epoch 240 [20.8s + 2.2s]: HR = 0.2295, NDCG = 0.0614 ACC = 0.9984 ACC_adv = 0.9991 [161.4s], |P|=507.82, |Q|=461.96
Epoch 260 [21.0s + 2.3s]: HR = 0.2307, NDCG = 0.0613 ACC = 0.9985 ACC_adv = 0.9992 [164.5s], |P|=513.86, |Q|=466.88
Epoch 280 [21.2s + 2.3s]: HR = 0.2321, NDCG = 0.0621 ACC = 0.9985 ACC_adv = 0.9992 [161.6s], |P|=519.40, |Q|=471.42
Epoch 300 [21.3s + 2.3s]: HR = 0.2323, NDCG = 0.0622 ACC = 0.9986 ACC_adv = 0.9992 [161.9s], |P|=524.53, |Q|=475.61
Epoch 320 [21.2s + 2.3s]: HR = 0.2323, NDCG = 0.0621 ACC = 0.9987 ACC_adv = 0.9993 [162.0s], |P|=529.28, |Q|=479.48
Epoch 340 [21.3s + 2.2s]: HR = 0.2321, NDCG = 0.0627 ACC = 0.9989 ACC_adv = 0.9994 [161.9s], |P|=533.74, |Q|=483.11
Epoch 360 [21.5s + 2.3s]: HR = 0.2331, NDCG = 0.0626 ACC = 0.9988 ACC_adv = 0.9994 [164.4s], |P|=537.89, |Q|=486.48
Epoch 380 [21.6s + 2.3s]: HR = 0.2332, NDCG = 0.0625 ACC = 0.9989 ACC_adv = 0.9994 [166.9s], |P|=541.83, |Q|=489.71
Epoch 400 [21.7s + 2.3s]: HR = 0.2337, NDCG = 0.0625 ACC = 0.9990 ACC_adv = 0.9994 [163.6s], |P|=545.53, |Q|=492.73
Epoch 420 [21.8s + 2.2s]: HR = 0.2350, NDCG = 0.0630 ACC = 0.9991 ACC_adv = 0.9994 [163.2s], |P|=549.04, |Q|=495.58
Epoch 440 [21.9s + 2.2s]: HR = 0.2344, NDCG = 0.0632 ACC = 0.9991 ACC_adv = 0.9995 [164.1s], |P|=552.34, |Q|=498.25
Epoch 460 [22.0s + 2.2s]: HR = 0.2351, NDCG = 0.0633 ACC = 0.9992 ACC_adv = 0.9996 [162.9s], |P|=555.50, |Q|=500.81
Epoch 480 [22.0s + 2.3s]: HR = 0.2351, NDCG = 0.0632 ACC = 0.9990 ACC_adv = 0.9995 [164.1s], |P|=558.50, |Q|=503.23
Epoch 500 [22.1s + 2.3s]: HR = 0.2357, NDCG = 0.0635 ACC = 0.9992 ACC_adv = 0.9995 [166.5s], |P|=561.38, |Q|=505.55
Epoch 520 [22.2s + 2.2s]: HR = 0.2360, NDCG = 0.0636 ACC = 0.9993 ACC_adv = 0.9996 [163.7s], |P|=564.14, |Q|=507.80
Epoch 540 [22.3s + 2.3s]: HR = 0.2356, NDCG = 0.0635 ACC = 0.9993 ACC_adv = 0.9997 [164.5s], |P|=566.78, |Q|=509.93
Epoch 560 [22.4s + 2.3s]: HR = 0.2355, NDCG = 0.0636 ACC = 0.9993 ACC_adv = 0.9996 [164.1s], |P|=569.32, |Q|=511.98
Epoch 580 [22.6s + 2.3s]: HR = 0.2361, NDCG = 0.0638 ACC = 0.9994 ACC_adv = 0.9997 [163.5s], |P|=571.75, |Q|=513.91
Epoch 600 [22.7s + 2.3s]: HR = 0.2367, NDCG = 0.0637 ACC = 0.9994 ACC_adv = 0.9996 [166.1s], |P|=574.08, |Q|=515.82
Epoch 620 [22.6s + 2.3s]: HR = 0.2364, NDCG = 0.0638 ACC = 0.9994 ACC_adv = 0.9997 [171.6s], |P|=576.34, |Q|=517.64
Epoch 640 [22.8s + 2.2s]: HR = 0.2365, NDCG = 0.0639 ACC = 0.9994 ACC_adv = 0.9996 [163.1s], |P|=578.52, |Q|=519.39
Epoch 660 [22.8s + 2.3s]: HR = 0.2364, NDCG = 0.0640 ACC = 0.9994 ACC_adv = 0.9997 [163.8s], |P|=580.63, |Q|=521.10
Epoch 680 [22.9s + 2.3s]: HR = 0.2369, NDCG = 0.0641 ACC = 0.9995 ACC_adv = 0.9997 [163.4s], |P|=582.67, |Q|=522.73
Epoch 700 [23.1s + 2.3s]: HR = 0.2375, NDCG = 0.0642 ACC = 0.9993 ACC_adv = 0.9995 [163.6s], |P|=584.65, |Q|=524.32
Epoch 720 [23.3s + 2.3s]: HR = 0.2363, NDCG = 0.0643 ACC = 0.9995 ACC_adv = 0.9998 [163.6s], |P|=586.56, |Q|=525.84
Epoch 740 [23.2s + 2.3s]: HR = 0.2372, NDCG = 0.0645 ACC = 0.9994 ACC_adv = 0.9997 [171.6s], |P|=588.41, |Q|=527.34
Epoch 760 [23.3s + 2.3s]: HR = 0.2362, NDCG = 0.0640 ACC = 0.9994 ACC_adv = 0.9997 [164.5s], |P|=590.20, |Q|=528.77
Epoch 780 [23.5s + 2.3s]: HR = 0.2357, NDCG = 0.0640 ACC = 0.9996 ACC_adv = 0.9998 [163.9s], |P|=591.95, |Q|=530.19
Epoch 800 [23.5s + 2.3s]: HR = 0.2360, NDCG = 0.0641 ACC = 0.9995 ACC_adv = 0.9997 [163.7s], |P|=593.66, |Q|=531.56
Epoch 820 [23.6s + 2.3s]: HR = 0.2352, NDCG = 0.0638 ACC = 0.9995 ACC_adv = 0.9997 [163.6s], |P|=595.30, |Q|=532.89
Epoch 840 [23.6s + 2.3s]: HR = 0.2352, NDCG = 0.0637 ACC = 0.9995 ACC_adv = 0.9997 [163.8s], |P|=596.92, |Q|=534.21
Epoch 860 [23.6s + 2.2s]: HR = 0.2355, NDCG = 0.0638 ACC = 0.9995 ACC_adv = 0.9997 [163.3s], |P|=598.49, |Q|=535.47
Epoch 880 [23.8s + 2.3s]: HR = 0.2355, NDCG = 0.0639 ACC = 0.9994 ACC_adv = 0.9997 [159.4s], |P|=600.02, |Q|=536.70
Epoch 900 [23.7s + 2.3s]: HR = 0.2357, NDCG = 0.0639 ACC = 0.9996 ACC_adv = 0.9998 [159.5s], |P|=601.52, |Q|=537.91
Epoch 920 [23.8s + 2.3s]: HR = 0.2362, NDCG = 0.0640 ACC = 0.9996 ACC_adv = 0.9998 [159.2s], |P|=602.98, |Q|=539.07
Epoch 940 [24.0s + 2.3s]: HR = 0.2356, NDCG = 0.0640 ACC = 0.9996 ACC_adv = 0.9998 [160.3s], |P|=604.41, |Q|=540.24
Epoch 960 [24.0s + 2.3s]: HR = 0.2365, NDCG = 0.0642 ACC = 0.9996 ACC_adv = 0.9998 [159.4s], |P|=605.81, |Q|=541.35
Epoch 980 [24.2s + 2.3s]: HR = 0.2361, NDCG = 0.0641 ACC = 0.9995 ACC_adv = 0.9997 [161.0s], |P|=607.17, |Q|=542.44
Initialize APR
Epoch 1000 [35.1s + 24.6s]: HR = 0.2318, NDCG = 0.0622 ACC = 0.9996 ACC_adv = 1.0000 [279.2s], |P|=619.33, |Q|=562.31
Epoch 1020 [35.2s + 17.0s]: HR = 0.2431, NDCG = 0.0654 ACC = 0.9990 ACC_adv = 0.9997 [160.7s], |P|=676.89, |Q|=627.78
Epoch 1040 [35.4s + 17.0s]: HR = 0.2441, NDCG = 0.0661 ACC = 0.9991 ACC_adv = 0.9996 [160.6s], |P|=698.97, |Q|=652.13
Epoch 1060 [36.1s + 16.9s]: HR = 0.2454, NDCG = 0.0669 ACC = 0.9993 ACC_adv = 0.9997 [160.6s], |P|=713.74, |Q|=668.81
Epoch 1080 [35.4s + 17.0s]: HR = 0.2481, NDCG = 0.0676 ACC = 0.9993 ACC_adv = 0.9997 [162.6s], |P|=725.04, |Q|=681.69
Epoch 1100 [35.4s + 16.9s]: HR = 0.2466, NDCG = 0.0674 ACC = 0.9994 ACC_adv = 0.9997 [159.7s], |P|=734.22, |Q|=692.21
Epoch 1120 [36.3s + 17.0s]: HR = 0.2474, NDCG = 0.0676 ACC = 0.9994 ACC_adv = 0.9996 [159.2s], |P|=741.99, |Q|=701.15
Epoch 1140 [36.5s + 16.9s]: HR = 0.2493, NDCG = 0.0679 ACC = 0.9996 ACC_adv = 0.9998 [159.9s], |P|=748.77, |Q|=708.96
Epoch 1160 [36.6s + 17.0s]: HR = 0.2490, NDCG = 0.0679 ACC = 0.9996 ACC_adv = 0.9997 [162.3s], |P|=754.83, |Q|=715.95
Epoch 1180 [36.4s + 16.8s]: HR = 0.2483, NDCG = 0.0678 ACC = 0.9995 ACC_adv = 0.9997 [158.8s], |P|=760.26, |Q|=722.38
Epoch 1200 [37.2s + 17.1s]: HR = 0.2475, NDCG = 0.0677 ACC = 0.9995 ACC_adv = 0.9997 [159.0s], |P|=765.18, |Q|=728.15
Epoch 1220 [37.2s + 17.0s]: HR = 0.2476, NDCG = 0.0680 ACC = 0.9996 ACC_adv = 0.9998 [161.6s], |P|=769.73, |Q|=733.48
Epoch 1240 [36.7s + 17.1s]: HR = 0.2484, NDCG = 0.0683 ACC = 0.9996 ACC_adv = 0.9997 [159.5s], |P|=773.94, |Q|=738.36
Epoch 1260 [37.8s + 17.0s]: HR = 0.2480, NDCG = 0.0683 ACC = 0.9996 ACC_adv = 0.9998 [162.9s], |P|=777.84, |Q|=743.00
Epoch 1280 [39.0s + 24.1s]: HR = 0.2472, NDCG = 0.0680 ACC = 0.9996 ACC_adv = 0.9998 [162.3s], |P|=781.51, |Q|=747.31
Epoch 1300 [37.9s + 17.1s]: HR = 0.2480, NDCG = 0.0684 ACC = 0.9996 ACC_adv = 0.9998 [161.7s], |P|=784.97, |Q|=751.36
Epoch 1320 [38.1s + 17.1s]: HR = 0.2478, NDCG = 0.0685 ACC = 0.9996 ACC_adv = 0.9997 [160.1s], |P|=788.20, |Q|=755.20
Epoch 1340 [38.0s + 17.1s]: HR = 0.2481, NDCG = 0.0686 ACC = 0.9997 ACC_adv = 0.9998 [161.4s], |P|=791.28, |Q|=758.81
Epoch 1360 [44.2s + 20.9s]: HR = 0.2484, NDCG = 0.0687 ACC = 0.9997 ACC_adv = 0.9998 [161.9s], |P|=794.24, |Q|=762.26
Epoch 1380 [38.2s + 17.1s]: HR = 0.2476, NDCG = 0.0684 ACC = 0.9997 ACC_adv = 0.9998 [159.5s], |P|=797.02, |Q|=765.54
Epoch 1400 [38.2s + 17.1s]: HR = 0.2480, NDCG = 0.0685 ACC = 0.9997 ACC_adv = 0.9998 [161.6s], |P|=799.68, |Q|=768.71
Epoch 1420 [38.8s + 17.0s]: HR = 0.2474, NDCG = 0.0685 ACC = 0.9998 ACC_adv = 0.9999 [161.2s], |P|=802.24, |Q|=771.73
Epoch 1440 [38.2s + 16.8s]: HR = 0.2484, NDCG = 0.0687 ACC = 0.9996 ACC_adv = 0.9998 [158.0s], |P|=804.69, |Q|=774.67
Epoch 1460 [37.6s + 16.5s]: HR = 0.2483, NDCG = 0.0687 ACC = 0.9998 ACC_adv = 0.9998 [156.0s], |P|=807.04, |Q|=777.40
Epoch 1480 [38.2s + 16.5s]: HR = 0.2480, NDCG = 0.0687 ACC = 0.9997 ACC_adv = 0.9998 [154.4s], |P|=809.31, |Q|=780.07
Epoch 1500 [37.9s + 16.6s]: HR = 0.2479, NDCG = 0.0686 ACC = 0.9997 ACC_adv = 0.9998 [156.0s], |P|=811.50, |Q|=782.67
Epoch 1520 [38.4s + 16.8s]: HR = 0.2474, NDCG = 0.0686 ACC = 0.9997 ACC_adv = 0.9998 [156.0s], |P|=813.59, |Q|=785.17
Epoch 1540 [38.7s + 16.5s]: HR = 0.2474, NDCG = 0.0686 ACC = 0.9998 ACC_adv = 0.9998 [154.5s], |P|=815.63, |Q|=787.59
Epoch 1560 [48.3s + 20.7s]: HR = 0.2474, NDCG = 0.0686 ACC = 0.9998 ACC_adv = 0.9998 [155.7s], |P|=817.61, |Q|=789.88
Epoch 1580 [43.8s + 20.3s]: HR = 0.2474, NDCG = 0.0686 ACC = 0.9997 ACC_adv = 0.9998 [156.5s], |P|=819.52, |Q|=792.15
Epoch 1600 [49.0s + 20.4s]: HR = 0.2469, NDCG = 0.0686 ACC = 0.9997 ACC_adv = 0.9998 [154.9s], |P|=821.38, |Q|=794.39
Epoch 1620 [39.2s + 16.5s]: HR = 0.2465, NDCG = 0.0684 ACC = 0.9998 ACC_adv = 0.9999 [154.4s], |P|=823.19, |Q|=796.53
Epoch 1640 [38.7s + 16.7s]: HR = 0.2462, NDCG = 0.0684 ACC = 0.9997 ACC_adv = 0.9998 [154.9s], |P|=824.95, |Q|=798.63
Epoch 1660 [39.2s + 16.8s]: HR = 0.2467, NDCG = 0.0684 ACC = 0.9997 ACC_adv = 0.9998 [157.6s], |P|=826.66, |Q|=800.63
Epoch 1680 [39.1s + 17.0s]: HR = 0.2456, NDCG = 0.0682 ACC = 0.9998 ACC_adv = 0.9999 [156.3s], |P|=828.32, |Q|=802.65
Epoch 1700 [39.1s + 16.8s]: HR = 0.2458, NDCG = 0.0685 ACC = 0.9998 ACC_adv = 0.9998 [155.7s], |P|=829.95, |Q|=804.60
Epoch 1720 [49.4s + 20.5s]: HR = 0.2454, NDCG = 0.0684 ACC = 0.9998 ACC_adv = 0.9999 [156.4s], |P|=831.53, |Q|=806.50
Epoch 1740 [40.0s + 16.4s]: HR = 0.2460, NDCG = 0.0685 ACC = 0.9997 ACC_adv = 0.9998 [153.5s], |P|=833.07, |Q|=808.33
Epoch 1760 [40.1s + 16.7s]: HR = 0.2458, NDCG = 0.0684 ACC = 0.9997 ACC_adv = 0.9998 [155.8s], |P|=834.57, |Q|=810.15
Epoch 1780 [39.6s + 16.7s]: HR = 0.2462, NDCG = 0.0683 ACC = 0.9998 ACC_adv = 0.9998 [154.2s], |P|=836.04, |Q|=811.90
Epoch 1800 [40.8s + 16.9s]: HR = 0.2457, NDCG = 0.0685 ACC = 0.9997 ACC_adv = 0.9998 [155.5s], |P|=837.48, |Q|=813.60
Epoch 1820 [40.6s + 16.8s]: HR = 0.2453, NDCG = 0.0683 ACC = 0.9997 ACC_adv = 0.9998 [157.6s], |P|=838.88, |Q|=815.28
Epoch 1840 [41.6s + 17.1s]: HR = 0.2452, NDCG = 0.0684 ACC = 0.9998 ACC_adv = 0.9998 [156.4s], |P|=840.26, |Q|=816.93
Epoch 1860 [51.4s + 21.4s]: HR = 0.2457, NDCG = 0.0685 ACC = 0.9997 ACC_adv = 0.9998 [164.9s], |P|=841.61, |Q|=818.53
Epoch 1880 [42.0s + 17.1s]: HR = 0.2452, NDCG = 0.0684 ACC = 0.9998 ACC_adv = 0.9998 [168.4s], |P|=842.93, |Q|=820.07
Epoch 1900 [41.4s + 17.1s]: HR = 0.2449, NDCG = 0.0685 ACC = 0.9998 ACC_adv = 0.9998 [173.2s], |P|=844.22, |Q|=821.63
Epoch 1920 [41.1s + 16.8s]: HR = 0.2444, NDCG = 0.0684 ACC = 0.9998 ACC_adv = 0.9998 [171.9s], |P|=845.50, |Q|=823.15
Epoch 1940 [41.8s + 17.2s]: HR = 0.2445, NDCG = 0.0683 ACC = 0.9998 ACC_adv = 0.9999 [162.4s], |P|=846.74, |Q|=824.63
Epoch 1960 [42.1s + 19.8s]: HR = 0.2445, NDCG = 0.0684 ACC = 0.9999 ACC_adv = 0.9999 [155.1s], |P|=847.96, |Q|=826.10
Epoch 1980 [41.6s + 16.7s]: HR = 0.2446, NDCG = 0.0683 ACC = 0.9998 ACC_adv = 0.9998 [157.7s], |P|=849.17, |Q|=827.52
Epoch 2000 [42.5s + 16.7s]: HR = 0.2441, NDCG = 0.0682 ACC = 0.9998 ACC_adv = 0.9998 [156.8s], |P|=850.34, |Q|=828.95
Epoch 1360 is the best epoch
K = 1: HR = 0.0104, NDCG = 0.0104 AUC = 0.8611
K = 2: HR = 0.0191, NDCG = 0.0159 AUC = 0.8611
K = 3: HR = 0.0262, NDCG = 0.0194 AUC = 0.8611
K = 4: HR = 0.0337, NDCG = 0.0227 AUC = 0.8611
K = 5: HR = 0.0395, NDCG = 0.0249 AUC = 0.8611
K = 6: HR = 0.0448, NDCG = 0.0268 AUC = 0.8611
K = 7: HR = 0.0500, NDCG = 0.0285 AUC = 0.8611
K = 8: HR = 0.0550, NDCG = 0.0301 AUC = 0.8611
K = 9: HR = 0.0605, NDCG = 0.0318 AUC = 0.8611
K = 10: HR = 0.0650, NDCG = 0.0331 AUC = 0.8611
K = 11: HR = 0.0695, NDCG = 0.0343 AUC = 0.8611
K = 12: HR = 0.0734, NDCG = 0.0354 AUC = 0.8611
K = 13: HR = 0.0771, NDCG = 0.0364 AUC = 0.8611
K = 14: HR = 0.0808, NDCG = 0.0373 AUC = 0.8611
K = 15: HR = 0.0846, NDCG = 0.0383 AUC = 0.8611
K = 16: HR = 0.0884, NDCG = 0.0392 AUC = 0.8611
K = 17: HR = 0.0919, NDCG = 0.0400 AUC = 0.8611
K = 18: HR = 0.0958, NDCG = 0.0409 AUC = 0.8611
K = 19: HR = 0.0993, NDCG = 0.0417 AUC = 0.8611
K = 20: HR = 0.1024, NDCG = 0.0424 AUC = 0.8611
K = 21: HR = 0.1053, NDCG = 0.0431 AUC = 0.8611
K = 22: HR = 0.1087, NDCG = 0.0438 AUC = 0.8611
K = 23: HR = 0.1120, NDCG = 0.0446 AUC = 0.8611
K = 24: HR = 0.1151, NDCG = 0.0452 AUC = 0.8611
K = 25: HR = 0.1182, NDCG = 0.0459 AUC = 0.8611
K = 26: HR = 0.1212, NDCG = 0.0465 AUC = 0.8611
K = 27: HR = 0.1240, NDCG = 0.0471 AUC = 0.8611
K = 28: HR = 0.1272, NDCG = 0.0478 AUC = 0.8611
K = 29: HR = 0.1301, NDCG = 0.0484 AUC = 0.8611
K = 30: HR = 0.1327, NDCG = 0.0489 AUC = 0.8611
K = 31: HR = 0.1357, NDCG = 0.0495 AUC = 0.8611
K = 32: HR = 0.1383, NDCG = 0.0500 AUC = 0.8611
K = 33: HR = 0.1405, NDCG = 0.0504 AUC = 0.8611
K = 34: HR = 0.1431, NDCG = 0.0509 AUC = 0.8611
K = 35: HR = 0.1454, NDCG = 0.0514 AUC = 0.8611
K = 36: HR = 0.1475, NDCG = 0.0518 AUC = 0.8611
K = 37: HR = 0.1494, NDCG = 0.0522 AUC = 0.8611
K = 38: HR = 0.1518, NDCG = 0.0526 AUC = 0.8611
K = 39: HR = 0.1537, NDCG = 0.0530 AUC = 0.8611
K = 40: HR = 0.1559, NDCG = 0.0534 AUC = 0.8611
K = 41: HR = 0.1579, NDCG = 0.0537 AUC = 0.8611
K = 42: HR = 0.1600, NDCG = 0.0541 AUC = 0.8611
K = 43: HR = 0.1623, NDCG = 0.0545 AUC = 0.8611
K = 44: HR = 0.1642, NDCG = 0.0549 AUC = 0.8611
K = 45: HR = 0.1659, NDCG = 0.0552 AUC = 0.8611
K = 46: HR = 0.1682, NDCG = 0.0556 AUC = 0.8611
K = 47: HR = 0.1697, NDCG = 0.0559 AUC = 0.8611
K = 48: HR = 0.1718, NDCG = 0.0563 AUC = 0.8611
K = 49: HR = 0.1736, NDCG = 0.0566 AUC = 0.8611
K = 50: HR = 0.1752, NDCG = 0.0569 AUC = 0.8611
K = 51: HR = 0.1771, NDCG = 0.0572 AUC = 0.8611
K = 52: HR = 0.1792, NDCG = 0.0576 AUC = 0.8611
K = 53: HR = 0.1807, NDCG = 0.0578 AUC = 0.8611
K = 54: HR = 0.1823, NDCG = 0.0581 AUC = 0.8611
K = 55: HR = 0.1840, NDCG = 0.0584 AUC = 0.8611
K = 56: HR = 0.1858, NDCG = 0.0587 AUC = 0.8611
K = 57: HR = 0.1872, NDCG = 0.0590 AUC = 0.8611
K = 58: HR = 0.1888, NDCG = 0.0592 AUC = 0.8611
K = 59: HR = 0.1907, NDCG = 0.0595 AUC = 0.8611
K = 60: HR = 0.1928, NDCG = 0.0599 AUC = 0.8611
K = 61: HR = 0.1941, NDCG = 0.0601 AUC = 0.8611
K = 62: HR = 0.1954, NDCG = 0.0603 AUC = 0.8611
K = 63: HR = 0.1972, NDCG = 0.0606 AUC = 0.8611
K = 64: HR = 0.1989, NDCG = 0.0609 AUC = 0.8611
K = 65: HR = 0.2004, NDCG = 0.0612 AUC = 0.8611
K = 66: HR = 0.2020, NDCG = 0.0614 AUC = 0.8611
K = 67: HR = 0.2036, NDCG = 0.0617 AUC = 0.8611
K = 68: HR = 0.2051, NDCG = 0.0619 AUC = 0.8611
K = 69: HR = 0.2068, NDCG = 0.0622 AUC = 0.8611
K = 70: HR = 0.2084, NDCG = 0.0625 AUC = 0.8611
K = 71: HR = 0.2102, NDCG = 0.0628 AUC = 0.8611
K = 72: HR = 0.2119, NDCG = 0.0630 AUC = 0.8611
K = 73: HR = 0.2134, NDCG = 0.0633 AUC = 0.8611
K = 74: HR = 0.2149, NDCG = 0.0635 AUC = 0.8611
K = 75: HR = 0.2164, NDCG = 0.0638 AUC = 0.8611
K = 76: HR = 0.2178, NDCG = 0.0640 AUC = 0.8611
K = 77: HR = 0.2194, NDCG = 0.0642 AUC = 0.8611
K = 78: HR = 0.2209, NDCG = 0.0645 AUC = 0.8611
K = 79: HR = 0.2226, NDCG = 0.0647 AUC = 0.8611
K = 80: HR = 0.2240, NDCG = 0.0650 AUC = 0.8611
K = 81: HR = 0.2253, NDCG = 0.0652 AUC = 0.8611
K = 82: HR = 0.2263, NDCG = 0.0653 AUC = 0.8611
K = 83: HR = 0.2275, NDCG = 0.0655 AUC = 0.8611
K = 84: HR = 0.2285, NDCG = 0.0657 AUC = 0.8611
K = 85: HR = 0.2300, NDCG = 0.0659 AUC = 0.8611
K = 86: HR = 0.2312, NDCG = 0.0661 AUC = 0.8611
K = 87: HR = 0.2326, NDCG = 0.0663 AUC = 0.8611
K = 88: HR = 0.2340, NDCG = 0.0665 AUC = 0.8611
K = 89: HR = 0.2352, NDCG = 0.0667 AUC = 0.8611
K = 90: HR = 0.2363, NDCG = 0.0669 AUC = 0.8611
K = 91: HR = 0.2374, NDCG = 0.0670 AUC = 0.8611
K = 92: HR = 0.2390, NDCG = 0.0673 AUC = 0.8611
K = 93: HR = 0.2404, NDCG = 0.0675 AUC = 0.8611
K = 94: HR = 0.2415, NDCG = 0.0677 AUC = 0.8611
K = 95: HR = 0.2431, NDCG = 0.0679 AUC = 0.8611
K = 96: HR = 0.2441, NDCG = 0.0681 AUC = 0.8611
K = 97: HR = 0.2451, NDCG = 0.0682 AUC = 0.8611
K = 98: HR = 0.2459, NDCG = 0.0683 AUC = 0.8611
K = 99: HR = 0.2473, NDCG = 0.0686 AUC = 0.8611
K = 100: HR = 0.2484, NDCG = 0.0687 AUC = 0.8611
