Video_bpr_d64_2020_01_24_13_48_02
Initialize MF_BPR
Epoch 0 [11.0s + 1.4s]: HR = 0.0363, NDCG = 0.0104 ACC = 0.5001 ACC_adv = 0.9524 [87.2s], |P|=13.34, |Q|=11.96
Epoch 20 [11.4s + 1.1s]: HR = 0.1566, NDCG = 0.0400 ACC = 0.9577 ACC_adv = 0.9788 [88.1s], |P|=283.30, |Q|=267.47
Epoch 40 [12.0s + 1.1s]: HR = 0.1937, NDCG = 0.0519 ACC = 0.9865 ACC_adv = 0.9934 [95.9s], |P|=354.66, |Q|=333.64
Epoch 60 [12.0s + 1.1s]: HR = 0.2074, NDCG = 0.0549 ACC = 0.9917 ACC_adv = 0.9959 [92.1s], |P|=392.92, |Q|=367.90
Epoch 80 [12.1s + 1.1s]: HR = 0.2162, NDCG = 0.0580 ACC = 0.9941 ACC_adv = 0.9971 [103.4s], |P|=418.31, |Q|=390.22
Epoch 100 [12.2s + 1.1s]: HR = 0.2201, NDCG = 0.0585 ACC = 0.9953 ACC_adv = 0.9975 [91.7s], |P|=437.17, |Q|=406.53
Epoch 120 [12.0s + 1.1s]: HR = 0.2235, NDCG = 0.0601 ACC = 0.9964 ACC_adv = 0.9982 [84.8s], |P|=452.12, |Q|=419.28
Epoch 140 [11.8s + 1.1s]: HR = 0.2262, NDCG = 0.0615 ACC = 0.9970 ACC_adv = 0.9985 [82.7s], |P|=464.47, |Q|=429.79
Epoch 160 [12.0s + 1.1s]: HR = 0.2288, NDCG = 0.0623 ACC = 0.9975 ACC_adv = 0.9987 [83.6s], |P|=474.96, |Q|=438.61
Epoch 180 [12.1s + 1.1s]: HR = 0.2295, NDCG = 0.0623 ACC = 0.9976 ACC_adv = 0.9988 [84.8s], |P|=484.03, |Q|=446.22
Epoch 200 [12.1s + 1.1s]: HR = 0.2301, NDCG = 0.0625 ACC = 0.9981 ACC_adv = 0.9989 [83.3s], |P|=492.03, |Q|=452.90
Epoch 220 [12.1s + 1.1s]: HR = 0.2320, NDCG = 0.0631 ACC = 0.9981 ACC_adv = 0.9990 [84.2s], |P|=499.19, |Q|=458.84
Epoch 240 [12.4s + 1.1s]: HR = 0.2324, NDCG = 0.0634 ACC = 0.9984 ACC_adv = 0.9992 [83.8s], |P|=505.68, |Q|=464.23
Epoch 260 [12.3s + 1.1s]: HR = 0.2321, NDCG = 0.0635 ACC = 0.9983 ACC_adv = 0.9991 [84.1s], |P|=511.60, |Q|=469.13
Epoch 280 [12.2s + 1.1s]: HR = 0.2336, NDCG = 0.0638 ACC = 0.9985 ACC_adv = 0.9992 [83.1s], |P|=517.01, |Q|=473.61
Epoch 300 [12.4s + 1.1s]: HR = 0.2344, NDCG = 0.0641 ACC = 0.9988 ACC_adv = 0.9994 [88.6s], |P|=522.02, |Q|=477.75
Epoch 320 [12.5s + 1.1s]: HR = 0.2341, NDCG = 0.0637 ACC = 0.9989 ACC_adv = 0.9995 [84.3s], |P|=526.68, |Q|=481.59
Epoch 340 [12.4s + 1.0s]: HR = 0.2344, NDCG = 0.0645 ACC = 0.9989 ACC_adv = 0.9995 [94.2s], |P|=531.03, |Q|=485.18
Epoch 360 [12.6s + 1.1s]: HR = 0.2343, NDCG = 0.0644 ACC = 0.9990 ACC_adv = 0.9995 [83.4s], |P|=535.11, |Q|=488.53
Epoch 380 [12.9s + 1.1s]: HR = 0.2346, NDCG = 0.0641 ACC = 0.9991 ACC_adv = 0.9996 [92.9s], |P|=538.95, |Q|=491.66
Epoch 400 [12.7s + 1.1s]: HR = 0.2354, NDCG = 0.0646 ACC = 0.9990 ACC_adv = 0.9994 [83.6s], |P|=542.57, |Q|=494.63
Epoch 420 [12.9s + 1.1s]: HR = 0.2363, NDCG = 0.0650 ACC = 0.9992 ACC_adv = 0.9996 [88.0s], |P|=546.00, |Q|=497.45
Epoch 440 [13.0s + 1.1s]: HR = 0.2361, NDCG = 0.0649 ACC = 0.9989 ACC_adv = 0.9994 [82.8s], |P|=549.24, |Q|=500.13
Epoch 460 [13.5s + 1.2s]: HR = 0.2356, NDCG = 0.0647 ACC = 0.9992 ACC_adv = 0.9995 [90.7s], |P|=552.34, |Q|=502.64
Epoch 480 [13.4s + 1.1s]: HR = 0.2358, NDCG = 0.0650 ACC = 0.9991 ACC_adv = 0.9995 [94.1s], |P|=555.28, |Q|=505.04
Epoch 500 [13.5s + 1.2s]: HR = 0.2351, NDCG = 0.0647 ACC = 0.9993 ACC_adv = 0.9996 [94.6s], |P|=558.10, |Q|=507.34
Epoch 520 [13.6s + 1.1s]: HR = 0.2341, NDCG = 0.0644 ACC = 0.9993 ACC_adv = 0.9996 [94.1s], |P|=560.79, |Q|=509.54
Epoch 540 [13.6s + 1.1s]: HR = 0.2352, NDCG = 0.0646 ACC = 0.9993 ACC_adv = 0.9996 [97.1s], |P|=563.37, |Q|=511.64
Epoch 560 [14.0s + 1.2s]: HR = 0.2356, NDCG = 0.0647 ACC = 0.9994 ACC_adv = 0.9997 [95.4s], |P|=565.85, |Q|=513.63
Epoch 580 [14.1s + 1.2s]: HR = 0.2357, NDCG = 0.0649 ACC = 0.9993 ACC_adv = 0.9996 [99.9s], |P|=568.24, |Q|=515.58
Epoch 600 [13.9s + 1.2s]: HR = 0.2351, NDCG = 0.0647 ACC = 0.9994 ACC_adv = 0.9997 [96.6s], |P|=570.54, |Q|=517.48
Epoch 620 [14.1s + 1.2s]: HR = 0.2358, NDCG = 0.0650 ACC = 0.9995 ACC_adv = 0.9997 [95.6s], |P|=572.77, |Q|=519.28
Epoch 640 [14.3s + 1.2s]: HR = 0.2357, NDCG = 0.0649 ACC = 0.9993 ACC_adv = 0.9997 [96.4s], |P|=574.91, |Q|=521.02
Epoch 660 [14.1s + 1.1s]: HR = 0.2357, NDCG = 0.0650 ACC = 0.9994 ACC_adv = 0.9997 [96.5s], |P|=576.97, |Q|=522.72
Epoch 680 [14.4s + 1.2s]: HR = 0.2358, NDCG = 0.0650 ACC = 0.9995 ACC_adv = 0.9997 [96.2s], |P|=578.96, |Q|=524.33
Epoch 700 [14.5s + 1.2s]: HR = 0.2357, NDCG = 0.0648 ACC = 0.9995 ACC_adv = 0.9997 [96.8s], |P|=580.90, |Q|=525.92
Epoch 720 [14.3s + 1.1s]: HR = 0.2357, NDCG = 0.0647 ACC = 0.9995 ACC_adv = 0.9998 [98.9s], |P|=582.79, |Q|=527.46
Epoch 740 [14.6s + 1.2s]: HR = 0.2357, NDCG = 0.0649 ACC = 0.9995 ACC_adv = 0.9997 [96.1s], |P|=584.63, |Q|=528.96
Epoch 760 [14.4s + 3.0s]: HR = 0.2354, NDCG = 0.0648 ACC = 0.9996 ACC_adv = 0.9998 [95.5s], |P|=586.41, |Q|=530.41
Epoch 780 [14.8s + 1.2s]: HR = 0.2353, NDCG = 0.0649 ACC = 0.9995 ACC_adv = 0.9997 [109.9s], |P|=588.13, |Q|=531.82
Epoch 800 [15.1s + 1.2s]: HR = 0.2359, NDCG = 0.0651 ACC = 0.9995 ACC_adv = 0.9997 [112.5s], |P|=589.81, |Q|=533.19
Epoch 820 [15.1s + 1.3s]: HR = 0.2364, NDCG = 0.0652 ACC = 0.9994 ACC_adv = 0.9997 [113.6s], |P|=591.45, |Q|=534.53
Epoch 840 [15.1s + 1.2s]: HR = 0.2359, NDCG = 0.0651 ACC = 0.9995 ACC_adv = 0.9997 [113.0s], |P|=593.05, |Q|=535.83
Epoch 860 [15.5s + 1.3s]: HR = 0.2365, NDCG = 0.0651 ACC = 0.9996 ACC_adv = 0.9998 [116.1s], |P|=594.60, |Q|=537.08
Epoch 880 [15.2s + 1.2s]: HR = 0.2364, NDCG = 0.0650 ACC = 0.9996 ACC_adv = 0.9998 [113.6s], |P|=596.11, |Q|=538.30
Epoch 900 [15.6s + 1.3s]: HR = 0.2363, NDCG = 0.0650 ACC = 0.9996 ACC_adv = 0.9998 [114.5s], |P|=597.59, |Q|=539.50
Epoch 920 [15.6s + 1.3s]: HR = 0.2360, NDCG = 0.0650 ACC = 0.9996 ACC_adv = 0.9997 [114.5s], |P|=599.03, |Q|=540.66
Epoch 940 [15.6s + 1.3s]: HR = 0.2357, NDCG = 0.0650 ACC = 0.9996 ACC_adv = 0.9998 [114.5s], |P|=600.43, |Q|=541.81
Epoch 960 [15.2s + 1.2s]: HR = 0.2360, NDCG = 0.0651 ACC = 0.9996 ACC_adv = 0.9998 [102.3s], |P|=601.81, |Q|=542.94
Epoch 980 [15.4s + 1.2s]: HR = 0.2354, NDCG = 0.0649 ACC = 0.9997 ACC_adv = 0.9998 [103.8s], |P|=603.16, |Q|=544.04
Epoch 1000 [15.5s + 1.2s]: HR = 0.2362, NDCG = 0.0651 ACC = 0.9996 ACC_adv = 0.9998 [103.2s], |P|=604.47, |Q|=545.10
Epoch 1020 [15.4s + 1.2s]: HR = 0.2364, NDCG = 0.0653 ACC = 0.9996 ACC_adv = 0.9998 [103.6s], |P|=605.75, |Q|=546.14
Epoch 1040 [15.5s + 1.2s]: HR = 0.2362, NDCG = 0.0651 ACC = 0.9997 ACC_adv = 0.9998 [105.8s], |P|=607.02, |Q|=547.17
Epoch 1060 [15.5s + 1.2s]: HR = 0.2360, NDCG = 0.0650 ACC = 0.9996 ACC_adv = 0.9998 [94.2s], |P|=608.26, |Q|=548.18
Epoch 1080 [15.4s + 1.1s]: HR = 0.2360, NDCG = 0.0649 ACC = 0.9996 ACC_adv = 0.9998 [92.0s], |P|=609.47, |Q|=549.17
Epoch 1100 [15.5s + 1.1s]: HR = 0.2351, NDCG = 0.0649 ACC = 0.9996 ACC_adv = 0.9998 [93.5s], |P|=610.66, |Q|=550.14
Epoch 1120 [15.5s + 1.1s]: HR = 0.2347, NDCG = 0.0650 ACC = 0.9996 ACC_adv = 0.9998 [93.6s], |P|=611.83, |Q|=551.10
Epoch 1140 [15.6s + 1.1s]: HR = 0.2355, NDCG = 0.0654 ACC = 0.9997 ACC_adv = 0.9998 [92.2s], |P|=612.98, |Q|=552.01
Epoch 1160 [15.6s + 1.1s]: HR = 0.2356, NDCG = 0.0652 ACC = 0.9997 ACC_adv = 0.9998 [91.7s], |P|=614.09, |Q|=552.92
Epoch 1180 [15.6s + 1.1s]: HR = 0.2353, NDCG = 0.0652 ACC = 0.9997 ACC_adv = 0.9998 [94.9s], |P|=615.19, |Q|=553.82
Epoch 1200 [15.8s + 1.1s]: HR = 0.2350, NDCG = 0.0652 ACC = 0.9997 ACC_adv = 0.9998 [92.2s], |P|=616.28, |Q|=554.70
Epoch 1220 [15.6s + 1.1s]: HR = 0.2347, NDCG = 0.0650 ACC = 0.9996 ACC_adv = 0.9998 [92.6s], |P|=617.34, |Q|=555.57
Epoch 1240 [15.6s + 1.1s]: HR = 0.2348, NDCG = 0.0652 ACC = 0.9998 ACC_adv = 0.9999 [91.3s], |P|=618.39, |Q|=556.42
Epoch 1260 [15.9s + 1.2s]: HR = 0.2340, NDCG = 0.0650 ACC = 0.9996 ACC_adv = 0.9998 [93.0s], |P|=619.41, |Q|=557.25
Epoch 1280 [23.8s + 1.8s]: HR = 0.2343, NDCG = 0.0650 ACC = 0.9997 ACC_adv = 0.9998 [196.4s], |P|=620.43, |Q|=558.09
Epoch 1300 [23.0s + 1.8s]: HR = 0.2342, NDCG = 0.0649 ACC = 0.9997 ACC_adv = 0.9999 [188.8s], |P|=621.43, |Q|=558.90
Epoch 1320 [23.0s + 1.8s]: HR = 0.2342, NDCG = 0.0651 ACC = 0.9996 ACC_adv = 0.9998 [188.2s], |P|=622.41, |Q|=559.70
Epoch 1340 [23.1s + 1.8s]: HR = 0.2341, NDCG = 0.0651 ACC = 0.9998 ACC_adv = 0.9999 [189.0s], |P|=623.38, |Q|=560.48
Epoch 1360 [23.5s + 1.9s]: HR = 0.2348, NDCG = 0.0652 ACC = 0.9998 ACC_adv = 0.9999 [143.5s], |P|=624.32, |Q|=561.25
Epoch 1380 [24.3s + 1.8s]: HR = 0.2346, NDCG = 0.0652 ACC = 0.9997 ACC_adv = 0.9998 [188.3s], |P|=625.25, |Q|=562.00
Epoch 1400 [24.6s + 1.7s]: HR = 0.2347, NDCG = 0.0652 ACC = 0.9996 ACC_adv = 0.9998 [190.5s], |P|=626.17, |Q|=562.76
Epoch 1420 [24.5s + 1.7s]: HR = 0.2349, NDCG = 0.0653 ACC = 0.9997 ACC_adv = 0.9998 [187.7s], |P|=627.07, |Q|=563.49
Epoch 1440 [25.0s + 1.8s]: HR = 0.2344, NDCG = 0.0653 ACC = 0.9998 ACC_adv = 0.9999 [190.4s], |P|=627.96, |Q|=564.21
Epoch 1460 [24.6s + 1.7s]: HR = 0.2343, NDCG = 0.0652 ACC = 0.9998 ACC_adv = 0.9999 [187.2s], |P|=628.84, |Q|=564.92
Epoch 1480 [24.4s + 1.8s]: HR = 0.2346, NDCG = 0.0652 ACC = 0.9997 ACC_adv = 0.9998 [189.1s], |P|=629.70, |Q|=565.61
Epoch 1500 [27.0s + 1.9s]: HR = 0.2350, NDCG = 0.0651 ACC = 0.9997 ACC_adv = 0.9998 [206.3s], |P|=630.56, |Q|=566.32
Epoch 1520 [26.4s + 1.9s]: HR = 0.2350, NDCG = 0.0651 ACC = 0.9997 ACC_adv = 0.9998 [208.8s], |P|=631.40, |Q|=567.00
Epoch 1540 [27.8s + 2.0s]: HR = 0.2345, NDCG = 0.0650 ACC = 0.9997 ACC_adv = 0.9998 [206.9s], |P|=632.23, |Q|=567.68
Epoch 1560 [27.1s + 1.9s]: HR = 0.2342, NDCG = 0.0652 ACC = 0.9998 ACC_adv = 0.9999 [207.5s], |P|=633.04, |Q|=568.33
Epoch 1580 [27.5s + 1.9s]: HR = 0.2348, NDCG = 0.0652 ACC = 0.9997 ACC_adv = 0.9998 [209.7s], |P|=633.85, |Q|=568.98
Epoch 1600 [27.2s + 1.9s]: HR = 0.2345, NDCG = 0.0650 ACC = 0.9998 ACC_adv = 0.9999 [205.8s], |P|=634.64, |Q|=569.62
Epoch 1620 [27.8s + 2.0s]: HR = 0.2347, NDCG = 0.0651 ACC = 0.9998 ACC_adv = 0.9999 [209.2s], |P|=635.42, |Q|=570.25
Epoch 1640 [31.9s + 2.0s]: HR = 0.2352, NDCG = 0.0652 ACC = 0.9998 ACC_adv = 0.9999 [207.5s], |P|=636.20, |Q|=570.88
Epoch 1660 [27.7s + 1.9s]: HR = 0.2352, NDCG = 0.0653 ACC = 0.9998 ACC_adv = 0.9998 [209.2s], |P|=636.96, |Q|=571.49
Epoch 1680 [26.9s + 1.9s]: HR = 0.2352, NDCG = 0.0651 ACC = 0.9998 ACC_adv = 0.9999 [208.1s], |P|=637.72, |Q|=572.10
Epoch 1700 [28.2s + 1.9s]: HR = 0.2351, NDCG = 0.0653 ACC = 0.9998 ACC_adv = 0.9999 [207.1s], |P|=638.46, |Q|=572.70
Epoch 1720 [28.3s + 1.9s]: HR = 0.2350, NDCG = 0.0652 ACC = 0.9998 ACC_adv = 0.9999 [208.0s], |P|=639.20, |Q|=573.30
Epoch 1740 [17.6s + 1.1s]: HR = 0.2347, NDCG = 0.0653 ACC = 0.9998 ACC_adv = 0.9998 [175.7s], |P|=639.92, |Q|=573.91
Epoch 1760 [28.4s + 2.0s]: HR = 0.2352, NDCG = 0.0652 ACC = 0.9998 ACC_adv = 0.9999 [217.0s], |P|=640.65, |Q|=574.49
Epoch 1780 [28.8s + 1.8s]: HR = 0.2348, NDCG = 0.0652 ACC = 0.9998 ACC_adv = 0.9999 [202.4s], |P|=641.36, |Q|=575.07
Epoch 1800 [29.5s + 2.0s]: HR = 0.2342, NDCG = 0.0651 ACC = 0.9998 ACC_adv = 0.9999 [214.5s], |P|=642.06, |Q|=575.64
Epoch 1820 [28.9s + 2.0s]: HR = 0.2342, NDCG = 0.0650 ACC = 0.9998 ACC_adv = 0.9999 [212.6s], |P|=642.76, |Q|=576.20
Epoch 1840 [29.0s + 2.0s]: HR = 0.2342, NDCG = 0.0650 ACC = 0.9997 ACC_adv = 0.9998 [214.8s], |P|=643.45, |Q|=576.77
Epoch 1860 [29.6s + 2.0s]: HR = 0.2350, NDCG = 0.0651 ACC = 0.9998 ACC_adv = 0.9999 [215.5s], |P|=644.13, |Q|=577.32
Epoch 1880 [29.7s + 2.0s]: HR = 0.2342, NDCG = 0.0649 ACC = 0.9997 ACC_adv = 0.9999 [217.4s], |P|=644.80, |Q|=577.87
Epoch 1900 [29.9s + 2.0s]: HR = 0.2349, NDCG = 0.0650 ACC = 0.9999 ACC_adv = 0.9999 [213.9s], |P|=645.46, |Q|=578.42
Epoch 1920 [30.0s + 2.0s]: HR = 0.2346, NDCG = 0.0650 ACC = 0.9998 ACC_adv = 0.9999 [214.8s], |P|=646.12, |Q|=578.95
Epoch 1940 [28.9s + 1.9s]: HR = 0.2347, NDCG = 0.0650 ACC = 0.9998 ACC_adv = 0.9999 [205.3s], |P|=646.76, |Q|=579.49
Epoch 1960 [29.0s + 1.9s]: HR = 0.2345, NDCG = 0.0648 ACC = 0.9998 ACC_adv = 0.9999 [205.5s], |P|=647.40, |Q|=580.00
Epoch 1980 [31.0s + 1.9s]: HR = 0.2341, NDCG = 0.0649 ACC = 0.9998 ACC_adv = 0.9999 [208.0s], |P|=648.04, |Q|=580.52
Epoch 2000 [29.8s + 1.9s]: HR = 0.2343, NDCG = 0.0648 ACC = 0.9998 ACC_adv = 0.9999 [210.5s], |P|=648.67, |Q|=581.03
Epoch 1140 is the best epoch
K = 1: HR = 0.0101, NDCG = 0.0101 AUC = 0.8739
K = 2: HR = 0.0186, NDCG = 0.0154 AUC = 0.8739
K = 3: HR = 0.0259, NDCG = 0.0191 AUC = 0.8739
K = 4: HR = 0.0322, NDCG = 0.0218 AUC = 0.8739
K = 5: HR = 0.0378, NDCG = 0.0240 AUC = 0.8739
K = 6: HR = 0.0430, NDCG = 0.0258 AUC = 0.8739
K = 7: HR = 0.0481, NDCG = 0.0275 AUC = 0.8739
K = 8: HR = 0.0529, NDCG = 0.0291 AUC = 0.8739
K = 9: HR = 0.0570, NDCG = 0.0303 AUC = 0.8739
K = 10: HR = 0.0621, NDCG = 0.0318 AUC = 0.8739
K = 11: HR = 0.0656, NDCG = 0.0328 AUC = 0.8739
K = 12: HR = 0.0702, NDCG = 0.0340 AUC = 0.8739
K = 13: HR = 0.0738, NDCG = 0.0349 AUC = 0.8739
K = 14: HR = 0.0779, NDCG = 0.0360 AUC = 0.8739
K = 15: HR = 0.0813, NDCG = 0.0368 AUC = 0.8739
K = 16: HR = 0.0849, NDCG = 0.0377 AUC = 0.8739
K = 17: HR = 0.0878, NDCG = 0.0384 AUC = 0.8739
K = 18: HR = 0.0909, NDCG = 0.0391 AUC = 0.8739
K = 19: HR = 0.0940, NDCG = 0.0399 AUC = 0.8739
K = 20: HR = 0.0974, NDCG = 0.0406 AUC = 0.8739
K = 21: HR = 0.1002, NDCG = 0.0412 AUC = 0.8739
K = 22: HR = 0.1033, NDCG = 0.0419 AUC = 0.8739
K = 23: HR = 0.1060, NDCG = 0.0425 AUC = 0.8739
K = 24: HR = 0.1089, NDCG = 0.0432 AUC = 0.8739
K = 25: HR = 0.1120, NDCG = 0.0438 AUC = 0.8739
K = 26: HR = 0.1148, NDCG = 0.0444 AUC = 0.8739
K = 27: HR = 0.1173, NDCG = 0.0449 AUC = 0.8739
K = 28: HR = 0.1199, NDCG = 0.0455 AUC = 0.8739
K = 29: HR = 0.1222, NDCG = 0.0459 AUC = 0.8739
K = 30: HR = 0.1247, NDCG = 0.0464 AUC = 0.8739
K = 31: HR = 0.1268, NDCG = 0.0468 AUC = 0.8739
K = 32: HR = 0.1292, NDCG = 0.0473 AUC = 0.8739
K = 33: HR = 0.1315, NDCG = 0.0478 AUC = 0.8739
K = 34: HR = 0.1335, NDCG = 0.0482 AUC = 0.8739
K = 35: HR = 0.1357, NDCG = 0.0486 AUC = 0.8739
K = 36: HR = 0.1378, NDCG = 0.0490 AUC = 0.8739
K = 37: HR = 0.1400, NDCG = 0.0494 AUC = 0.8739
K = 38: HR = 0.1420, NDCG = 0.0498 AUC = 0.8739
K = 39: HR = 0.1445, NDCG = 0.0503 AUC = 0.8739
K = 40: HR = 0.1460, NDCG = 0.0505 AUC = 0.8739
K = 41: HR = 0.1482, NDCG = 0.0509 AUC = 0.8739
K = 42: HR = 0.1498, NDCG = 0.0512 AUC = 0.8739
K = 43: HR = 0.1518, NDCG = 0.0516 AUC = 0.8739
K = 44: HR = 0.1534, NDCG = 0.0519 AUC = 0.8739
K = 45: HR = 0.1553, NDCG = 0.0523 AUC = 0.8739
K = 46: HR = 0.1568, NDCG = 0.0525 AUC = 0.8739
K = 47: HR = 0.1587, NDCG = 0.0529 AUC = 0.8739
K = 48: HR = 0.1606, NDCG = 0.0532 AUC = 0.8739
K = 49: HR = 0.1623, NDCG = 0.0535 AUC = 0.8739
K = 50: HR = 0.1640, NDCG = 0.0538 AUC = 0.8739
K = 51: HR = 0.1655, NDCG = 0.0541 AUC = 0.8739
K = 52: HR = 0.1677, NDCG = 0.0544 AUC = 0.8739
K = 53: HR = 0.1693, NDCG = 0.0547 AUC = 0.8739
K = 54: HR = 0.1712, NDCG = 0.0551 AUC = 0.8739
K = 55: HR = 0.1728, NDCG = 0.0553 AUC = 0.8739
K = 56: HR = 0.1743, NDCG = 0.0556 AUC = 0.8739
K = 57: HR = 0.1759, NDCG = 0.0559 AUC = 0.8739
K = 58: HR = 0.1777, NDCG = 0.0562 AUC = 0.8739
K = 59: HR = 0.1794, NDCG = 0.0564 AUC = 0.8739
K = 60: HR = 0.1814, NDCG = 0.0568 AUC = 0.8739
K = 61: HR = 0.1827, NDCG = 0.0570 AUC = 0.8739
K = 62: HR = 0.1842, NDCG = 0.0573 AUC = 0.8739
K = 63: HR = 0.1858, NDCG = 0.0575 AUC = 0.8739
K = 64: HR = 0.1875, NDCG = 0.0578 AUC = 0.8739
K = 65: HR = 0.1888, NDCG = 0.0580 AUC = 0.8739
K = 66: HR = 0.1900, NDCG = 0.0582 AUC = 0.8739
K = 67: HR = 0.1915, NDCG = 0.0585 AUC = 0.8739
K = 68: HR = 0.1930, NDCG = 0.0587 AUC = 0.8739
K = 69: HR = 0.1949, NDCG = 0.0590 AUC = 0.8739
K = 70: HR = 0.1961, NDCG = 0.0592 AUC = 0.8739
K = 71: HR = 0.1977, NDCG = 0.0595 AUC = 0.8739
K = 72: HR = 0.1989, NDCG = 0.0597 AUC = 0.8739
K = 73: HR = 0.2004, NDCG = 0.0599 AUC = 0.8739
K = 74: HR = 0.2017, NDCG = 0.0601 AUC = 0.8739
K = 75: HR = 0.2033, NDCG = 0.0604 AUC = 0.8739
K = 76: HR = 0.2048, NDCG = 0.0606 AUC = 0.8739
K = 77: HR = 0.2061, NDCG = 0.0608 AUC = 0.8739
K = 78: HR = 0.2076, NDCG = 0.0611 AUC = 0.8739
K = 79: HR = 0.2092, NDCG = 0.0613 AUC = 0.8739
K = 80: HR = 0.2101, NDCG = 0.0615 AUC = 0.8739
K = 81: HR = 0.2118, NDCG = 0.0617 AUC = 0.8739
K = 82: HR = 0.2129, NDCG = 0.0619 AUC = 0.8739
K = 83: HR = 0.2144, NDCG = 0.0621 AUC = 0.8739
K = 84: HR = 0.2156, NDCG = 0.0623 AUC = 0.8739
K = 85: HR = 0.2174, NDCG = 0.0626 AUC = 0.8739
K = 86: HR = 0.2184, NDCG = 0.0628 AUC = 0.8739
K = 87: HR = 0.2194, NDCG = 0.0629 AUC = 0.8739
K = 88: HR = 0.2211, NDCG = 0.0632 AUC = 0.8739
K = 89: HR = 0.2223, NDCG = 0.0634 AUC = 0.8739
K = 90: HR = 0.2235, NDCG = 0.0635 AUC = 0.8739
K = 91: HR = 0.2250, NDCG = 0.0638 AUC = 0.8739
K = 92: HR = 0.2259, NDCG = 0.0639 AUC = 0.8739
K = 93: HR = 0.2271, NDCG = 0.0641 AUC = 0.8739
K = 94: HR = 0.2284, NDCG = 0.0643 AUC = 0.8739
K = 95: HR = 0.2297, NDCG = 0.0645 AUC = 0.8739
K = 96: HR = 0.2308, NDCG = 0.0647 AUC = 0.8739
K = 97: HR = 0.2321, NDCG = 0.0648 AUC = 0.8739
K = 98: HR = 0.2330, NDCG = 0.0650 AUC = 0.8739
K = 99: HR = 0.2343, NDCG = 0.0652 AUC = 0.8739
K = 100: HR = 0.2355, NDCG = 0.0654 AUC = 0.8739
