Initialize SASREC
Epoch 0 [34.6s + 0.0s]: HR = 0.0816, NDCG = 0.0212 ACC = 1.2807 ACC_adv = 1.2807 [235.9s], |P|=0.00, |Q|=0.00
Epoch 20 [26.0s + 0.0s]: HR = 0.1612, NDCG = 0.0413 ACC = 0.5463 ACC_adv = 0.5463 [228.3s], |P|=0.00, |Q|=0.00
Epoch 40 [26.2s + 0.0s]: HR = 0.2039, NDCG = 0.0513 ACC = 0.4162 ACC_adv = 0.4162 [229.3s], |P|=0.00, |Q|=0.00
Epoch 60 [26.0s + 0.0s]: HR = 0.2268, NDCG = 0.0601 ACC = 0.3603 ACC_adv = 0.3603 [225.6s], |P|=0.00, |Q|=0.00
Epoch 80 [25.4s + 0.0s]: HR = 0.2321, NDCG = 0.0625 ACC = 0.3286 ACC_adv = 0.3286 [229.3s], |P|=0.00, |Q|=0.00
Epoch 100 [25.8s + 0.0s]: HR = 0.2353, NDCG = 0.0632 ACC = 0.3096 ACC_adv = 0.3096 [240.8s], |P|=0.00, |Q|=0.00
Epoch 120 [26.0s + 0.0s]: HR = 0.2419, NDCG = 0.0661 ACC = 0.2951 ACC_adv = 0.2951 [226.9s], |P|=0.00, |Q|=0.00
Epoch 140 [26.0s + 0.0s]: HR = 0.2419, NDCG = 0.0661 ACC = 0.2866 ACC_adv = 0.2866 [227.7s], |P|=0.00, |Q|=0.00
Epoch 160 [26.0s + 0.0s]: HR = 0.2406, NDCG = 0.0659 ACC = 0.2793 ACC_adv = 0.2793 [230.6s], |P|=0.00, |Q|=0.00
Epoch 180 [26.0s + 0.0s]: HR = 0.2426, NDCG = 0.0671 ACC = 0.2720 ACC_adv = 0.2720 [225.3s], |P|=0.00, |Q|=0.00
Epoch 200 [25.8s + 0.0s]: HR = 0.2442, NDCG = 0.0666 ACC = 0.2674 ACC_adv = 0.2674 [229.9s], |P|=0.00, |Q|=0.00
Epoch 220 [26.1s + 0.0s]: HR = 0.2460, NDCG = 0.0688 ACC = 0.2633 ACC_adv = 0.2633 [231.1s], |P|=0.00, |Q|=0.00
Epoch 240 [26.2s + 0.0s]: HR = 0.2475, NDCG = 0.0689 ACC = 0.2601 ACC_adv = 0.2601 [231.1s], |P|=0.00, |Q|=0.00
Epoch 260 [26.4s + 0.0s]: HR = 0.2459, NDCG = 0.0689 ACC = 0.2565 ACC_adv = 0.2565 [233.2s], |P|=0.00, |Q|=0.00
Epoch 280 [26.1s + 0.0s]: HR = 0.2471, NDCG = 0.0678 ACC = 0.2558 ACC_adv = 0.2558 [228.5s], |P|=0.00, |Q|=0.00
Epoch 300 [26.1s + 0.0s]: HR = 0.2498, NDCG = 0.0687 ACC = 0.2504 ACC_adv = 0.2504 [228.0s], |P|=0.00, |Q|=0.00
Epoch 320 [25.6s + 0.0s]: HR = 0.2519, NDCG = 0.0691 ACC = 0.2489 ACC_adv = 0.2489 [227.1s], |P|=0.00, |Q|=0.00
Epoch 340 [25.9s + 0.0s]: HR = 0.2506, NDCG = 0.0684 ACC = 0.2468 ACC_adv = 0.2468 [231.7s], |P|=0.00, |Q|=0.00
Epoch 360 [26.2s + 0.0s]: HR = 0.2496, NDCG = 0.0681 ACC = 0.2458 ACC_adv = 0.2458 [326.9s], |P|=0.00, |Q|=0.00
Epoch 380 [28.5s + 0.0s]: HR = 0.2531, NDCG = 0.0698 ACC = 0.2447 ACC_adv = 0.2447 [719.2s], |P|=0.00, |Q|=0.00
Epoch 400 [30.3s + 0.0s]: HR = 0.2551, NDCG = 0.0699 ACC = 0.2422 ACC_adv = 0.2422 [233.5s], |P|=0.00, |Q|=0.00
Epoch 420 [26.0s + 0.0s]: HR = 0.2543, NDCG = 0.0699 ACC = 0.2413 ACC_adv = 0.2413 [230.5s], |P|=0.00, |Q|=0.00
Epoch 440 [26.3s + 0.0s]: HR = 0.2514, NDCG = 0.0700 ACC = 0.2397 ACC_adv = 0.2397 [227.6s], |P|=0.00, |Q|=0.00
Epoch 460 [26.0s + 0.0s]: HR = 0.2534, NDCG = 0.0710 ACC = 0.2393 ACC_adv = 0.2393 [228.7s], |P|=0.00, |Q|=0.00
Epoch 480 [25.8s + 0.0s]: HR = 0.2540, NDCG = 0.0708 ACC = 0.2376 ACC_adv = 0.2376 [229.3s], |P|=0.00, |Q|=0.00
Epoch 500 [26.2s + 0.0s]: HR = 0.2541, NDCG = 0.0699 ACC = 0.2366 ACC_adv = 0.2366 [235.7s], |P|=0.00, |Q|=0.00
Epoch 520 [26.6s + 0.0s]: HR = 0.2570, NDCG = 0.0704 ACC = 0.2347 ACC_adv = 0.2347 [232.4s], |P|=0.00, |Q|=0.00
Epoch 540 [26.3s + 0.0s]: HR = 0.2549, NDCG = 0.0712 ACC = 0.2344 ACC_adv = 0.2344 [231.4s], |P|=0.00, |Q|=0.00
Epoch 560 [25.8s + 0.0s]: HR = 0.2552, NDCG = 0.0705 ACC = 0.2341 ACC_adv = 0.2341 [228.4s], |P|=0.00, |Q|=0.00
Epoch 580 [25.7s + 0.0s]: HR = 0.2598, NDCG = 0.0712 ACC = 0.2334 ACC_adv = 0.2334 [225.1s], |P|=0.00, |Q|=0.00
Epoch 600 [25.4s + 0.0s]: HR = 0.2601, NDCG = 0.0721 ACC = 0.2312 ACC_adv = 0.2312 [225.0s], |P|=0.00, |Q|=0.00
Epoch 620 [25.5s + 0.0s]: HR = 0.2587, NDCG = 0.0713 ACC = 0.2338 ACC_adv = 0.2338 [234.8s], |P|=0.00, |Q|=0.00
Epoch 640 [25.4s + 0.0s]: HR = 0.2588, NDCG = 0.0720 ACC = 0.2305 ACC_adv = 0.2305 [225.7s], |P|=0.00, |Q|=0.00
Epoch 660 [25.2s + 0.0s]: HR = 0.2569, NDCG = 0.0711 ACC = 0.2293 ACC_adv = 0.2293 [223.6s], |P|=0.00, |Q|=0.00
Epoch 680 [25.2s + 0.0s]: HR = 0.2584, NDCG = 0.0723 ACC = 0.2283 ACC_adv = 0.2283 [225.0s], |P|=0.00, |Q|=0.00
Epoch 700 [25.3s + 0.0s]: HR = 0.2560, NDCG = 0.0712 ACC = 0.2281 ACC_adv = 0.2281 [223.7s], |P|=0.00, |Q|=0.00
Epoch 720 [26.9s + 0.0s]: HR = 0.2608, NDCG = 0.0723 ACC = 0.2306 ACC_adv = 0.2306 [223.7s], |P|=0.00, |Q|=0.00
Epoch 740 [26.5s + 0.0s]: HR = 0.2586, NDCG = 0.0717 ACC = 0.2292 ACC_adv = 0.2292 [226.5s], |P|=0.00, |Q|=0.00
Epoch 760 [25.7s + 0.0s]: HR = 0.2591, NDCG = 0.0713 ACC = 0.2270 ACC_adv = 0.2270 [225.3s], |P|=0.00, |Q|=0.00
Epoch 780 [25.3s + 0.0s]: HR = 0.2605, NDCG = 0.0726 ACC = 0.2251 ACC_adv = 0.2251 [225.9s], |P|=0.00, |Q|=0.00
Epoch 800 [25.2s + 0.0s]: HR = 0.2600, NDCG = 0.0728 ACC = 0.2260 ACC_adv = 0.2260 [223.5s], |P|=0.00, |Q|=0.00
Epoch 820 [25.3s + 0.0s]: HR = 0.2616, NDCG = 0.0726 ACC = 0.2270 ACC_adv = 0.2270 [225.2s], |P|=0.00, |Q|=0.00
Epoch 840 [24.9s + 0.0s]: HR = 0.2566, NDCG = 0.0712 ACC = 0.2228 ACC_adv = 0.2228 [220.5s], |P|=0.00, |Q|=0.00
Epoch 860 [25.2s + 0.0s]: HR = 0.2613, NDCG = 0.0723 ACC = 0.2239 ACC_adv = 0.2239 [224.5s], |P|=0.00, |Q|=0.00
Epoch 880 [25.2s + 0.0s]: HR = 0.2615, NDCG = 0.0721 ACC = 0.2248 ACC_adv = 0.2248 [223.1s], |P|=0.00, |Q|=0.00
Epoch 900 [25.1s + 0.0s]: HR = 0.2589, NDCG = 0.0719 ACC = 0.2230 ACC_adv = 0.2230 [224.1s], |P|=0.00, |Q|=0.00
Epoch 920 [25.0s + 0.0s]: HR = 0.2621, NDCG = 0.0722 ACC = 0.2229 ACC_adv = 0.2229 [224.4s], |P|=0.00, |Q|=0.00
Epoch 940 [25.3s + 0.0s]: HR = 0.2601, NDCG = 0.0720 ACC = 0.2234 ACC_adv = 0.2234 [225.6s], |P|=0.00, |Q|=0.00
Epoch 960 [25.7s + 0.0s]: HR = 0.2624, NDCG = 0.0724 ACC = 0.2233 ACC_adv = 0.2233 [228.3s], |P|=0.00, |Q|=0.00
Epoch 980 [25.6s + 0.0s]: HR = 0.2595, NDCG = 0.0717 ACC = 0.2247 ACC_adv = 0.2247 [227.7s], |P|=0.00, |Q|=0.00
Initialize Adversarial_SASREC
Epoch 1000 [58.0s + 0.0s]: HR = 0.1744, NDCG = 0.0424 ACC = 29.6613 ACC_adv = 29.6613 [260.4s], |P|=0.00, |Q|=0.00
Epoch 1020 [44.2s + 0.0s]: HR = 0.2701, NDCG = 0.0772 ACC = 1.4050 ACC_adv = 1.4050 [220.3s], |P|=0.00, |Q|=0.00
Epoch 1040 [44.3s + 0.0s]: HR = 0.2787, NDCG = 0.0792 ACC = 1.0613 ACC_adv = 1.0613 [219.6s], |P|=0.00, |Q|=0.00
Epoch 1060 [44.6s + 0.0s]: HR = 0.2826, NDCG = 0.0811 ACC = 0.9640 ACC_adv = 0.9640 [224.0s], |P|=0.00, |Q|=0.00
Epoch 1080 [44.8s + 0.0s]: HR = 0.2817, NDCG = 0.0811 ACC = 0.8999 ACC_adv = 0.8999 [224.5s], |P|=0.00, |Q|=0.00
Epoch 1100 [70.9s + 0.0s]: HR = 0.2810, NDCG = 0.0804 ACC = 0.8654 ACC_adv = 0.8654 [553.0s], |P|=0.00, |Q|=0.00
Epoch 1120 [44.9s + 0.0s]: HR = 0.2806, NDCG = 0.0810 ACC = 0.8306 ACC_adv = 0.8306 [227.5s], |P|=0.00, |Q|=0.00
Epoch 1140 [46.0s + 0.0s]: HR = 0.2811, NDCG = 0.0807 ACC = 0.8151 ACC_adv = 0.8151 [3044.5s], |P|=0.00, |Q|=0.00
Epoch 1160 [48.7s + 0.0s]: HR = 0.2804, NDCG = 0.0808 ACC = 0.7935 ACC_adv = 0.7935 [615.1s], |P|=0.00, |Q|=0.00
Epoch 1180 [51.4s + 0.0s]: HR = 0.2810, NDCG = 0.0807 ACC = 0.7717 ACC_adv = 0.7717 [298.7s], |P|=0.00, |Q|=0.00
Epoch 1200 [51.3s + 0.0s]: HR = 0.2810, NDCG = 0.0807 ACC = 0.7550 ACC_adv = 0.7550 [276.8s], |P|=0.00, |Q|=0.00
Epoch 1220 [51.3s + 0.0s]: HR = 0.2788, NDCG = 0.0806 ACC = 0.7437 ACC_adv = 0.7437 [275.4s], |P|=0.00, |Q|=0.00
Epoch 1240 [50.8s + 0.0s]: HR = 0.2786, NDCG = 0.0802 ACC = 0.7337 ACC_adv = 0.7337 [273.0s], |P|=0.00, |Q|=0.00
Epoch 1260 [51.0s + 0.0s]: HR = 0.2817, NDCG = 0.0809 ACC = 0.7200 ACC_adv = 0.7200 [249.8s], |P|=0.00, |Q|=0.00
Epoch 1280 [47.5s + 0.0s]: HR = 0.2809, NDCG = 0.0806 ACC = 0.7143 ACC_adv = 0.7143 [242.7s], |P|=0.00, |Q|=0.00
Epoch 1300 [47.7s + 0.0s]: HR = 0.2806, NDCG = 0.0808 ACC = 0.7050 ACC_adv = 0.7050 [251.4s], |P|=0.00, |Q|=0.00
Epoch 1320 [46.4s + 0.0s]: HR = 0.2805, NDCG = 0.0806 ACC = 0.6891 ACC_adv = 0.6891 [858.2s], |P|=0.00, |Q|=0.00
Epoch 1340 [49.4s + 0.0s]: HR = 0.2796, NDCG = 0.0805 ACC = 0.6867 ACC_adv = 0.6867 [1251.6s], |P|=0.00, |Q|=0.00
Epoch 1360 [69.5s + 0.0s]: HR = 0.2812, NDCG = 0.0811 ACC = 0.6777 ACC_adv = 0.6777 [2026.4s], |P|=0.00, |Q|=0.00
Epoch 1380 [98.8s + 0.0s]: HR = 0.2808, NDCG = 0.0808 ACC = 0.6702 ACC_adv = 0.6702 [2254.8s], |P|=0.00, |Q|=0.00
Epoch 1400 [81.3s + 0.0s]: HR = 0.2787, NDCG = 0.0807 ACC = 0.6666 ACC_adv = 0.6666 [286.3s], |P|=0.00, |Q|=0.00
Epoch 1420 [49.8s + 0.0s]: HR = 0.2792, NDCG = 0.0808 ACC = 0.6669 ACC_adv = 0.6669 [294.1s], |P|=0.00, |Q|=0.00
Epoch 1440 [58.1s + 0.0s]: HR = 0.2821, NDCG = 0.0815 ACC = 0.6604 ACC_adv = 0.6604 [252.2s], |P|=0.00, |Q|=0.00
Epoch 1460 [48.4s + 0.0s]: HR = 0.2792, NDCG = 0.0806 ACC = 0.6538 ACC_adv = 0.6538 [257.8s], |P|=0.00, |Q|=0.00
Epoch 1480 [45.9s + 0.0s]: HR = 0.2806, NDCG = 0.0812 ACC = 0.6432 ACC_adv = 0.6432 [240.0s], |P|=0.00, |Q|=0.00
Epoch 1500 [47.3s + 0.0s]: HR = 0.2796, NDCG = 0.0810 ACC = 0.6415 ACC_adv = 0.6415 [252.1s], |P|=0.00, |Q|=0.00
Epoch 1520 [47.5s + 0.0s]: HR = 0.2796, NDCG = 0.0810 ACC = 0.6346 ACC_adv = 0.6346 [251.5s], |P|=0.00, |Q|=0.00
Epoch 1540 [52.5s + 0.0s]: HR = 0.2790, NDCG = 0.0806 ACC = 0.6334 ACC_adv = 0.6334 [243.5s], |P|=0.00, |Q|=0.00
Epoch 1560 [45.2s + 0.0s]: HR = 0.2794, NDCG = 0.0815 ACC = 0.6255 ACC_adv = 0.6255 [240.2s], |P|=0.00, |Q|=0.00
Epoch 1580 [47.8s + 0.0s]: HR = 0.2792, NDCG = 0.0813 ACC = 0.6232 ACC_adv = 0.6232 [248.2s], |P|=0.00, |Q|=0.00
Epoch 1600 [46.7s + 0.0s]: HR = 0.2805, NDCG = 0.0813 ACC = 0.6213 ACC_adv = 0.6213 [255.8s], |P|=0.00, |Q|=0.00
Epoch 1620 [47.1s + 0.0s]: HR = 0.2790, NDCG = 0.0806 ACC = 0.6232 ACC_adv = 0.6232 [256.7s], |P|=0.00, |Q|=0.00
Epoch 1640 [44.9s + 0.0s]: HR = 0.2794, NDCG = 0.0804 ACC = 0.6186 ACC_adv = 0.6186 [235.1s], |P|=0.00, |Q|=0.00
Epoch 1660 [46.9s + 0.0s]: HR = 0.2785, NDCG = 0.0807 ACC = 0.6147 ACC_adv = 0.6147 [757.2s], |P|=0.00, |Q|=0.00
Epoch 1680 [47.9s + 0.0s]: HR = 0.2790, NDCG = 0.0806 ACC = 0.6100 ACC_adv = 0.6100 [1112.4s], |P|=0.00, |Q|=0.00
Epoch 1700 [48.2s + 0.0s]: HR = 0.2789, NDCG = 0.0807 ACC = 0.6070 ACC_adv = 0.6070 [1357.8s], |P|=0.00, |Q|=0.00
Epoch 1720 [47.5s + 0.0s]: HR = 0.2798, NDCG = 0.0813 ACC = 0.6069 ACC_adv = 0.6069 [631.5s], |P|=0.00, |Q|=0.00
Epoch 1740 [45.7s + 0.0s]: HR = 0.2802, NDCG = 0.0812 ACC = 0.6030 ACC_adv = 0.6030 [245.5s], |P|=0.00, |Q|=0.00
Epoch 1760 [45.5s + 0.0s]: HR = 0.2787, NDCG = 0.0810 ACC = 0.6035 ACC_adv = 0.6035 [1215.0s], |P|=0.00, |Q|=0.00
Epoch 1780 [81.2s + 0.0s]: HR = 0.2824, NDCG = 0.0821 ACC = 0.5948 ACC_adv = 0.5948 [1874.0s], |P|=0.00, |Q|=0.00
Epoch 1800 [62.7s + 0.0s]: HR = 0.2797, NDCG = 0.0807 ACC = 0.5987 ACC_adv = 0.5987 [236.3s], |P|=0.00, |Q|=0.00
Epoch 1820 [46.2s + 0.0s]: HR = 0.2799, NDCG = 0.0813 ACC = 0.5966 ACC_adv = 0.5966 [248.4s], |P|=0.00, |Q|=0.00
Epoch 1840 [47.0s + 0.0s]: HR = 0.2781, NDCG = 0.0802 ACC = 0.5928 ACC_adv = 0.5928 [252.4s], |P|=0.00, |Q|=0.00
Epoch 1860 [47.0s + 0.0s]: HR = 0.2790, NDCG = 0.0806 ACC = 0.5857 ACC_adv = 0.5857 [243.2s], |P|=0.00, |Q|=0.00
Epoch 1880 [47.0s + 0.0s]: HR = 0.2795, NDCG = 0.0808 ACC = 0.5885 ACC_adv = 0.5885 [264.4s], |P|=0.00, |Q|=0.00
Epoch 1900 [45.3s + 0.0s]: HR = 0.2808, NDCG = 0.0809 ACC = 0.5888 ACC_adv = 0.5888 [235.6s], |P|=0.00, |Q|=0.00
Epoch 1920 [45.5s + 0.0s]: HR = 0.2799, NDCG = 0.0809 ACC = 0.5828 ACC_adv = 0.5828 [475.3s], |P|=0.00, |Q|=0.00
Epoch 1940 [49.7s + 0.0s]: HR = 0.2802, NDCG = 0.0811 ACC = 0.5777 ACC_adv = 0.5777 [2343.3s], |P|=0.00, |Q|=0.00
Epoch 1960 [45.7s + 0.0s]: HR = 0.2801, NDCG = 0.0810 ACC = 0.5843 ACC_adv = 0.5843 [608.8s], |P|=0.00, |Q|=0.00
Epoch 1980 [51.5s + 0.0s]: HR = 0.2808, NDCG = 0.0813 ACC = 0.5766 ACC_adv = 0.5766 [470.8s], |P|=0.00, |Q|=0.00
Epoch 2000 [55.4s + 0.0s]: HR = 0.2791, NDCG = 0.0808 ACC = 0.5759 ACC_adv = 0.5759 [262.8s], |P|=0.00, |Q|=0.00
Epoch 1780 is the best epoch
K = 1: HR = 0.0187, NDCG = 0.0187 AUC = 0.9330
K = 2: HR = 0.0284, NDCG = 0.0248 AUC = 0.9330
K = 3: HR = 0.0356, NDCG = 0.0284 AUC = 0.9330
K = 4: HR = 0.0420, NDCG = 0.0312 AUC = 0.9330
K = 5: HR = 0.0490, NDCG = 0.0339 AUC = 0.9330
K = 6: HR = 0.0540, NDCG = 0.0357 AUC = 0.9330
K = 7: HR = 0.0594, NDCG = 0.0374 AUC = 0.9330
K = 8: HR = 0.0646, NDCG = 0.0391 AUC = 0.9330
K = 9: HR = 0.0698, NDCG = 0.0406 AUC = 0.9330
K = 10: HR = 0.0746, NDCG = 0.0420 AUC = 0.9330
K = 11: HR = 0.0794, NDCG = 0.0434 AUC = 0.9330
K = 12: HR = 0.0842, NDCG = 0.0447 AUC = 0.9330
K = 13: HR = 0.0885, NDCG = 0.0458 AUC = 0.9330
K = 14: HR = 0.0918, NDCG = 0.0467 AUC = 0.9330
K = 15: HR = 0.0955, NDCG = 0.0476 AUC = 0.9330
K = 16: HR = 0.0993, NDCG = 0.0485 AUC = 0.9330
K = 17: HR = 0.1029, NDCG = 0.0494 AUC = 0.9330
K = 18: HR = 0.1066, NDCG = 0.0503 AUC = 0.9330
K = 19: HR = 0.1109, NDCG = 0.0512 AUC = 0.9330
K = 20: HR = 0.1148, NDCG = 0.0521 AUC = 0.9330
K = 21: HR = 0.1176, NDCG = 0.0528 AUC = 0.9330
K = 22: HR = 0.1212, NDCG = 0.0535 AUC = 0.9330
K = 23: HR = 0.1247, NDCG = 0.0543 AUC = 0.9330
K = 24: HR = 0.1279, NDCG = 0.0550 AUC = 0.9330
K = 25: HR = 0.1313, NDCG = 0.0557 AUC = 0.9330
K = 26: HR = 0.1340, NDCG = 0.0563 AUC = 0.9330
K = 27: HR = 0.1374, NDCG = 0.0570 AUC = 0.9330
K = 28: HR = 0.1403, NDCG = 0.0576 AUC = 0.9330
K = 29: HR = 0.1429, NDCG = 0.0581 AUC = 0.9330
K = 30: HR = 0.1455, NDCG = 0.0587 AUC = 0.9330
K = 31: HR = 0.1482, NDCG = 0.0592 AUC = 0.9330
K = 32: HR = 0.1511, NDCG = 0.0598 AUC = 0.9330
K = 33: HR = 0.1539, NDCG = 0.0603 AUC = 0.9330
K = 34: HR = 0.1565, NDCG = 0.0608 AUC = 0.9330
K = 35: HR = 0.1593, NDCG = 0.0614 AUC = 0.9330
K = 36: HR = 0.1619, NDCG = 0.0619 AUC = 0.9330
K = 37: HR = 0.1646, NDCG = 0.0624 AUC = 0.9330
K = 38: HR = 0.1680, NDCG = 0.0630 AUC = 0.9330
K = 39: HR = 0.1705, NDCG = 0.0635 AUC = 0.9330
K = 40: HR = 0.1726, NDCG = 0.0639 AUC = 0.9330
K = 41: HR = 0.1754, NDCG = 0.0644 AUC = 0.9330
K = 42: HR = 0.1783, NDCG = 0.0649 AUC = 0.9330
K = 43: HR = 0.1805, NDCG = 0.0653 AUC = 0.9330
K = 44: HR = 0.1826, NDCG = 0.0657 AUC = 0.9330
K = 45: HR = 0.1843, NDCG = 0.0660 AUC = 0.9330
K = 46: HR = 0.1866, NDCG = 0.0665 AUC = 0.9330
K = 47: HR = 0.1885, NDCG = 0.0668 AUC = 0.9330
K = 48: HR = 0.1907, NDCG = 0.0672 AUC = 0.9330
K = 49: HR = 0.1930, NDCG = 0.0676 AUC = 0.9330
K = 50: HR = 0.1948, NDCG = 0.0679 AUC = 0.9330
K = 51: HR = 0.1969, NDCG = 0.0683 AUC = 0.9330
K = 52: HR = 0.1993, NDCG = 0.0687 AUC = 0.9330
K = 53: HR = 0.2015, NDCG = 0.0691 AUC = 0.9330
K = 54: HR = 0.2041, NDCG = 0.0695 AUC = 0.9330
K = 55: HR = 0.2063, NDCG = 0.0699 AUC = 0.9330
K = 56: HR = 0.2080, NDCG = 0.0702 AUC = 0.9330
K = 57: HR = 0.2101, NDCG = 0.0706 AUC = 0.9330
K = 58: HR = 0.2124, NDCG = 0.0709 AUC = 0.9330
K = 59: HR = 0.2140, NDCG = 0.0712 AUC = 0.9330
K = 60: HR = 0.2159, NDCG = 0.0715 AUC = 0.9330
K = 61: HR = 0.2172, NDCG = 0.0718 AUC = 0.9330
K = 62: HR = 0.2191, NDCG = 0.0721 AUC = 0.9330
K = 63: HR = 0.2216, NDCG = 0.0725 AUC = 0.9330
K = 64: HR = 0.2236, NDCG = 0.0728 AUC = 0.9330
K = 65: HR = 0.2251, NDCG = 0.0731 AUC = 0.9330
K = 66: HR = 0.2276, NDCG = 0.0735 AUC = 0.9330
K = 67: HR = 0.2289, NDCG = 0.0737 AUC = 0.9330
K = 68: HR = 0.2310, NDCG = 0.0740 AUC = 0.9330
K = 69: HR = 0.2329, NDCG = 0.0744 AUC = 0.9330
K = 70: HR = 0.2347, NDCG = 0.0746 AUC = 0.9330
K = 71: HR = 0.2363, NDCG = 0.0749 AUC = 0.9330
K = 72: HR = 0.2380, NDCG = 0.0752 AUC = 0.9330
K = 73: HR = 0.2395, NDCG = 0.0754 AUC = 0.9330
K = 74: HR = 0.2411, NDCG = 0.0757 AUC = 0.9330
K = 75: HR = 0.2426, NDCG = 0.0759 AUC = 0.9330
K = 76: HR = 0.2441, NDCG = 0.0761 AUC = 0.9330
K = 77: HR = 0.2457, NDCG = 0.0764 AUC = 0.9330
K = 78: HR = 0.2473, NDCG = 0.0767 AUC = 0.9330
K = 79: HR = 0.2492, NDCG = 0.0770 AUC = 0.9330
K = 80: HR = 0.2511, NDCG = 0.0773 AUC = 0.9330
K = 81: HR = 0.2529, NDCG = 0.0775 AUC = 0.9330
K = 82: HR = 0.2544, NDCG = 0.0778 AUC = 0.9330
K = 83: HR = 0.2560, NDCG = 0.0780 AUC = 0.9330
K = 84: HR = 0.2576, NDCG = 0.0783 AUC = 0.9330
K = 85: HR = 0.2594, NDCG = 0.0786 AUC = 0.9330
K = 86: HR = 0.2610, NDCG = 0.0788 AUC = 0.9330
K = 87: HR = 0.2626, NDCG = 0.0791 AUC = 0.9330
K = 88: HR = 0.2643, NDCG = 0.0793 AUC = 0.9330
K = 89: HR = 0.2661, NDCG = 0.0796 AUC = 0.9330
K = 90: HR = 0.2677, NDCG = 0.0799 AUC = 0.9330
K = 91: HR = 0.2691, NDCG = 0.0801 AUC = 0.9330
K = 92: HR = 0.2702, NDCG = 0.0802 AUC = 0.9330
K = 93: HR = 0.2716, NDCG = 0.0804 AUC = 0.9330
K = 94: HR = 0.2737, NDCG = 0.0808 AUC = 0.9330
K = 95: HR = 0.2749, NDCG = 0.0809 AUC = 0.9330
K = 96: HR = 0.2764, NDCG = 0.0812 AUC = 0.9330
K = 97: HR = 0.2782, NDCG = 0.0814 AUC = 0.9330
K = 98: HR = 0.2798, NDCG = 0.0817 AUC = 0.9330
K = 99: HR = 0.2813, NDCG = 0.0819 AUC = 0.9330
K = 100: HR = 0.2824, NDCG = 0.0821 AUC = 0.9330
