yelp-sort_apr_d64_e0.500000_l1.000000_2020_01_24_12_05_32
Initialize BPR
Epoch 0 [14.7s + 6.0s]: HR = 0.0843, NDCG = 0.0213 ACC = 0.4992 ACC_adv = 0.8278 [89.9s], |P|=73.13, |Q|=73.65
Epoch 20 [15.4s + 3.2s]: HR = 0.1554, NDCG = 0.0393 ACC = 0.9571 ACC_adv = 0.9720 [90.4s], |P|=347.07, |Q|=315.16
Epoch 40 [15.8s + 3.2s]: HR = 0.1734, NDCG = 0.0436 ACC = 0.9706 ACC_adv = 0.9796 [90.2s], |P|=400.00, |Q|=355.34
Epoch 60 [15.9s + 3.2s]: HR = 0.1852, NDCG = 0.0467 ACC = 0.9769 ACC_adv = 0.9835 [90.1s], |P|=433.16, |Q|=380.49
Epoch 80 [16.1s + 3.2s]: HR = 0.1939, NDCG = 0.0488 ACC = 0.9809 ACC_adv = 0.9862 [90.7s], |P|=457.87, |Q|=399.22
Epoch 100 [16.5s + 3.2s]: HR = 0.1999, NDCG = 0.0501 ACC = 0.9837 ACC_adv = 0.9881 [90.2s], |P|=477.83, |Q|=414.42
Epoch 120 [16.8s + 3.2s]: HR = 0.2065, NDCG = 0.0521 ACC = 0.9860 ACC_adv = 0.9898 [91.4s], |P|=494.62, |Q|=427.14
Epoch 140 [17.0s + 3.2s]: HR = 0.2101, NDCG = 0.0525 ACC = 0.9874 ACC_adv = 0.9906 [90.8s], |P|=509.12, |Q|=438.13
Epoch 160 [17.3s + 3.3s]: HR = 0.2139, NDCG = 0.0540 ACC = 0.9889 ACC_adv = 0.9917 [93.5s], |P|=521.89, |Q|=447.81
Epoch 180 [17.6s + 3.3s]: HR = 0.2146, NDCG = 0.0543 ACC = 0.9898 ACC_adv = 0.9924 [91.0s], |P|=533.30, |Q|=456.41
Epoch 200 [17.8s + 3.3s]: HR = 0.2213, NDCG = 0.0564 ACC = 0.9908 ACC_adv = 0.9930 [91.0s], |P|=543.62, |Q|=464.20
Epoch 220 [18.0s + 3.2s]: HR = 0.2226, NDCG = 0.0566 ACC = 0.9913 ACC_adv = 0.9935 [91.0s], |P|=553.00, |Q|=471.26
Epoch 240 [18.3s + 3.2s]: HR = 0.2240, NDCG = 0.0573 ACC = 0.9920 ACC_adv = 0.9940 [91.4s], |P|=561.64, |Q|=477.74
Epoch 260 [18.4s + 3.3s]: HR = 0.2266, NDCG = 0.0579 ACC = 0.9926 ACC_adv = 0.9944 [91.3s], |P|=569.60, |Q|=483.71
Epoch 280 [18.8s + 3.5s]: HR = 0.2281, NDCG = 0.0583 ACC = 0.9930 ACC_adv = 0.9947 [91.0s], |P|=577.00, |Q|=489.23
Epoch 300 [19.0s + 3.3s]: HR = 0.2302, NDCG = 0.0591 ACC = 0.9935 ACC_adv = 0.9951 [90.5s], |P|=583.92, |Q|=494.42
Epoch 320 [19.0s + 3.2s]: HR = 0.2319, NDCG = 0.0593 ACC = 0.9937 ACC_adv = 0.9953 [92.8s], |P|=590.36, |Q|=499.28
Epoch 340 [19.3s + 3.3s]: HR = 0.2328, NDCG = 0.0599 ACC = 0.9938 ACC_adv = 0.9953 [91.6s], |P|=596.44, |Q|=503.84
Epoch 360 [19.4s + 3.3s]: HR = 0.2338, NDCG = 0.0604 ACC = 0.9942 ACC_adv = 0.9957 [91.4s], |P|=602.20, |Q|=508.10
Epoch 380 [19.2s + 3.2s]: HR = 0.2356, NDCG = 0.0606 ACC = 0.9948 ACC_adv = 0.9960 [89.7s], |P|=607.63, |Q|=512.13
Epoch 400 [19.6s + 3.3s]: HR = 0.2376, NDCG = 0.0612 ACC = 0.9946 ACC_adv = 0.9959 [90.1s], |P|=612.76, |Q|=515.98
Epoch 420 [20.2s + 3.5s]: HR = 0.2377, NDCG = 0.0616 ACC = 0.9949 ACC_adv = 0.9961 [90.7s], |P|=617.67, |Q|=519.63
Epoch 440 [20.6s + 4.8s]: HR = 0.2402, NDCG = 0.0616 ACC = 0.9949 ACC_adv = 0.9961 [91.1s], |P|=622.34, |Q|=523.08
Epoch 460 [20.5s + 3.3s]: HR = 0.2385, NDCG = 0.0614 ACC = 0.9954 ACC_adv = 0.9965 [93.8s], |P|=626.80, |Q|=526.42
Epoch 480 [20.4s + 3.4s]: HR = 0.2409, NDCG = 0.0619 ACC = 0.9955 ACC_adv = 0.9965 [92.4s], |P|=631.07, |Q|=529.58
Epoch 500 [20.6s + 3.3s]: HR = 0.2419, NDCG = 0.0620 ACC = 0.9957 ACC_adv = 0.9967 [90.2s], |P|=635.16, |Q|=532.65
Epoch 520 [21.0s + 3.4s]: HR = 0.2414, NDCG = 0.0623 ACC = 0.9958 ACC_adv = 0.9967 [91.4s], |P|=639.08, |Q|=535.59
Epoch 540 [21.5s + 3.5s]: HR = 0.2420, NDCG = 0.0627 ACC = 0.9958 ACC_adv = 0.9967 [92.1s], |P|=642.86, |Q|=538.37
Epoch 560 [21.7s + 3.5s]: HR = 0.2420, NDCG = 0.0628 ACC = 0.9958 ACC_adv = 0.9968 [91.2s], |P|=646.49, |Q|=541.05
Epoch 580 [22.1s + 3.5s]: HR = 0.2429, NDCG = 0.0633 ACC = 0.9960 ACC_adv = 0.9968 [91.3s], |P|=649.99, |Q|=543.67
Epoch 600 [22.4s + 3.5s]: HR = 0.2443, NDCG = 0.0637 ACC = 0.9960 ACC_adv = 0.9970 [95.4s], |P|=653.38, |Q|=546.18
Epoch 620 [22.5s + 3.5s]: HR = 0.2442, NDCG = 0.0635 ACC = 0.9964 ACC_adv = 0.9972 [92.4s], |P|=656.66, |Q|=548.60
Epoch 640 [22.7s + 3.6s]: HR = 0.2451, NDCG = 0.0637 ACC = 0.9961 ACC_adv = 0.9970 [91.3s], |P|=659.84, |Q|=550.93
Epoch 660 [23.0s + 3.5s]: HR = 0.2451, NDCG = 0.0637 ACC = 0.9965 ACC_adv = 0.9972 [91.9s], |P|=662.90, |Q|=553.21
Epoch 680 [22.9s + 3.6s]: HR = 0.2445, NDCG = 0.0636 ACC = 0.9965 ACC_adv = 0.9973 [92.7s], |P|=665.86, |Q|=555.44
Epoch 700 [23.3s + 3.6s]: HR = 0.2446, NDCG = 0.0639 ACC = 0.9966 ACC_adv = 0.9974 [91.6s], |P|=668.74, |Q|=557.58
Epoch 720 [23.5s + 3.5s]: HR = 0.2458, NDCG = 0.0644 ACC = 0.9968 ACC_adv = 0.9975 [97.7s], |P|=671.55, |Q|=559.69
Epoch 740 [23.1s + 3.6s]: HR = 0.2454, NDCG = 0.0641 ACC = 0.9967 ACC_adv = 0.9975 [96.5s], |P|=674.26, |Q|=561.71
Epoch 760 [23.3s + 3.6s]: HR = 0.2445, NDCG = 0.0638 ACC = 0.9967 ACC_adv = 0.9974 [99.0s], |P|=676.91, |Q|=563.66
Epoch 780 [26.8s + 6.8s]: HR = 0.2455, NDCG = 0.0643 ACC = 0.9967 ACC_adv = 0.9974 [99.8s], |P|=679.48, |Q|=565.56
Epoch 800 [24.2s + 3.6s]: HR = 0.2450, NDCG = 0.0643 ACC = 0.9969 ACC_adv = 0.9975 [102.2s], |P|=681.99, |Q|=567.44
Epoch 820 [24.5s + 3.8s]: HR = 0.2456, NDCG = 0.0643 ACC = 0.9969 ACC_adv = 0.9976 [102.1s], |P|=684.44, |Q|=569.25
Epoch 840 [24.0s + 3.8s]: HR = 0.2464, NDCG = 0.0648 ACC = 0.9970 ACC_adv = 0.9976 [88.8s], |P|=686.82, |Q|=571.02
Epoch 860 [24.1s + 3.9s]: HR = 0.2463, NDCG = 0.0646 ACC = 0.9971 ACC_adv = 0.9977 [91.6s], |P|=689.14, |Q|=572.74
Epoch 880 [24.0s + 3.8s]: HR = 0.2469, NDCG = 0.0651 ACC = 0.9971 ACC_adv = 0.9977 [90.9s], |P|=691.40, |Q|=574.42
Epoch 900 [24.3s + 4.2s]: HR = 0.2465, NDCG = 0.0648 ACC = 0.9972 ACC_adv = 0.9978 [90.4s], |P|=693.63, |Q|=576.06
Epoch 920 [24.2s + 4.1s]: HR = 0.2471, NDCG = 0.0653 ACC = 0.9971 ACC_adv = 0.9977 [90.4s], |P|=695.79, |Q|=577.66
Epoch 940 [24.4s + 3.8s]: HR = 0.2474, NDCG = 0.0655 ACC = 0.9971 ACC_adv = 0.9977 [89.3s], |P|=697.90, |Q|=579.24
Epoch 960 [24.6s + 3.9s]: HR = 0.2473, NDCG = 0.0654 ACC = 0.9973 ACC_adv = 0.9978 [88.8s], |P|=699.97, |Q|=580.79
Epoch 980 [34.8s + 10.1s]: HR = 0.2482, NDCG = 0.0658 ACC = 0.9972 ACC_adv = 0.9978 [89.5s], |P|=701.99, |Q|=582.30
Initialize APR
Epoch 1000 [35.7s + 327.5s]: HR = 0.2157, NDCG = 0.0547 ACC = 0.9974 ACC_adv = 0.9993 [264.1s], |P|=716.87, |Q|=619.73
Epoch 1020 [28.9s + 26.5s]: HR = 0.2345, NDCG = 0.0607 ACC = 0.9939 ACC_adv = 0.9965 [88.4s], |P|=744.02, |Q|=693.67
Epoch 1040 [29.3s + 26.8s]: HR = 0.2417, NDCG = 0.0629 ACC = 0.9946 ACC_adv = 0.9963 [90.4s], |P|=753.38, |Q|=723.02
Epoch 1060 [29.0s + 25.6s]: HR = 0.2440, NDCG = 0.0640 ACC = 0.9946 ACC_adv = 0.9960 [86.6s], |P|=760.34, |Q|=744.06
Epoch 1080 [30.9s + 30.7s]: HR = 0.2474, NDCG = 0.0646 ACC = 0.9954 ACC_adv = 0.9965 [104.7s], |P|=766.17, |Q|=760.67
Epoch 1100 [32.4s + 30.0s]: HR = 0.2475, NDCG = 0.0646 ACC = 0.9953 ACC_adv = 0.9963 [105.6s], |P|=771.32, |Q|=774.64
Epoch 1120 [32.9s + 29.0s]: HR = 0.2490, NDCG = 0.0649 ACC = 0.9955 ACC_adv = 0.9963 [104.9s], |P|=775.89, |Q|=786.86
Epoch 1140 [32.9s + 28.8s]: HR = 0.2484, NDCG = 0.0649 ACC = 0.9955 ACC_adv = 0.9964 [107.0s], |P|=780.15, |Q|=797.76
Epoch 1160 [33.2s + 28.9s]: HR = 0.2507, NDCG = 0.0656 ACC = 0.9958 ACC_adv = 0.9966 [105.0s], |P|=784.08, |Q|=807.59
Epoch 1180 [34.2s + 28.8s]: HR = 0.2522, NDCG = 0.0663 ACC = 0.9958 ACC_adv = 0.9964 [105.8s], |P|=787.75, |Q|=816.64
Epoch 1200 [35.2s + 29.9s]: HR = 0.2529, NDCG = 0.0666 ACC = 0.9959 ACC_adv = 0.9966 [123.9s], |P|=791.20, |Q|=825.00
Epoch 1220 [35.2s + 30.2s]: HR = 0.2530, NDCG = 0.0665 ACC = 0.9961 ACC_adv = 0.9967 [133.6s], |P|=794.50, |Q|=832.74
Epoch 1240 [35.6s + 30.0s]: HR = 0.2539, NDCG = 0.0669 ACC = 0.9963 ACC_adv = 0.9968 [138.9s], |P|=797.63, |Q|=839.99
Epoch 1260 [35.9s + 29.7s]: HR = 0.2542, NDCG = 0.0670 ACC = 0.9963 ACC_adv = 0.9968 [141.2s], |P|=800.64, |Q|=846.83
Epoch 1280 [36.3s + 30.0s]: HR = 0.2538, NDCG = 0.0670 ACC = 0.9963 ACC_adv = 0.9968 [116.9s], |P|=803.53, |Q|=853.29
Epoch 1300 [36.5s + 29.5s]: HR = 0.2540, NDCG = 0.0672 ACC = 0.9965 ACC_adv = 0.9970 [113.4s], |P|=806.29, |Q|=859.40
Epoch 1320 [36.5s + 29.2s]: HR = 0.2545, NDCG = 0.0673 ACC = 0.9964 ACC_adv = 0.9969 [104.9s], |P|=808.97, |Q|=865.22
Epoch 1340 [36.7s + 31.3s]: HR = 0.2549, NDCG = 0.0672 ACC = 0.9965 ACC_adv = 0.9969 [110.3s], |P|=811.57, |Q|=870.78
Epoch 1360 [42.3s + 32.0s]: HR = 0.2555, NDCG = 0.0676 ACC = 0.9966 ACC_adv = 0.9970 [107.2s], |P|=814.06, |Q|=876.13
Epoch 1380 [36.6s + 29.6s]: HR = 0.2561, NDCG = 0.0676 ACC = 0.9966 ACC_adv = 0.9970 [107.6s], |P|=816.47, |Q|=881.29
Epoch 1400 [40.5s + 31.5s]: HR = 0.2569, NDCG = 0.0678 ACC = 0.9966 ACC_adv = 0.9970 [107.6s], |P|=818.82, |Q|=886.21
Epoch 1420 [51.7s + 30.7s]: HR = 0.2575, NDCG = 0.0682 ACC = 0.9968 ACC_adv = 0.9971 [140.6s], |P|=821.11, |Q|=890.95
Epoch 1440 [37.3s + 29.6s]: HR = 0.2577, NDCG = 0.0683 ACC = 0.9969 ACC_adv = 0.9972 [119.5s], |P|=823.33, |Q|=895.53
Epoch 1460 [35.0s + 26.0s]: HR = 0.2579, NDCG = 0.0682 ACC = 0.9968 ACC_adv = 0.9972 [109.5s], |P|=825.50, |Q|=899.96
Epoch 1480 [34.7s + 25.9s]: HR = 0.2573, NDCG = 0.0681 ACC = 0.9969 ACC_adv = 0.9973 [126.3s], |P|=827.60, |Q|=904.24
Epoch 1500 [35.5s + 25.9s]: HR = 0.2575, NDCG = 0.0684 ACC = 0.9969 ACC_adv = 0.9973 [92.0s], |P|=829.64, |Q|=908.41
Epoch 1520 [35.0s + 25.8s]: HR = 0.2581, NDCG = 0.0685 ACC = 0.9967 ACC_adv = 0.9970 [100.7s], |P|=831.65, |Q|=912.45
Epoch 1540 [35.8s + 25.4s]: HR = 0.2574, NDCG = 0.0685 ACC = 0.9970 ACC_adv = 0.9973 [85.9s], |P|=833.60, |Q|=916.36
Epoch 1560 [34.1s + 23.4s]: HR = 0.2582, NDCG = 0.0688 ACC = 0.9969 ACC_adv = 0.9972 [77.4s], |P|=835.51, |Q|=920.18
Epoch 1580 [44.1s + 23.6s]: HR = 0.2586, NDCG = 0.0688 ACC = 0.9970 ACC_adv = 0.9973 [78.3s], |P|=837.37, |Q|=923.90
Epoch 1600 [34.8s + 23.7s]: HR = 0.2586, NDCG = 0.0688 ACC = 0.9970 ACC_adv = 0.9973 [82.3s], |P|=839.21, |Q|=927.48
Epoch 1620 [35.3s + 23.5s]: HR = 0.2579, NDCG = 0.0684 ACC = 0.9972 ACC_adv = 0.9975 [114.9s], |P|=841.01, |Q|=930.99
Epoch 1640 [35.1s + 23.2s]: HR = 0.2592, NDCG = 0.0687 ACC = 0.9970 ACC_adv = 0.9973 [88.8s], |P|=842.76, |Q|=934.39
Epoch 1660 [35.7s + 23.8s]: HR = 0.2585, NDCG = 0.0685 ACC = 0.9970 ACC_adv = 0.9973 [93.6s], |P|=844.49, |Q|=937.73
Epoch 1680 [35.9s + 23.2s]: HR = 0.2591, NDCG = 0.0686 ACC = 0.9971 ACC_adv = 0.9974 [80.2s], |P|=846.19, |Q|=941.00
Epoch 1700 [35.3s + 25.8s]: HR = 0.2588, NDCG = 0.0684 ACC = 0.9971 ACC_adv = 0.9974 [90.8s], |P|=847.84, |Q|=944.17
Epoch 1720 [30.0s + 23.3s]: HR = 0.2588, NDCG = 0.0687 ACC = 0.9972 ACC_adv = 0.9975 [322.1s], |P|=849.49, |Q|=947.30
Epoch 1740 [36.6s + 24.4s]: HR = 0.2589, NDCG = 0.0689 ACC = 0.9972 ACC_adv = 0.9974 [78.1s], |P|=851.09, |Q|=950.37
Epoch 1760 [36.3s + 28.0s]: HR = 0.2593, NDCG = 0.0690 ACC = 0.9972 ACC_adv = 0.9974 [80.3s], |P|=852.67, |Q|=953.34
Epoch 1780 [36.6s + 24.3s]: HR = 0.2585, NDCG = 0.0689 ACC = 0.9972 ACC_adv = 0.9975 [83.2s], |P|=854.22, |Q|=956.26
Epoch 1800 [37.5s + 24.7s]: HR = 0.2579, NDCG = 0.0687 ACC = 0.9972 ACC_adv = 0.9975 [79.8s], |P|=855.74, |Q|=959.14
Epoch 1820 [37.9s + 24.1s]: HR = 0.2584, NDCG = 0.0688 ACC = 0.9971 ACC_adv = 0.9974 [80.5s], |P|=857.24, |Q|=961.96
Epoch 1840 [38.0s + 24.6s]: HR = 0.2583, NDCG = 0.0687 ACC = 0.9974 ACC_adv = 0.9976 [93.1s], |P|=858.71, |Q|=964.73
Epoch 1860 [38.4s + 23.9s]: HR = 0.2584, NDCG = 0.0690 ACC = 0.9972 ACC_adv = 0.9975 [80.2s], |P|=860.16, |Q|=967.44
Epoch 1880 [37.9s + 23.7s]: HR = 0.2589, NDCG = 0.0691 ACC = 0.9972 ACC_adv = 0.9974 [78.9s], |P|=861.60, |Q|=970.09
Epoch 1900 [36.2s + 23.1s]: HR = 0.2589, NDCG = 0.0692 ACC = 0.9973 ACC_adv = 0.9975 [97.0s], |P|=863.00, |Q|=972.71
Epoch 1920 [37.4s + 23.5s]: HR = 0.2593, NDCG = 0.0692 ACC = 0.9973 ACC_adv = 0.9975 [72.5s], |P|=864.40, |Q|=975.29
Epoch 1940 [36.6s + 22.9s]: HR = 0.2591, NDCG = 0.0692 ACC = 0.9973 ACC_adv = 0.9975 [72.7s], |P|=865.78, |Q|=977.81
Epoch 1960 [35.6s + 22.8s]: HR = 0.2593, NDCG = 0.0693 ACC = 0.9972 ACC_adv = 0.9975 [103.8s], |P|=867.13, |Q|=980.30
Epoch 1980 [37.3s + 23.4s]: HR = 0.2583, NDCG = 0.0691 ACC = 0.9973 ACC_adv = 0.9976 [97.4s], |P|=868.46, |Q|=982.75
Epoch 2000 [37.7s + 23.0s]: HR = 0.2593, NDCG = 0.0694 ACC = 0.9973 ACC_adv = 0.9975 [108.9s], |P|=869.77, |Q|=985.18
Epoch 2000 is the best epoch
K = 1: HR = 0.0099, NDCG = 0.0099 AUC = 0.9206
K = 2: HR = 0.0183, NDCG = 0.0152 AUC = 0.9206
K = 3: HR = 0.0247, NDCG = 0.0184 AUC = 0.9206
K = 4: HR = 0.0307, NDCG = 0.0210 AUC = 0.9206
K = 5: HR = 0.0360, NDCG = 0.0230 AUC = 0.9206
K = 6: HR = 0.0412, NDCG = 0.0249 AUC = 0.9206
K = 7: HR = 0.0464, NDCG = 0.0266 AUC = 0.9206
K = 8: HR = 0.0509, NDCG = 0.0280 AUC = 0.9206
K = 9: HR = 0.0562, NDCG = 0.0296 AUC = 0.9206
K = 10: HR = 0.0605, NDCG = 0.0309 AUC = 0.9206
K = 11: HR = 0.0656, NDCG = 0.0323 AUC = 0.9206
K = 12: HR = 0.0698, NDCG = 0.0334 AUC = 0.9206
K = 13: HR = 0.0746, NDCG = 0.0347 AUC = 0.9206
K = 14: HR = 0.0784, NDCG = 0.0357 AUC = 0.9206
K = 15: HR = 0.0831, NDCG = 0.0368 AUC = 0.9206
K = 16: HR = 0.0870, NDCG = 0.0378 AUC = 0.9206
K = 17: HR = 0.0906, NDCG = 0.0386 AUC = 0.9206
K = 18: HR = 0.0942, NDCG = 0.0395 AUC = 0.9206
K = 19: HR = 0.0976, NDCG = 0.0403 AUC = 0.9206
K = 20: HR = 0.1006, NDCG = 0.0410 AUC = 0.9206
K = 21: HR = 0.1042, NDCG = 0.0418 AUC = 0.9206
K = 22: HR = 0.1075, NDCG = 0.0425 AUC = 0.9206
K = 23: HR = 0.1106, NDCG = 0.0432 AUC = 0.9206
K = 24: HR = 0.1133, NDCG = 0.0438 AUC = 0.9206
K = 25: HR = 0.1164, NDCG = 0.0444 AUC = 0.9206
K = 26: HR = 0.1196, NDCG = 0.0451 AUC = 0.9206
K = 27: HR = 0.1221, NDCG = 0.0456 AUC = 0.9206
K = 28: HR = 0.1249, NDCG = 0.0462 AUC = 0.9206
K = 29: HR = 0.1275, NDCG = 0.0467 AUC = 0.9206
K = 30: HR = 0.1310, NDCG = 0.0474 AUC = 0.9206
K = 31: HR = 0.1334, NDCG = 0.0479 AUC = 0.9206
K = 32: HR = 0.1364, NDCG = 0.0485 AUC = 0.9206
K = 33: HR = 0.1387, NDCG = 0.0489 AUC = 0.9206
K = 34: HR = 0.1413, NDCG = 0.0494 AUC = 0.9206
K = 35: HR = 0.1438, NDCG = 0.0499 AUC = 0.9206
K = 36: HR = 0.1464, NDCG = 0.0504 AUC = 0.9206
K = 37: HR = 0.1489, NDCG = 0.0509 AUC = 0.9206
K = 38: HR = 0.1515, NDCG = 0.0514 AUC = 0.9206
K = 39: HR = 0.1534, NDCG = 0.0518 AUC = 0.9206
K = 40: HR = 0.1560, NDCG = 0.0523 AUC = 0.9206
K = 41: HR = 0.1581, NDCG = 0.0526 AUC = 0.9206
K = 42: HR = 0.1606, NDCG = 0.0531 AUC = 0.9206
K = 43: HR = 0.1626, NDCG = 0.0535 AUC = 0.9206
K = 44: HR = 0.1649, NDCG = 0.0539 AUC = 0.9206
K = 45: HR = 0.1676, NDCG = 0.0544 AUC = 0.9206
K = 46: HR = 0.1694, NDCG = 0.0547 AUC = 0.9206
K = 47: HR = 0.1710, NDCG = 0.0550 AUC = 0.9206
K = 48: HR = 0.1733, NDCG = 0.0554 AUC = 0.9206
K = 49: HR = 0.1750, NDCG = 0.0557 AUC = 0.9206
K = 50: HR = 0.1774, NDCG = 0.0561 AUC = 0.9206
K = 51: HR = 0.1798, NDCG = 0.0565 AUC = 0.9206
K = 52: HR = 0.1818, NDCG = 0.0569 AUC = 0.9206
K = 53: HR = 0.1841, NDCG = 0.0573 AUC = 0.9206
K = 54: HR = 0.1861, NDCG = 0.0576 AUC = 0.9206
K = 55: HR = 0.1876, NDCG = 0.0579 AUC = 0.9206
K = 56: HR = 0.1901, NDCG = 0.0583 AUC = 0.9206
K = 57: HR = 0.1919, NDCG = 0.0586 AUC = 0.9206
K = 58: HR = 0.1936, NDCG = 0.0589 AUC = 0.9206
K = 59: HR = 0.1948, NDCG = 0.0591 AUC = 0.9206
K = 60: HR = 0.1966, NDCG = 0.0594 AUC = 0.9206
K = 61: HR = 0.1983, NDCG = 0.0597 AUC = 0.9206
K = 62: HR = 0.2002, NDCG = 0.0600 AUC = 0.9206
K = 63: HR = 0.2020, NDCG = 0.0603 AUC = 0.9206
K = 64: HR = 0.2039, NDCG = 0.0606 AUC = 0.9206
K = 65: HR = 0.2059, NDCG = 0.0610 AUC = 0.9206
K = 66: HR = 0.2075, NDCG = 0.0612 AUC = 0.9206
K = 67: HR = 0.2089, NDCG = 0.0615 AUC = 0.9206
K = 68: HR = 0.2105, NDCG = 0.0617 AUC = 0.9206
K = 69: HR = 0.2121, NDCG = 0.0620 AUC = 0.9206
K = 70: HR = 0.2134, NDCG = 0.0622 AUC = 0.9206
K = 71: HR = 0.2148, NDCG = 0.0624 AUC = 0.9206
K = 72: HR = 0.2164, NDCG = 0.0627 AUC = 0.9206
K = 73: HR = 0.2182, NDCG = 0.0630 AUC = 0.9206
K = 74: HR = 0.2200, NDCG = 0.0633 AUC = 0.9206
K = 75: HR = 0.2219, NDCG = 0.0636 AUC = 0.9206
K = 76: HR = 0.2234, NDCG = 0.0638 AUC = 0.9206
K = 77: HR = 0.2256, NDCG = 0.0642 AUC = 0.9206
K = 78: HR = 0.2274, NDCG = 0.0644 AUC = 0.9206
K = 79: HR = 0.2290, NDCG = 0.0647 AUC = 0.9206
K = 80: HR = 0.2303, NDCG = 0.0649 AUC = 0.9206
K = 81: HR = 0.2318, NDCG = 0.0651 AUC = 0.9206
K = 82: HR = 0.2336, NDCG = 0.0654 AUC = 0.9206
K = 83: HR = 0.2350, NDCG = 0.0656 AUC = 0.9206
K = 84: HR = 0.2367, NDCG = 0.0659 AUC = 0.9206
K = 85: HR = 0.2379, NDCG = 0.0661 AUC = 0.9206
K = 86: HR = 0.2394, NDCG = 0.0663 AUC = 0.9206
K = 87: HR = 0.2410, NDCG = 0.0666 AUC = 0.9206
K = 88: HR = 0.2426, NDCG = 0.0668 AUC = 0.9206
K = 89: HR = 0.2441, NDCG = 0.0671 AUC = 0.9206
K = 90: HR = 0.2454, NDCG = 0.0673 AUC = 0.9206
K = 91: HR = 0.2470, NDCG = 0.0675 AUC = 0.9206
K = 92: HR = 0.2481, NDCG = 0.0677 AUC = 0.9206
K = 93: HR = 0.2492, NDCG = 0.0678 AUC = 0.9206
K = 94: HR = 0.2505, NDCG = 0.0680 AUC = 0.9206
K = 95: HR = 0.2515, NDCG = 0.0682 AUC = 0.9206
K = 96: HR = 0.2534, NDCG = 0.0685 AUC = 0.9206
K = 97: HR = 0.2548, NDCG = 0.0687 AUC = 0.9206
K = 98: HR = 0.2562, NDCG = 0.0689 AUC = 0.9206
K = 99: HR = 0.2577, NDCG = 0.0691 AUC = 0.9206
K = 100: HR = 0.2593, NDCG = 0.0694 AUC = 0.9206
