yelp-sort_bpr_d64_2020_01_24_13_37_55
Initialize MF_BPR
Epoch 0 [14.6s + 6.4s]: HR = 0.0805, NDCG = 0.0203 ACC = 0.5003 ACC_adv = 0.8288 [98.3s], |P|=73.73, |Q|=74.31
Epoch 20 [15.5s + 3.4s]: HR = 0.1574, NDCG = 0.0393 ACC = 0.9577 ACC_adv = 0.9721 [99.0s], |P|=347.10, |Q|=316.55
Epoch 40 [15.7s + 3.4s]: HR = 0.1758, NDCG = 0.0452 ACC = 0.9707 ACC_adv = 0.9797 [98.9s], |P|=399.52, |Q|=356.96
Epoch 60 [16.1s + 3.4s]: HR = 0.1874, NDCG = 0.0478 ACC = 0.9769 ACC_adv = 0.9835 [99.4s], |P|=432.31, |Q|=382.09
Epoch 80 [16.3s + 3.4s]: HR = 0.1966, NDCG = 0.0491 ACC = 0.9812 ACC_adv = 0.9865 [98.9s], |P|=456.83, |Q|=400.77
Epoch 100 [16.5s + 3.5s]: HR = 0.2032, NDCG = 0.0517 ACC = 0.9837 ACC_adv = 0.9881 [99.3s], |P|=476.67, |Q|=415.85
Epoch 120 [16.8s + 3.5s]: HR = 0.2042, NDCG = 0.0510 ACC = 0.9858 ACC_adv = 0.9895 [99.4s], |P|=493.29, |Q|=428.54
Epoch 140 [16.9s + 3.5s]: HR = 0.2100, NDCG = 0.0528 ACC = 0.9873 ACC_adv = 0.9907 [99.0s], |P|=507.73, |Q|=439.48
Epoch 160 [17.3s + 3.4s]: HR = 0.2141, NDCG = 0.0543 ACC = 0.9886 ACC_adv = 0.9915 [102.3s], |P|=520.49, |Q|=449.14
Epoch 180 [17.4s + 3.5s]: HR = 0.2179, NDCG = 0.0550 ACC = 0.9897 ACC_adv = 0.9923 [99.1s], |P|=531.86, |Q|=457.74
Epoch 200 [17.7s + 3.5s]: HR = 0.2197, NDCG = 0.0554 ACC = 0.9904 ACC_adv = 0.9929 [99.7s], |P|=542.18, |Q|=465.49
Epoch 220 [17.9s + 3.5s]: HR = 0.2229, NDCG = 0.0563 ACC = 0.9911 ACC_adv = 0.9933 [99.2s], |P|=551.57, |Q|=472.51
Epoch 240 [18.0s + 3.5s]: HR = 0.2259, NDCG = 0.0566 ACC = 0.9918 ACC_adv = 0.9938 [99.3s], |P|=560.15, |Q|=478.93
Epoch 260 [18.3s + 3.5s]: HR = 0.2263, NDCG = 0.0576 ACC = 0.9925 ACC_adv = 0.9943 [100.1s], |P|=568.08, |Q|=484.87
Epoch 280 [18.4s + 3.5s]: HR = 0.2273, NDCG = 0.0583 ACC = 0.9929 ACC_adv = 0.9945 [99.1s], |P|=575.47, |Q|=490.40
Epoch 300 [18.6s + 3.5s]: HR = 0.2290, NDCG = 0.0588 ACC = 0.9932 ACC_adv = 0.9949 [99.9s], |P|=582.38, |Q|=495.59
Epoch 320 [18.8s + 3.5s]: HR = 0.2306, NDCG = 0.0588 ACC = 0.9934 ACC_adv = 0.9950 [99.4s], |P|=588.85, |Q|=500.36
Epoch 340 [19.1s + 3.5s]: HR = 0.2323, NDCG = 0.0595 ACC = 0.9939 ACC_adv = 0.9954 [99.6s], |P|=594.95, |Q|=504.85
Epoch 360 [19.2s + 3.5s]: HR = 0.2325, NDCG = 0.0600 ACC = 0.9940 ACC_adv = 0.9954 [100.2s], |P|=600.68, |Q|=509.06
Epoch 380 [19.8s + 3.6s]: HR = 0.2345, NDCG = 0.0602 ACC = 0.9945 ACC_adv = 0.9958 [105.2s], |P|=606.10, |Q|=513.06
Epoch 400 [20.1s + 3.7s]: HR = 0.2345, NDCG = 0.0600 ACC = 0.9944 ACC_adv = 0.9957 [107.3s], |P|=611.27, |Q|=516.90
Epoch 420 [20.2s + 3.7s]: HR = 0.2348, NDCG = 0.0606 ACC = 0.9950 ACC_adv = 0.9961 [107.5s], |P|=616.18, |Q|=520.50
Epoch 440 [20.5s + 3.8s]: HR = 0.2353, NDCG = 0.0604 ACC = 0.9952 ACC_adv = 0.9964 [109.5s], |P|=620.86, |Q|=523.96
Epoch 460 [20.7s + 3.8s]: HR = 0.2382, NDCG = 0.0614 ACC = 0.9951 ACC_adv = 0.9962 [106.6s], |P|=625.31, |Q|=527.25
Epoch 480 [20.6s + 3.7s]: HR = 0.2359, NDCG = 0.0612 ACC = 0.9954 ACC_adv = 0.9965 [107.5s], |P|=629.59, |Q|=530.42
Epoch 500 [20.9s + 3.7s]: HR = 0.2382, NDCG = 0.0615 ACC = 0.9954 ACC_adv = 0.9965 [107.3s], |P|=633.70, |Q|=533.44
Epoch 520 [21.1s + 3.8s]: HR = 0.2378, NDCG = 0.0615 ACC = 0.9956 ACC_adv = 0.9966 [107.4s], |P|=637.63, |Q|=536.34
Epoch 540 [21.4s + 3.8s]: HR = 0.2396, NDCG = 0.0618 ACC = 0.9957 ACC_adv = 0.9967 [107.5s], |P|=641.42, |Q|=539.16
Epoch 560 [21.7s + 3.8s]: HR = 0.2405, NDCG = 0.0621 ACC = 0.9959 ACC_adv = 0.9968 [108.4s], |P|=645.06, |Q|=541.85
Epoch 580 [21.8s + 3.8s]: HR = 0.2409, NDCG = 0.0624 ACC = 0.9960 ACC_adv = 0.9969 [110.4s], |P|=648.58, |Q|=544.42
Epoch 600 [22.0s + 3.8s]: HR = 0.2401, NDCG = 0.0625 ACC = 0.9962 ACC_adv = 0.9970 [108.6s], |P|=651.98, |Q|=546.92
Epoch 620 [22.3s + 3.8s]: HR = 0.2417, NDCG = 0.0630 ACC = 0.9963 ACC_adv = 0.9971 [107.3s], |P|=655.25, |Q|=549.32
Epoch 640 [22.0s + 3.6s]: HR = 0.2421, NDCG = 0.0628 ACC = 0.9963 ACC_adv = 0.9972 [98.2s], |P|=658.43, |Q|=551.65
Epoch 660 [29.9s + 6.6s]: HR = 0.2413, NDCG = 0.0629 ACC = 0.9965 ACC_adv = 0.9972 [108.2s], |P|=661.50, |Q|=553.93
Epoch 680 [22.1s + 3.5s]: HR = 0.2428, NDCG = 0.0632 ACC = 0.9965 ACC_adv = 0.9972 [104.1s], |P|=664.48, |Q|=556.10
Epoch 700 [22.0s + 3.5s]: HR = 0.2427, NDCG = 0.0630 ACC = 0.9967 ACC_adv = 0.9974 [99.0s], |P|=667.39, |Q|=558.22
Epoch 720 [22.0s + 3.5s]: HR = 0.2438, NDCG = 0.0636 ACC = 0.9967 ACC_adv = 0.9975 [106.6s], |P|=670.19, |Q|=560.29
Epoch 740 [22.6s + 3.5s]: HR = 0.2436, NDCG = 0.0638 ACC = 0.9967 ACC_adv = 0.9974 [110.8s], |P|=672.92, |Q|=562.29
Epoch 760 [22.9s + 4.1s]: HR = 0.2441, NDCG = 0.0639 ACC = 0.9966 ACC_adv = 0.9973 [114.7s], |P|=675.57, |Q|=564.26
Epoch 780 [23.0s + 3.7s]: HR = 0.2432, NDCG = 0.0637 ACC = 0.9968 ACC_adv = 0.9974 [101.9s], |P|=678.15, |Q|=566.16
Epoch 800 [23.2s + 3.8s]: HR = 0.2429, NDCG = 0.0635 ACC = 0.9969 ACC_adv = 0.9975 [98.1s], |P|=680.66, |Q|=568.01
Epoch 820 [23.3s + 3.8s]: HR = 0.2443, NDCG = 0.0637 ACC = 0.9969 ACC_adv = 0.9975 [95.8s], |P|=683.12, |Q|=569.81
Epoch 840 [23.2s + 3.8s]: HR = 0.2444, NDCG = 0.0638 ACC = 0.9968 ACC_adv = 0.9975 [94.7s], |P|=685.50, |Q|=571.56
Epoch 860 [23.4s + 3.7s]: HR = 0.2431, NDCG = 0.0635 ACC = 0.9970 ACC_adv = 0.9977 [99.1s], |P|=687.85, |Q|=573.28
Epoch 880 [23.8s + 3.8s]: HR = 0.2457, NDCG = 0.0641 ACC = 0.9971 ACC_adv = 0.9977 [99.6s], |P|=690.12, |Q|=574.95
Epoch 900 [24.2s + 3.9s]: HR = 0.2446, NDCG = 0.0639 ACC = 0.9970 ACC_adv = 0.9977 [99.5s], |P|=692.34, |Q|=576.60
Epoch 920 [23.9s + 3.9s]: HR = 0.2448, NDCG = 0.0645 ACC = 0.9971 ACC_adv = 0.9977 [102.4s], |P|=694.52, |Q|=578.20
Epoch 940 [24.1s + 4.2s]: HR = 0.2454, NDCG = 0.0648 ACC = 0.9972 ACC_adv = 0.9978 [100.2s], |P|=696.64, |Q|=579.74
Epoch 960 [24.4s + 3.8s]: HR = 0.2460, NDCG = 0.0649 ACC = 0.9972 ACC_adv = 0.9978 [99.9s], |P|=698.73, |Q|=581.25
Epoch 980 [24.6s + 3.9s]: HR = 0.2460, NDCG = 0.0651 ACC = 0.9972 ACC_adv = 0.9978 [100.2s], |P|=700.76, |Q|=582.77
Epoch 1000 [25.9s + 9.6s]: HR = 0.2452, NDCG = 0.0649 ACC = 0.9972 ACC_adv = 0.9978 [103.1s], |P|=702.75, |Q|=584.24
Epoch 1020 [24.9s + 3.9s]: HR = 0.2452, NDCG = 0.0649 ACC = 0.9971 ACC_adv = 0.9977 [102.1s], |P|=704.70, |Q|=585.70
Epoch 1040 [25.6s + 4.1s]: HR = 0.2441, NDCG = 0.0651 ACC = 0.9974 ACC_adv = 0.9980 [105.9s], |P|=706.62, |Q|=587.10
Epoch 1060 [25.9s + 4.1s]: HR = 0.2444, NDCG = 0.0650 ACC = 0.9974 ACC_adv = 0.9979 [105.6s], |P|=708.49, |Q|=588.46
Epoch 1080 [25.9s + 7.9s]: HR = 0.2450, NDCG = 0.0649 ACC = 0.9974 ACC_adv = 0.9979 [104.3s], |P|=710.32, |Q|=589.82
Epoch 1100 [26.1s + 4.3s]: HR = 0.2449, NDCG = 0.0653 ACC = 0.9974 ACC_adv = 0.9979 [103.1s], |P|=712.13, |Q|=591.13
Epoch 1120 [26.2s + 4.0s]: HR = 0.2448, NDCG = 0.0654 ACC = 0.9975 ACC_adv = 0.9980 [102.8s], |P|=713.90, |Q|=592.44
Epoch 1140 [26.2s + 4.0s]: HR = 0.2445, NDCG = 0.0652 ACC = 0.9975 ACC_adv = 0.9980 [104.1s], |P|=715.64, |Q|=593.72
Epoch 1160 [26.3s + 3.9s]: HR = 0.2450, NDCG = 0.0654 ACC = 0.9977 ACC_adv = 0.9982 [107.0s], |P|=717.34, |Q|=594.99
Epoch 1180 [26.4s + 4.1s]: HR = 0.2447, NDCG = 0.0653 ACC = 0.9975 ACC_adv = 0.9979 [119.1s], |P|=719.02, |Q|=596.23
Epoch 1200 [42.3s + 10.1s]: HR = 0.2454, NDCG = 0.0655 ACC = 0.9975 ACC_adv = 0.9981 [112.8s], |P|=720.67, |Q|=597.44
Epoch 1220 [26.3s + 3.9s]: HR = 0.2473, NDCG = 0.0660 ACC = 0.9975 ACC_adv = 0.9980 [121.4s], |P|=722.29, |Q|=598.63
Epoch 1240 [26.7s + 4.0s]: HR = 0.2476, NDCG = 0.0662 ACC = 0.9978 ACC_adv = 0.9982 [123.4s], |P|=723.87, |Q|=599.81
Epoch 1260 [26.8s + 3.9s]: HR = 0.2474, NDCG = 0.0662 ACC = 0.9977 ACC_adv = 0.9982 [124.7s], |P|=725.43, |Q|=600.97
Epoch 1280 [26.3s + 3.9s]: HR = 0.2470, NDCG = 0.0661 ACC = 0.9976 ACC_adv = 0.9981 [112.7s], |P|=726.96, |Q|=602.12
Epoch 1300 [26.5s + 3.7s]: HR = 0.2473, NDCG = 0.0660 ACC = 0.9978 ACC_adv = 0.9982 [105.1s], |P|=728.47, |Q|=603.23
Epoch 1320 [27.4s + 4.0s]: HR = 0.2473, NDCG = 0.0661 ACC = 0.9977 ACC_adv = 0.9982 [110.0s], |P|=729.96, |Q|=604.33
Epoch 1340 [27.7s + 4.8s]: HR = 0.2472, NDCG = 0.0660 ACC = 0.9978 ACC_adv = 0.9983 [110.8s], |P|=731.42, |Q|=605.40
Epoch 1360 [28.2s + 6.5s]: HR = 0.2469, NDCG = 0.0659 ACC = 0.9977 ACC_adv = 0.9981 [105.3s], |P|=732.86, |Q|=606.47
Epoch 1380 [27.2s + 3.8s]: HR = 0.2465, NDCG = 0.0659 ACC = 0.9977 ACC_adv = 0.9981 [105.4s], |P|=734.27, |Q|=607.53
Epoch 1400 [27.5s + 3.8s]: HR = 0.2468, NDCG = 0.0660 ACC = 0.9977 ACC_adv = 0.9981 [94.6s], |P|=735.68, |Q|=608.57
Epoch 1420 [27.5s + 4.1s]: HR = 0.2464, NDCG = 0.0662 ACC = 0.9979 ACC_adv = 0.9983 [97.6s], |P|=737.06, |Q|=609.58
Epoch 1440 [30.1s + 10.1s]: HR = 0.2456, NDCG = 0.0661 ACC = 0.9980 ACC_adv = 0.9983 [97.6s], |P|=738.42, |Q|=610.59
Epoch 1460 [27.9s + 3.8s]: HR = 0.2464, NDCG = 0.0665 ACC = 0.9979 ACC_adv = 0.9983 [96.9s], |P|=739.76, |Q|=611.58
Epoch 1480 [27.2s + 3.6s]: HR = 0.2462, NDCG = 0.0664 ACC = 0.9980 ACC_adv = 0.9984 [92.0s], |P|=741.08, |Q|=612.57
Epoch 1500 [27.5s + 3.6s]: HR = 0.2466, NDCG = 0.0667 ACC = 0.9980 ACC_adv = 0.9984 [86.1s], |P|=742.38, |Q|=613.54
Epoch 1520 [27.6s + 3.7s]: HR = 0.2470, NDCG = 0.0669 ACC = 0.9979 ACC_adv = 0.9983 [89.4s], |P|=743.66, |Q|=614.48
Epoch 1540 [27.6s + 4.3s]: HR = 0.2482, NDCG = 0.0671 ACC = 0.9980 ACC_adv = 0.9984 [87.0s], |P|=744.92, |Q|=615.42
Epoch 1560 [28.2s + 3.7s]: HR = 0.2468, NDCG = 0.0669 ACC = 0.9980 ACC_adv = 0.9983 [91.3s], |P|=746.16, |Q|=616.35
Epoch 1580 [27.5s + 3.8s]: HR = 0.2470, NDCG = 0.0670 ACC = 0.9979 ACC_adv = 0.9983 [92.9s], |P|=747.39, |Q|=617.25
Epoch 1600 [28.2s + 3.8s]: HR = 0.2476, NDCG = 0.0671 ACC = 0.9980 ACC_adv = 0.9983 [93.0s], |P|=748.61, |Q|=618.16
Epoch 1620 [27.9s + 3.7s]: HR = 0.2475, NDCG = 0.0671 ACC = 0.9979 ACC_adv = 0.9982 [94.8s], |P|=749.81, |Q|=619.06
Epoch 1640 [28.6s + 3.7s]: HR = 0.2473, NDCG = 0.0670 ACC = 0.9979 ACC_adv = 0.9983 [103.1s], |P|=751.00, |Q|=619.95
Epoch 1660 [28.5s + 3.8s]: HR = 0.2477, NDCG = 0.0672 ACC = 0.9979 ACC_adv = 0.9983 [100.1s], |P|=752.18, |Q|=620.82
Epoch 1680 [28.5s + 3.8s]: HR = 0.2470, NDCG = 0.0670 ACC = 0.9981 ACC_adv = 0.9984 [87.7s], |P|=753.34, |Q|=621.68
Epoch 1700 [28.8s + 4.0s]: HR = 0.2473, NDCG = 0.0670 ACC = 0.9980 ACC_adv = 0.9984 [88.5s], |P|=754.48, |Q|=622.52
Epoch 1720 [29.3s + 3.7s]: HR = 0.2471, NDCG = 0.0671 ACC = 0.9981 ACC_adv = 0.9985 [90.8s], |P|=755.60, |Q|=623.36
Epoch 1740 [29.3s + 4.8s]: HR = 0.2473, NDCG = 0.0674 ACC = 0.9981 ACC_adv = 0.9985 [87.8s], |P|=756.72, |Q|=624.17
Epoch 1760 [60.2s + 6.9s]: HR = 0.2476, NDCG = 0.0675 ACC = 0.9981 ACC_adv = 0.9984 [89.3s], |P|=757.81, |Q|=624.99
Epoch 1780 [36.2s + 6.7s]: HR = 0.2465, NDCG = 0.0672 ACC = 0.9981 ACC_adv = 0.9985 [89.9s], |P|=758.90, |Q|=625.81
Epoch 1800 [29.5s + 3.8s]: HR = 0.2470, NDCG = 0.0674 ACC = 0.9980 ACC_adv = 0.9984 [88.6s], |P|=759.97, |Q|=626.60
Epoch 1820 [49.3s + 6.8s]: HR = 0.2476, NDCG = 0.0676 ACC = 0.9980 ACC_adv = 0.9983 [87.2s], |P|=761.04, |Q|=627.41
Epoch 1840 [29.7s + 3.9s]: HR = 0.2473, NDCG = 0.0673 ACC = 0.9982 ACC_adv = 0.9985 [89.3s], |P|=762.09, |Q|=628.19
Epoch 1860 [29.9s + 3.7s]: HR = 0.2470, NDCG = 0.0673 ACC = 0.9981 ACC_adv = 0.9985 [90.5s], |P|=763.12, |Q|=628.96
Epoch 1880 [29.2s + 3.6s]: HR = 0.2474, NDCG = 0.0675 ACC = 0.9981 ACC_adv = 0.9984 [88.7s], |P|=764.15, |Q|=629.73
Epoch 1900 [36.5s + 6.7s]: HR = 0.2471, NDCG = 0.0673 ACC = 0.9982 ACC_adv = 0.9986 [90.7s], |P|=765.17, |Q|=630.48
Epoch 1920 [30.6s + 6.7s]: HR = 0.2482, NDCG = 0.0676 ACC = 0.9981 ACC_adv = 0.9984 [92.7s], |P|=766.17, |Q|=631.22
Epoch 1940 [30.7s + 3.7s]: HR = 0.2468, NDCG = 0.0676 ACC = 0.9983 ACC_adv = 0.9986 [95.1s], |P|=767.16, |Q|=631.95
Epoch 1960 [31.0s + 3.7s]: HR = 0.2470, NDCG = 0.0676 ACC = 0.9982 ACC_adv = 0.9985 [102.4s], |P|=768.14, |Q|=632.70
Epoch 1980 [31.8s + 4.4s]: HR = 0.2467, NDCG = 0.0677 ACC = 0.9981 ACC_adv = 0.9985 [102.1s], |P|=769.11, |Q|=633.42
Epoch 2000 [31.0s + 3.8s]: HR = 0.2467, NDCG = 0.0677 ACC = 0.9983 ACC_adv = 0.9986 [91.3s], |P|=770.08, |Q|=634.12
Epoch 2000 is the best epoch
K = 1: HR = 0.0098, NDCG = 0.0098 AUC = 0.9301
K = 2: HR = 0.0189, NDCG = 0.0155 AUC = 0.9301
K = 3: HR = 0.0260, NDCG = 0.0191 AUC = 0.9301
K = 4: HR = 0.0330, NDCG = 0.0221 AUC = 0.9301
K = 5: HR = 0.0391, NDCG = 0.0245 AUC = 0.9301
K = 6: HR = 0.0449, NDCG = 0.0266 AUC = 0.9301
K = 7: HR = 0.0498, NDCG = 0.0282 AUC = 0.9301
K = 8: HR = 0.0541, NDCG = 0.0295 AUC = 0.9301
K = 9: HR = 0.0580, NDCG = 0.0307 AUC = 0.9301
K = 10: HR = 0.0629, NDCG = 0.0321 AUC = 0.9301
K = 11: HR = 0.0670, NDCG = 0.0333 AUC = 0.9301
K = 12: HR = 0.0715, NDCG = 0.0345 AUC = 0.9301
K = 13: HR = 0.0758, NDCG = 0.0356 AUC = 0.9301
K = 14: HR = 0.0798, NDCG = 0.0366 AUC = 0.9301
K = 15: HR = 0.0833, NDCG = 0.0375 AUC = 0.9301
K = 16: HR = 0.0862, NDCG = 0.0382 AUC = 0.9301
K = 17: HR = 0.0892, NDCG = 0.0389 AUC = 0.9301
K = 18: HR = 0.0930, NDCG = 0.0398 AUC = 0.9301
K = 19: HR = 0.0961, NDCG = 0.0406 AUC = 0.9301
K = 20: HR = 0.0997, NDCG = 0.0414 AUC = 0.9301
K = 21: HR = 0.1025, NDCG = 0.0420 AUC = 0.9301
K = 22: HR = 0.1053, NDCG = 0.0426 AUC = 0.9301
K = 23: HR = 0.1087, NDCG = 0.0434 AUC = 0.9301
K = 24: HR = 0.1120, NDCG = 0.0441 AUC = 0.9301
K = 25: HR = 0.1157, NDCG = 0.0449 AUC = 0.9301
K = 26: HR = 0.1183, NDCG = 0.0454 AUC = 0.9301
K = 27: HR = 0.1211, NDCG = 0.0460 AUC = 0.9301
K = 28: HR = 0.1234, NDCG = 0.0465 AUC = 0.9301
K = 29: HR = 0.1259, NDCG = 0.0470 AUC = 0.9301
K = 30: HR = 0.1284, NDCG = 0.0475 AUC = 0.9301
K = 31: HR = 0.1308, NDCG = 0.0479 AUC = 0.9301
K = 32: HR = 0.1329, NDCG = 0.0484 AUC = 0.9301
K = 33: HR = 0.1349, NDCG = 0.0488 AUC = 0.9301
K = 34: HR = 0.1369, NDCG = 0.0492 AUC = 0.9301
K = 35: HR = 0.1395, NDCG = 0.0496 AUC = 0.9301
K = 36: HR = 0.1422, NDCG = 0.0502 AUC = 0.9301
K = 37: HR = 0.1443, NDCG = 0.0506 AUC = 0.9301
K = 38: HR = 0.1462, NDCG = 0.0509 AUC = 0.9301
K = 39: HR = 0.1482, NDCG = 0.0513 AUC = 0.9301
K = 40: HR = 0.1504, NDCG = 0.0517 AUC = 0.9301
K = 41: HR = 0.1523, NDCG = 0.0521 AUC = 0.9301
K = 42: HR = 0.1544, NDCG = 0.0525 AUC = 0.9301
K = 43: HR = 0.1562, NDCG = 0.0528 AUC = 0.9301
K = 44: HR = 0.1587, NDCG = 0.0532 AUC = 0.9301
K = 45: HR = 0.1606, NDCG = 0.0536 AUC = 0.9301
K = 46: HR = 0.1630, NDCG = 0.0540 AUC = 0.9301
K = 47: HR = 0.1650, NDCG = 0.0544 AUC = 0.9301
K = 48: HR = 0.1676, NDCG = 0.0548 AUC = 0.9301
K = 49: HR = 0.1700, NDCG = 0.0553 AUC = 0.9301
K = 50: HR = 0.1719, NDCG = 0.0556 AUC = 0.9301
K = 51: HR = 0.1738, NDCG = 0.0559 AUC = 0.9301
K = 52: HR = 0.1754, NDCG = 0.0562 AUC = 0.9301
K = 53: HR = 0.1772, NDCG = 0.0565 AUC = 0.9301
K = 54: HR = 0.1790, NDCG = 0.0568 AUC = 0.9301
K = 55: HR = 0.1809, NDCG = 0.0572 AUC = 0.9301
K = 56: HR = 0.1827, NDCG = 0.0575 AUC = 0.9301
K = 57: HR = 0.1845, NDCG = 0.0578 AUC = 0.9301
K = 58: HR = 0.1863, NDCG = 0.0581 AUC = 0.9301
K = 59: HR = 0.1878, NDCG = 0.0583 AUC = 0.9301
K = 60: HR = 0.1892, NDCG = 0.0586 AUC = 0.9301
K = 61: HR = 0.1911, NDCG = 0.0589 AUC = 0.9301
K = 62: HR = 0.1926, NDCG = 0.0591 AUC = 0.9301
K = 63: HR = 0.1948, NDCG = 0.0595 AUC = 0.9301
K = 64: HR = 0.1957, NDCG = 0.0597 AUC = 0.9301
K = 65: HR = 0.1975, NDCG = 0.0600 AUC = 0.9301
K = 66: HR = 0.1991, NDCG = 0.0602 AUC = 0.9301
K = 67: HR = 0.2006, NDCG = 0.0605 AUC = 0.9301
K = 68: HR = 0.2022, NDCG = 0.0607 AUC = 0.9301
K = 69: HR = 0.2038, NDCG = 0.0610 AUC = 0.9301
K = 70: HR = 0.2052, NDCG = 0.0612 AUC = 0.9301
K = 71: HR = 0.2070, NDCG = 0.0615 AUC = 0.9301
K = 72: HR = 0.2086, NDCG = 0.0618 AUC = 0.9301
K = 73: HR = 0.2097, NDCG = 0.0620 AUC = 0.9301
K = 74: HR = 0.2114, NDCG = 0.0622 AUC = 0.9301
K = 75: HR = 0.2128, NDCG = 0.0624 AUC = 0.9301
K = 76: HR = 0.2144, NDCG = 0.0627 AUC = 0.9301
K = 77: HR = 0.2159, NDCG = 0.0629 AUC = 0.9301
K = 78: HR = 0.2172, NDCG = 0.0632 AUC = 0.9301
K = 79: HR = 0.2191, NDCG = 0.0634 AUC = 0.9301
K = 80: HR = 0.2203, NDCG = 0.0636 AUC = 0.9301
K = 81: HR = 0.2217, NDCG = 0.0639 AUC = 0.9301
K = 82: HR = 0.2232, NDCG = 0.0641 AUC = 0.9301
K = 83: HR = 0.2244, NDCG = 0.0643 AUC = 0.9301
K = 84: HR = 0.2258, NDCG = 0.0645 AUC = 0.9301
K = 85: HR = 0.2274, NDCG = 0.0647 AUC = 0.9301
K = 86: HR = 0.2287, NDCG = 0.0650 AUC = 0.9301
K = 87: HR = 0.2299, NDCG = 0.0651 AUC = 0.9301
K = 88: HR = 0.2315, NDCG = 0.0654 AUC = 0.9301
K = 89: HR = 0.2328, NDCG = 0.0656 AUC = 0.9301
K = 90: HR = 0.2339, NDCG = 0.0657 AUC = 0.9301
K = 91: HR = 0.2347, NDCG = 0.0659 AUC = 0.9301
K = 92: HR = 0.2359, NDCG = 0.0661 AUC = 0.9301
K = 93: HR = 0.2372, NDCG = 0.0663 AUC = 0.9301
K = 94: HR = 0.2387, NDCG = 0.0665 AUC = 0.9301
K = 95: HR = 0.2397, NDCG = 0.0666 AUC = 0.9301
K = 96: HR = 0.2415, NDCG = 0.0669 AUC = 0.9301
K = 97: HR = 0.2427, NDCG = 0.0671 AUC = 0.9301
K = 98: HR = 0.2441, NDCG = 0.0673 AUC = 0.9301
K = 99: HR = 0.2452, NDCG = 0.0675 AUC = 0.9301
K = 100: HR = 0.2467, NDCG = 0.0677 AUC = 0.9301
